#
# There is insufficient memory for the Java Runtime Environment to continue.
# Native memory allocation (malloc) failed to allocate 1109296 bytes for Chunk::new
# Possible reasons:
#   The system is out of physical RAM or swap space
#   The process is running with CompressedOops enabled, and the Java Heap may be blocking the growth of the native heap
# Possible solutions:
#   Reduce memory load on the system
#   Increase physical memory or swap space
#   Check if swap backing store is full
#   Decrease Java heap size (-Xmx/-Xms)
#   Decrease number of Java threads
#   Decrease Java thread stack sizes (-Xss)
#   Set larger code cache with -XX:ReservedCodeCacheSize=
#   JVM is running with Unscaled Compressed Oops mode in which the Java heap is
#     placed in the first 4GB address space. The Java Heap base address is the
#     maximum limit for the native heap growth. Please use -XX:HeapBaseMinAddress
#     to set the Java Heap base and to place the Java Heap above 4GB virtual address.
# This output file may be truncated or incomplete.
#
#  Out of Memory Error (./src/hotspot/share/memory/arena.cpp:197), pid=13060, tid=11288
#
# JRE version: OpenJDK Runtime Environment Microsoft-7208460 (11.0.18+10) (build 11.0.18+10-LTS)
# Java VM: OpenJDK 64-Bit Server VM Microsoft-7208460 (11.0.18+10-LTS, mixed mode, tiered, compressed oops, g1 gc, windows-amd64)
# No core dump will be written. Minidumps are not enabled by default on client versions of Windows
#

---------------  S U M M A R Y ------------

Command Line: -XX:MaxMetaspaceSize=512m --add-opens=java.base/java.util=ALL-UNNAMED --add-opens=java.base/java.lang=ALL-UNNAMED --add-opens=java.base/java.lang.invoke=ALL-UNNAMED --add-opens=java.prefs/java.util.prefs=ALL-UNNAMED --add-opens=java.base/java.nio.charset=ALL-UNNAMED --add-opens=java.base/java.net=ALL-UNNAMED --add-opens=java.base/java.util.concurrent.atomic=ALL-UNNAMED -Xmx2048m -Dfile.encoding=windows-1252 -Duser.country=IN -Duser.language=en -Duser.variant org.gradle.launcher.daemon.bootstrap.GradleDaemon 8.0.1

Host: Intel(R) Core(TM) i5-8250U CPU @ 1.60GHz, 8 cores, 7G,  Windows 10 , 64 bit Build 19041 (10.0.19041.3155)
Time: Tue Jul  4 11:10:23 2023 India Standard Time elapsed time: 68.728493 seconds (0d 0h 1m 8s)

---------------  T H R E A D  ---------------

Current thread (0x00000204f13d3800):  JavaThread "C2 CompilerThread0" daemon [_thread_in_native, id=11288, stack(0x0000006a08f00000,0x0000006a09000000)]


Current CompileTask:
C2:  68728 12830       4       java.util.regex.Pattern::compile (498 bytes)

Stack: [0x0000006a08f00000,0x0000006a09000000]
Native frames: (J=compiled Java code, j=interpreted, Vv=VM code, C=native code)
V  [jvm.dll+0x62bf8a]
V  [jvm.dll+0x7b8fb9]
V  [jvm.dll+0x7ba6a8]
V  [jvm.dll+0x7bad83]
V  [jvm.dll+0x250248]
V  [jvm.dll+0xc260c]
V  [jvm.dll+0xc2bcc]
V  [jvm.dll+0x35e182]
V  [jvm.dll+0x32a373]
V  [jvm.dll+0x3296aa]
V  [jvm.dll+0x2093b3]
V  [jvm.dll+0x20850d]
V  [jvm.dll+0x18a4b1]
V  [jvm.dll+0x217eec]
V  [jvm.dll+0x21612b]
V  [jvm.dll+0x77bac0]
V  [jvm.dll+0x7749f4]
V  [jvm.dll+0x62adf5]
C  [ucrtbase.dll+0x21bb2]
C  [KERNEL32.DLL+0x17614]
C  [ntdll.dll+0x526b1]


---------------  P R O C E S S  ---------------

Threads class SMR info:
_java_thread_list=0x00000204f911d2c0, length=135, elements={
0x00000204d1960800, 0x00000204f0a7c800, 0x00000204f0a6b800, 0x00000204f0a87000,
0x00000204f0a89800, 0x00000204f0a8a800, 0x00000204f13d3800, 0x00000204f13f6000,
0x00000204f13f8000, 0x00000204f1561800, 0x00000204f3765000, 0x00000204f2a59800,
0x00000204f1d92800, 0x00000204f1d8f800, 0x00000204f1d90800, 0x00000204f2553000,
0x00000204f1ff8800, 0x00000204f1ff9800, 0x00000204f27af800, 0x00000204f25ee800,
0x00000204f25f0800, 0x00000204f25f1000, 0x00000204f25f2000, 0x00000204f25f3000,
0x00000204f25f4800, 0x00000204f25f5000, 0x00000204f25f3800, 0x00000204f25ef800,
0x00000204f39c3800, 0x00000204f39c8800, 0x00000204f39c7000, 0x00000204f39c6000,
0x00000204f39c9800, 0x00000204f39c4800, 0x00000204f39c7800, 0x00000204f39cb000,
0x00000204f39c5800, 0x00000204f39d0800, 0x00000204f39cc800, 0x00000204f39cc000,
0x00000204f39d1800, 0x00000204f39d2800, 0x00000204f39cd800, 0x00000204f39ce800,
0x00000204f39cf000, 0x00000204f39d0000, 0x00000204f5c48800, 0x00000204f5c4a800,
0x00000204f5c45800, 0x00000204f5c46000, 0x00000204f5c47000, 0x00000204f5c48000,
0x00000204f5c44800, 0x00000204f5c4d800, 0x00000204f5c4c000, 0x00000204f5c4e800,
0x00000204f5c4c800, 0x00000204f5c4f000, 0x00000204f5c49800, 0x00000204f5c50000,
0x00000204f5c51000, 0x00000204f5c4b000, 0x00000204f5c51800, 0x00000204f5c52800,
0x00000204f5c53800, 0x00000204f40af000, 0x00000204f40b1000, 0x00000204f40ac800,
0x00000204f40ad800, 0x00000204f40b0000, 0x00000204f40ae800, 0x00000204f40b1800,
0x00000204f40ac000, 0x00000204f40b2800, 0x00000204f40b3000, 0x00000204f40b9000,
0x00000204f40b4000, 0x00000204f40ba000, 0x00000204f40b5000, 0x00000204f40b5800,
0x00000204f40b6800, 0x00000204f40b7800, 0x00000204f9164000, 0x00000204f9165800,
0x00000204f9169800, 0x00000204f9166800, 0x00000204f9167800, 0x00000204f9165000,
0x00000204f916a800, 0x00000204f9169000, 0x00000204f916b800, 0x00000204f916c000,
0x00000204f916d000, 0x00000204f916e000, 0x00000204f9168000, 0x00000204f9172000,
0x00000204f916e800, 0x00000204f9172800, 0x00000204f916f800, 0x00000204f9171000,
0x00000204f9170000, 0x00000204f9464000, 0x00000204f9466800, 0x00000204f9464800,
0x00000204f9461800, 0x00000204f9467000, 0x00000204f9468000, 0x00000204f9465800,
0x00000204f9462000, 0x00000204f9469000, 0x00000204f9463000, 0x00000204f946f800,
0x00000204f946a800, 0x00000204f946e800, 0x00000204f9469800, 0x00000204f9470000,
0x00000204f946b000, 0x00000204f946c000, 0x00000204f946d000, 0x00000204f946d800,
0x00000204f8f97000, 0x00000204f8f94800, 0x00000204f8f94000, 0x00000204f8f95800,
0x00000204f8f99800, 0x00000204f8f98000, 0x00000204f8f99000, 0x00000204f8f9a800,
0x00000204f8f9b000, 0x00000204f8f9c000, 0x00000204f8f96800, 0x00000204f8f9e800,
0x00000204f8f9d000, 0x00000204f8fa2800, 0x00000204f8f9d800
}

Java Threads: ( => current thread )
  0x00000204d1960800 JavaThread "main" [_thread_blocked, id=17928, stack(0x0000006a08300000,0x0000006a08400000)]
  0x00000204f0a7c800 JavaThread "Reference Handler" daemon [_thread_blocked, id=9676, stack(0x0000006a08a00000,0x0000006a08b00000)]
  0x00000204f0a6b800 JavaThread "Finalizer" daemon [_thread_blocked, id=9668, stack(0x0000006a08b00000,0x0000006a08c00000)]
  0x00000204f0a87000 JavaThread "Signal Dispatcher" daemon [_thread_blocked, id=8448, stack(0x0000006a08c00000,0x0000006a08d00000)]
  0x00000204f0a89800 JavaThread "Attach Listener" daemon [_thread_blocked, id=16884, stack(0x0000006a08d00000,0x0000006a08e00000)]
  0x00000204f0a8a800 JavaThread "Service Thread" daemon [_thread_blocked, id=15460, stack(0x0000006a08e00000,0x0000006a08f00000)]
=>0x00000204f13d3800 JavaThread "C2 CompilerThread0" daemon [_thread_in_native, id=11288, stack(0x0000006a08f00000,0x0000006a09000000)]
  0x00000204f13f6000 JavaThread "C1 CompilerThread0" daemon [_thread_blocked, id=740, stack(0x0000006a09000000,0x0000006a09100000)]
  0x00000204f13f8000 JavaThread "Sweeper thread" daemon [_thread_blocked, id=17208, stack(0x0000006a09100000,0x0000006a09200000)]
  0x00000204f1561800 JavaThread "Common-Cleaner" daemon [_thread_blocked, id=10664, stack(0x0000006a09200000,0x0000006a09300000)]
  0x00000204f3765000 JavaThread "Daemon health stats" [_thread_blocked, id=12376, stack(0x0000006a09600000,0x0000006a09700000)]
  0x00000204f2a59800 JavaThread "Incoming local TCP Connector on port 58655" [_thread_in_native, id=8516, stack(0x0000006a09700000,0x0000006a09800000)]
  0x00000204f1d92800 JavaThread "Daemon periodic checks" [_thread_blocked, id=19088, stack(0x0000006a09800000,0x0000006a09900000)]
  0x00000204f1d8f800 JavaThread "Daemon" [_thread_blocked, id=15588, stack(0x0000006a09900000,0x0000006a09a00000)]
  0x00000204f1d90800 JavaThread "Handler for socket connection from /127.0.0.1:58655 to /127.0.0.1:58656" [_thread_in_native, id=2808, stack(0x0000006a09a00000,0x0000006a09b00000)]
  0x00000204f2553000 JavaThread "Cancel handler" [_thread_blocked, id=4264, stack(0x0000006a09b00000,0x0000006a09c00000)]
  0x00000204f1ff8800 JavaThread "Daemon worker" [_thread_blocked, id=6636, stack(0x0000006a09c00000,0x0000006a09d00000)]
  0x00000204f1ff9800 JavaThread "Asynchronous log dispatcher for DefaultDaemonConnection: socket connection from /127.0.0.1:58655 to /127.0.0.1:58656" [_thread_blocked, id=7572, stack(0x0000006a09d00000,0x0000006a09e00000)]
  0x00000204f27af800 JavaThread "Daemon client event forwarder" [_thread_blocked, id=3272, stack(0x0000006a09f00000,0x0000006a0a000000)]
  0x00000204f25ee800 JavaThread "Cache worker for journal cache (C:\Users\boss3\.gradle\caches\journal-1)" [_thread_blocked, id=9252, stack(0x0000006a0a500000,0x0000006a0a600000)]
  0x00000204f25f0800 JavaThread "File lock request listener" [_thread_in_native, id=13084, stack(0x0000006a0a600000,0x0000006a0a700000)]
  0x00000204f25f1000 JavaThread "Cache worker for file hash cache (C:\Users\boss3\.gradle\caches\8.0.1\fileHashes)" [_thread_blocked, id=17028, stack(0x0000006a0a800000,0x0000006a0a900000)]
  0x00000204f25f2000 JavaThread "File watcher server" daemon [_thread_in_native, id=14044, stack(0x0000006a0aa00000,0x0000006a0ab00000)]
  0x00000204f25f3000 JavaThread "File watcher consumer" daemon [_thread_blocked, id=9088, stack(0x0000006a0ab00000,0x0000006a0ac00000)]
  0x00000204f25f4800 JavaThread "Cache worker for checksums cache (C:\Users\boss3\todo\android\.gradle\8.0.1\checksums)" [_thread_blocked, id=10996, stack(0x0000006a0a900000,0x0000006a0aa00000)]
  0x00000204f25f5000 JavaThread "Cache worker for cache directory md-rule (C:\Users\boss3\.gradle\caches\8.0.1\md-rule)" [_thread_blocked, id=5116, stack(0x0000006a0ac00000,0x0000006a0ad00000)]
  0x00000204f25f3800 JavaThread "Cache worker for file content cache (C:\Users\boss3\.gradle\caches\8.0.1\fileContent)" [_thread_blocked, id=3772, stack(0x0000006a0ad00000,0x0000006a0ae00000)]
  0x00000204f25ef800 JavaThread "Cache worker for file hash cache (C:\Users\boss3\todo\android\.gradle\8.0.1\fileHashes)" [_thread_blocked, id=13936, stack(0x0000006a0af00000,0x0000006a0b000000)]
  0x00000204f39c3800 JavaThread "Cache worker for cache directory md-supplier (C:\Users\boss3\.gradle\caches\8.0.1\md-supplier)" [_thread_blocked, id=13192, stack(0x0000006a0b000000,0x0000006a0b100000)]
  0x00000204f39c8800 JavaThread "Cache worker for execution history cache (C:\Users\boss3\.gradle\caches\8.0.1\executionHistory)" [_thread_blocked, id=16480, stack(0x0000006a0ae00000,0x0000006a0af00000)]
  0x00000204f39c7000 JavaThread "File lock release action executor" [_thread_blocked, id=2340, stack(0x0000006a0b100000,0x0000006a0b200000)]
  0x00000204f39c6000 JavaThread "jar transforms" [_thread_blocked, id=5392, stack(0x0000006a0b400000,0x0000006a0b500000)]
  0x00000204f39c9800 JavaThread "jar transforms Thread 2" [_thread_blocked, id=9524, stack(0x0000006a0b500000,0x0000006a0b600000)]
  0x00000204f39c4800 JavaThread "jar transforms Thread 3" [_thread_blocked, id=8272, stack(0x0000006a0b600000,0x0000006a0b700000)]
  0x00000204f39c7800 JavaThread "jar transforms Thread 4" [_thread_blocked, id=14468, stack(0x0000006a0b200000,0x0000006a0b300000)]
  0x00000204f39cb000 JavaThread "Cache worker for kotlin-dsl (C:\Users\boss3\.gradle\caches\8.0.1\kotlin-dsl)" [_thread_blocked, id=12556, stack(0x0000006a0b700000,0x0000006a0b800000)]
  0x00000204f39c5800 JavaThread "jar transforms Thread 5" [_thread_blocked, id=15156, stack(0x0000006a0b900000,0x0000006a0ba00000)]
  0x00000204f39d0800 JavaThread "jar transforms Thread 6" [_thread_blocked, id=15512, stack(0x0000006a0ba00000,0x0000006a0bb00000)]
  0x00000204f39cc800 JavaThread "Cache worker for dependencies-accessors (C:\Users\boss3\todo\android\.gradle\8.0.1\dependencies-accessors)" [_thread_blocked, id=14160, stack(0x0000006a0bb00000,0x0000006a0bc00000)]
  0x00000204f39cc000 JavaThread "Cache worker for Build Output Cleanup Cache (C:\Users\boss3\todo\node_modules\@react-native\gradle-plugin\.gradle\buildOutputCleanup)" [_thread_blocked, id=17508, stack(0x0000006a0bc00000,0x0000006a0bd00000)]
  0x00000204f39d1800 JavaThread "jar transforms Thread 7" [_thread_blocked, id=13876, stack(0x0000006a0bd00000,0x0000006a0be00000)]
  0x00000204f39d2800 JavaThread "Unconstrained build operations" [_thread_blocked, id=20340, stack(0x0000006a0be00000,0x0000006a0bf00000)]
  0x00000204f39cd800 JavaThread "Unconstrained build operations Thread 2" [_thread_blocked, id=2552, stack(0x0000006a0bf00000,0x0000006a0c000000)]
  0x00000204f39ce800 JavaThread "Unconstrained build operations Thread 3" [_thread_blocked, id=5248, stack(0x0000006a0c000000,0x0000006a0c100000)]
  0x00000204f39cf000 JavaThread "Unconstrained build operations Thread 4" [_thread_blocked, id=9428, stack(0x0000006a0c100000,0x0000006a0c200000)]
  0x00000204f39d0000 JavaThread "Unconstrained build operations Thread 5" [_thread_blocked, id=15948, stack(0x0000006a0c200000,0x0000006a0c300000)]
  0x00000204f5c48800 JavaThread "Unconstrained build operations Thread 6" [_thread_blocked, id=20208, stack(0x0000006a0c300000,0x0000006a0c400000)]
  0x00000204f5c4a800 JavaThread "Unconstrained build operations Thread 7" [_thread_blocked, id=8800, stack(0x0000006a0c400000,0x0000006a0c500000)]
  0x00000204f5c45800 JavaThread "Unconstrained build operations Thread 8" [_thread_blocked, id=11552, stack(0x0000006a0c500000,0x0000006a0c600000)]
  0x00000204f5c46000 JavaThread "Unconstrained build operations Thread 9" [_thread_blocked, id=4436, stack(0x0000006a0c600000,0x0000006a0c700000)]
  0x00000204f5c47000 JavaThread "Unconstrained build operations Thread 10" [_thread_blocked, id=11332, stack(0x0000006a0c700000,0x0000006a0c800000)]
  0x00000204f5c48000 JavaThread "Unconstrained build operations Thread 11" [_thread_blocked, id=544, stack(0x0000006a0c800000,0x0000006a0c900000)]
  0x00000204f5c44800 JavaThread "Unconstrained build operations Thread 12" [_thread_blocked, id=9652, stack(0x0000006a0c900000,0x0000006a0ca00000)]
  0x00000204f5c4d800 JavaThread "Unconstrained build operations Thread 13" [_thread_blocked, id=18876, stack(0x0000006a0ca00000,0x0000006a0cb00000)]
  0x00000204f5c4c000 JavaThread "Unconstrained build operations Thread 14" [_thread_blocked, id=19000, stack(0x0000006a0cb00000,0x0000006a0cc00000)]
  0x00000204f5c4e800 JavaThread "Unconstrained build operations Thread 15" [_thread_blocked, id=16660, stack(0x0000006a0cc00000,0x0000006a0cd00000)]
  0x00000204f5c4c800 JavaThread "Unconstrained build operations Thread 16" [_thread_blocked, id=17964, stack(0x0000006a0cd00000,0x0000006a0ce00000)]
  0x00000204f5c4f000 JavaThread "Unconstrained build operations Thread 17" [_thread_blocked, id=19944, stack(0x0000006a0ce00000,0x0000006a0cf00000)]
  0x00000204f5c49800 JavaThread "Unconstrained build operations Thread 18" [_thread_blocked, id=10584, stack(0x0000006a0cf00000,0x0000006a0d000000)]
  0x00000204f5c50000 JavaThread "Unconstrained build operations Thread 19" [_thread_blocked, id=12760, stack(0x0000006a0d000000,0x0000006a0d100000)]
  0x00000204f5c51000 JavaThread "Unconstrained build operations Thread 20" [_thread_blocked, id=3196, stack(0x0000006a0d100000,0x0000006a0d200000)]
  0x00000204f5c4b000 JavaThread "Unconstrained build operations Thread 21" [_thread_blocked, id=15768, stack(0x0000006a0d200000,0x0000006a0d300000)]
  0x00000204f5c51800 JavaThread "Unconstrained build operations Thread 22" [_thread_blocked, id=10204, stack(0x0000006a0d300000,0x0000006a0d400000)]
  0x00000204f5c52800 JavaThread "Unconstrained build operations Thread 23" [_thread_blocked, id=15844, stack(0x0000006a0d400000,0x0000006a0d500000)]
  0x00000204f5c53800 JavaThread "Unconstrained build operations Thread 24" [_thread_blocked, id=13136, stack(0x0000006a0d500000,0x0000006a0d600000)]
  0x00000204f40af000 JavaThread "Unconstrained build operations Thread 25" [_thread_blocked, id=2852, stack(0x0000006a0d600000,0x0000006a0d700000)]
  0x00000204f40b1000 JavaThread "Unconstrained build operations Thread 26" [_thread_blocked, id=10212, stack(0x0000006a0d700000,0x0000006a0d800000)]
  0x00000204f40ac800 JavaThread "jar transforms Thread 8" [_thread_blocked, id=7268, stack(0x0000006a0d800000,0x0000006a0d900000)]
  0x00000204f40ad800 JavaThread "Memory manager" [_thread_blocked, id=19036, stack(0x0000006a0d900000,0x0000006a0da00000)]
  0x00000204f40b0000 JavaThread "Cache worker for Build Output Cleanup Cache (C:\Users\boss3\todo\android\.gradle\buildOutputCleanup)" [_thread_blocked, id=15752, stack(0x0000006a0b800000,0x0000006a0b900000)]
  0x00000204f40ae800 JavaThread "included builds" [_thread_blocked, id=2732, stack(0x0000006a0db00000,0x0000006a0dc00000)]
  0x00000204f40b1800 JavaThread "Execution worker" [_thread_blocked, id=10016, stack(0x0000006a0dc00000,0x0000006a0dd00000)]
  0x00000204f40ac000 JavaThread "Execution worker Thread 2" [_thread_blocked, id=2528, stack(0x0000006a0dd00000,0x0000006a0de00000)]
  0x00000204f40b2800 JavaThread "Execution worker Thread 3" [_thread_blocked, id=12396, stack(0x0000006a0de00000,0x0000006a0df00000)]
  0x00000204f40b3000 JavaThread "Execution worker Thread 4" [_thread_in_vm, id=8024, stack(0x0000006a0df00000,0x0000006a0e000000)]
  0x00000204f40b9000 JavaThread "Execution worker Thread 5" [_thread_blocked, id=1736, stack(0x0000006a0e000000,0x0000006a0e100000)]
  0x00000204f40b4000 JavaThread "Execution worker Thread 6" [_thread_blocked, id=11840, stack(0x0000006a0e100000,0x0000006a0e200000)]
  0x00000204f40ba000 JavaThread "Execution worker Thread 7" [_thread_blocked, id=16072, stack(0x0000006a0e200000,0x0000006a0e300000)]
  0x00000204f40b5000 JavaThread "Cache worker for execution history cache (C:\Users\boss3\todo\node_modules\@react-native\gradle-plugin\.gradle\8.0.1\executionHistory)" [_thread_blocked, id=7372, stack(0x0000006a0e300000,0x0000006a0e400000)]
  0x00000204f40b5800 JavaThread "Unconstrained build operations Thread 27" [_thread_blocked, id=12784, stack(0x0000006a0e400000,0x0000006a0e500000)]
  0x00000204f40b6800 JavaThread "Unconstrained build operations Thread 28" [_thread_blocked, id=13888, stack(0x0000006a0e500000,0x0000006a0e600000)]
  0x00000204f40b7800 JavaThread "Unconstrained build operations Thread 29" [_thread_blocked, id=15052, stack(0x0000006a0e600000,0x0000006a0e700000)]
  0x00000204f9164000 JavaThread "Unconstrained build operations Thread 30" [_thread_blocked, id=18948, stack(0x0000006a0e700000,0x0000006a0e800000)]
  0x00000204f9165800 JavaThread "Unconstrained build operations Thread 31" [_thread_blocked, id=3544, stack(0x0000006a0e800000,0x0000006a0e900000)]
  0x00000204f9169800 JavaThread "Unconstrained build operations Thread 32" [_thread_blocked, id=17380, stack(0x0000006a0e900000,0x0000006a0ea00000)]
  0x00000204f9166800 JavaThread "Unconstrained build operations Thread 33" [_thread_blocked, id=13324, stack(0x0000006a0ea00000,0x0000006a0eb00000)]
  0x00000204f9167800 JavaThread "Unconstrained build operations Thread 34" [_thread_blocked, id=17960, stack(0x0000006a0eb00000,0x0000006a0ec00000)]
  0x00000204f9165000 JavaThread "Unconstrained build operations Thread 35" [_thread_blocked, id=4752, stack(0x0000006a0ec00000,0x0000006a0ed00000)]
  0x00000204f916a800 JavaThread "Unconstrained build operations Thread 36" [_thread_blocked, id=8984, stack(0x0000006a0ed00000,0x0000006a0ee00000)]
  0x00000204f9169000 JavaThread "Unconstrained build operations Thread 37" [_thread_blocked, id=2596, stack(0x0000006a0ee00000,0x0000006a0ef00000)]
  0x00000204f916b800 JavaThread "Unconstrained build operations Thread 38" [_thread_blocked, id=19140, stack(0x0000006a0ef00000,0x0000006a0f000000)]
  0x00000204f916c000 JavaThread "Unconstrained build operations Thread 39" [_thread_blocked, id=20008, stack(0x0000006a0f000000,0x0000006a0f100000)]
  0x00000204f916d000 JavaThread "Unconstrained build operations Thread 40" [_thread_blocked, id=7144, stack(0x0000006a0f100000,0x0000006a0f200000)]
  0x00000204f916e000 JavaThread "Unconstrained build operations Thread 41" [_thread_blocked, id=18628, stack(0x0000006a0f200000,0x0000006a0f300000)]
  0x00000204f9168000 JavaThread "Unconstrained build operations Thread 42" [_thread_blocked, id=11644, stack(0x0000006a0f300000,0x0000006a0f400000)]
  0x00000204f9172000 JavaThread "Unconstrained build operations Thread 43" [_thread_blocked, id=8976, stack(0x0000006a0f400000,0x0000006a0f500000)]
  0x00000204f916e800 JavaThread "Unconstrained build operations Thread 44" [_thread_blocked, id=17108, stack(0x0000006a0f500000,0x0000006a0f600000)]
  0x00000204f9172800 JavaThread "Unconstrained build operations Thread 45" [_thread_blocked, id=4712, stack(0x0000006a0f600000,0x0000006a0f700000)]
  0x00000204f916f800 JavaThread "Unconstrained build operations Thread 46" [_thread_blocked, id=5200, stack(0x0000006a0f700000,0x0000006a0f800000)]
  0x00000204f9171000 JavaThread "Unconstrained build operations Thread 47" [_thread_blocked, id=7668, stack(0x0000006a0f800000,0x0000006a0f900000)]
  0x00000204f9170000 JavaThread "Unconstrained build operations Thread 48" [_thread_blocked, id=20324, stack(0x0000006a0f900000,0x0000006a0fa00000)]
  0x00000204f9464000 JavaThread "Unconstrained build operations Thread 49" [_thread_blocked, id=8532, stack(0x0000006a0fa00000,0x0000006a0fb00000)]
  0x00000204f9466800 JavaThread "Unconstrained build operations Thread 50" [_thread_blocked, id=2776, stack(0x0000006a0fb00000,0x0000006a0fc00000)]
  0x00000204f9464800 JavaThread "Unconstrained build operations Thread 51" [_thread_blocked, id=20028, stack(0x0000006a0fc00000,0x0000006a0fd00000)]
  0x00000204f9461800 JavaThread "Unconstrained build operations Thread 52" [_thread_blocked, id=18448, stack(0x0000006a0fd00000,0x0000006a0fe00000)]
  0x00000204f9467000 JavaThread "Unconstrained build operations Thread 53" [_thread_blocked, id=19020, stack(0x0000006a0fe00000,0x0000006a0ff00000)]
  0x00000204f9468000 JavaThread "Unconstrained build operations Thread 54" [_thread_blocked, id=16224, stack(0x0000006a0ff00000,0x0000006a10000000)]
  0x00000204f9465800 JavaThread "Unconstrained build operations Thread 55" [_thread_blocked, id=11164, stack(0x0000006a10000000,0x0000006a10100000)]
  0x00000204f9462000 JavaThread "Unconstrained build operations Thread 56" [_thread_blocked, id=12072, stack(0x0000006a10100000,0x0000006a10200000)]
  0x00000204f9469000 JavaThread "Unconstrained build operations Thread 57" [_thread_blocked, id=15780, stack(0x0000006a10200000,0x0000006a10300000)]
  0x00000204f9463000 JavaThread "Unconstrained build operations Thread 58" [_thread_blocked, id=8880, stack(0x0000006a10300000,0x0000006a10400000)]
  0x00000204f946f800 JavaThread "Unconstrained build operations Thread 59" [_thread_blocked, id=13812, stack(0x0000006a10400000,0x0000006a10500000)]
  0x00000204f946a800 JavaThread "Unconstrained build operations Thread 60" [_thread_blocked, id=18664, stack(0x0000006a10500000,0x0000006a10600000)]
  0x00000204f946e800 JavaThread "Unconstrained build operations Thread 61" [_thread_blocked, id=18344, stack(0x0000006a10600000,0x0000006a10700000)]
  0x00000204f9469800 JavaThread "Unconstrained build operations Thread 62" [_thread_blocked, id=6532, stack(0x0000006a10700000,0x0000006a10800000)]
  0x00000204f9470000 JavaThread "Unconstrained build operations Thread 63" [_thread_blocked, id=3896, stack(0x0000006a10800000,0x0000006a10900000)]
  0x00000204f946b000 JavaThread "Unconstrained build operations Thread 64" [_thread_blocked, id=3252, stack(0x0000006a10900000,0x0000006a10a00000)]
  0x00000204f946c000 JavaThread "Unconstrained build operations Thread 65" [_thread_blocked, id=11888, stack(0x0000006a10a00000,0x0000006a10b00000)]
  0x00000204f946d000 JavaThread "Unconstrained build operations Thread 66" [_thread_blocked, id=1708, stack(0x0000006a10b00000,0x0000006a10c00000)]
  0x00000204f946d800 JavaThread "Unconstrained build operations Thread 67" [_thread_blocked, id=7288, stack(0x0000006a10c00000,0x0000006a10d00000)]
  0x00000204f8f97000 JavaThread "Unconstrained build operations Thread 68" [_thread_blocked, id=11824, stack(0x0000006a10d00000,0x0000006a10e00000)]
  0x00000204f8f94800 JavaThread "Unconstrained build operations Thread 69" [_thread_blocked, id=19096, stack(0x0000006a10e00000,0x0000006a10f00000)]
  0x00000204f8f94000 JavaThread "Unconstrained build operations Thread 70" [_thread_blocked, id=16348, stack(0x0000006a10f00000,0x0000006a11000000)]
  0x00000204f8f95800 JavaThread "Unconstrained build operations Thread 71" [_thread_blocked, id=8932, stack(0x0000006a11000000,0x0000006a11100000)]
  0x00000204f8f99800 JavaThread "Unconstrained build operations Thread 72" [_thread_blocked, id=17832, stack(0x0000006a11100000,0x0000006a11200000)]
  0x00000204f8f98000 JavaThread "Unconstrained build operations Thread 73" [_thread_blocked, id=4024, stack(0x0000006a11200000,0x0000006a11300000)]
  0x00000204f8f99000 JavaThread "Unconstrained build operations Thread 74" [_thread_blocked, id=12108, stack(0x0000006a11300000,0x0000006a11400000)]
  0x00000204f8f9a800 JavaThread "Unconstrained build operations Thread 75" [_thread_blocked, id=13396, stack(0x0000006a11400000,0x0000006a11500000)]
  0x00000204f8f9b000 JavaThread "Unconstrained build operations Thread 76" [_thread_blocked, id=15936, stack(0x0000006a11500000,0x0000006a11600000)]
  0x00000204f8f9c000 JavaThread "Unconstrained build operations Thread 77" [_thread_blocked, id=7428, stack(0x0000006a11600000,0x0000006a11700000)]
  0x00000204f8f96800 JavaThread "Unconstrained build operations Thread 78" [_thread_blocked, id=12924, stack(0x0000006a11700000,0x0000006a11800000)]
  0x00000204f8f9e800 JavaThread "Unconstrained build operations Thread 79" [_thread_blocked, id=11996, stack(0x0000006a11800000,0x0000006a11900000)]
  0x00000204f8f9d000 JavaThread "Unconstrained build operations Thread 80" [_thread_blocked, id=13260, stack(0x0000006a11900000,0x0000006a11a00000)]
  0x00000204f8fa2800 JavaThread "File lock release action executor Thread 2" [_thread_blocked, id=17616, stack(0x0000006a11b00000,0x0000006a11c00000)]
  0x00000204f8f9d800 JavaThread "Cache worker for execution history cache (C:\Users\boss3\todo\android\.gradle\8.0.1\executionHistory)" [_thread_blocked, id=18072, stack(0x0000006a08200000,0x0000006a08300000)]

Other Threads:
  0x00000204f0a68800 VMThread "VM Thread" [stack: 0x0000006a08900000,0x0000006a08a00000] [id=10736]
  0x00000204f1587800 WatcherThread [stack: 0x0000006a09300000,0x0000006a09400000] [id=7300]
  0x00000204d197a000 GCTaskThread "GC Thread#0" [stack: 0x0000006a08400000,0x0000006a08500000] [id=9608]
  0x00000204f1787800 GCTaskThread "GC Thread#1" [stack: 0x0000006a09400000,0x0000006a09500000] [id=7264]
  0x00000204f1de9000 GCTaskThread "GC Thread#2" [stack: 0x0000006a09500000,0x0000006a09600000] [id=5492]
  0x00000204f2021800 GCTaskThread "GC Thread#3" [stack: 0x0000006a0a000000,0x0000006a0a100000] [id=12132]
  0x00000204f27a1800 GCTaskThread "GC Thread#4" [stack: 0x0000006a0a100000,0x0000006a0a200000] [id=16632]
  0x00000204f2003000 GCTaskThread "GC Thread#5" [stack: 0x0000006a0a200000,0x0000006a0a300000] [id=11708]
  0x00000204f2d6c800 GCTaskThread "GC Thread#6" [stack: 0x0000006a0a300000,0x0000006a0a400000] [id=6724]
  0x00000204f2b8e000 GCTaskThread "GC Thread#7" [stack: 0x0000006a0a400000,0x0000006a0a500000] [id=11724]
  0x00000204d19b3800 ConcurrentGCThread "G1 Main Marker" [stack: 0x0000006a08500000,0x0000006a08600000] [id=14440]
  0x00000204d19b6000 ConcurrentGCThread "G1 Conc#0" [stack: 0x0000006a08600000,0x0000006a08700000] [id=6412]
  0x00000204f2c23800 ConcurrentGCThread "G1 Conc#1" [stack: 0x0000006a0a700000,0x0000006a0a800000] [id=16208]
  0x00000204f08d4800 ConcurrentGCThread "G1 Refine#0" [stack: 0x0000006a08700000,0x0000006a08800000] [id=12988]
  0x00000204f08d5000 ConcurrentGCThread "G1 Young RemSet Sampling" [stack: 0x0000006a08800000,0x0000006a08900000] [id=6012]

Threads with active compile tasks:
C2 CompilerThread0    68783 12830       4       java.util.regex.Pattern::compile (498 bytes)

VM state:not at safepoint (normal execution)

VM Mutex/Monitor currently owned by a thread: None

Heap address: 0x0000000080000000, size: 2048 MB, Compressed Oops mode: 32-bit
Narrow klass base: 0x0000000000000000, Narrow klass shift: 3
Compressed class space size: 528482304 Address: 0x0000000100000000

Heap:
 garbage-first heap   total 227328K, used 170086K [0x0000000080000000, 0x0000000100000000)
  region size 1024K, 20 young (20480K), 4 survivors (4096K)
 Metaspace       used 107945K, capacity 111437K, committed 111624K, reserved 612352K
  class space    used 14186K, capacity 15600K, committed 15616K, reserved 516096K
Heap Regions: E=young(eden), S=young(survivor), O=old, HS=humongous(starts), HC=humongous(continues), CS=collection set, F=free, A=archive, TAMS=top-at-mark-start (previous, next)
|   0|0x0000000080000000, 0x0000000080100000, 0x0000000080100000|100%|HS|  |TAMS 0x0000000080100000, 0x0000000080000000| Complete 
|   1|0x0000000080100000, 0x0000000080200000, 0x0000000080200000|100%|HC|  |TAMS 0x0000000080200000, 0x0000000080100000| Complete 
|   2|0x0000000080200000, 0x0000000080300000, 0x0000000080300000|100%|HC|  |TAMS 0x0000000080300000, 0x0000000080200000| Complete 
|   3|0x0000000080300000, 0x0000000080400000, 0x0000000080400000|100%|HC|  |TAMS 0x0000000080400000, 0x0000000080300000| Complete 
|   4|0x0000000080400000, 0x0000000080500000, 0x0000000080500000|100%| O|  |TAMS 0x0000000080500000, 0x0000000080400000| Untracked 
|   5|0x0000000080500000, 0x0000000080600000, 0x0000000080600000|100%| O|  |TAMS 0x0000000080600000, 0x0000000080500000| Untracked 
|   6|0x0000000080600000, 0x0000000080700000, 0x0000000080700000|100%| O|  |TAMS 0x0000000080700000, 0x0000000080600000| Untracked 
|   7|0x0000000080700000, 0x0000000080800000, 0x0000000080800000|100%| O|  |TAMS 0x0000000080800000, 0x0000000080700000| Untracked 
|   8|0x0000000080800000, 0x0000000080900000, 0x0000000080900000|100%| O|  |TAMS 0x0000000080900000, 0x0000000080800000| Untracked 
|   9|0x0000000080900000, 0x0000000080a00000, 0x0000000080a00000|100%| O|  |TAMS 0x0000000080a00000, 0x0000000080900000| Untracked 
|  10|0x0000000080a00000, 0x0000000080b00000, 0x0000000080b00000|100%| O|  |TAMS 0x0000000080b00000, 0x0000000080a00000| Untracked 
|  11|0x0000000080b00000, 0x0000000080c00000, 0x0000000080c00000|100%| O|  |TAMS 0x0000000080c00000, 0x0000000080b00000| Untracked 
|  12|0x0000000080c00000, 0x0000000080d00000, 0x0000000080d00000|100%| O|  |TAMS 0x0000000080d00000, 0x0000000080c00000| Untracked 
|  13|0x0000000080d00000, 0x0000000080e00000, 0x0000000080e00000|100%| O|  |TAMS 0x0000000080e00000, 0x0000000080d00000| Untracked 
|  14|0x0000000080e00000, 0x0000000080f00000, 0x0000000080f00000|100%| O|  |TAMS 0x0000000080f00000, 0x0000000080e00000| Untracked 
|  15|0x0000000080f00000, 0x0000000081000000, 0x0000000081000000|100%| O|  |TAMS 0x0000000081000000, 0x0000000080f00000| Untracked 
|  16|0x0000000081000000, 0x0000000081100000, 0x0000000081100000|100%| O|  |TAMS 0x0000000081100000, 0x0000000081000000| Untracked 
|  17|0x0000000081100000, 0x0000000081200000, 0x0000000081200000|100%| O|  |TAMS 0x0000000081200000, 0x0000000081100000| Untracked 
|  18|0x0000000081200000, 0x0000000081300000, 0x0000000081300000|100%| O|  |TAMS 0x0000000081300000, 0x0000000081200000| Untracked 
|  19|0x0000000081300000, 0x0000000081400000, 0x0000000081400000|100%| O|  |TAMS 0x0000000081400000, 0x0000000081300000| Untracked 
|  20|0x0000000081400000, 0x0000000081500000, 0x0000000081500000|100%| O|  |TAMS 0x0000000081500000, 0x0000000081400000| Untracked 
|  21|0x0000000081500000, 0x0000000081600000, 0x0000000081600000|100%| O|  |TAMS 0x0000000081600000, 0x0000000081500000| Untracked 
|  22|0x0000000081600000, 0x0000000081700000, 0x0000000081700000|100%| O|  |TAMS 0x0000000081700000, 0x0000000081600000| Untracked 
|  23|0x0000000081700000, 0x0000000081800000, 0x0000000081800000|100%| O|  |TAMS 0x0000000081800000, 0x0000000081700000| Untracked 
|  24|0x0000000081800000, 0x0000000081900000, 0x0000000081900000|100%| O|  |TAMS 0x0000000081900000, 0x0000000081800000| Untracked 
|  25|0x0000000081900000, 0x0000000081a00000, 0x0000000081a00000|100%| O|  |TAMS 0x0000000081a00000, 0x0000000081900000| Untracked 
|  26|0x0000000081a00000, 0x0000000081b00000, 0x0000000081b00000|100%| O|  |TAMS 0x0000000081b00000, 0x0000000081a00000| Untracked 
|  27|0x0000000081b00000, 0x0000000081c00000, 0x0000000081c00000|100%| O|  |TAMS 0x0000000081c00000, 0x0000000081b00000| Untracked 
|  28|0x0000000081c00000, 0x0000000081d00000, 0x0000000081d00000|100%| O|  |TAMS 0x0000000081d00000, 0x0000000081c00000| Untracked 
|  29|0x0000000081d00000, 0x0000000081e00000, 0x0000000081e00000|100%|HS|  |TAMS 0x0000000081e00000, 0x0000000081d00000| Complete 
|  30|0x0000000081e00000, 0x0000000081f00000, 0x0000000081f00000|100%|HC|  |TAMS 0x0000000081f00000, 0x0000000081e00000| Complete 
|  31|0x0000000081f00000, 0x0000000082000000, 0x0000000082000000|100%|HS|  |TAMS 0x0000000082000000, 0x0000000081f00000| Complete 
|  32|0x0000000082000000, 0x0000000082100000, 0x0000000082100000|100%|HC|  |TAMS 0x0000000082100000, 0x0000000082000000| Complete 
|  33|0x0000000082100000, 0x0000000082200000, 0x0000000082200000|100%|HC|  |TAMS 0x0000000082200000, 0x0000000082100000| Complete 
|  34|0x0000000082200000, 0x0000000082300000, 0x0000000082300000|100%|HC|  |TAMS 0x0000000082300000, 0x0000000082200000| Complete 
|  35|0x0000000082300000, 0x0000000082400000, 0x0000000082400000|100%| O|  |TAMS 0x0000000082400000, 0x0000000082300000| Untracked 
|  36|0x0000000082400000, 0x0000000082500000, 0x0000000082500000|100%| O|  |TAMS 0x0000000082500000, 0x0000000082400000| Untracked 
|  37|0x0000000082500000, 0x0000000082600000, 0x0000000082600000|100%| O|  |TAMS 0x0000000082600000, 0x0000000082500000| Untracked 
|  38|0x0000000082600000, 0x0000000082700000, 0x0000000082700000|100%| O|  |TAMS 0x0000000082700000, 0x0000000082600000| Untracked 
|  39|0x0000000082700000, 0x0000000082800000, 0x0000000082800000|100%| O|  |TAMS 0x0000000082800000, 0x0000000082700000| Untracked 
|  40|0x0000000082800000, 0x0000000082900000, 0x0000000082900000|100%| O|  |TAMS 0x0000000082900000, 0x0000000082800000| Untracked 
|  41|0x0000000082900000, 0x0000000082a00000, 0x0000000082a00000|100%| O|  |TAMS 0x0000000082a00000, 0x0000000082900000| Untracked 
|  42|0x0000000082a00000, 0x0000000082b00000, 0x0000000082b00000|100%| O|  |TAMS 0x0000000082b00000, 0x0000000082a00000| Untracked 
|  43|0x0000000082b00000, 0x0000000082c00000, 0x0000000082c00000|100%| O|  |TAMS 0x0000000082c00000, 0x0000000082b00000| Untracked 
|  44|0x0000000082c00000, 0x0000000082d00000, 0x0000000082d00000|100%| O|  |TAMS 0x0000000082d00000, 0x0000000082c00000| Untracked 
|  45|0x0000000082d00000, 0x0000000082e00000, 0x0000000082e00000|100%| O|  |TAMS 0x0000000082e00000, 0x0000000082d00000| Untracked 
|  46|0x0000000082e00000, 0x0000000082f00000, 0x0000000082f00000|100%| O|  |TAMS 0x0000000082f00000, 0x0000000082e00000| Untracked 
|  47|0x0000000082f00000, 0x0000000083000000, 0x0000000083000000|100%| O|  |TAMS 0x0000000083000000, 0x0000000082f00000| Untracked 
|  48|0x0000000083000000, 0x0000000083100000, 0x0000000083100000|100%| O|  |TAMS 0x0000000083100000, 0x0000000083000000| Untracked 
|  49|0x0000000083100000, 0x0000000083200000, 0x0000000083200000|100%| O|  |TAMS 0x0000000083200000, 0x0000000083100000| Untracked 
|  50|0x0000000083200000, 0x0000000083300000, 0x0000000083300000|100%| O|  |TAMS 0x0000000083300000, 0x0000000083200000| Untracked 
|  51|0x0000000083300000, 0x0000000083400000, 0x0000000083400000|100%| O|  |TAMS 0x0000000083400000, 0x0000000083300000| Untracked 
|  52|0x0000000083400000, 0x0000000083500000, 0x0000000083500000|100%| O|  |TAMS 0x0000000083500000, 0x0000000083400000| Untracked 
|  53|0x0000000083500000, 0x0000000083600000, 0x0000000083600000|100%| O|  |TAMS 0x0000000083600000, 0x0000000083500000| Untracked 
|  54|0x0000000083600000, 0x0000000083700000, 0x0000000083700000|100%| O|  |TAMS 0x0000000083700000, 0x0000000083600000| Untracked 
|  55|0x0000000083700000, 0x0000000083800000, 0x0000000083800000|100%|HS|  |TAMS 0x0000000083800000, 0x0000000083700000| Complete 
|  56|0x0000000083800000, 0x0000000083900000, 0x0000000083900000|100%|HS|  |TAMS 0x0000000083900000, 0x0000000083800000| Complete 
|  57|0x0000000083900000, 0x0000000083a00000, 0x0000000083a00000|100%| O|  |TAMS 0x0000000083a00000, 0x0000000083900000| Untracked 
|  58|0x0000000083a00000, 0x0000000083b00000, 0x0000000083b00000|100%| O|  |TAMS 0x0000000083b00000, 0x0000000083a00000| Untracked 
|  59|0x0000000083b00000, 0x0000000083c00000, 0x0000000083c00000|100%| O|  |TAMS 0x0000000083c00000, 0x0000000083b00000| Untracked 
|  60|0x0000000083c00000, 0x0000000083d00000, 0x0000000083d00000|100%| O|  |TAMS 0x0000000083d00000, 0x0000000083c00000| Untracked 
|  61|0x0000000083d00000, 0x0000000083e00000, 0x0000000083e00000|100%| O|  |TAMS 0x0000000083e00000, 0x0000000083d00000| Untracked 
|  62|0x0000000083e00000, 0x0000000083f00000, 0x0000000083f00000|100%| O|  |TAMS 0x0000000083f00000, 0x0000000083e00000| Untracked 
|  63|0x0000000083f00000, 0x0000000084000000, 0x0000000084000000|100%| O|  |TAMS 0x0000000084000000, 0x0000000083f00000| Untracked 
|  64|0x0000000084000000, 0x0000000084100000, 0x0000000084100000|100%| O|  |TAMS 0x0000000084100000, 0x0000000084000000| Untracked 
|  65|0x0000000084100000, 0x0000000084200000, 0x0000000084200000|100%| O|  |TAMS 0x0000000084200000, 0x0000000084100000| Untracked 
|  66|0x0000000084200000, 0x0000000084300000, 0x0000000084300000|100%| O|  |TAMS 0x0000000084300000, 0x0000000084200000| Untracked 
|  67|0x0000000084300000, 0x0000000084400000, 0x0000000084400000|100%| O|  |TAMS 0x0000000084400000, 0x0000000084300000| Untracked 
|  68|0x0000000084400000, 0x0000000084500000, 0x0000000084500000|100%| O|  |TAMS 0x0000000084500000, 0x0000000084400000| Untracked 
|  69|0x0000000084500000, 0x0000000084600000, 0x0000000084600000|100%| O|  |TAMS 0x0000000084600000, 0x0000000084500000| Untracked 
|  70|0x0000000084600000, 0x0000000084700000, 0x0000000084700000|100%| O|  |TAMS 0x0000000084700000, 0x0000000084600000| Untracked 
|  71|0x0000000084700000, 0x0000000084800000, 0x0000000084800000|100%| O|  |TAMS 0x0000000084800000, 0x0000000084700000| Untracked 
|  72|0x0000000084800000, 0x0000000084900000, 0x0000000084900000|100%| O|  |TAMS 0x0000000084900000, 0x0000000084800000| Untracked 
|  73|0x0000000084900000, 0x0000000084a00000, 0x0000000084a00000|100%| O|  |TAMS 0x0000000084a00000, 0x0000000084900000| Untracked 
|  74|0x0000000084a00000, 0x0000000084b00000, 0x0000000084b00000|100%| O|  |TAMS 0x0000000084b00000, 0x0000000084a00000| Untracked 
|  75|0x0000000084b00000, 0x0000000084c00000, 0x0000000084c00000|100%| O|  |TAMS 0x0000000084c00000, 0x0000000084b00000| Untracked 
|  76|0x0000000084c00000, 0x0000000084d00000, 0x0000000084d00000|100%| O|  |TAMS 0x0000000084d00000, 0x0000000084c00000| Untracked 
|  77|0x0000000084d00000, 0x0000000084e00000, 0x0000000084e00000|100%| O|  |TAMS 0x0000000084e00000, 0x0000000084d00000| Untracked 
|  78|0x0000000084e00000, 0x0000000084f00000, 0x0000000084f00000|100%| O|  |TAMS 0x0000000084f00000, 0x0000000084e00000| Untracked 
|  79|0x0000000084f00000, 0x0000000085000000, 0x0000000085000000|100%| O|  |TAMS 0x0000000085000000, 0x0000000084f00000| Untracked 
|  80|0x0000000085000000, 0x0000000085100000, 0x0000000085100000|100%| O|  |TAMS 0x0000000085100000, 0x0000000085000000| Untracked 
|  81|0x0000000085100000, 0x0000000085200000, 0x0000000085200000|100%| O|  |TAMS 0x0000000085200000, 0x0000000085100000| Untracked 
|  82|0x0000000085200000, 0x0000000085300000, 0x0000000085300000|100%|HS|  |TAMS 0x0000000085300000, 0x0000000085200000| Complete 
|  83|0x0000000085300000, 0x0000000085400000, 0x0000000085400000|100%|HC|  |TAMS 0x0000000085400000, 0x0000000085300000| Complete 
|  84|0x0000000085400000, 0x0000000085500000, 0x0000000085500000|100%|HS|  |TAMS 0x0000000085500000, 0x0000000085400000| Complete 
|  85|0x0000000085500000, 0x0000000085600000, 0x0000000085600000|100%|HC|  |TAMS 0x0000000085600000, 0x0000000085500000| Complete 
|  86|0x0000000085600000, 0x0000000085700000, 0x0000000085700000|100%|HC|  |TAMS 0x0000000085700000, 0x0000000085600000| Complete 
|  87|0x0000000085700000, 0x0000000085800000, 0x0000000085800000|100%|HC|  |TAMS 0x0000000085800000, 0x0000000085700000| Complete 
|  88|0x0000000085800000, 0x0000000085900000, 0x0000000085900000|100%| O|  |TAMS 0x0000000085900000, 0x0000000085800000| Untracked 
|  89|0x0000000085900000, 0x0000000085a00000, 0x0000000085a00000|100%| O|  |TAMS 0x0000000085a00000, 0x0000000085900000| Untracked 
|  90|0x0000000085a00000, 0x0000000085b00000, 0x0000000085b00000|100%| O|  |TAMS 0x0000000085b00000, 0x0000000085a00000| Untracked 
|  91|0x0000000085b00000, 0x0000000085c00000, 0x0000000085c00000|100%| O|  |TAMS 0x0000000085c00000, 0x0000000085b00000| Untracked 
|  92|0x0000000085c00000, 0x0000000085d00000, 0x0000000085d00000|100%| O|  |TAMS 0x0000000085d00000, 0x0000000085c00000| Untracked 
|  93|0x0000000085d00000, 0x0000000085e00000, 0x0000000085e00000|100%| O|  |TAMS 0x0000000085e00000, 0x0000000085d00000| Untracked 
|  94|0x0000000085e00000, 0x0000000085f00000, 0x0000000085f00000|100%| O|  |TAMS 0x0000000085f00000, 0x0000000085e00000| Untracked 
|  95|0x0000000085f00000, 0x0000000086000000, 0x0000000086000000|100%| O|  |TAMS 0x0000000086000000, 0x0000000085f00000| Untracked 
|  96|0x0000000086000000, 0x0000000086100000, 0x0000000086100000|100%|HS|  |TAMS 0x0000000086100000, 0x0000000086000000| Complete 
|  97|0x0000000086100000, 0x0000000086200000, 0x0000000086200000|100%|HS|  |TAMS 0x0000000086200000, 0x0000000086100000| Complete 
|  98|0x0000000086200000, 0x0000000086300000, 0x0000000086300000|100%|HS|  |TAMS 0x0000000086300000, 0x0000000086200000| Complete 
|  99|0x0000000086300000, 0x0000000086400000, 0x0000000086400000|100%|HS|  |TAMS 0x0000000086400000, 0x0000000086300000| Complete 
| 100|0x0000000086400000, 0x0000000086500000, 0x0000000086500000|100%|HC|  |TAMS 0x0000000086500000, 0x0000000086400000| Complete 
| 101|0x0000000086500000, 0x0000000086600000, 0x0000000086600000|100%|HC|  |TAMS 0x0000000086600000, 0x0000000086500000| Complete 
| 102|0x0000000086600000, 0x0000000086700000, 0x0000000086700000|100%| O|  |TAMS 0x0000000086700000, 0x0000000086600000| Untracked 
| 103|0x0000000086700000, 0x0000000086800000, 0x0000000086800000|100%| O|  |TAMS 0x0000000086709000, 0x0000000086700000| Untracked 
| 104|0x0000000086800000, 0x0000000086900000, 0x0000000086900000|100%| O|  |TAMS 0x0000000086800000, 0x0000000086800000| Untracked 
| 105|0x0000000086900000, 0x0000000086a00000, 0x0000000086a00000|100%| O|  |TAMS 0x0000000086a00000, 0x0000000086900000| Untracked 
| 106|0x0000000086a00000, 0x0000000086b00000, 0x0000000086b00000|100%| O|  |TAMS 0x0000000086b00000, 0x0000000086a00000| Untracked 
| 107|0x0000000086b00000, 0x0000000086c00000, 0x0000000086c00000|100%|HS|  |TAMS 0x0000000086c00000, 0x0000000086b00000| Complete 
| 108|0x0000000086c00000, 0x0000000086d00000, 0x0000000086d00000|100%|HC|  |TAMS 0x0000000086d00000, 0x0000000086c00000| Complete 
| 109|0x0000000086d00000, 0x0000000086e00000, 0x0000000086e00000|100%| O|  |TAMS 0x0000000086e00000, 0x0000000086d00000| Untracked 
| 110|0x0000000086e00000, 0x0000000086f00000, 0x0000000086f00000|100%| O|  |TAMS 0x0000000086f00000, 0x0000000086e00000| Untracked 
| 111|0x0000000086f00000, 0x0000000087000000, 0x0000000087000000|100%| O|  |TAMS 0x0000000087000000, 0x0000000086f00000| Untracked 
| 112|0x0000000087000000, 0x0000000087100000, 0x0000000087100000|100%| O|  |TAMS 0x0000000087100000, 0x0000000087000000| Untracked 
| 113|0x0000000087100000, 0x0000000087200000, 0x0000000087200000|100%| O|  |TAMS 0x0000000087200000, 0x0000000087100000| Untracked 
| 114|0x0000000087200000, 0x0000000087300000, 0x0000000087300000|100%| O|  |TAMS 0x0000000087300000, 0x0000000087200000| Untracked 
| 115|0x0000000087300000, 0x0000000087400000, 0x0000000087400000|100%| O|  |TAMS 0x0000000087400000, 0x0000000087300000| Untracked 
| 116|0x0000000087400000, 0x0000000087500000, 0x0000000087500000|100%| O|  |TAMS 0x0000000087500000, 0x0000000087400000| Untracked 
| 117|0x0000000087500000, 0x0000000087600000, 0x0000000087600000|100%|HS|  |TAMS 0x0000000087600000, 0x0000000087500000| Complete 
| 118|0x0000000087600000, 0x0000000087700000, 0x0000000087700000|100%|HS|  |TAMS 0x0000000087700000, 0x0000000087600000| Complete 
| 119|0x0000000087700000, 0x0000000087800000, 0x0000000087800000|100%|HS|  |TAMS 0x0000000087800000, 0x0000000087700000| Complete 
| 120|0x0000000087800000, 0x0000000087900000, 0x0000000087900000|100%|HS|  |TAMS 0x0000000087900000, 0x0000000087800000| Complete 
| 121|0x0000000087900000, 0x0000000087a00000, 0x0000000087a00000|100%|HC|  |TAMS 0x0000000087a00000, 0x0000000087900000| Complete 
| 122|0x0000000087a00000, 0x0000000087b00000, 0x0000000087b00000|100%|HC|  |TAMS 0x0000000087b00000, 0x0000000087a00000| Complete 
| 123|0x0000000087b00000, 0x0000000087c00000, 0x0000000087c00000|100%| O|  |TAMS 0x0000000087c00000, 0x0000000087b00000| Untracked 
| 124|0x0000000087c00000, 0x0000000087d00000, 0x0000000087d00000|100%| O|  |TAMS 0x0000000087d00000, 0x0000000087c00000| Untracked 
| 125|0x0000000087d00000, 0x0000000087e00000, 0x0000000087e00000|100%| O|  |TAMS 0x0000000087e00000, 0x0000000087d00000| Untracked 
| 126|0x0000000087e00000, 0x0000000087f00000, 0x0000000087f00000|100%| O|  |TAMS 0x0000000087f00000, 0x0000000087e00000| Untracked 
| 127|0x0000000087f00000, 0x0000000088000000, 0x0000000088000000|100%| O|  |TAMS 0x0000000088000000, 0x0000000087f00000| Untracked 
| 128|0x0000000088000000, 0x0000000088100000, 0x0000000088100000|100%| O|  |TAMS 0x0000000088100000, 0x0000000088000000| Untracked 
| 129|0x0000000088100000, 0x0000000088200000, 0x0000000088200000|100%| O|  |TAMS 0x0000000088200000, 0x0000000088100000| Untracked 
| 130|0x0000000088200000, 0x0000000088300000, 0x0000000088300000|100%| O|  |TAMS 0x0000000088300000, 0x0000000088200000| Untracked 
| 131|0x0000000088300000, 0x0000000088400000, 0x0000000088400000|100%| O|  |TAMS 0x0000000088300000, 0x0000000088300000| Untracked 
| 132|0x0000000088400000, 0x0000000088500000, 0x0000000088500000|100%| O|  |TAMS 0x0000000088500000, 0x0000000088400000| Untracked 
| 133|0x0000000088500000, 0x0000000088600000, 0x0000000088600000|100%|HS|  |TAMS 0x0000000088600000, 0x0000000088500000| Complete 
| 134|0x0000000088600000, 0x0000000088700000, 0x0000000088700000|100%| O|  |TAMS 0x0000000088700000, 0x0000000088600000| Untracked 
| 135|0x0000000088700000, 0x0000000088800000, 0x0000000088800000|100%| O|  |TAMS 0x0000000088800000, 0x0000000088700000| Untracked 
| 136|0x0000000088800000, 0x0000000088900000, 0x0000000088900000|100%| O|  |TAMS 0x0000000088800000, 0x0000000088800000| Untracked 
| 137|0x0000000088900000, 0x0000000088a00000, 0x0000000088a00000|100%| O|  |TAMS 0x0000000088a00000, 0x0000000088900000| Untracked 
| 138|0x0000000088a00000, 0x0000000088b00000, 0x0000000088b00000|100%| O|  |TAMS 0x0000000088b00000, 0x0000000088a00000| Untracked 
| 139|0x0000000088b00000, 0x0000000088c00000, 0x0000000088c00000|100%| O|  |TAMS 0x0000000088c00000, 0x0000000088b00000| Untracked 
| 140|0x0000000088c00000, 0x0000000088d00000, 0x0000000088d00000|100%| O|  |TAMS 0x0000000088d00000, 0x0000000088c00000| Untracked 
| 141|0x0000000088d00000, 0x0000000088e00000, 0x0000000088e00000|100%| O|  |TAMS 0x0000000088e00000, 0x0000000088d00000| Untracked 
| 142|0x0000000088e00000, 0x0000000088f00000, 0x0000000088f00000|100%| O|  |TAMS 0x0000000088e00000, 0x0000000088e00000| Untracked 
| 143|0x0000000088f00000, 0x0000000089000000, 0x0000000089000000|100%| O|  |TAMS 0x0000000088f00000, 0x0000000088f00000| Untracked 
| 144|0x0000000089000000, 0x0000000089100000, 0x0000000089100000|100%| O|  |TAMS 0x0000000089000000, 0x0000000089000000| Untracked 
| 145|0x0000000089100000, 0x0000000089200000, 0x0000000089200000|100%| O|  |TAMS 0x0000000089100000, 0x0000000089100000| Untracked 
| 146|0x0000000089200000, 0x0000000089300000, 0x0000000089300000|100%| O|  |TAMS 0x0000000089200000, 0x0000000089200000| Untracked 
| 147|0x0000000089300000, 0x0000000089319a00, 0x0000000089400000| 10%| O|  |TAMS 0x0000000089300000, 0x0000000089300000| Untracked 
| 148|0x0000000089400000, 0x0000000089400000, 0x0000000089500000|  0%| F|  |TAMS 0x0000000089400000, 0x0000000089400000| Untracked 
| 149|0x0000000089500000, 0x0000000089500000, 0x0000000089600000|  0%| F|  |TAMS 0x0000000089500000, 0x0000000089500000| Untracked 
| 150|0x0000000089600000, 0x0000000089600000, 0x0000000089700000|  0%| F|  |TAMS 0x0000000089600000, 0x0000000089600000| Untracked 
| 151|0x0000000089700000, 0x0000000089700000, 0x0000000089800000|  0%| F|  |TAMS 0x0000000089700000, 0x0000000089700000| Untracked 
| 152|0x0000000089800000, 0x0000000089800000, 0x0000000089900000|  0%| F|  |TAMS 0x0000000089800000, 0x0000000089800000| Untracked 
| 153|0x0000000089900000, 0x0000000089900000, 0x0000000089a00000|  0%| F|  |TAMS 0x0000000089900000, 0x0000000089900000| Untracked 
| 154|0x0000000089a00000, 0x0000000089a00000, 0x0000000089b00000|  0%| F|  |TAMS 0x0000000089a00000, 0x0000000089a00000| Untracked 
| 155|0x0000000089b00000, 0x0000000089b00000, 0x0000000089c00000|  0%| F|  |TAMS 0x0000000089b00000, 0x0000000089b00000| Untracked 
| 156|0x0000000089c00000, 0x0000000089c00000, 0x0000000089d00000|  0%| F|  |TAMS 0x0000000089c00000, 0x0000000089c00000| Untracked 
| 157|0x0000000089d00000, 0x0000000089d00000, 0x0000000089e00000|  0%| F|  |TAMS 0x0000000089d00000, 0x0000000089d00000| Untracked 
| 158|0x0000000089e00000, 0x0000000089e00000, 0x0000000089f00000|  0%| F|  |TAMS 0x0000000089e00000, 0x0000000089e00000| Untracked 
| 159|0x0000000089f00000, 0x0000000089f00000, 0x000000008a000000|  0%| F|  |TAMS 0x0000000089f00000, 0x0000000089f00000| Untracked 
| 160|0x000000008a000000, 0x000000008a000000, 0x000000008a100000|  0%| F|  |TAMS 0x000000008a000000, 0x000000008a000000| Untracked 
| 161|0x000000008a100000, 0x000000008a100000, 0x000000008a200000|  0%| F|  |TAMS 0x000000008a100000, 0x000000008a100000| Untracked 
| 162|0x000000008a200000, 0x000000008a200000, 0x000000008a300000|  0%| F|  |TAMS 0x000000008a200000, 0x000000008a200000| Untracked 
| 163|0x000000008a300000, 0x000000008a300000, 0x000000008a400000|  0%| F|  |TAMS 0x000000008a300000, 0x000000008a300000| Untracked 
| 164|0x000000008a400000, 0x000000008a400000, 0x000000008a500000|  0%| F|  |TAMS 0x000000008a400000, 0x000000008a400000| Untracked 
| 165|0x000000008a500000, 0x000000008a500000, 0x000000008a600000|  0%| F|  |TAMS 0x000000008a500000, 0x000000008a500000| Untracked 
| 166|0x000000008a600000, 0x000000008a600000, 0x000000008a700000|  0%| F|  |TAMS 0x000000008a600000, 0x000000008a600000| Untracked 
| 167|0x000000008a700000, 0x000000008a700000, 0x000000008a800000|  0%| F|  |TAMS 0x000000008a700000, 0x000000008a700000| Untracked 
| 168|0x000000008a800000, 0x000000008a800000, 0x000000008a900000|  0%| F|  |TAMS 0x000000008a800000, 0x000000008a800000| Untracked 
| 169|0x000000008a900000, 0x000000008a900000, 0x000000008aa00000|  0%| F|  |TAMS 0x000000008a900000, 0x000000008a900000| Untracked 
| 170|0x000000008aa00000, 0x000000008aa00000, 0x000000008ab00000|  0%| F|  |TAMS 0x000000008aa00000, 0x000000008aa00000| Untracked 
| 171|0x000000008ab00000, 0x000000008ab00000, 0x000000008ac00000|  0%| F|  |TAMS 0x000000008ab00000, 0x000000008ab00000| Untracked 
| 172|0x000000008ac00000, 0x000000008ac00000, 0x000000008ad00000|  0%| F|  |TAMS 0x000000008ac00000, 0x000000008ac00000| Untracked 
| 173|0x000000008ad00000, 0x000000008ad00000, 0x000000008ae00000|  0%| F|  |TAMS 0x000000008ad00000, 0x000000008ad00000| Untracked 
| 174|0x000000008ae00000, 0x000000008ae00000, 0x000000008af00000|  0%| F|  |TAMS 0x000000008ae00000, 0x000000008ae00000| Untracked 
| 175|0x000000008af00000, 0x000000008af00000, 0x000000008b000000|  0%| F|  |TAMS 0x000000008af00000, 0x000000008af00000| Untracked 
| 176|0x000000008b000000, 0x000000008b000000, 0x000000008b100000|  0%| F|  |TAMS 0x000000008b000000, 0x000000008b000000| Untracked 
| 177|0x000000008b100000, 0x000000008b100000, 0x000000008b200000|  0%| F|  |TAMS 0x000000008b100000, 0x000000008b100000| Untracked 
| 178|0x000000008b200000, 0x000000008b200000, 0x000000008b300000|  0%| F|  |TAMS 0x000000008b200000, 0x000000008b200000| Untracked 
| 179|0x000000008b300000, 0x000000008b300000, 0x000000008b400000|  0%| F|  |TAMS 0x000000008b300000, 0x000000008b300000| Untracked 
| 180|0x000000008b400000, 0x000000008b400000, 0x000000008b500000|  0%| F|  |TAMS 0x000000008b400000, 0x000000008b400000| Untracked 
| 181|0x000000008b500000, 0x000000008b500000, 0x000000008b600000|  0%| F|  |TAMS 0x000000008b500000, 0x000000008b500000| Untracked 
| 182|0x000000008b600000, 0x000000008b600000, 0x000000008b700000|  0%| F|  |TAMS 0x000000008b600000, 0x000000008b600000| Untracked 
| 183|0x000000008b700000, 0x000000008b700000, 0x000000008b800000|  0%| F|  |TAMS 0x000000008b700000, 0x000000008b700000| Untracked 
| 184|0x000000008b800000, 0x000000008b800000, 0x000000008b900000|  0%| F|  |TAMS 0x000000008b800000, 0x000000008b800000| Untracked 
| 185|0x000000008b900000, 0x000000008b900000, 0x000000008ba00000|  0%| F|  |TAMS 0x000000008b900000, 0x000000008b900000| Untracked 
| 186|0x000000008ba00000, 0x000000008ba00000, 0x000000008bb00000|  0%| F|  |TAMS 0x000000008ba00000, 0x000000008ba00000| Untracked 
| 187|0x000000008bb00000, 0x000000008bb00000, 0x000000008bc00000|  0%| F|  |TAMS 0x000000008bb00000, 0x000000008bb00000| Untracked 
| 188|0x000000008bc00000, 0x000000008bc00000, 0x000000008bd00000|  0%| F|  |TAMS 0x000000008bc00000, 0x000000008bc00000| Untracked 
| 189|0x000000008bd00000, 0x000000008be00000, 0x000000008be00000|100%| S|CS|TAMS 0x000000008bd00000, 0x000000008bd00000| Complete 
| 190|0x000000008be00000, 0x000000008bf00000, 0x000000008bf00000|100%| S|CS|TAMS 0x000000008be00000, 0x000000008be00000| Complete 
| 191|0x000000008bf00000, 0x000000008bf00000, 0x000000008c000000|  0%| F|  |TAMS 0x000000008bf00000, 0x000000008bf00000| Untracked 
| 192|0x000000008c000000, 0x000000008c000000, 0x000000008c100000|  0%| F|  |TAMS 0x000000008c000000, 0x000000008c000000| Untracked 
| 193|0x000000008c100000, 0x000000008c100000, 0x000000008c200000|  0%| F|  |TAMS 0x000000008c100000, 0x000000008c100000| Untracked 
| 194|0x000000008c200000, 0x000000008c200000, 0x000000008c300000|  0%| F|  |TAMS 0x000000008c200000, 0x000000008c200000| Untracked 
| 195|0x000000008c300000, 0x000000008c400000, 0x000000008c400000|100%| S|CS|TAMS 0x000000008c300000, 0x000000008c300000| Complete 
| 196|0x000000008c400000, 0x000000008c500000, 0x000000008c500000|100%| S|CS|TAMS 0x000000008c400000, 0x000000008c400000| Complete 
| 197|0x000000008c500000, 0x000000008c500000, 0x000000008c600000|  0%| F|  |TAMS 0x000000008c500000, 0x000000008c500000| Untracked 
| 198|0x000000008c600000, 0x000000008c600000, 0x000000008c700000|  0%| F|  |TAMS 0x000000008c600000, 0x000000008c600000| Untracked 
| 199|0x000000008c700000, 0x000000008c700000, 0x000000008c800000|  0%| F|  |TAMS 0x000000008c700000, 0x000000008c700000| Untracked 
| 200|0x000000008c800000, 0x000000008c800000, 0x000000008c900000|  0%| F|  |TAMS 0x000000008c800000, 0x000000008c800000| Untracked 
| 201|0x000000008c900000, 0x000000008c900000, 0x000000008ca00000|  0%| F|  |TAMS 0x000000008c900000, 0x000000008c900000| Untracked 
| 202|0x000000008ca00000, 0x000000008ca00000, 0x000000008cb00000|  0%| F|  |TAMS 0x000000008ca00000, 0x000000008ca00000| Untracked 
| 203|0x000000008cb00000, 0x000000008cb00000, 0x000000008cc00000|  0%| F|  |TAMS 0x000000008cb00000, 0x000000008cb00000| Untracked 
| 204|0x000000008cc00000, 0x000000008cc00000, 0x000000008cd00000|  0%| F|  |TAMS 0x000000008cc00000, 0x000000008cc00000| Untracked 
| 205|0x000000008cd00000, 0x000000008cd00000, 0x000000008ce00000|  0%| F|  |TAMS 0x000000008cd00000, 0x000000008cd00000| Untracked 
| 206|0x000000008ce00000, 0x000000008cf00000, 0x000000008cf00000|100%| E|  |TAMS 0x000000008ce00000, 0x000000008ce00000| Complete 
| 207|0x000000008cf00000, 0x000000008d000000, 0x000000008d000000|100%| E|CS|TAMS 0x000000008cf00000, 0x000000008cf00000| Complete 
| 208|0x000000008d000000, 0x000000008d100000, 0x000000008d100000|100%| E|CS|TAMS 0x000000008d000000, 0x000000008d000000| Complete 
| 209|0x000000008d100000, 0x000000008d200000, 0x000000008d200000|100%| E|CS|TAMS 0x000000008d100000, 0x000000008d100000| Complete 
| 210|0x000000008d200000, 0x000000008d300000, 0x000000008d300000|100%| E|CS|TAMS 0x000000008d200000, 0x000000008d200000| Complete 
| 211|0x000000008d300000, 0x000000008d400000, 0x000000008d400000|100%| E|CS|TAMS 0x000000008d300000, 0x000000008d300000| Complete 
| 212|0x000000008d400000, 0x000000008d500000, 0x000000008d500000|100%| E|CS|TAMS 0x000000008d400000, 0x000000008d400000| Complete 
| 213|0x000000008d500000, 0x000000008d600000, 0x000000008d600000|100%| E|CS|TAMS 0x000000008d500000, 0x000000008d500000| Complete 
| 214|0x000000008d600000, 0x000000008d700000, 0x000000008d700000|100%| E|CS|TAMS 0x000000008d600000, 0x000000008d600000| Complete 
| 215|0x000000008d700000, 0x000000008d800000, 0x000000008d800000|100%| E|CS|TAMS 0x000000008d700000, 0x000000008d700000| Complete 
| 216|0x000000008d800000, 0x000000008d900000, 0x000000008d900000|100%| E|CS|TAMS 0x000000008d800000, 0x000000008d800000| Complete 
| 217|0x000000008d900000, 0x000000008da00000, 0x000000008da00000|100%| E|CS|TAMS 0x000000008d900000, 0x000000008d900000| Complete 
| 218|0x000000008da00000, 0x000000008db00000, 0x000000008db00000|100%| E|CS|TAMS 0x000000008da00000, 0x000000008da00000| Complete 
| 219|0x000000008db00000, 0x000000008dc00000, 0x000000008dc00000|100%| E|CS|TAMS 0x000000008db00000, 0x000000008db00000| Complete 
| 220|0x000000008dc00000, 0x000000008dd00000, 0x000000008dd00000|100%| E|CS|TAMS 0x000000008dc00000, 0x000000008dc00000| Complete 
| 221|0x000000008dd00000, 0x000000008de00000, 0x000000008de00000|100%| E|CS|TAMS 0x000000008dd00000, 0x000000008dd00000| Complete 

Card table byte_map: [0x00000204e9810000,0x00000204e9c10000] _byte_map_base: 0x00000204e9410000

Marking Bits (Prev, Next): (CMBitMap*) 0x00000204d19aae28, (CMBitMap*) 0x00000204d19aae60
 Prev Bits: [0x00000204ea010000, 0x00000204ec010000)
 Next Bits: [0x00000204ec010000, 0x00000204ee010000)

Polling page: 0x00000204cf950000

Metaspace:

Usage:
  Non-class:     93.59 MB capacity,    91.57 MB ( 98%) used,     1.68 MB (  2%) free+waste,   350.38 KB ( <1%) overhead. 
      Class:     15.23 MB capacity,    13.85 MB ( 91%) used,     1.22 MB (  8%) free+waste,   161.81 KB (  1%) overhead. 
       Both:    108.83 MB capacity,   105.42 MB ( 97%) used,     2.90 MB (  3%) free+waste,   512.19 KB ( <1%) overhead. 

Virtual space:
  Non-class space:       94.00 MB reserved,      93.76 MB (>99%) committed 
      Class space:      504.00 MB reserved,      15.25 MB (  3%) committed 
             Both:      598.00 MB reserved,     109.01 MB ( 18%) committed 

Chunk freelists:
   Non-Class:  43.00 KB
       Class:  16.00 KB
        Both:  59.00 KB

MaxMetaspaceSize: 512.00 MB
CompressedClassSpaceSize: 504.00 MB
Initial GC threshold: 20.80 MB
Current GC threshold: 169.18 MB
CDS: off

CodeHeap 'non-profiled nmethods': size=120000Kb used=8448Kb max_used=8448Kb free=111551Kb
 bounds [0x00000204e1bb0000, 0x00000204e2400000, 0x00000204e90e0000]
CodeHeap 'profiled nmethods': size=120000Kb used=28739Kb max_used=28739Kb free=91260Kb
 bounds [0x00000204da680000, 0x00000204dc2a0000, 0x00000204e1bb0000]
CodeHeap 'non-nmethods': size=5760Kb used=2406Kb max_used=2453Kb free=3353Kb
 bounds [0x00000204da0e0000, 0x00000204da360000, 0x00000204da680000]
 total_blobs=13744 nmethods=12809 adapters=845
 compilation: enabled
              stopped_count=0, restarted_count=0
 full_count=0

Compilation events (20 events):
Event: 68.236 Thread 0x00000204f13f6000 nmethod 12823 0x00000204dc281190 code [0x00000204dc281360, 0x00000204dc2815f8]
Event: 68.237 Thread 0x00000204f13f6000 12824       3       org.gradle.api.internal.DelegatingDomainObjectSet::iterator (10 bytes)
Event: 68.237 Thread 0x00000204f13f6000 nmethod 12824 0x00000204dc281710 code [0x00000204dc2818c0, 0x00000204dc281a88]
Event: 68.237 Thread 0x00000204f13f6000 12825       3       org.gradle.api.internal.DelegatingDomainObjectSet::matching (11 bytes)
Event: 68.237 Thread 0x00000204f13f6000 nmethod 12825 0x00000204dc281b90 code [0x00000204dc281d40, 0x00000204dc281f08]
Event: 68.238 Thread 0x00000204f13f6000 12826       3       org.gradle.api.internal.DefaultDomainObjectCollection::estimatedSize (10 bytes)
Event: 68.238 Thread 0x00000204f13f6000 nmethod 12826 0x00000204dc282010 code [0x00000204dc2821c0, 0x00000204dc282388]
Event: 68.238 Thread 0x00000204f13f6000 12827       3       org.gradle.api.internal.DefaultDomainObjectCollection::size (10 bytes)
Event: 68.238 Thread 0x00000204f13f6000 nmethod 12827 0x00000204dc282490 code [0x00000204dc282640, 0x00000204dc282808]
Event: 68.547 Thread 0x00000204f13f6000 12828       3       org.gradle.internal.instantiation.generator.AbstractClassGenerator$NamePropertyHandler::applyTo (14 bytes)
Event: 68.548 Thread 0x00000204f13f6000 nmethod 12828 0x00000204dc282910 code [0x00000204dc282ac0, 0x00000204dc282cc8]
Event: 68.548 Thread 0x00000204f13f6000 12829       3       org.gradle.internal.instantiation.generator.AbstractClassGenerator$InjectAnnotationPropertyHandler::applyTo (130 bytes)
Event: 68.549 Thread 0x00000204f13f6000 nmethod 12829 0x00000204dc282d90 code [0x00000204dc283060, 0x00000204dc283f78]
Event: 68.662 Thread 0x00000204f13d3800 12830       4       java.util.regex.Pattern::compile (498 bytes)
Event: 68.662 Thread 0x00000204f13f6000 12831       3       org.gradle.internal.instantiation.generator.AsmBackedClassGenerator$ClassBuilderImpl$$Lambda$118/0x0000000100250840::emit (9 bytes)
Event: 68.663 Thread 0x00000204f13f6000 nmethod 12831 0x00000204dc284310 code [0x00000204dc2844e0, 0x00000204dc2846e8]
Event: 68.663 Thread 0x00000204f13f6000 12832       3       org.gradle.internal.instantiation.generator.AsmBackedClassGenerator$ClassBuilderImpl::lambda$mixInDynamicAware$5 (11 bytes)
Event: 68.663 Thread 0x00000204f13f6000 nmethod 12832 0x00000204dc284810 code [0x00000204dc2849c0, 0x00000204dc284b48]
Event: 68.693 Thread 0x00000204f13f6000 12833       3       org.gradle.internal.extensibility.ConventionAwareHelper::ineligible (12 bytes)
Event: 68.693 Thread 0x00000204f13f6000 nmethod 12833 0x00000204dc284c10 code [0x00000204dc284dc0, 0x00000204dc284f88]

GC Heap History (20 events):
Event: 63.338 GC heap before
{Heap before GC invocations=81 (full 0):
 garbage-first heap   total 157696K, used 147346K [0x0000000080000000, 0x0000000100000000)
  region size 1024K, 7 young (7168K), 1 survivors (1024K)
 Metaspace       used 100407K, capacity 103770K, committed 103944K, reserved 606208K
  class space    used 13172K, capacity 14514K, committed 14592K, reserved 516096K
}
Event: 63.344 GC heap after
{Heap after GC invocations=82 (full 0):
 garbage-first heap   total 157696K, used 141888K [0x0000000080000000, 0x0000000100000000)
  region size 1024K, 1 young (1024K), 1 survivors (1024K)
 Metaspace       used 100407K, capacity 103770K, committed 103944K, reserved 606208K
  class space    used 13172K, capacity 14514K, committed 14592K, reserved 516096K
}
Event: 63.566 GC heap before
{Heap before GC invocations=82 (full 0):
 garbage-first heap   total 157696K, used 148032K [0x0000000080000000, 0x0000000100000000)
  region size 1024K, 7 young (7168K), 1 survivors (1024K)
 Metaspace       used 100550K, capacity 103854K, committed 103944K, reserved 606208K
  class space    used 13188K, capacity 14519K, committed 14592K, reserved 516096K
}
Event: 63.575 GC heap after
{Heap after GC invocations=83 (full 0):
 garbage-first heap   total 157696K, used 143267K [0x0000000080000000, 0x0000000100000000)
  region size 1024K, 1 young (1024K), 1 survivors (1024K)
 Metaspace       used 100550K, capacity 103854K, committed 103944K, reserved 606208K
  class space    used 13188K, capacity 14519K, committed 14592K, reserved 516096K
}
Event: 63.683 GC heap before
{Heap before GC invocations=84 (full 0):
 garbage-first heap   total 157696K, used 149411K [0x0000000080000000, 0x0000000100000000)
  region size 1024K, 7 young (7168K), 1 survivors (1024K)
 Metaspace       used 100587K, capacity 103855K, committed 103944K, reserved 606208K
  class space    used 13188K, capacity 14519K, committed 14592K, reserved 516096K
}
Event: 63.689 GC heap after
{Heap after GC invocations=85 (full 0):
 garbage-first heap   total 189440K, used 145278K [0x0000000080000000, 0x0000000100000000)
  region size 1024K, 1 young (1024K), 1 survivors (1024K)
 Metaspace       used 100587K, capacity 103855K, committed 103944K, reserved 606208K
  class space    used 13188K, capacity 14519K, committed 14592K, reserved 516096K
}
Event: 63.927 GC heap before
{Heap before GC invocations=85 (full 0):
 garbage-first heap   total 189440K, used 155518K [0x0000000080000000, 0x0000000100000000)
  region size 1024K, 11 young (11264K), 1 survivors (1024K)
 Metaspace       used 100997K, capacity 104322K, committed 104584K, reserved 606208K
  class space    used 13259K, capacity 14610K, committed 14720K, reserved 516096K
}
Event: 63.932 GC heap after
{Heap after GC invocations=86 (full 0):
 garbage-first heap   total 189440K, used 146598K [0x0000000080000000, 0x0000000100000000)
  region size 1024K, 2 young (2048K), 2 survivors (2048K)
 Metaspace       used 100997K, capacity 104322K, committed 104584K, reserved 606208K
  class space    used 13259K, capacity 14610K, committed 14720K, reserved 516096K
}
Event: 64.279 GC heap before
{Heap before GC invocations=86 (full 0):
 garbage-first heap   total 189440K, used 156838K [0x0000000080000000, 0x0000000100000000)
  region size 1024K, 12 young (12288K), 2 survivors (2048K)
 Metaspace       used 101546K, capacity 104929K, committed 105224K, reserved 608256K
  class space    used 13348K, capacity 14722K, committed 14848K, reserved 516096K
}
Event: 64.284 GC heap after
{Heap after GC invocations=87 (full 0):
 garbage-first heap   total 189440K, used 147048K [0x0000000080000000, 0x0000000100000000)
  region size 1024K, 2 young (2048K), 2 survivors (2048K)
 Metaspace       used 101546K, capacity 104929K, committed 105224K, reserved 608256K
  class space    used 13348K, capacity 14722K, committed 14848K, reserved 516096K
}
Event: 64.590 GC heap before
{Heap before GC invocations=87 (full 0):
 garbage-first heap   total 189440K, used 156264K [0x0000000080000000, 0x0000000100000000)
  region size 1024K, 12 young (12288K), 2 survivors (2048K)
 Metaspace       used 102075K, capacity 105490K, committed 105736K, reserved 608256K
  class space    used 13431K, capacity 14796K, committed 14848K, reserved 516096K
}
Event: 64.596 GC heap after
{Heap after GC invocations=88 (full 0):
 garbage-first heap   total 189440K, used 147634K [0x0000000080000000, 0x0000000100000000)
  region size 1024K, 1 young (1024K), 1 survivors (1024K)
 Metaspace       used 102075K, capacity 105490K, committed 105736K, reserved 608256K
  class space    used 13431K, capacity 14796K, committed 14848K, reserved 516096K
}
Event: 65.064 GC heap before
{Heap before GC invocations=88 (full 0):
 garbage-first heap   total 189440K, used 158898K [0x0000000080000000, 0x0000000100000000)
  region size 1024K, 12 young (12288K), 1 survivors (1024K)
 Metaspace       used 102766K, capacity 106134K, committed 106376K, reserved 608256K
  class space    used 13522K, capacity 14898K, committed 14976K, reserved 516096K
}
Event: 65.071 GC heap after
{Heap after GC invocations=89 (full 0):
 garbage-first heap   total 227328K, used 148192K [0x0000000080000000, 0x0000000100000000)
  region size 1024K, 2 young (2048K), 2 survivors (2048K)
 Metaspace       used 102766K, capacity 106134K, committed 106376K, reserved 608256K
  class space    used 13522K, capacity 14898K, committed 14976K, reserved 516096K
}
Event: 66.191 GC heap before
{Heap before GC invocations=89 (full 0):
 garbage-first heap   total 227328K, used 170720K [0x0000000080000000, 0x0000000100000000)
  region size 1024K, 24 young (24576K), 2 survivors (2048K)
 Metaspace       used 104162K, capacity 107612K, committed 107912K, reserved 610304K
  class space    used 13717K, capacity 15111K, committed 15232K, reserved 516096K
}
Event: 66.197 GC heap after
{Heap after GC invocations=90 (full 0):
 garbage-first heap   total 227328K, used 149348K [0x0000000080000000, 0x0000000100000000)
  region size 1024K, 3 young (3072K), 3 survivors (3072K)
 Metaspace       used 104162K, capacity 107612K, committed 107912K, reserved 610304K
  class space    used 13717K, capacity 15111K, committed 15232K, reserved 516096K
}
Event: 67.449 GC heap before
{Heap before GC invocations=90 (full 0):
 garbage-first heap   total 227328K, used 173924K [0x0000000080000000, 0x0000000100000000)
  region size 1024K, 27 young (27648K), 3 survivors (3072K)
 Metaspace       used 106087K, capacity 109568K, committed 109832K, reserved 612352K
  class space    used 13960K, capacity 15349K, committed 15360K, reserved 516096K
}
Event: 67.458 GC heap after
{Heap after GC invocations=91 (full 0):
 garbage-first heap   total 227328K, used 151332K [0x0000000080000000, 0x0000000100000000)
  region size 1024K, 4 young (4096K), 4 survivors (4096K)
 Metaspace       used 106087K, capacity 109568K, committed 109832K, reserved 612352K
  class space    used 13960K, capacity 15349K, committed 15360K, reserved 516096K
}
Event: 68.015 GC heap before
{Heap before GC invocations=91 (full 0):
 garbage-first heap   total 227328K, used 176932K [0x0000000080000000, 0x0000000100000000)
  region size 1024K, 29 young (29696K), 4 survivors (4096K)
 Metaspace       used 107162K, capacity 110719K, committed 110856K, reserved 612352K
  class space    used 14099K, capacity 15497K, committed 15616K, reserved 516096K
}
Event: 68.026 GC heap after
{Heap after GC invocations=92 (full 0):
 garbage-first heap   total 227328K, used 154726K [0x0000000080000000, 0x0000000100000000)
  region size 1024K, 4 young (4096K), 4 survivors (4096K)
 Metaspace       used 107162K, capacity 110719K, committed 110856K, reserved 612352K
  class space    used 14099K, capacity 15497K, committed 15616K, reserved 516096K
}

Deoptimization events (20 events):
Event: 68.000 Thread 0x00000204f40b3000 Uncommon trap: trap_request=0xffffff4d fr.pc=0x00000204e23d12c0 relative=0x0000000000000260
Event: 68.000 Thread 0x00000204f40b3000 Uncommon trap: reason=unstable_if action=reinterpret pc=0x00000204e23d12c0 method=org.gradle.api.internal.collections.DefaultPendingSource.removeByProvider(Lorg/gradle/api/internal/provider/ProviderInternal;)Z @ 34 c2
Event: 68.000 Thread 0x00000204f40b3000 DEOPT PACKING pc=0x00000204e23d12c0 sp=0x0000006a0dff9000
Event: 68.001 Thread 0x00000204f40b3000 DEOPT UNPACKING pc=0x00000204da12a1af sp=0x0000006a0dff8fc0 mode 2
Event: 68.033 Thread 0x00000204f40b3000 Uncommon trap: trap_request=0xffffffd6 fr.pc=0x00000204e23dbab8 relative=0x00000000000009f8
Event: 68.033 Thread 0x00000204f40b3000 Uncommon trap: reason=array_check action=maybe_recompile pc=0x00000204e23dbab8 method=com.google.common.collect.RegularImmutableMap.fromEntryArrayCheckingBucketOverflow(I[Ljava/util/Map$Entry;Z)Lcom/google/common/collect/ImmutableMap; @ 216 c2
Event: 68.033 Thread 0x00000204f40b3000 DEOPT PACKING pc=0x00000204e23dbab8 sp=0x0000006a0dff9490
Event: 68.033 Thread 0x00000204f40b3000 DEOPT UNPACKING pc=0x00000204da12a1af sp=0x0000006a0dff9440 mode 2
Event: 68.033 Thread 0x00000204f40b3000 Uncommon trap: trap_request=0xffffffd6 fr.pc=0x00000204e23dbab8 relative=0x00000000000009f8
Event: 68.033 Thread 0x00000204f40b3000 Uncommon trap: reason=array_check action=maybe_recompile pc=0x00000204e23dbab8 method=com.google.common.collect.RegularImmutableMap.fromEntryArrayCheckingBucketOverflow(I[Ljava/util/Map$Entry;Z)Lcom/google/common/collect/ImmutableMap; @ 216 c2
Event: 68.033 Thread 0x00000204f40b3000 DEOPT PACKING pc=0x00000204e23dbab8 sp=0x0000006a0dff9490
Event: 68.033 Thread 0x00000204f40b3000 DEOPT UNPACKING pc=0x00000204da12a1af sp=0x0000006a0dff9440 mode 2
Event: 68.035 Thread 0x00000204f40b3000 Uncommon trap: trap_request=0xffffffd6 fr.pc=0x00000204e23dbab8 relative=0x00000000000009f8
Event: 68.035 Thread 0x00000204f40b3000 Uncommon trap: reason=array_check action=maybe_recompile pc=0x00000204e23dbab8 method=com.google.common.collect.RegularImmutableMap.fromEntryArrayCheckingBucketOverflow(I[Ljava/util/Map$Entry;Z)Lcom/google/common/collect/ImmutableMap; @ 216 c2
Event: 68.035 Thread 0x00000204f40b3000 DEOPT PACKING pc=0x00000204e23dbab8 sp=0x0000006a0dff94e0
Event: 68.035 Thread 0x00000204f40b3000 DEOPT UNPACKING pc=0x00000204da12a1af sp=0x0000006a0dff9490 mode 2
Event: 68.036 Thread 0x00000204f40b3000 Uncommon trap: trap_request=0xffffffd6 fr.pc=0x00000204e23dbab8 relative=0x00000000000009f8
Event: 68.036 Thread 0x00000204f40b3000 Uncommon trap: reason=array_check action=maybe_recompile pc=0x00000204e23dbab8 method=com.google.common.collect.RegularImmutableMap.fromEntryArrayCheckingBucketOverflow(I[Ljava/util/Map$Entry;Z)Lcom/google/common/collect/ImmutableMap; @ 216 c2
Event: 68.036 Thread 0x00000204f40b3000 DEOPT PACKING pc=0x00000204e23dbab8 sp=0x0000006a0dff94e0
Event: 68.036 Thread 0x00000204f40b3000 DEOPT UNPACKING pc=0x00000204da12a1af sp=0x0000006a0dff9490 mode 2

Classes redefined (0 events):
No events

Internal exceptions (20 events):
Event: 62.996 Thread 0x00000204f1ff8800 Exception <a 'java/lang/ClassNotFoundException'{0x0000000089661090}: org/jetbrains/kotlin/gradle/targets/js/npm/DefaultPeerNpmDependencyExtension$delegate$1BeanInfo> (0x0000000089661090) thrown at [./src/hotspot/share/classfile/systemDictionary.cpp, line 230]
Event: 62.997 Thread 0x00000204f1ff8800 Exception <a 'java/lang/ClassNotFoundException'{0x0000000089693890}: org/jetbrains/kotlin/gradle/targets/js/npm/DefaultPeerNpmDependencyExtension$delegate$1Customizer> (0x0000000089693890) thrown at [./src/hotspot/share/classfile/systemDictionary.cpp, line 230]
Event: 63.070 Thread 0x00000204f1ff8800 Exception <a 'java/lang/ClassNotFoundException'{0x0000000089560b50}: build_etl91hv8v572lcpxetyjk0n0h$_run_closure1BeanInfo> (0x0000000089560b50) thrown at [./src/hotspot/share/classfile/systemDictionary.cpp, line 230]
Event: 63.070 Thread 0x00000204f1ff8800 Exception <a 'java/lang/ClassNotFoundException'{0x0000000089576d78}: build_etl91hv8v572lcpxetyjk0n0h$_run_closure1Customizer> (0x0000000089576d78) thrown at [./src/hotspot/share/classfile/systemDictionary.cpp, line 230]
Event: 63.086 Thread 0x00000204f1ff8800 Exception <a 'java/lang/ClassNotFoundException'{0x0000000089485858}: org/jetbrains/kotlin/gradle/plugin/sources/DefaultKotlinSourceSetBeanInfo> (0x0000000089485858) thrown at [./src/hotspot/share/classfile/systemDictionary.cpp, line 230]
Event: 63.086 Thread 0x00000204f1ff8800 Exception <a 'java/lang/ClassNotFoundException'{0x00000000894b5d88}: org/jetbrains/kotlin/gradle/plugin/sources/DefaultKotlinSourceSetCustomizer> (0x00000000894b5d88) thrown at [./src/hotspot/share/classfile/systemDictionary.cpp, line 230]
Event: 63.099 Thread 0x00000204f1ff8800 Exception <a 'java/lang/ClassNotFoundException'{0x000000008997ac18}: build_etl91hv8v572lcpxetyjk0n0h$_run_closure1$_closure8BeanInfo> (0x000000008997ac18) thrown at [./src/hotspot/share/classfile/systemDictionary.cpp, line 230]
Event: 63.100 Thread 0x00000204f1ff8800 Exception <a 'java/lang/ClassNotFoundException'{0x0000000089995528}: build_etl91hv8v572lcpxetyjk0n0h$_run_closure1$_closure8Customizer> (0x0000000089995528) thrown at [./src/hotspot/share/classfile/systemDictionary.cpp, line 230]
Event: 63.259 Thread 0x00000204f1ff8800 Exception <a 'java/lang/NoClassDefFoundError'{0x0000000089735060}: org/jetbrains/kotlin/gradle/plugin/KotlinBasePluginWrapper> (0x0000000089735060) thrown at [./src/hotspot/share/oops/constantPool.cpp, line 775]
Event: 63.828 Thread 0x00000204f40b3000 Exception <a 'java/lang/NoSuchMethodError'{0x000000008b4c5f20}: 'void java.lang.invoke.DirectMethodHandle$Holder.invokeVirtual(java.lang.Object, java.lang.Object)'> (0x000000008b4c5f20) thrown at [./src/hotspot/share/interpreter/linkResolver.cpp, line 773]
Event: 64.308 Thread 0x00000204f40b3000 Implicit null exception at 0x00000204e2351eb0 to 0x00000204e2351f70
Event: 64.331 Thread 0x00000204f40b3000 Implicit null exception at 0x00000204e2352b87 to 0x00000204e2352c67
Event: 64.402 Thread 0x00000204f40b3000 Implicit null exception at 0x00000204e2353ba9 to 0x00000204e23542b4
Event: 64.529 Thread 0x00000204f40b3000 Implicit null exception at 0x00000204e235da4e to 0x00000204e235e154
Event: 65.196 Thread 0x00000204f40b3000 Implicit null exception at 0x00000204e2373523 to 0x00000204e2373a48
Event: 65.404 Thread 0x00000204f40b3000 Exception <a 'java/lang/NoSuchMethodError'{0x000000008d70ab08}: 'java.lang.Object java.lang.invoke.DirectMethodHandle$Holder.invokeStatic(java.lang.Object, java.lang.Object, java.lang.Object, java.lang.Object, java.lang.Object, java.lang.Object, int)'> (0x000000008d70ab08) thrown at [./src/hotspot/share/interpreter/linkResolver.cpp, line 773]
Event: 65.411 Thread 0x00000204f40b3000 Exception <a 'java/lang/NoSuchMethodError'{0x000000008d722308}: 'java.lang.Object java.lang.invoke.DirectMethodHandle$Holder.invokeStatic(java.lang.Object, java.lang.Object, java.lang.Object, java.lang.Object, java.lang.Object, java.lang.Object, int, int)'> (0x000000008d722308) thrown at [./src/hotspot/share/interpreter/linkResolver.cpp, line 773]
Event: 65.414 Thread 0x00000204f40b3000 Exception <a 'java/lang/NoSuchMethodError'{0x000000008d73a8c0}: 'java.lang.Object java.lang.invoke.DirectMethodHandle$Holder.invokeStatic(java.lang.Object, java.lang.Object, java.lang.Object, java.lang.Object, java.lang.Object, java.lang.Object, int, int, java.lang.Object)'> (0x000000008d73a8c0) thrown at [./src/hotspot/share/interpreter/linkResolver.cpp, line 773]
Event: 65.823 Thread 0x00000204f40b3000 Implicit null exception at 0x00000204e239c0b4 to 0x00000204e239c97c
Event: 66.937 Thread 0x00000204f40b3000 Exception <a 'java/lang/NoSuchMethodError'{0x000000008cfeb3f0}: 'int java.lang.invoke.DirectMethodHandle$Holder.invokeStatic(java.lang.Object, int, int, java.lang.Object)'> (0x000000008cfeb3f0) thrown at [./src/hotspot/share/interpreter/linkResolver.cpp, line 773]

Events (20 events):
Event: 68.371 loading class org/jetbrains/kotlin/gradle/tasks/SourceRoots done
Event: 68.373 loading class org/jetbrains/kotlin/gradle/tasks/FilteringSourceRootsContainer
Event: 68.373 loading class org/jetbrains/kotlin/gradle/tasks/FilteringSourceRootsContainer done
Event: 68.531 loading class org/gradle/api/model/ReplacedBy
Event: 68.531 loading class org/gradle/api/model/ReplacedBy done
Event: 68.547 Thread 0x00000204f63eb000 Thread exited: 0x00000204f63eb000
Event: 68.551 loading class kotlin/jvm/internal/PropertyReference1
Event: 68.551 loading class kotlin/jvm/internal/PropertyReference1 done
Event: 68.552 loading class org/jetbrains/kotlin/gradle/tasks/AbstractKotlinCompileTool$stableSources$1
Event: 68.552 loading class org/jetbrains/kotlin/gradle/tasks/AbstractKotlinCompileTool$stableSources$1 done
Event: 68.665 loading class org/jetbrains/kotlin/gradle/utils/ProviderApiUtilsKt$providerWithLazyConvention$1
Event: 68.665 loading class org/jetbrains/kotlin/gradle/utils/ProviderApiUtilsKt$providerWithLazyConvention$1 done
Event: 68.675 loading class org/jetbrains/kotlin/gradle/tasks/FilteringSourceRootsContainer$1
Event: 68.675 loading class org/jetbrains/kotlin/gradle/tasks/FilteringSourceRootsContainer$1 done
Event: 68.676 loading class org/jetbrains/kotlin/gradle/tasks/KotlinCompile$jvmSourceRoots$2
Event: 68.676 loading class org/jetbrains/kotlin/gradle/tasks/KotlinCompile$jvmSourceRoots$2 done
Event: 68.689 loading class org/jetbrains/kotlin/gradle/tasks/DefaultKotlinJavaToolchain$defaultJavaToolchainSetter$2
Event: 68.689 loading class org/jetbrains/kotlin/gradle/tasks/DefaultKotlinJavaToolchain$defaultJavaToolchainSetter$2 done
Event: 68.694 loading class org/jetbrains/kotlin/gradle/tasks/AbstractKotlinCompile$Configurator$configure$1
Event: 68.694 loading class org/jetbrains/kotlin/gradle/tasks/AbstractKotlinCompile$Configurator$configure$1 done


Dynamic libraries:
0x00007ff6793a0000 - 0x00007ff6793ad000 	C:\Program Files\Microsoft\jdk-11.0.18.10-hotspot\bin\java.exe
0x00007ffa006b0000 - 0x00007ffa008a8000 	C:\Windows\SYSTEM32\ntdll.dll
0x00007ff9fe7e0000 - 0x00007ff9fe89f000 	C:\Windows\System32\KERNEL32.DLL
0x00007ff9fe050000 - 0x00007ff9fe346000 	C:\Windows\System32\KERNELBASE.dll
0x00007ff9fe510000 - 0x00007ff9fe610000 	C:\Windows\System32\ucrtbase.dll
0x00007ff9d47d0000 - 0x00007ff9d47e7000 	C:\Program Files\Microsoft\jdk-11.0.18.10-hotspot\bin\jli.dll
0x00007ff9d3bf0000 - 0x00007ff9d3c05000 	C:\Program Files\Microsoft\jdk-11.0.18.10-hotspot\bin\VCRUNTIME140.dll
0x00007ff9fed70000 - 0x00007ff9fef0d000 	C:\Windows\System32\USER32.dll
0x00007ff9e13d0000 - 0x00007ff9e166a000 	C:\Windows\WinSxS\amd64_microsoft.windows.common-controls_6595b64144ccf1df_6.0.19041.1110_none_60b5254171f9507e\COMCTL32.dll
0x00007ff9fe020000 - 0x00007ff9fe042000 	C:\Windows\System32\win32u.dll
0x00007ff9ff9a0000 - 0x00007ff9ffa3e000 	C:\Windows\System32\msvcrt.dll
0x00007ff9fed40000 - 0x00007ff9fed6c000 	C:\Windows\System32\GDI32.dll
0x00007ff9fe350000 - 0x00007ff9fe465000 	C:\Windows\System32\gdi32full.dll
0x00007ff9fe470000 - 0x00007ff9fe50d000 	C:\Windows\System32\msvcp_win.dll
0x00007ffa00310000 - 0x00007ffa00340000 	C:\Windows\System32\IMM32.DLL
0x00007ff9b9aa0000 - 0x00007ff9b9b3b000 	C:\Program Files\Microsoft\jdk-11.0.18.10-hotspot\bin\msvcp140.dll
0x00007ff9b67a0000 - 0x00007ff9b7332000 	C:\Program Files\Microsoft\jdk-11.0.18.10-hotspot\bin\server\jvm.dll
0x00007ff9ff850000 - 0x00007ff9ff8ff000 	C:\Windows\System32\ADVAPI32.dll
0x00007ff9ff900000 - 0x00007ff9ff99c000 	C:\Windows\System32\sechost.dll
0x00007ff9ff550000 - 0x00007ff9ff676000 	C:\Windows\System32\RPCRT4.dll
0x00007ff9fe8a0000 - 0x00007ff9fe8a8000 	C:\Windows\System32\PSAPI.DLL
0x00007ff9e5510000 - 0x00007ff9e5519000 	C:\Windows\SYSTEM32\WSOCK32.dll
0x00007ff9f6d20000 - 0x00007ff9f6d2a000 	C:\Windows\SYSTEM32\VERSION.dll
0x00007ff9ef810000 - 0x00007ff9ef837000 	C:\Windows\SYSTEM32\WINMM.dll
0x00007ff9ffa40000 - 0x00007ff9ffaab000 	C:\Windows\System32\WS2_32.dll
0x00007ff9fc580000 - 0x00007ff9fc592000 	C:\Windows\SYSTEM32\kernel.appcore.dll
0x00007ff9e5480000 - 0x00007ff9e5490000 	C:\Program Files\Microsoft\jdk-11.0.18.10-hotspot\bin\verify.dll
0x00007ff9fb9a0000 - 0x00007ff9fbb84000 	C:\Windows\SYSTEM32\DBGHELP.DLL
0x00007ff9ee8a0000 - 0x00007ff9ee8d4000 	C:\Windows\SYSTEM32\dbgcore.DLL
0x00007ff9fdef0000 - 0x00007ff9fdf72000 	C:\Windows\System32\bcryptPrimitives.dll
0x00007ff9d2e70000 - 0x00007ff9d2e98000 	C:\Program Files\Microsoft\jdk-11.0.18.10-hotspot\bin\java.dll
0x00007ff9e1ed0000 - 0x00007ff9e1eda000 	C:\Program Files\Microsoft\jdk-11.0.18.10-hotspot\bin\jimage.dll
0x00007ff9d3bc0000 - 0x00007ff9d3bd8000 	C:\Program Files\Microsoft\jdk-11.0.18.10-hotspot\bin\zip.dll
0x00007ff9ffbc0000 - 0x00007ffa00304000 	C:\Windows\System32\SHELL32.dll
0x00007ff9fbdd0000 - 0x00007ff9fc564000 	C:\Windows\SYSTEM32\windows.storage.dll
0x00007ff9fe9e0000 - 0x00007ff9fed34000 	C:\Windows\System32\combase.dll
0x00007ff9fd610000 - 0x00007ff9fd63e000 	C:\Windows\SYSTEM32\Wldp.dll
0x00007ff9fef30000 - 0x00007ff9fefdd000 	C:\Windows\System32\SHCORE.dll
0x00007ff9fefe0000 - 0x00007ff9ff035000 	C:\Windows\System32\shlwapi.dll
0x00007ff9fdcc0000 - 0x00007ff9fdce5000 	C:\Windows\SYSTEM32\profapi.dll
0x00007ff9d2e50000 - 0x00007ff9d2e69000 	C:\Program Files\Microsoft\jdk-11.0.18.10-hotspot\bin\net.dll
0x00007ff9f5070000 - 0x00007ff9f517a000 	C:\Windows\SYSTEM32\WINHTTP.dll
0x00007ff9fd3f0000 - 0x00007ff9fd45a000 	C:\Windows\system32\mswsock.dll
0x00007ff9d1750000 - 0x00007ff9d1763000 	C:\Program Files\Microsoft\jdk-11.0.18.10-hotspot\bin\nio.dll
0x00007ff9e5bd0000 - 0x00007ff9e5bf7000 	C:\Users\boss3\.gradle\native\68d5fa5c4cc2d200863cafc0d521ce42e7d3e7ee720ec0a83991735586a16f82\windows-amd64\native-platform.dll
0x00007ff9e5a80000 - 0x00007ff9e5bc4000 	C:\Users\boss3\.gradle\native\e376f236ea51e6404a007f0833ffe2c6e607c4080706a723a18a27aeea778392\windows-amd64\native-platform-file-events.dll
0x00007ff9f3700000 - 0x00007ff9f3709000 	C:\Program Files\Microsoft\jdk-11.0.18.10-hotspot\bin\management.dll
0x00007ff9ef7c0000 - 0x00007ff9ef7cb000 	C:\Program Files\Microsoft\jdk-11.0.18.10-hotspot\bin\management_ext.dll
0x00007ff9fd7b0000 - 0x00007ff9fd7c8000 	C:\Windows\SYSTEM32\CRYPTSP.dll
0x00007ff9fcd30000 - 0x00007ff9fcd64000 	C:\Windows\system32\rsaenh.dll
0x00007ff9fdf80000 - 0x00007ff9fdfa7000 	C:\Windows\System32\bcrypt.dll
0x00007ff9fdc40000 - 0x00007ff9fdc6e000 	C:\Windows\SYSTEM32\USERENV.dll
0x00007ff9fd580000 - 0x00007ff9fd58c000 	C:\Windows\SYSTEM32\CRYPTBASE.dll
0x00007ff9fd100000 - 0x00007ff9fd13c000 	C:\Windows\SYSTEM32\IPHLPAPI.DLL
0x00007ff9ff040000 - 0x00007ff9ff048000 	C:\Windows\System32\NSI.dll
0x00007ff9f53e0000 - 0x00007ff9f53f7000 	C:\Windows\SYSTEM32\dhcpcsvc6.DLL
0x00007ff9f6220000 - 0x00007ff9f623d000 	C:\Windows\SYSTEM32\dhcpcsvc.DLL
0x00007ff9fd190000 - 0x00007ff9fd25a000 	C:\Windows\SYSTEM32\DNSAPI.dll

dbghelp: loaded successfully - version: 4.0.5 - missing functions: none
symbol engine: initialized successfully - sym options: 0x614 - pdb path: .;C:\Program Files\Microsoft\jdk-11.0.18.10-hotspot\bin;C:\Windows\SYSTEM32;C:\Windows\WinSxS\amd64_microsoft.windows.common-controls_6595b64144ccf1df_6.0.19041.1110_none_60b5254171f9507e;C:\Program Files\Microsoft\jdk-11.0.18.10-hotspot\bin\server;C:\Users\boss3\.gradle\native\68d5fa5c4cc2d200863cafc0d521ce42e7d3e7ee720ec0a83991735586a16f82\windows-amd64;C:\Users\boss3\.gradle\native\e376f236ea51e6404a007f0833ffe2c6e607c4080706a723a18a27aeea778392\windows-amd64

VM Arguments:
jvm_args: -XX:MaxMetaspaceSize=512m --add-opens=java.base/java.util=ALL-UNNAMED --add-opens=java.base/java.lang=ALL-UNNAMED --add-opens=java.base/java.lang.invoke=ALL-UNNAMED --add-opens=java.prefs/java.util.prefs=ALL-UNNAMED --add-opens=java.base/java.nio.charset=ALL-UNNAMED --add-opens=java.base/java.net=ALL-UNNAMED --add-opens=java.base/java.util.concurrent.atomic=ALL-UNNAMED -Xmx2048m -Dfile.encoding=windows-1252 -Duser.country=IN -Duser.language=en -Duser.variant 
java_command: org.gradle.launcher.daemon.bootstrap.GradleDaemon 8.0.1
java_class_path (initial): C:\Users\boss3\.gradle\wrapper\dists\gradle-8.0.1-all\aro4hu1c3oeioove7l0i4i14o\gradle-8.0.1\lib\gradle-launcher-8.0.1.jar
Launcher Type: SUN_STANDARD

[Global flags]
     intx CICompilerCount                          = 4                                         {product} {ergonomic}
   size_t CompressedClassSpaceSize                 = 528482304                                 {product} {ergonomic}
     uint ConcGCThreads                            = 2                                         {product} {ergonomic}
     uint G1ConcRefinementThreads                  = 8                                         {product} {ergonomic}
   size_t G1HeapRegionSize                         = 1048576                                   {product} {ergonomic}
    uintx GCDrainStackTargetSize                   = 64                                        {product} {ergonomic}
   size_t InitialHeapSize                          = 134217728                                 {product} {ergonomic}
   size_t MarkStackSize                            = 4194304                                   {product} {ergonomic}
   size_t MaxHeapSize                              = 2147483648                                {product} {command line}
   size_t MaxMetaspaceSize                         = 536870912                                 {product} {command line}
   size_t MaxNewSize                               = 1287651328                                {product} {ergonomic}
   size_t MinHeapDeltaBytes                        = 1048576                                   {product} {ergonomic}
    uintx NonNMethodCodeHeapSize                   = 5836300                                {pd product} {ergonomic}
    uintx NonProfiledCodeHeapSize                  = 122910970                              {pd product} {ergonomic}
    uintx ProfiledCodeHeapSize                     = 122910970                              {pd product} {ergonomic}
    uintx ReservedCodeCacheSize                    = 251658240                              {pd product} {ergonomic}
     bool SegmentedCodeCache                       = true                                      {product} {ergonomic}
     bool UseCompressedClassPointers               = true                                 {lp64_product} {ergonomic}
     bool UseCompressedOops                        = true                                 {lp64_product} {ergonomic}
     bool UseG1GC                                  = true                                      {product} {ergonomic}
     bool UseLargePagesIndividualAllocation        = false                                  {pd product} {ergonomic}

Logging:
Log output configuration:
 #0: stdout all=warning uptime,level,tags
 #1: stderr all=off uptime,level,tags

Environment Variables:
JAVA_HOME=C:\Program Files\Microsoft\jdk-11.0.18.10-hotspot\
CLASSPATH=C:\Users\boss3\todo\android\\gradle\wrapper\gradle-wrapper.jar
PATH=C:\Users\boss3\todo\node_modules\.bin;C:\Users\boss3\todo\node_modules\.bin;C:\Users\boss3\node_modules\.bin;C:\Users\node_modules\.bin;C:\node_modules\.bin;C:\Users\boss3\AppData\Roaming\nvm\v16.20.0\node_modules\npm\node_modules\@npmcli\run-script\lib\node-gyp-bin;C:\Program Files\Microsoft\jdk-11.0.18.10-hotspot\bin;C:\Program Files\Common Files\Oracle\Java\javapath;C:\Python311\Scripts\;C:\Python311\;C:\Windows\system32;C:\Windows;C:\Windows\System32\Wbem;C:\Windows\System32\WindowsPowerShell\v1.0\;C:\Windows\System32\OpenSSH\;C:\ProgramData\chocolatey\bin;C:\Program Files\Microsoft VS Code\bin;C:\Program Files\Git\cmd;C:\Program Files\Microsoft SQL Server\130\Tools\Binn\;C:\Program Files\Microsoft SQL Server\Client SDK\ODBC\170\Tools\Binn\;C:\Program Files (x86)\Microsoft SQL Server\160\DTS\Binn\;C:\Program Files\Azure Data Studio\bin;%NVM_HOME%;%NVM_SYMLINK%;C:\Program Files\dotnet\;C:\Program Files\PuTTY\;C:\Program Files (x86)\PuTTY\;C:\Users\boss3\AppData\Local\Microsoft\WindowsApps;C:\Users\boss3\AppData\Roaming\npm;C:\Users\boss3\AppData\Local\Android\Sdk\platform-tools;C:\Program Files\Azure Data Studio\bin;C:\Users\boss3\AppData\Local\Programs\mongosh\;C:\Users\boss3\AppData\Roaming\nvm;C:\Program Files\nodejs;C:\Users\boss3\.dotnet\tools
USERNAME=boss3
LANG=en_US.UTF-8
OS=Windows_NT
PROCESSOR_IDENTIFIER=Intel64 Family 6 Model 142 Stepping 10, GenuineIntel
TMP=C:\Users\boss3\AppData\Local\Temp
TEMP=C:\Users\boss3\AppData\Local\Temp



---------------  S Y S T E M  ---------------

OS: Windows 10 , 64 bit Build 19041 (10.0.19041.3155)
OS uptime: 2 days 16:22 hours
Hyper-V role detected

CPU:total 8 (initial active 8) (4 cores per cpu, 2 threads per core) family 6 model 142 stepping 10 microcode 0xf0, cmov, cx8, fxsr, mmx, sse, sse2, sse3, ssse3, sse4.1, sse4.2, popcnt, avx, avx2, aes, clmul, erms, 3dnowpref, lzcnt, ht, tsc, tscinvbit, bmi1, bmi2, adx, fma

Memory: 4k page, system-wide physical 8094M (969M free)
TotalPageFile size 10142M (AvailPageFile size 3M)
current process WorkingSet (physical memory assigned to process): 483M, peak: 483M
current process commit charge ("private bytes"): 562M, peak: 567M

vm_info: OpenJDK 64-Bit Server VM (11.0.18+10-LTS) for windows-amd64 JRE (11.0.18+10-LTS), built on Jan 18 2023 15:56:47 by "MicrosoftCorporation" with MS VC++ 15.9 (VS2017)

END.
