#
# There is insufficient memory for the Java Runtime Environment to continue.
# Native memory allocation (malloc) failed to allocate 1179376 bytes for Chunk::new
# Possible reasons:
#   The system is out of physical RAM or swap space
#   The process is running with CompressedOops enabled, and the Java Heap may be blocking the growth of the native heap
# Possible solutions:
#   Reduce memory load on the system
#   Increase physical memory or swap space
#   Check if swap backing store is full
#   Decrease Java heap size (-Xmx/-Xms)
#   Decrease number of Java threads
#   Decrease Java thread stack sizes (-Xss)
#   Set larger code cache with -XX:ReservedCodeCacheSize=
#   JVM is running with Unscaled Compressed Oops mode in which the Java heap is
#     placed in the first 4GB address space. The Java Heap base address is the
#     maximum limit for the native heap growth. Please use -XX:HeapBaseMinAddress
#     to set the Java Heap base and to place the Java Heap above 4GB virtual address.
# This output file may be truncated or incomplete.
#
#  Out of Memory Error (./src/hotspot/share/memory/arena.cpp:197), pid=1476, tid=8000
#
# JRE version: OpenJDK Runtime Environment Microsoft-7208460 (11.0.18+10) (build 11.0.18+10-LTS)
# Java VM: OpenJDK 64-Bit Server VM Microsoft-7208460 (11.0.18+10-LTS, mixed mode, tiered, compressed oops, g1 gc, windows-amd64)
# No core dump will be written. Minidumps are not enabled by default on client versions of Windows
#

---------------  S U M M A R Y ------------

Command Line: -XX:MaxMetaspaceSize=512m --add-opens=java.base/java.util=ALL-UNNAMED --add-opens=java.base/java.lang=ALL-UNNAMED --add-opens=java.base/java.lang.invoke=ALL-UNNAMED --add-opens=java.prefs/java.util.prefs=ALL-UNNAMED --add-opens=java.base/java.nio.charset=ALL-UNNAMED --add-opens=java.base/java.net=ALL-UNNAMED --add-opens=java.base/java.util.concurrent.atomic=ALL-UNNAMED -Xmx2048m -Dfile.encoding=windows-1252 -Duser.country=IN -Duser.language=en -Duser.variant org.gradle.launcher.daemon.bootstrap.GradleDaemon 8.0.1

Host: Intel(R) Core(TM) i5-8250U CPU @ 1.60GHz, 8 cores, 7G,  Windows 10 , 64 bit Build 19041 (10.0.19041.3155)
Time: Tue Jul  4 11:03:07 2023 India Standard Time elapsed time: 24.818377 seconds (0d 0h 0m 24s)

---------------  T H R E A D  ---------------

Current thread (0x000001eb57a63000):  JavaThread "C2 CompilerThread1" daemon [_thread_in_native, id=8000, stack(0x0000009e5bf00000,0x0000009e5c000000)]


Current CompileTask:
C2:  24818 9003       4       com.sun.beans.TypeResolver::resolve (37 bytes)

Stack: [0x0000009e5bf00000,0x0000009e5c000000]
Native frames: (J=compiled Java code, j=interpreted, Vv=VM code, C=native code)
V  [jvm.dll+0x62bf8a]
V  [jvm.dll+0x7b8fb9]
V  [jvm.dll+0x7ba6a8]
V  [jvm.dll+0x7bad83]
V  [jvm.dll+0x250248]
V  [jvm.dll+0xc260c]
V  [jvm.dll+0xc2bcc]
V  [jvm.dll+0x2c4e64]
V  [jvm.dll+0x533dcc]
V  [jvm.dll+0x21177b]
V  [jvm.dll+0x20b39a]
V  [jvm.dll+0x2083eb]
V  [jvm.dll+0x18a4b1]
V  [jvm.dll+0x217eec]
V  [jvm.dll+0x21612b]
V  [jvm.dll+0x77bac0]
V  [jvm.dll+0x7749f4]
V  [jvm.dll+0x62adf5]
C  [ucrtbase.dll+0x21bb2]
C  [KERNEL32.DLL+0x17614]
C  [ntdll.dll+0x526b1]


---------------  P R O C E S S  ---------------

Threads class SMR info:
_java_thread_list=0x000001eb5a2c3e30, length=135, elements={
0x000001eb32356800, 0x000001eb51433000, 0x000001eb51421000, 0x000001eb5143e000,
0x000001eb51440000, 0x000001eb51441800, 0x000001eb51446000, 0x000001eb51448800,
0x000001eb5144d000, 0x000001eb51efb000, 0x000001eb53d5f800, 0x000001eb54c73800,
0x000001eb5374b800, 0x000001eb533a5800, 0x000001eb5342b800, 0x000001eb54cd9000,
0x000001eb53565800, 0x000001eb5439c800, 0x000001eb5439d800, 0x000001eb543e4800,
0x000001eb53261800, 0x000001eb5325f800, 0x000001eb53260800, 0x000001eb53262000,
0x000001eb53263000, 0x000001eb53264000, 0x000001eb5325f000, 0x000001eb53265800,
0x000001eb53264800, 0x000001eb52d8a000, 0x000001eb52d8e000, 0x000001eb52d8a800,
0x000001eb52d8d000, 0x000001eb52d8f800, 0x000001eb52d8b800, 0x000001eb52d8c800,
0x000001eb52d94800, 0x000001eb52d93800, 0x000001eb52d97000, 0x000001eb52d95800,
0x000001eb52d96000, 0x000001eb52d93000, 0x000001eb52d91800, 0x000001eb52d98000,
0x000001eb52d92000, 0x000001eb52d98800, 0x000001eb54bd7000, 0x000001eb54bdb000,
0x000001eb54bdd800, 0x000001eb54bd7800, 0x000001eb54bdb800, 0x000001eb54bda000,
0x000001eb54bd8800, 0x000001eb54bdc800, 0x000001eb54bd9800, 0x000001eb55f8a000,
0x000001eb55f8b000, 0x000001eb55f8e000, 0x000001eb55f89000, 0x000001eb55f91800,
0x000001eb55f8d000, 0x000001eb55f8f800, 0x000001eb55f90800, 0x000001eb55f8c800,
0x000001eb55f8f000, 0x000001eb55f8b800, 0x000001eb55f94000, 0x000001eb55f94800,
0x000001eb55f93000, 0x000001eb55f95800, 0x000001eb55f92000, 0x000001eb55f96000,
0x000001eb55f97000, 0x000001eb55f98000, 0x000001eb52abf000, 0x000001eb52ac0800,
0x000001eb52abf800, 0x000001eb52ac7000, 0x000001eb52ac4000, 0x000001eb52ac1800,
0x000001eb52ac2000, 0x000001eb52ac4800, 0x000001eb52ac6000, 0x000001eb52ac8000,
0x000001eb52ac8800, 0x000001eb52ac3000, 0x000001eb52acb000, 0x000001eb52ac5800,
0x000001eb52ac9800, 0x000001eb52acd000, 0x000001eb52aca800, 0x000001eb52acc000,
0x000001eb52acd800, 0x000001eb5a5fe000, 0x000001eb5a5fb800, 0x000001eb5a5fc800,
0x000001eb5a5f8000, 0x000001eb5a5fa800, 0x000001eb5a5fd000, 0x000001eb5a5f9000,
0x000001eb5a5fe800, 0x000001eb5a5ff800, 0x000001eb5a5fa000, 0x000001eb5a601000,
0x000001eb5a600800, 0x000001eb5a605000, 0x000001eb5a607000, 0x000001eb5a603800,
0x000001eb5a602000, 0x000001eb5a603000, 0x000001eb5a606000, 0x000001eb5a604800,
0x000001eb57cc1800, 0x000001eb57cc2000, 0x000001eb57cc3000, 0x000001eb57cbf800,
0x000001eb57cbf000, 0x000001eb57cbd000, 0x000001eb57cbe000, 0x000001eb57cc4800,
0x000001eb57cc5800, 0x000001eb57cc3800, 0x000001eb57cc6000, 0x000001eb57cc0800,
0x000001eb57cc7000, 0x000001eb57cc9800, 0x000001eb57ccb000, 0x000001eb57ccc000,
0x000001eb57cc8000, 0x000001eb57cca000, 0x000001eb57cc8800, 0x000001eb549f7000,
0x000001eb549f7800, 0x000001eb57a63000, 0x000001eb57a65800
}

Java Threads: ( => current thread )
  0x000001eb32356800 JavaThread "main" [_thread_blocked, id=14056, stack(0x0000009e59000000,0x0000009e59100000)]
  0x000001eb51433000 JavaThread "Reference Handler" daemon [_thread_blocked, id=9912, stack(0x0000009e59700000,0x0000009e59800000)]
  0x000001eb51421000 JavaThread "Finalizer" daemon [_thread_blocked, id=1332, stack(0x0000009e59800000,0x0000009e59900000)]
  0x000001eb5143e000 JavaThread "Signal Dispatcher" daemon [_thread_blocked, id=19092, stack(0x0000009e59900000,0x0000009e59a00000)]
  0x000001eb51440000 JavaThread "Attach Listener" daemon [_thread_blocked, id=15824, stack(0x0000009e59a00000,0x0000009e59b00000)]
  0x000001eb51441800 JavaThread "Service Thread" daemon [_thread_blocked, id=14668, stack(0x0000009e59b00000,0x0000009e59c00000)]
  0x000001eb51446000 JavaThread "C2 CompilerThread0" daemon [_thread_in_native, id=7520, stack(0x0000009e59c00000,0x0000009e59d00000)]
  0x000001eb51448800 JavaThread "C1 CompilerThread0" daemon [_thread_blocked, id=7868, stack(0x0000009e59d00000,0x0000009e59e00000)]
  0x000001eb5144d000 JavaThread "Sweeper thread" daemon [_thread_blocked, id=7792, stack(0x0000009e59e00000,0x0000009e59f00000)]
  0x000001eb51efb000 JavaThread "Common-Cleaner" daemon [_thread_blocked, id=17952, stack(0x0000009e59f00000,0x0000009e5a000000)]
  0x000001eb53d5f800 JavaThread "Daemon health stats" [_thread_blocked, id=6628, stack(0x0000009e5a400000,0x0000009e5a500000)]
  0x000001eb54c73800 JavaThread "Incoming local TCP Connector on port 58415" [_thread_in_native, id=9308, stack(0x0000009e5a300000,0x0000009e5a400000)]
  0x000001eb5374b800 JavaThread "Daemon periodic checks" [_thread_blocked, id=17392, stack(0x0000009e5a500000,0x0000009e5a600000)]
  0x000001eb533a5800 JavaThread "Daemon" [_thread_blocked, id=18620, stack(0x0000009e5a600000,0x0000009e5a700000)]
  0x000001eb5342b800 JavaThread "Handler for socket connection from /127.0.0.1:58415 to /127.0.0.1:58416" [_thread_in_native, id=13592, stack(0x0000009e5a700000,0x0000009e5a800000)]
  0x000001eb54cd9000 JavaThread "Cancel handler" [_thread_blocked, id=17060, stack(0x0000009e5a800000,0x0000009e5a900000)]
  0x000001eb53565800 JavaThread "Daemon worker" [_thread_in_native, id=11972, stack(0x0000009e5a900000,0x0000009e5aa00000)]
  0x000001eb5439c800 JavaThread "Asynchronous log dispatcher for DefaultDaemonConnection: socket connection from /127.0.0.1:58415 to /127.0.0.1:58416" [_thread_blocked, id=19436, stack(0x0000009e5aa00000,0x0000009e5ab00000)]
  0x000001eb5439d800 JavaThread "Stdin handler" [_thread_blocked, id=16412, stack(0x0000009e5ab00000,0x0000009e5ac00000)]
  0x000001eb543e4800 JavaThread "Daemon client event forwarder" [_thread_blocked, id=19596, stack(0x0000009e5ac00000,0x0000009e5ad00000)]
  0x000001eb53261800 JavaThread "Cache worker for journal cache (C:\Users\boss3\.gradle\caches\journal-1)" [_thread_blocked, id=17020, stack(0x0000009e5b200000,0x0000009e5b300000)]
  0x000001eb5325f800 JavaThread "File lock request listener" [_thread_in_native, id=6772, stack(0x0000009e5b300000,0x0000009e5b400000)]
  0x000001eb53260800 JavaThread "Cache worker for file hash cache (C:\Users\boss3\.gradle\caches\8.0.1\fileHashes)" [_thread_blocked, id=10128, stack(0x0000009e5b500000,0x0000009e5b600000)]
  0x000001eb53262000 JavaThread "File watcher server" daemon [_thread_in_native, id=2304, stack(0x0000009e5b800000,0x0000009e5b900000)]
  0x000001eb53263000 JavaThread "File watcher consumer" daemon [_thread_blocked, id=2696, stack(0x0000009e5b900000,0x0000009e5ba00000)]
  0x000001eb53264000 JavaThread "Cache worker for checksums cache (C:\Users\boss3\todo\android\.gradle\8.0.1\checksums)" [_thread_blocked, id=5760, stack(0x0000009e5b700000,0x0000009e5b800000)]
  0x000001eb5325f000 JavaThread "Cache worker for cache directory md-rule (C:\Users\boss3\.gradle\caches\8.0.1\md-rule)" [_thread_blocked, id=7960, stack(0x0000009e5ba00000,0x0000009e5bb00000)]
  0x000001eb53265800 JavaThread "Cache worker for file content cache (C:\Users\boss3\.gradle\caches\8.0.1\fileContent)" [_thread_blocked, id=3732, stack(0x0000009e5bb00000,0x0000009e5bc00000)]
  0x000001eb53264800 JavaThread "Cache worker for file hash cache (C:\Users\boss3\todo\android\.gradle\8.0.1\fileHashes)" [_thread_blocked, id=10168, stack(0x0000009e5bc00000,0x0000009e5bd00000)]
  0x000001eb52d8a000 JavaThread "Cache worker for cache directory md-supplier (C:\Users\boss3\.gradle\caches\8.0.1\md-supplier)" [_thread_blocked, id=888, stack(0x0000009e5bd00000,0x0000009e5be00000)]
  0x000001eb52d8e000 JavaThread "Cache worker for execution history cache (C:\Users\boss3\.gradle\caches\8.0.1\executionHistory)" [_thread_blocked, id=10456, stack(0x0000009e5be00000,0x0000009e5bf00000)]
  0x000001eb52d8a800 JavaThread "jar transforms" [_thread_blocked, id=956, stack(0x0000009e5c000000,0x0000009e5c100000)]
  0x000001eb52d8d000 JavaThread "jar transforms Thread 2" [_thread_blocked, id=2408, stack(0x0000009e5c100000,0x0000009e5c200000)]
  0x000001eb52d8f800 JavaThread "jar transforms Thread 3" [_thread_blocked, id=76, stack(0x0000009e5c200000,0x0000009e5c300000)]
  0x000001eb52d8b800 JavaThread "jar transforms Thread 4" [_thread_blocked, id=2396, stack(0x0000009e5c300000,0x0000009e5c400000)]
  0x000001eb52d8c800 JavaThread "Cache worker for kotlin-dsl (C:\Users\boss3\.gradle\caches\8.0.1\kotlin-dsl)" [_thread_blocked, id=17900, stack(0x0000009e5c400000,0x0000009e5c500000)]
  0x000001eb52d94800 JavaThread "jar transforms Thread 5" [_thread_blocked, id=17008, stack(0x0000009e5c500000,0x0000009e5c600000)]
  0x000001eb52d93800 JavaThread "jar transforms Thread 6" [_thread_blocked, id=12052, stack(0x0000009e5c600000,0x0000009e5c700000)]
  0x000001eb52d97000 JavaThread "Cache worker for dependencies-accessors (C:\Users\boss3\todo\android\.gradle\8.0.1\dependencies-accessors)" [_thread_blocked, id=8008, stack(0x0000009e5c700000,0x0000009e5c800000)]
  0x000001eb52d95800 JavaThread "Cache worker for Build Output Cleanup Cache (C:\Users\boss3\todo\node_modules\@react-native\gradle-plugin\.gradle\buildOutputCleanup)" [_thread_blocked, id=13076, stack(0x0000009e5c800000,0x0000009e5c900000)]
  0x000001eb52d96000 JavaThread "jar transforms Thread 7" [_thread_blocked, id=8940, stack(0x0000009e5b600000,0x0000009e5b700000)]
  0x000001eb52d93000 JavaThread "Unconstrained build operations" [_thread_blocked, id=7440, stack(0x0000009e5c900000,0x0000009e5ca00000)]
  0x000001eb52d91800 JavaThread "Unconstrained build operations Thread 2" [_thread_blocked, id=300, stack(0x0000009e5ca00000,0x0000009e5cb00000)]
  0x000001eb52d98000 JavaThread "Unconstrained build operations Thread 3" [_thread_blocked, id=18744, stack(0x0000009e5cb00000,0x0000009e5cc00000)]
  0x000001eb52d92000 JavaThread "Unconstrained build operations Thread 4" [_thread_blocked, id=19084, stack(0x0000009e5cc00000,0x0000009e5cd00000)]
  0x000001eb52d98800 JavaThread "Unconstrained build operations Thread 5" [_thread_blocked, id=12544, stack(0x0000009e5cd00000,0x0000009e5ce00000)]
  0x000001eb54bd7000 JavaThread "Unconstrained build operations Thread 6" [_thread_blocked, id=14624, stack(0x0000009e5ce00000,0x0000009e5cf00000)]
  0x000001eb54bdb000 JavaThread "Unconstrained build operations Thread 7" [_thread_blocked, id=8920, stack(0x0000009e5cf00000,0x0000009e5d000000)]
  0x000001eb54bdd800 JavaThread "Unconstrained build operations Thread 8" [_thread_blocked, id=8744, stack(0x0000009e5d000000,0x0000009e5d100000)]
  0x000001eb54bd7800 JavaThread "Unconstrained build operations Thread 9" [_thread_blocked, id=12684, stack(0x0000009e5d100000,0x0000009e5d200000)]
  0x000001eb54bdb800 JavaThread "Unconstrained build operations Thread 10" [_thread_blocked, id=9184, stack(0x0000009e5d200000,0x0000009e5d300000)]
  0x000001eb54bda000 JavaThread "Unconstrained build operations Thread 11" [_thread_blocked, id=19072, stack(0x0000009e5d300000,0x0000009e5d400000)]
  0x000001eb54bd8800 JavaThread "Unconstrained build operations Thread 12" [_thread_blocked, id=8216, stack(0x0000009e5d400000,0x0000009e5d500000)]
  0x000001eb54bdc800 JavaThread "Unconstrained build operations Thread 13" [_thread_blocked, id=14912, stack(0x0000009e5d500000,0x0000009e5d600000)]
  0x000001eb54bd9800 JavaThread "Unconstrained build operations Thread 14" [_thread_blocked, id=2436, stack(0x0000009e5d600000,0x0000009e5d700000)]
  0x000001eb55f8a000 JavaThread "Unconstrained build operations Thread 15" [_thread_blocked, id=9928, stack(0x0000009e5d700000,0x0000009e5d800000)]
  0x000001eb55f8b000 JavaThread "Unconstrained build operations Thread 16" [_thread_blocked, id=5040, stack(0x0000009e5d800000,0x0000009e5d900000)]
  0x000001eb55f8e000 JavaThread "Unconstrained build operations Thread 17" [_thread_blocked, id=1028, stack(0x0000009e5d900000,0x0000009e5da00000)]
  0x000001eb55f89000 JavaThread "Unconstrained build operations Thread 18" [_thread_blocked, id=15160, stack(0x0000009e5da00000,0x0000009e5db00000)]
  0x000001eb55f91800 JavaThread "Unconstrained build operations Thread 19" [_thread_blocked, id=18340, stack(0x0000009e5db00000,0x0000009e5dc00000)]
  0x000001eb55f8d000 JavaThread "Unconstrained build operations Thread 20" [_thread_blocked, id=18264, stack(0x0000009e5dc00000,0x0000009e5dd00000)]
  0x000001eb55f8f800 JavaThread "Unconstrained build operations Thread 21" [_thread_blocked, id=4424, stack(0x0000009e5dd00000,0x0000009e5de00000)]
  0x000001eb55f90800 JavaThread "Unconstrained build operations Thread 22" [_thread_blocked, id=13480, stack(0x0000009e5de00000,0x0000009e5df00000)]
  0x000001eb55f8c800 JavaThread "Unconstrained build operations Thread 23" [_thread_blocked, id=11200, stack(0x0000009e5df00000,0x0000009e5e000000)]
  0x000001eb55f8f000 JavaThread "Unconstrained build operations Thread 24" [_thread_blocked, id=16664, stack(0x0000009e5e000000,0x0000009e5e100000)]
  0x000001eb55f8b800 JavaThread "Unconstrained build operations Thread 25" [_thread_blocked, id=4456, stack(0x0000009e5e100000,0x0000009e5e200000)]
  0x000001eb55f94000 JavaThread "Unconstrained build operations Thread 26" [_thread_blocked, id=4200, stack(0x0000009e5e200000,0x0000009e5e300000)]
  0x000001eb55f94800 JavaThread "jar transforms Thread 8" [_thread_blocked, id=6292, stack(0x0000009e5e300000,0x0000009e5e400000)]
  0x000001eb55f93000 JavaThread "Memory manager" [_thread_blocked, id=19520, stack(0x0000009e5e400000,0x0000009e5e500000)]
  0x000001eb55f95800 JavaThread "Cache worker for Build Output Cleanup Cache (C:\Users\boss3\todo\android\.gradle\buildOutputCleanup)" [_thread_blocked, id=14112, stack(0x0000009e5e500000,0x0000009e5e600000)]
  0x000001eb55f92000 JavaThread "included builds" [_thread_blocked, id=14692, stack(0x0000009e5e700000,0x0000009e5e800000)]
  0x000001eb55f96000 JavaThread "Execution worker" [_thread_blocked, id=9868, stack(0x0000009e5e800000,0x0000009e5e900000)]
  0x000001eb55f97000 JavaThread "Execution worker Thread 2" [_thread_blocked, id=2772, stack(0x0000009e5e900000,0x0000009e5ea00000)]
  0x000001eb55f98000 JavaThread "Execution worker Thread 3" [_thread_blocked, id=6676, stack(0x0000009e5ea00000,0x0000009e5eb00000)]
  0x000001eb52abf000 JavaThread "Execution worker Thread 4" [_thread_blocked, id=468, stack(0x0000009e5eb00000,0x0000009e5ec00000)]
  0x000001eb52ac0800 JavaThread "Execution worker Thread 5" [_thread_blocked, id=7032, stack(0x0000009e5ec00000,0x0000009e5ed00000)]
  0x000001eb52abf800 JavaThread "Execution worker Thread 6" [_thread_blocked, id=3568, stack(0x0000009e5ed00000,0x0000009e5ee00000)]
  0x000001eb52ac7000 JavaThread "Execution worker Thread 7" [_thread_blocked, id=13728, stack(0x0000009e5ee00000,0x0000009e5ef00000)]
  0x000001eb52ac4000 JavaThread "Cache worker for execution history cache (C:\Users\boss3\todo\node_modules\@react-native\gradle-plugin\.gradle\8.0.1\executionHistory)" [_thread_blocked, id=17640, stack(0x0000009e5ef00000,0x0000009e5f000000)]
  0x000001eb52ac1800 JavaThread "Unconstrained build operations Thread 27" [_thread_blocked, id=3476, stack(0x0000009e5e600000,0x0000009e5e700000)]
  0x000001eb52ac2000 JavaThread "Unconstrained build operations Thread 28" [_thread_blocked, id=12156, stack(0x0000009e5f000000,0x0000009e5f100000)]
  0x000001eb52ac4800 JavaThread "Unconstrained build operations Thread 29" [_thread_blocked, id=18120, stack(0x0000009e5f100000,0x0000009e5f200000)]
  0x000001eb52ac6000 JavaThread "Unconstrained build operations Thread 30" [_thread_blocked, id=13412, stack(0x0000009e5f200000,0x0000009e5f300000)]
  0x000001eb52ac8000 JavaThread "Unconstrained build operations Thread 31" [_thread_blocked, id=20428, stack(0x0000009e5f300000,0x0000009e5f400000)]
  0x000001eb52ac8800 JavaThread "Unconstrained build operations Thread 32" [_thread_blocked, id=17448, stack(0x0000009e5f400000,0x0000009e5f500000)]
  0x000001eb52ac3000 JavaThread "Unconstrained build operations Thread 33" [_thread_blocked, id=7804, stack(0x0000009e5f500000,0x0000009e5f600000)]
  0x000001eb52acb000 JavaThread "Unconstrained build operations Thread 34" [_thread_blocked, id=16972, stack(0x0000009e5f600000,0x0000009e5f700000)]
  0x000001eb52ac5800 JavaThread "Unconstrained build operations Thread 35" [_thread_blocked, id=1668, stack(0x0000009e5f700000,0x0000009e5f800000)]
  0x000001eb52ac9800 JavaThread "Unconstrained build operations Thread 36" [_thread_blocked, id=5880, stack(0x0000009e5f800000,0x0000009e5f900000)]
  0x000001eb52acd000 JavaThread "Unconstrained build operations Thread 37" [_thread_blocked, id=19756, stack(0x0000009e5f900000,0x0000009e5fa00000)]
  0x000001eb52aca800 JavaThread "Unconstrained build operations Thread 38" [_thread_blocked, id=7720, stack(0x0000009e5fa00000,0x0000009e5fb00000)]
  0x000001eb52acc000 JavaThread "Unconstrained build operations Thread 39" [_thread_blocked, id=7500, stack(0x0000009e5fb00000,0x0000009e5fc00000)]
  0x000001eb52acd800 JavaThread "Unconstrained build operations Thread 40" [_thread_blocked, id=10928, stack(0x0000009e5fc00000,0x0000009e5fd00000)]
  0x000001eb5a5fe000 JavaThread "Unconstrained build operations Thread 41" [_thread_blocked, id=6820, stack(0x0000009e5fd00000,0x0000009e5fe00000)]
  0x000001eb5a5fb800 JavaThread "Unconstrained build operations Thread 42" [_thread_blocked, id=15932, stack(0x0000009e5fe00000,0x0000009e5ff00000)]
  0x000001eb5a5fc800 JavaThread "Unconstrained build operations Thread 43" [_thread_blocked, id=10836, stack(0x0000009e5ff00000,0x0000009e60000000)]
  0x000001eb5a5f8000 JavaThread "Unconstrained build operations Thread 44" [_thread_blocked, id=19248, stack(0x0000009e60000000,0x0000009e60100000)]
  0x000001eb5a5fa800 JavaThread "Unconstrained build operations Thread 45" [_thread_blocked, id=11084, stack(0x0000009e60100000,0x0000009e60200000)]
  0x000001eb5a5fd000 JavaThread "Unconstrained build operations Thread 46" [_thread_blocked, id=768, stack(0x0000009e60200000,0x0000009e60300000)]
  0x000001eb5a5f9000 JavaThread "Unconstrained build operations Thread 47" [_thread_blocked, id=7404, stack(0x0000009e60300000,0x0000009e60400000)]
  0x000001eb5a5fe800 JavaThread "Unconstrained build operations Thread 48" [_thread_blocked, id=10236, stack(0x0000009e60400000,0x0000009e60500000)]
  0x000001eb5a5ff800 JavaThread "Unconstrained build operations Thread 49" [_thread_blocked, id=19008, stack(0x0000009e60500000,0x0000009e60600000)]
  0x000001eb5a5fa000 JavaThread "Unconstrained build operations Thread 50" [_thread_blocked, id=10064, stack(0x0000009e60600000,0x0000009e60700000)]
  0x000001eb5a601000 JavaThread "Unconstrained build operations Thread 51" [_thread_blocked, id=9156, stack(0x0000009e60700000,0x0000009e60800000)]
  0x000001eb5a600800 JavaThread "Unconstrained build operations Thread 52" [_thread_blocked, id=9960, stack(0x0000009e60900000,0x0000009e60a00000)]
  0x000001eb5a605000 JavaThread "Unconstrained build operations Thread 53" [_thread_blocked, id=6968, stack(0x0000009e60a00000,0x0000009e60b00000)]
  0x000001eb5a607000 JavaThread "Unconstrained build operations Thread 54" [_thread_blocked, id=10428, stack(0x0000009e60b00000,0x0000009e60c00000)]
  0x000001eb5a603800 JavaThread "Unconstrained build operations Thread 55" [_thread_blocked, id=3852, stack(0x0000009e60c00000,0x0000009e60d00000)]
  0x000001eb5a602000 JavaThread "Unconstrained build operations Thread 56" [_thread_blocked, id=7000, stack(0x0000009e60d00000,0x0000009e60e00000)]
  0x000001eb5a603000 JavaThread "Unconstrained build operations Thread 57" [_thread_blocked, id=12452, stack(0x0000009e60e00000,0x0000009e60f00000)]
  0x000001eb5a606000 JavaThread "Unconstrained build operations Thread 58" [_thread_blocked, id=19656, stack(0x0000009e60f00000,0x0000009e61000000)]
  0x000001eb5a604800 JavaThread "Unconstrained build operations Thread 59" [_thread_blocked, id=16688, stack(0x0000009e61000000,0x0000009e61100000)]
  0x000001eb57cc1800 JavaThread "Unconstrained build operations Thread 60" [_thread_blocked, id=20116, stack(0x0000009e61100000,0x0000009e61200000)]
  0x000001eb57cc2000 JavaThread "Unconstrained build operations Thread 61" [_thread_blocked, id=17800, stack(0x0000009e61200000,0x0000009e61300000)]
  0x000001eb57cc3000 JavaThread "Unconstrained build operations Thread 62" [_thread_blocked, id=18912, stack(0x0000009e61300000,0x0000009e61400000)]
  0x000001eb57cbf800 JavaThread "Unconstrained build operations Thread 63" [_thread_blocked, id=3296, stack(0x0000009e61400000,0x0000009e61500000)]
  0x000001eb57cbf000 JavaThread "Unconstrained build operations Thread 64" [_thread_blocked, id=8652, stack(0x0000009e61500000,0x0000009e61600000)]
  0x000001eb57cbd000 JavaThread "Unconstrained build operations Thread 65" [_thread_blocked, id=15620, stack(0x0000009e61600000,0x0000009e61700000)]
  0x000001eb57cbe000 JavaThread "Unconstrained build operations Thread 66" [_thread_blocked, id=11204, stack(0x0000009e61700000,0x0000009e61800000)]
  0x000001eb57cc4800 JavaThread "Unconstrained build operations Thread 67" [_thread_blocked, id=19868, stack(0x0000009e61800000,0x0000009e61900000)]
  0x000001eb57cc5800 JavaThread "Unconstrained build operations Thread 68" [_thread_blocked, id=20080, stack(0x0000009e61900000,0x0000009e61a00000)]
  0x000001eb57cc3800 JavaThread "Unconstrained build operations Thread 69" [_thread_blocked, id=9072, stack(0x0000009e61a00000,0x0000009e61b00000)]
  0x000001eb57cc6000 JavaThread "Unconstrained build operations Thread 70" [_thread_blocked, id=7608, stack(0x0000009e61b00000,0x0000009e61c00000)]
  0x000001eb57cc0800 JavaThread "Unconstrained build operations Thread 71" [_thread_blocked, id=4944, stack(0x0000009e61c00000,0x0000009e61d00000)]
  0x000001eb57cc7000 JavaThread "Unconstrained build operations Thread 72" [_thread_blocked, id=14788, stack(0x0000009e61d00000,0x0000009e61e00000)]
  0x000001eb57cc9800 JavaThread "Unconstrained build operations Thread 73" [_thread_blocked, id=13976, stack(0x0000009e61e00000,0x0000009e61f00000)]
  0x000001eb57ccb000 JavaThread "Unconstrained build operations Thread 74" [_thread_blocked, id=20152, stack(0x0000009e61f00000,0x0000009e62000000)]
  0x000001eb57ccc000 JavaThread "Unconstrained build operations Thread 75" [_thread_blocked, id=13388, stack(0x0000009e62000000,0x0000009e62100000)]
  0x000001eb57cc8000 JavaThread "Unconstrained build operations Thread 76" [_thread_blocked, id=20420, stack(0x0000009e62100000,0x0000009e62200000)]
  0x000001eb57cca000 JavaThread "Unconstrained build operations Thread 77" [_thread_blocked, id=16064, stack(0x0000009e62200000,0x0000009e62300000)]
  0x000001eb57cc8800 JavaThread "Unconstrained build operations Thread 78" [_thread_blocked, id=7452, stack(0x0000009e62300000,0x0000009e62400000)]
  0x000001eb549f7000 JavaThread "Unconstrained build operations Thread 79" [_thread_blocked, id=5812, stack(0x0000009e62400000,0x0000009e62500000)]
  0x000001eb549f7800 JavaThread "Unconstrained build operations Thread 80" [_thread_blocked, id=2480, stack(0x0000009e62500000,0x0000009e62600000)]
=>0x000001eb57a63000 JavaThread "C2 CompilerThread1" daemon [_thread_in_native, id=8000, stack(0x0000009e5bf00000,0x0000009e5c000000)]
  0x000001eb57a65800 JavaThread "C2 CompilerThread2" daemon [_thread_in_native, id=19412, stack(0x0000009e60800000,0x0000009e60900000)]

Other Threads:
  0x000001eb5141e800 VMThread "VM Thread" [stack: 0x0000009e59600000,0x0000009e59700000] [id=4824]
  0x000001eb51f02000 WatcherThread [stack: 0x0000009e5a000000,0x0000009e5a100000] [id=5572]
  0x000001eb32371000 GCTaskThread "GC Thread#0" [stack: 0x0000009e59100000,0x0000009e59200000] [id=472]
  0x000001eb526bd800 GCTaskThread "GC Thread#1" [stack: 0x0000009e5a100000,0x0000009e5a200000] [id=11820]
  0x000001eb521e8800 GCTaskThread "GC Thread#2" [stack: 0x0000009e5a200000,0x0000009e5a300000] [id=12232]
  0x000001eb53e9c000 GCTaskThread "GC Thread#3" [stack: 0x0000009e5ad00000,0x0000009e5ae00000] [id=5688]
  0x000001eb54cc2000 GCTaskThread "GC Thread#4" [stack: 0x0000009e5ae00000,0x0000009e5af00000] [id=2764]
  0x000001eb53fb5000 GCTaskThread "GC Thread#5" [stack: 0x0000009e5af00000,0x0000009e5b000000] [id=11284]
  0x000001eb52d7f000 GCTaskThread "GC Thread#6" [stack: 0x0000009e5b000000,0x0000009e5b100000] [id=17440]
  0x000001eb543e5800 GCTaskThread "GC Thread#7" [stack: 0x0000009e5b100000,0x0000009e5b200000] [id=14296]
  0x000001eb323a5000 ConcurrentGCThread "G1 Main Marker" [stack: 0x0000009e59200000,0x0000009e59300000] [id=16032]
  0x000001eb323a7000 ConcurrentGCThread "G1 Conc#0" [stack: 0x0000009e59300000,0x0000009e59400000] [id=20244]
  0x000001eb53ecd800 ConcurrentGCThread "G1 Conc#1" [stack: 0x0000009e5b400000,0x0000009e5b500000] [id=17212]
  0x000001eb51290800 ConcurrentGCThread "G1 Refine#0" [stack: 0x0000009e59400000,0x0000009e59500000] [id=7448]
  0x000001eb51291000 ConcurrentGCThread "G1 Young RemSet Sampling" [stack: 0x0000009e59500000,0x0000009e59600000] [id=13344]

Threads with active compile tasks:
C2 CompilerThread0    25079 9074       4       org.gradle.internal.logging.text.AbstractLineChoppingStyledTextOutput::doAppend (43 bytes)
C2 CompilerThread1    25080 9003       4       com.sun.beans.TypeResolver::resolve (37 bytes)
C2 CompilerThread2    25080 8940   !   4       com.sun.beans.TypeResolver::resolve (261 bytes)

VM state:not at safepoint (normal execution)

VM Mutex/Monitor currently owned by a thread: None

Heap address: 0x0000000080000000, size: 2048 MB, Compressed Oops mode: 32-bit
Narrow klass base: 0x0000000000000000, Narrow klass shift: 3
Compressed class space size: 528482304 Address: 0x0000000100000000

Heap:
 garbage-first heap   total 131072K, used 89323K [0x0000000080000000, 0x0000000100000000)
  region size 1024K, 17 young (17408K), 4 survivors (4096K)
 Metaspace       used 84976K, capacity 87518K, committed 87688K, reserved 591872K
  class space    used 11017K, capacity 12052K, committed 12160K, reserved 516096K
Heap Regions: E=young(eden), S=young(survivor), O=old, HS=humongous(starts), HC=humongous(continues), CS=collection set, F=free, A=archive, TAMS=top-at-mark-start (previous, next)
|   0|0x0000000080000000, 0x0000000080100000, 0x0000000080100000|100%|HS|  |TAMS 0x0000000080100000, 0x0000000080000000| Complete 
|   1|0x0000000080100000, 0x0000000080200000, 0x0000000080200000|100%|HC|  |TAMS 0x0000000080200000, 0x0000000080100000| Complete 
|   2|0x0000000080200000, 0x0000000080300000, 0x0000000080300000|100%|HC|  |TAMS 0x0000000080300000, 0x0000000080200000| Complete 
|   3|0x0000000080300000, 0x0000000080400000, 0x0000000080400000|100%|HC|  |TAMS 0x0000000080400000, 0x0000000080300000| Complete 
|   4|0x0000000080400000, 0x0000000080500000, 0x0000000080500000|100%| O|  |TAMS 0x0000000080500000, 0x0000000080400000| Untracked 
|   5|0x0000000080500000, 0x0000000080600000, 0x0000000080600000|100%| O|  |TAMS 0x0000000080600000, 0x0000000080500000| Untracked 
|   6|0x0000000080600000, 0x0000000080700000, 0x0000000080700000|100%| O|  |TAMS 0x0000000080700000, 0x0000000080600000| Untracked 
|   7|0x0000000080700000, 0x0000000080800000, 0x0000000080800000|100%| O|  |TAMS 0x0000000080800000, 0x0000000080700000| Untracked 
|   8|0x0000000080800000, 0x0000000080900000, 0x0000000080900000|100%| O|  |TAMS 0x0000000080900000, 0x0000000080800000| Untracked 
|   9|0x0000000080900000, 0x0000000080a00000, 0x0000000080a00000|100%| O|  |TAMS 0x0000000080a00000, 0x0000000080900000| Untracked 
|  10|0x0000000080a00000, 0x0000000080b00000, 0x0000000080b00000|100%| O|  |TAMS 0x0000000080b00000, 0x0000000080a00000| Untracked 
|  11|0x0000000080b00000, 0x0000000080c00000, 0x0000000080c00000|100%| O|  |TAMS 0x0000000080c00000, 0x0000000080b00000| Untracked 
|  12|0x0000000080c00000, 0x0000000080d00000, 0x0000000080d00000|100%| O|  |TAMS 0x0000000080d00000, 0x0000000080c00000| Untracked 
|  13|0x0000000080d00000, 0x0000000080e00000, 0x0000000080e00000|100%| O|  |TAMS 0x0000000080e00000, 0x0000000080d00000| Untracked 
|  14|0x0000000080e00000, 0x0000000080f00000, 0x0000000080f00000|100%| O|  |TAMS 0x0000000080f00000, 0x0000000080e00000| Untracked 
|  15|0x0000000080f00000, 0x0000000081000000, 0x0000000081000000|100%| O|  |TAMS 0x0000000081000000, 0x0000000080f00000| Untracked 
|  16|0x0000000081000000, 0x0000000081100000, 0x0000000081100000|100%| O|  |TAMS 0x0000000081100000, 0x0000000081000000| Untracked 
|  17|0x0000000081100000, 0x0000000081200000, 0x0000000081200000|100%| O|  |TAMS 0x0000000081200000, 0x0000000081100000| Untracked 
|  18|0x0000000081200000, 0x0000000081300000, 0x0000000081300000|100%| O|  |TAMS 0x0000000081300000, 0x0000000081200000| Untracked 
|  19|0x0000000081300000, 0x0000000081400000, 0x0000000081400000|100%| O|  |TAMS 0x0000000081400000, 0x0000000081300000| Untracked 
|  20|0x0000000081400000, 0x0000000081500000, 0x0000000081500000|100%| O|  |TAMS 0x0000000081500000, 0x0000000081400000| Untracked 
|  21|0x0000000081500000, 0x0000000081600000, 0x0000000081600000|100%| O|  |TAMS 0x0000000081600000, 0x0000000081500000| Untracked 
|  22|0x0000000081600000, 0x0000000081700000, 0x0000000081700000|100%| O|  |TAMS 0x0000000081700000, 0x0000000081600000| Untracked 
|  23|0x0000000081700000, 0x0000000081800000, 0x0000000081800000|100%| O|  |TAMS 0x0000000081800000, 0x0000000081700000| Untracked 
|  24|0x0000000081800000, 0x0000000081900000, 0x0000000081900000|100%| O|  |TAMS 0x0000000081900000, 0x0000000081800000| Untracked 
|  25|0x0000000081900000, 0x0000000081a00000, 0x0000000081a00000|100%| O|  |TAMS 0x0000000081a00000, 0x0000000081900000| Untracked 
|  26|0x0000000081a00000, 0x0000000081b00000, 0x0000000081b00000|100%| O|  |TAMS 0x0000000081b00000, 0x0000000081a00000| Untracked 
|  27|0x0000000081b00000, 0x0000000081c00000, 0x0000000081c00000|100%| O|  |TAMS 0x0000000081c00000, 0x0000000081b00000| Untracked 
|  28|0x0000000081c00000, 0x0000000081d00000, 0x0000000081d00000|100%| O|  |TAMS 0x0000000081d00000, 0x0000000081c00000| Untracked 
|  29|0x0000000081d00000, 0x0000000081e00000, 0x0000000081e00000|100%|HS|  |TAMS 0x0000000081e00000, 0x0000000081d00000| Complete 
|  30|0x0000000081e00000, 0x0000000081f00000, 0x0000000081f00000|100%|HC|  |TAMS 0x0000000081f00000, 0x0000000081e00000| Complete 
|  31|0x0000000081f00000, 0x0000000082000000, 0x0000000082000000|100%| O|  |TAMS 0x0000000082000000, 0x0000000081f00000| Untracked 
|  32|0x0000000082000000, 0x0000000082100000, 0x0000000082100000|100%| O|  |TAMS 0x0000000082100000, 0x0000000082000000| Untracked 
|  33|0x0000000082100000, 0x0000000082200000, 0x0000000082200000|100%| O|  |TAMS 0x0000000082200000, 0x0000000082100000| Untracked 
|  34|0x0000000082200000, 0x0000000082300000, 0x0000000082300000|100%|HS|  |TAMS 0x0000000082300000, 0x0000000082200000| Complete 
|  35|0x0000000082300000, 0x0000000082400000, 0x0000000082400000|100%|HC|  |TAMS 0x0000000082400000, 0x0000000082300000| Complete 
|  36|0x0000000082400000, 0x0000000082500000, 0x0000000082500000|100%|HC|  |TAMS 0x0000000082500000, 0x0000000082400000| Complete 
|  37|0x0000000082500000, 0x0000000082600000, 0x0000000082600000|100%|HC|  |TAMS 0x0000000082600000, 0x0000000082500000| Complete 
|  38|0x0000000082600000, 0x0000000082700000, 0x0000000082700000|100%| O|  |TAMS 0x0000000082700000, 0x0000000082600000| Untracked 
|  39|0x0000000082700000, 0x0000000082800000, 0x0000000082800000|100%| O|  |TAMS 0x0000000082800000, 0x0000000082700000| Untracked 
|  40|0x0000000082800000, 0x0000000082900000, 0x0000000082900000|100%| O|  |TAMS 0x0000000082900000, 0x0000000082800000| Untracked 
|  41|0x0000000082900000, 0x0000000082a00000, 0x0000000082a00000|100%| O|  |TAMS 0x0000000082a00000, 0x0000000082900000| Untracked 
|  42|0x0000000082a00000, 0x0000000082b00000, 0x0000000082b00000|100%| O|  |TAMS 0x0000000082b00000, 0x0000000082a00000| Untracked 
|  43|0x0000000082b00000, 0x0000000082c00000, 0x0000000082c00000|100%| O|  |TAMS 0x0000000082c00000, 0x0000000082b00000| Untracked 
|  44|0x0000000082c00000, 0x0000000082d00000, 0x0000000082d00000|100%| O|  |TAMS 0x0000000082d00000, 0x0000000082c00000| Untracked 
|  45|0x0000000082d00000, 0x0000000082e00000, 0x0000000082e00000|100%| O|  |TAMS 0x0000000082e00000, 0x0000000082d00000| Untracked 
|  46|0x0000000082e00000, 0x0000000082f00000, 0x0000000082f00000|100%| O|  |TAMS 0x0000000082f00000, 0x0000000082e00000| Untracked 
|  47|0x0000000082f00000, 0x0000000083000000, 0x0000000083000000|100%| O|  |TAMS 0x0000000083000000, 0x0000000082f00000| Untracked 
|  48|0x0000000083000000, 0x0000000083100000, 0x0000000083100000|100%| O|  |TAMS 0x0000000083100000, 0x0000000083000000| Untracked 
|  49|0x0000000083100000, 0x0000000083200000, 0x0000000083200000|100%| O|  |TAMS 0x0000000083200000, 0x0000000083100000| Untracked 
|  50|0x0000000083200000, 0x0000000083300000, 0x0000000083300000|100%|HS|  |TAMS 0x0000000083300000, 0x0000000083200000| Complete 
|  51|0x0000000083300000, 0x0000000083400000, 0x0000000083400000|100%|HS|  |TAMS 0x0000000083400000, 0x0000000083300000| Complete 
|  52|0x0000000083400000, 0x0000000083500000, 0x0000000083500000|100%| O|  |TAMS 0x0000000083500000, 0x0000000083400000| Untracked 
|  53|0x0000000083500000, 0x0000000083600000, 0x0000000083600000|100%| O|  |TAMS 0x0000000083600000, 0x0000000083500000| Untracked 
|  54|0x0000000083600000, 0x0000000083700000, 0x0000000083700000|100%| O|  |TAMS 0x0000000083700000, 0x0000000083600000| Untracked 
|  55|0x0000000083700000, 0x0000000083800000, 0x0000000083800000|100%| O|  |TAMS 0x0000000083800000, 0x0000000083700000| Untracked 
|  56|0x0000000083800000, 0x0000000083900000, 0x0000000083900000|100%| O|  |TAMS 0x0000000083900000, 0x0000000083800000| Untracked 
|  57|0x0000000083900000, 0x0000000083a00000, 0x0000000083a00000|100%| O|  |TAMS 0x0000000083a00000, 0x0000000083900000| Untracked 
|  58|0x0000000083a00000, 0x0000000083b00000, 0x0000000083b00000|100%| O|  |TAMS 0x0000000083b00000, 0x0000000083a00000| Untracked 
|  59|0x0000000083b00000, 0x0000000083c00000, 0x0000000083c00000|100%| O|  |TAMS 0x0000000083c00000, 0x0000000083b00000| Untracked 
|  60|0x0000000083c00000, 0x0000000083d00000, 0x0000000083d00000|100%| O|  |TAMS 0x0000000083d00000, 0x0000000083c00000| Untracked 
|  61|0x0000000083d00000, 0x0000000083e00000, 0x0000000083e00000|100%| O|  |TAMS 0x0000000083e00000, 0x0000000083d00000| Untracked 
|  62|0x0000000083e00000, 0x0000000083f00000, 0x0000000083f00000|100%| O|  |TAMS 0x0000000083f00000, 0x0000000083e00000| Untracked 
|  63|0x0000000083f00000, 0x0000000084000000, 0x0000000084000000|100%| O|  |TAMS 0x0000000084000000, 0x0000000083f00000| Untracked 
|  64|0x0000000084000000, 0x0000000084100000, 0x0000000084100000|100%| O|  |TAMS 0x0000000084100000, 0x0000000084000000| Untracked 
|  65|0x0000000084100000, 0x0000000084200000, 0x0000000084200000|100%| O|  |TAMS 0x0000000084200000, 0x0000000084100000| Untracked 
|  66|0x0000000084200000, 0x0000000084300000, 0x0000000084300000|100%| O|  |TAMS 0x0000000084300000, 0x0000000084200000| Untracked 
|  67|0x0000000084300000, 0x0000000084400000, 0x0000000084400000|100%| O|  |TAMS 0x0000000084400000, 0x0000000084300000| Untracked 
|  68|0x0000000084400000, 0x00000000844bb400, 0x0000000084500000| 73%| O|  |TAMS 0x00000000844bb400, 0x0000000084400000| Untracked 
|  69|0x0000000084500000, 0x0000000084500000, 0x0000000084600000|  0%| F|  |TAMS 0x0000000084500000, 0x0000000084500000| Untracked 
|  70|0x0000000084600000, 0x0000000084600000, 0x0000000084700000|  0%| F|  |TAMS 0x0000000084600000, 0x0000000084600000| Untracked 
|  71|0x0000000084700000, 0x0000000084700000, 0x0000000084800000|  0%| F|  |TAMS 0x0000000084700000, 0x0000000084700000| Untracked 
|  72|0x0000000084800000, 0x0000000084900000, 0x0000000084900000|100%| O|  |TAMS 0x0000000084900000, 0x0000000084800000| Untracked 
|  73|0x0000000084900000, 0x0000000084a00000, 0x0000000084a00000|100%| O|  |TAMS 0x0000000084a00000, 0x0000000084900000| Untracked 
|  74|0x0000000084a00000, 0x0000000084b00000, 0x0000000084b00000|100%| O|  |TAMS 0x0000000084b00000, 0x0000000084a00000| Untracked 
|  75|0x0000000084b00000, 0x0000000084b00000, 0x0000000084c00000|  0%| F|  |TAMS 0x0000000084b00000, 0x0000000084b00000| Untracked 
|  76|0x0000000084c00000, 0x0000000084c00000, 0x0000000084d00000|  0%| F|  |TAMS 0x0000000084c00000, 0x0000000084c00000| Untracked 
|  77|0x0000000084d00000, 0x0000000084d00000, 0x0000000084e00000|  0%| F|  |TAMS 0x0000000084d00000, 0x0000000084d00000| Untracked 
|  78|0x0000000084e00000, 0x0000000084e00000, 0x0000000084f00000|  0%| F|  |TAMS 0x0000000084e00000, 0x0000000084e00000| Untracked 
|  79|0x0000000084f00000, 0x0000000084f00000, 0x0000000085000000|  0%| F|  |TAMS 0x0000000084f00000, 0x0000000084f00000| Untracked 
|  80|0x0000000085000000, 0x0000000085000000, 0x0000000085100000|  0%| F|  |TAMS 0x0000000085000000, 0x0000000085000000| Untracked 
|  81|0x0000000085100000, 0x0000000085100000, 0x0000000085200000|  0%| F|  |TAMS 0x0000000085100000, 0x0000000085100000| Untracked 
|  82|0x0000000085200000, 0x0000000085200000, 0x0000000085300000|  0%| F|  |TAMS 0x0000000085200000, 0x0000000085200000| Untracked 
|  83|0x0000000085300000, 0x0000000085300000, 0x0000000085400000|  0%| F|  |TAMS 0x0000000085300000, 0x0000000085300000| Untracked 
|  84|0x0000000085400000, 0x0000000085400000, 0x0000000085500000|  0%| F|  |TAMS 0x0000000085400000, 0x0000000085400000| Untracked 
|  85|0x0000000085500000, 0x0000000085500000, 0x0000000085600000|  0%| F|  |TAMS 0x0000000085500000, 0x0000000085500000| Untracked 
|  86|0x0000000085600000, 0x0000000085600000, 0x0000000085700000|  0%| F|  |TAMS 0x0000000085600000, 0x0000000085600000| Untracked 
|  87|0x0000000085700000, 0x0000000085700000, 0x0000000085800000|  0%| F|  |TAMS 0x0000000085700000, 0x0000000085700000| Untracked 
|  88|0x0000000085800000, 0x0000000085800000, 0x0000000085900000|  0%| F|  |TAMS 0x0000000085800000, 0x0000000085800000| Untracked 
|  89|0x0000000085900000, 0x0000000085900000, 0x0000000085a00000|  0%| F|  |TAMS 0x0000000085900000, 0x0000000085900000| Untracked 
|  90|0x0000000085a00000, 0x0000000085a00000, 0x0000000085b00000|  0%| F|  |TAMS 0x0000000085a00000, 0x0000000085a00000| Untracked 
|  91|0x0000000085b00000, 0x0000000085b00000, 0x0000000085c00000|  0%| F|  |TAMS 0x0000000085b00000, 0x0000000085b00000| Untracked 
|  92|0x0000000085c00000, 0x0000000085c00000, 0x0000000085d00000|  0%| F|  |TAMS 0x0000000085c00000, 0x0000000085c00000| Untracked 
|  93|0x0000000085d00000, 0x0000000085d00000, 0x0000000085e00000|  0%| F|  |TAMS 0x0000000085d00000, 0x0000000085d00000| Untracked 
|  94|0x0000000085e00000, 0x0000000085e00000, 0x0000000085f00000|  0%| F|  |TAMS 0x0000000085e00000, 0x0000000085e00000| Untracked 
|  95|0x0000000085f00000, 0x0000000085f00000, 0x0000000086000000|  0%| F|  |TAMS 0x0000000085f00000, 0x0000000085f00000| Untracked 
|  96|0x0000000086000000, 0x0000000086000000, 0x0000000086100000|  0%| F|  |TAMS 0x0000000086000000, 0x0000000086000000| Untracked 
|  97|0x0000000086100000, 0x0000000086100000, 0x0000000086200000|  0%| F|  |TAMS 0x0000000086100000, 0x0000000086100000| Untracked 
|  98|0x0000000086200000, 0x000000008627f998, 0x0000000086300000| 49%| S|CS|TAMS 0x0000000086200000, 0x0000000086200000| Complete 
|  99|0x0000000086300000, 0x0000000086400000, 0x0000000086400000|100%| S|CS|TAMS 0x0000000086300000, 0x0000000086300000| Complete 
| 100|0x0000000086400000, 0x0000000086500000, 0x0000000086500000|100%| S|CS|TAMS 0x0000000086400000, 0x0000000086400000| Complete 
| 101|0x0000000086500000, 0x0000000086600000, 0x0000000086600000|100%| S|CS|TAMS 0x0000000086500000, 0x0000000086500000| Complete 
| 102|0x0000000086600000, 0x0000000086600000, 0x0000000086700000|  0%| F|  |TAMS 0x0000000086600000, 0x0000000086600000| Untracked 
| 103|0x0000000086700000, 0x0000000086700000, 0x0000000086800000|  0%| F|  |TAMS 0x0000000086700000, 0x0000000086700000| Untracked 
| 104|0x0000000086800000, 0x0000000086800000, 0x0000000086900000|  0%| F|  |TAMS 0x0000000086800000, 0x0000000086800000| Untracked 
| 105|0x0000000086900000, 0x0000000086900000, 0x0000000086a00000|  0%| F|  |TAMS 0x0000000086900000, 0x0000000086900000| Untracked 
| 106|0x0000000086a00000, 0x0000000086a00000, 0x0000000086b00000|  0%| F|  |TAMS 0x0000000086a00000, 0x0000000086a00000| Untracked 
| 107|0x0000000086b00000, 0x0000000086b00000, 0x0000000086c00000|  0%| F|  |TAMS 0x0000000086b00000, 0x0000000086b00000| Untracked 
| 108|0x0000000086c00000, 0x0000000086c00000, 0x0000000086d00000|  0%| F|  |TAMS 0x0000000086c00000, 0x0000000086c00000| Untracked 
| 109|0x0000000086d00000, 0x0000000086d00000, 0x0000000086e00000|  0%| F|  |TAMS 0x0000000086d00000, 0x0000000086d00000| Untracked 
| 110|0x0000000086e00000, 0x0000000086e00000, 0x0000000086f00000|  0%| F|  |TAMS 0x0000000086e00000, 0x0000000086e00000| Untracked 
| 111|0x0000000086f00000, 0x0000000086f00000, 0x0000000087000000|  0%| F|  |TAMS 0x0000000086f00000, 0x0000000086f00000| Untracked 
| 112|0x0000000087000000, 0x0000000087000000, 0x0000000087100000|  0%| F|  |TAMS 0x0000000087000000, 0x0000000087000000| Untracked 
| 113|0x0000000087100000, 0x0000000087100000, 0x0000000087200000|  0%| F|  |TAMS 0x0000000087100000, 0x0000000087100000| Untracked 
| 114|0x0000000087200000, 0x0000000087200000, 0x0000000087300000|  0%| F|  |TAMS 0x0000000087200000, 0x0000000087200000| Untracked 
| 115|0x0000000087300000, 0x00000000873e3f80, 0x0000000087400000| 89%| E|  |TAMS 0x0000000087300000, 0x0000000087300000| Complete 
| 116|0x0000000087400000, 0x0000000087500000, 0x0000000087500000|100%| E|CS|TAMS 0x0000000087400000, 0x0000000087400000| Complete 
| 117|0x0000000087500000, 0x0000000087600000, 0x0000000087600000|100%| E|CS|TAMS 0x0000000087500000, 0x0000000087500000| Complete 
| 118|0x0000000087600000, 0x0000000087700000, 0x0000000087700000|100%| E|CS|TAMS 0x0000000087600000, 0x0000000087600000| Complete 
| 119|0x0000000087700000, 0x0000000087800000, 0x0000000087800000|100%| E|CS|TAMS 0x0000000087700000, 0x0000000087700000| Complete 
| 120|0x0000000087800000, 0x0000000087900000, 0x0000000087900000|100%| E|CS|TAMS 0x0000000087800000, 0x0000000087800000| Complete 
| 121|0x0000000087900000, 0x0000000087a00000, 0x0000000087a00000|100%| E|CS|TAMS 0x0000000087900000, 0x0000000087900000| Complete 
| 122|0x0000000087a00000, 0x0000000087b00000, 0x0000000087b00000|100%| E|CS|TAMS 0x0000000087a00000, 0x0000000087a00000| Complete 
| 123|0x0000000087b00000, 0x0000000087c00000, 0x0000000087c00000|100%| E|CS|TAMS 0x0000000087b00000, 0x0000000087b00000| Complete 
| 124|0x0000000087c00000, 0x0000000087d00000, 0x0000000087d00000|100%| E|CS|TAMS 0x0000000087c00000, 0x0000000087c00000| Complete 
| 125|0x0000000087d00000, 0x0000000087e00000, 0x0000000087e00000|100%| E|CS|TAMS 0x0000000087d00000, 0x0000000087d00000| Complete 
| 126|0x0000000087e00000, 0x0000000087f00000, 0x0000000087f00000|100%| E|CS|TAMS 0x0000000087e00000, 0x0000000087e00000| Complete 
| 127|0x0000000087f00000, 0x0000000088000000, 0x0000000088000000|100%| E|CS|TAMS 0x0000000087f00000, 0x0000000087f00000| Complete 

Card table byte_map: [0x000001eb4a200000,0x000001eb4a600000] _byte_map_base: 0x000001eb49e00000

Marking Bits (Prev, Next): (CMBitMap*) 0x000001eb3239c250, (CMBitMap*) 0x000001eb3239c218
 Prev Bits: [0x000001eb4ca00000, 0x000001eb4ea00000)
 Next Bits: [0x000001eb4aa00000, 0x000001eb4ca00000)

Polling page: 0x000001eb302a0000

Metaspace:

Usage:
  Non-class:     73.70 MB capacity,    72.23 MB ( 98%) used,     1.21 MB (  2%) free+waste,   270.06 KB ( <1%) overhead. 
      Class:     11.77 MB capacity,    10.76 MB ( 91%) used,   906.36 KB (  8%) free+waste,   128.25 KB (  1%) overhead. 
       Both:     85.47 MB capacity,    82.99 MB ( 97%) used,     2.09 MB (  2%) free+waste,   398.31 KB ( <1%) overhead. 

Virtual space:
  Non-class space:       74.00 MB reserved,      73.76 MB (>99%) committed 
      Class space:      504.00 MB reserved,      11.88 MB (  2%) committed 
             Both:      578.00 MB reserved,      85.63 MB ( 15%) committed 

Chunk freelists:
   Non-Class:  0 bytes
       Class:  12.00 KB
        Both:  12.00 KB

MaxMetaspaceSize: 512.00 MB
CompressedClassSpaceSize: 504.00 MB
Initial GC threshold: 20.80 MB
Current GC threshold: 142.10 MB
CDS: off

CodeHeap 'non-profiled nmethods': size=120000Kb used=6147Kb max_used=6147Kb free=113852Kb
 bounds [0x000001eb425a0000, 0x000001eb42bb0000, 0x000001eb49ad0000]
CodeHeap 'profiled nmethods': size=120000Kb used=19411Kb max_used=19411Kb free=100588Kb
 bounds [0x000001eb3b070000, 0x000001eb3c370000, 0x000001eb425a0000]
CodeHeap 'non-nmethods': size=5760Kb used=2390Kb max_used=2452Kb free=3369Kb
 bounds [0x000001eb3aad0000, 0x000001eb3ad40000, 0x000001eb3b070000]
 total_blobs=9974 nmethods=9059 adapters=825
 compilation: enabled
              stopped_count=0, restarted_count=0
 full_count=0

Compilation events (20 events):
Event: 24.522 Thread 0x000001eb57a63000 nmethod 8978 0x000001eb42b88190 code [0x000001eb42b88380, 0x000001eb42b88868]
Event: 24.522 Thread 0x000001eb57a63000 8999       4       groovy.lang.MetaMethod::isStatic (16 bytes)
Event: 24.523 Thread 0x000001eb57a63000 nmethod 8999 0x000001eb42b88c90 code [0x000001eb42b88e20, 0x000001eb42b88e98]
Event: 24.523 Thread 0x000001eb57a63000 8948       4       java.lang.reflect.Method::getGenericParameterTypes (5 bytes)
Event: 24.524 Thread 0x000001eb57a65800 nmethod 8950 0x000001eb42b88f90 code [0x000001eb42b891a0, 0x000001eb42b89d00]
Event: 24.524 Thread 0x000001eb57a65800 8940   !   4       com.sun.beans.TypeResolver::resolve (261 bytes)
Event: 24.527 Thread 0x000001eb51448800 9000   !   3       com.sun.beans.introspect.MethodInfo::get (143 bytes)
Event: 24.529 Thread 0x000001eb51448800 nmethod 9000 0x000001eb3c31d210 code [0x000001eb3c31d580, 0x000001eb3c31ebe8]
Event: 24.529 Thread 0x000001eb51448800 9001       3       com.sun.beans.introspect.PropertyInfo::get (495 bytes)
Event: 24.554 Thread 0x000001eb51448800 nmethod 9001 0x000001eb3c31f390 code [0x000001eb3c320060, 0x000001eb3c328f48]
Event: 24.554 Thread 0x000001eb51448800 9004       3       java.beans.Introspector::processPropertyDescriptors (959 bytes)
Event: 24.567 Thread 0x000001eb51448800 nmethod 9004 0x000001eb3c32ba10 code [0x000001eb3c32c7a0, 0x000001eb3c337398]
Event: 24.567 Thread 0x000001eb51448800 9007       3       org.gradle.internal.service.DefaultServiceRegistry$ConstructorService::<init> (59 bytes)
Event: 24.569 Thread 0x000001eb51448800 nmethod 9007 0x000001eb3c33a210 code [0x000001eb3c33a560, 0x000001eb3c33ba78]
Event: 24.569 Thread 0x000001eb51448800 9008   !   3       org.gradle.internal.metaobject.BeanDynamicObject$MetaClassAdapter::lookupProperty (47 bytes)
Event: 24.570 Thread 0x000001eb51448800 nmethod 9008 0x000001eb3c33c190 code [0x000001eb3c33c420, 0x000001eb3c33d0d8]
Event: 24.633 Thread 0x000001eb57a63000 nmethod 8948 0x000001eb42b8a390 code [0x000001eb42b8a760, 0x000001eb42b8ce70]
Event: 24.633 Thread 0x000001eb57a63000 9002       4       java.lang.String::substring (68 bytes)
Event: 24.638 Thread 0x000001eb57a63000 nmethod 9002 0x000001eb42b8e710 code [0x000001eb42b8e8c0, 0x000001eb42b8ed28]
Event: 24.638 Thread 0x000001eb57a63000 9003       4       com.sun.beans.TypeResolver::resolve (37 bytes)

GC Heap History (20 events):
Event: 18.204 GC heap before
{Heap before GC invocations=17 (full 0):
 garbage-first heap   total 131072K, used 99865K [0x0000000080000000, 0x0000000100000000)
  region size 1024K, 53 young (54272K), 5 survivors (5120K)
 Metaspace       used 68486K, capacity 70628K, committed 70792K, reserved 577536K
  class space    used 8928K, capacity 9769K, committed 9856K, reserved 516096K
}
Event: 18.211 GC heap after
{Heap after GC invocations=18 (full 0):
 garbage-first heap   total 131072K, used 53984K [0x0000000080000000, 0x0000000100000000)
  region size 1024K, 6 young (6144K), 6 survivors (6144K)
 Metaspace       used 68486K, capacity 70628K, committed 70792K, reserved 577536K
  class space    used 8928K, capacity 9769K, committed 9856K, reserved 516096K
}
Event: 19.185 GC heap before
{Heap before GC invocations=18 (full 0):
 garbage-first heap   total 131072K, used 101088K [0x0000000080000000, 0x0000000100000000)
  region size 1024K, 53 young (54272K), 6 survivors (6144K)
 Metaspace       used 71819K, capacity 74062K, committed 74376K, reserved 581632K
  class space    used 9393K, capacity 10285K, committed 10368K, reserved 516096K
}
Event: 19.195 GC heap after
{Heap after GC invocations=19 (full 0):
 garbage-first heap   total 131072K, used 57885K [0x0000000080000000, 0x0000000100000000)
  region size 1024K, 7 young (7168K), 7 survivors (7168K)
 Metaspace       used 71819K, capacity 74062K, committed 74376K, reserved 581632K
  class space    used 9393K, capacity 10285K, committed 10368K, reserved 516096K
}
Event: 21.105 GC heap before
{Heap before GC invocations=19 (full 0):
 garbage-first heap   total 131072K, used 104989K [0x0000000080000000, 0x0000000100000000)
  region size 1024K, 52 young (53248K), 7 survivors (7168K)
 Metaspace       used 74942K, capacity 77325K, committed 77576K, reserved 583680K
  class space    used 9774K, capacity 10726K, committed 10752K, reserved 516096K
}
Event: 21.114 GC heap after
{Heap after GC invocations=20 (full 0):
 garbage-first heap   total 131072K, used 65119K [0x0000000080000000, 0x0000000100000000)
  region size 1024K, 6 young (6144K), 6 survivors (6144K)
 Metaspace       used 74942K, capacity 77325K, committed 77576K, reserved 583680K
  class space    used 9774K, capacity 10726K, committed 10752K, reserved 516096K
}
Event: 22.523 GC heap before
{Heap before GC invocations=20 (full 0):
 garbage-first heap   total 131072K, used 91743K [0x0000000080000000, 0x0000000100000000)
  region size 1024K, 34 young (34816K), 6 survivors (6144K)
 Metaspace       used 79188K, capacity 81673K, committed 81928K, reserved 587776K
  class space    used 10227K, capacity 11236K, committed 11264K, reserved 516096K
}
Event: 22.532 GC heap after
{Heap after GC invocations=21 (full 0):
 garbage-first heap   total 131072K, used 68563K [0x0000000080000000, 0x0000000100000000)
  region size 1024K, 4 young (4096K), 4 survivors (4096K)
 Metaspace       used 79188K, capacity 81673K, committed 81928K, reserved 587776K
  class space    used 10227K, capacity 11236K, committed 11264K, reserved 516096K
}
Event: 23.158 GC heap before
{Heap before GC invocations=22 (full 0):
 garbage-first heap   total 131072K, used 113619K [0x0000000080000000, 0x0000000100000000)
  region size 1024K, 40 young (40960K), 4 survivors (4096K)
 Metaspace       used 81178K, capacity 83604K, committed 83720K, reserved 589824K
  class space    used 10480K, capacity 11468K, committed 11520K, reserved 516096K
}
Event: 23.165 GC heap after
{Heap after GC invocations=23 (full 0):
 garbage-first heap   total 131072K, used 72873K [0x0000000080000000, 0x0000000100000000)
  region size 1024K, 5 young (5120K), 5 survivors (5120K)
 Metaspace       used 81178K, capacity 83604K, committed 83720K, reserved 589824K
  class space    used 10480K, capacity 11468K, committed 11520K, reserved 516096K
}
Event: 23.182 GC heap before
{Heap before GC invocations=23 (full 0):
 garbage-first heap   total 131072K, used 73897K [0x0000000080000000, 0x0000000100000000)
  region size 1024K, 6 young (6144K), 5 survivors (5120K)
 Metaspace       used 81244K, capacity 83610K, committed 83720K, reserved 589824K
  class space    used 10488K, capacity 11470K, committed 11520K, reserved 516096K
}
Event: 23.186 GC heap after
{Heap after GC invocations=24 (full 0):
 garbage-first heap   total 131072K, used 73277K [0x0000000080000000, 0x0000000100000000)
  region size 1024K, 1 young (1024K), 1 survivors (1024K)
 Metaspace       used 81244K, capacity 83610K, committed 83720K, reserved 589824K
  class space    used 10488K, capacity 11470K, committed 11520K, reserved 516096K
}
Event: 23.558 GC heap before
{Heap before GC invocations=25 (full 0):
 garbage-first heap   total 131072K, used 86589K [0x0000000080000000, 0x0000000100000000)
  region size 1024K, 15 young (15360K), 1 survivors (1024K)
 Metaspace       used 82455K, capacity 84914K, committed 85128K, reserved 589824K
  class space    used 10637K, capacity 11604K, committed 11648K, reserved 516096K
}
Event: 23.560 GC heap after
{Heap after GC invocations=26 (full 0):
 garbage-first heap   total 131072K, used 73527K [0x0000000080000000, 0x0000000100000000)
  region size 1024K, 1 young (1024K), 1 survivors (1024K)
 Metaspace       used 82455K, capacity 84914K, committed 85128K, reserved 589824K
  class space    used 10637K, capacity 11604K, committed 11648K, reserved 516096K
}
Event: 23.723 GC heap before
{Heap before GC invocations=26 (full 0):
 garbage-first heap   total 131072K, used 81719K [0x0000000080000000, 0x0000000100000000)
  region size 1024K, 10 young (10240K), 1 survivors (1024K)
 Metaspace       used 83237K, capacity 85625K, committed 85768K, reserved 591872K
  class space    used 10757K, capacity 11733K, committed 11776K, reserved 516096K
}
Event: 23.726 GC heap after
{Heap after GC invocations=27 (full 0):
 garbage-first heap   total 131072K, used 74156K [0x0000000080000000, 0x0000000100000000)
  region size 1024K, 2 young (2048K), 2 survivors (2048K)
 Metaspace       used 83237K, capacity 85625K, committed 85768K, reserved 591872K
  class space    used 10757K, capacity 11733K, committed 11776K, reserved 516096K
}
Event: 24.336 GC heap before
{Heap before GC invocations=28 (full 0):
 garbage-first heap   total 131072K, used 96684K [0x0000000080000000, 0x0000000100000000)
  region size 1024K, 23 young (23552K), 2 survivors (2048K)
 Metaspace       used 84449K, capacity 86987K, committed 87304K, reserved 591872K
  class space    used 10950K, capacity 11949K, committed 12032K, reserved 516096K
}
Event: 24.340 GC heap after
{Heap after GC invocations=29 (full 0):
 garbage-first heap   total 131072K, used 75573K [0x0000000080000000, 0x0000000100000000)
  region size 1024K, 3 young (3072K), 3 survivors (3072K)
 Metaspace       used 84449K, capacity 86987K, committed 87304K, reserved 591872K
  class space    used 10950K, capacity 11949K, committed 12032K, reserved 516096K
}
Event: 24.454 GC heap before
{Heap before GC invocations=29 (full 0):
 garbage-first heap   total 131072K, used 99125K [0x0000000080000000, 0x0000000100000000)
  region size 1024K, 26 young (26624K), 3 survivors (3072K)
 Metaspace       used 84501K, capacity 87019K, committed 87304K, reserved 591872K
  class space    used 10956K, capacity 11981K, committed 12032K, reserved 516096K
}
Event: 24.461 GC heap after
{Heap after GC invocations=30 (full 0):
 garbage-first heap   total 131072K, used 77035K [0x0000000080000000, 0x0000000100000000)
  region size 1024K, 4 young (4096K), 4 survivors (4096K)
 Metaspace       used 84501K, capacity 87019K, committed 87304K, reserved 591872K
  class space    used 10956K, capacity 11981K, committed 12032K, reserved 516096K
}

Deoptimization events (20 events):
Event: 23.845 Thread 0x000001eb53565800 Uncommon trap: trap_request=0xffffff4d fr.pc=0x000001eb425cd834 relative=0x00000000000001f4
Event: 23.845 Thread 0x000001eb53565800 Uncommon trap: reason=unstable_if action=reinterpret pc=0x000001eb425cd834 method=java.lang.AbstractStringBuilder.isLatin1()Z @ 10 c2
Event: 23.845 Thread 0x000001eb53565800 DEOPT PACKING pc=0x000001eb425cd834 sp=0x0000009e5a9f6610
Event: 23.845 Thread 0x000001eb53565800 DEOPT UNPACKING pc=0x000001eb3ab1a1af sp=0x0000009e5a9f6550 mode 2
Event: 24.139 Thread 0x000001eb53565800 Uncommon trap: trap_request=0xffffffde fr.pc=0x000001eb42847408 relative=0x00000000000002c8
Event: 24.139 Thread 0x000001eb53565800 Uncommon trap: reason=class_check action=maybe_recompile pc=0x000001eb42847408 method=java.util.stream.StreamOpFlag.fromCharacteristics(Ljava/util/Spliterator;)I @ 14 c2
Event: 24.139 Thread 0x000001eb53565800 DEOPT PACKING pc=0x000001eb42847408 sp=0x0000009e5a9f7ba0
Event: 24.139 Thread 0x000001eb53565800 DEOPT UNPACKING pc=0x000001eb3ab1a1af sp=0x0000009e5a9f7a88 mode 2
Event: 24.141 Thread 0x000001eb53565800 Uncommon trap: trap_request=0xffffffde fr.pc=0x000001eb42847408 relative=0x00000000000002c8
Event: 24.141 Thread 0x000001eb53565800 Uncommon trap: reason=class_check action=maybe_recompile pc=0x000001eb42847408 method=java.util.stream.StreamOpFlag.fromCharacteristics(Ljava/util/Spliterator;)I @ 14 c2
Event: 24.141 Thread 0x000001eb53565800 DEOPT PACKING pc=0x000001eb42847408 sp=0x0000009e5a9f7ba0
Event: 24.141 Thread 0x000001eb53565800 DEOPT UNPACKING pc=0x000001eb3ab1a1af sp=0x0000009e5a9f7a88 mode 2
Event: 24.282 Thread 0x000001eb53565800 Uncommon trap: trap_request=0xffffff4d fr.pc=0x000001eb42761800 relative=0x0000000000000340
Event: 24.282 Thread 0x000001eb53565800 Uncommon trap: reason=unstable_if action=reinterpret pc=0x000001eb42761800 method=java.util.StringJoiner.add(Ljava/lang/CharSequence;)Ljava/util/StringJoiner; @ 33 c2
Event: 24.282 Thread 0x000001eb53565800 DEOPT PACKING pc=0x000001eb42761800 sp=0x0000009e5a9f5940
Event: 24.282 Thread 0x000001eb53565800 DEOPT UNPACKING pc=0x000001eb3ab1a1af sp=0x0000009e5a9f58f0 mode 2
Event: 24.380 Thread 0x000001eb53565800 Uncommon trap: trap_request=0xfffffff4 fr.pc=0x000001eb4296a3d8 relative=0x00000000000009b8
Event: 24.380 Thread 0x000001eb53565800 Uncommon trap: reason=null_check action=make_not_entrant pc=0x000001eb4296a3d8 method=com.sun.beans.introspect.MethodInfo$MethodOrder.compare(Ljava/lang/reflect/Method;Ljava/lang/reflect/Method;)I @ 133 c2
Event: 24.380 Thread 0x000001eb53565800 DEOPT PACKING pc=0x000001eb4296a3d8 sp=0x0000009e5a9f34e0
Event: 24.380 Thread 0x000001eb53565800 DEOPT UNPACKING pc=0x000001eb3ab1a1af sp=0x0000009e5a9f3410 mode 2

Classes redefined (0 events):
No events

Internal exceptions (20 events):
Event: 24.472 Thread 0x000001eb53565800 Exception <a 'java/lang/ClassNotFoundException'{0x0000000087eb2988}: com/android/build/gradle/internal/dsl/BuildType$AgpDecorated_DecoratedBeanInfo> (0x0000000087eb2988) thrown at [./src/hotspot/share/classfile/systemDictionary.cpp, line 230]
Event: 24.473 Thread 0x000001eb53565800 Exception <a 'java/lang/ClassNotFoundException'{0x0000000087ecff58}: com/android/build/gradle/internal/dsl/BuildType$AgpDecoratedBeanInfo> (0x0000000087ecff58) thrown at [./src/hotspot/share/classfile/systemDictionary.cpp, line 230]
Event: 24.475 Thread 0x000001eb53565800 Exception <a 'java/lang/ClassNotFoundException'{0x0000000087eeb3c8}: com/android/build/gradle/internal/dsl/BuildTypeBeanInfo> (0x0000000087eeb3c8) thrown at [./src/hotspot/share/classfile/systemDictionary.cpp, line 230]
Event: 24.476 Thread 0x000001eb53565800 Exception <a 'java/lang/ClassNotFoundException'{0x0000000087d05da8}: com/android/builder/core/AbstractBuildTypeBeanInfo> (0x0000000087d05da8) thrown at [./src/hotspot/share/classfile/systemDictionary.cpp, line 230]
Event: 24.476 Thread 0x000001eb53565800 Exception <a 'java/lang/ClassNotFoundException'{0x0000000087d20a30}: com/android/builder/core/AbstractBuildTypeCustomizer> (0x0000000087d20a30) thrown at [./src/hotspot/share/classfile/systemDictionary.cpp, line 230]
Event: 24.478 Thread 0x000001eb53565800 Exception <a 'java/lang/ClassNotFoundException'{0x0000000087d58180}: com/android/build/gradle/internal/dsl/BuildTypeCustomizer> (0x0000000087d58180) thrown at [./src/hotspot/share/classfile/systemDictionary.cpp, line 230]
Event: 24.483 Thread 0x000001eb53565800 Exception <a 'java/lang/ClassNotFoundException'{0x0000000087ded890}: com/android/build/gradle/internal/dsl/BuildType$AgpDecoratedCustomizer> (0x0000000087ded890) thrown at [./src/hotspot/share/classfile/systemDictionary.cpp, line 230]
Event: 24.485 Thread 0x000001eb53565800 Exception <a 'java/lang/ClassNotFoundException'{0x0000000087c4df68}: com/android/build/gradle/internal/dsl/BuildType$AgpDecorated_DecoratedCustomizer> (0x0000000087c4df68) thrown at [./src/hotspot/share/classfile/systemDictionary.cpp, line 230]
Event: 24.498 Thread 0x000001eb53565800 Exception <a 'java/lang/ClassNotFoundException'{0x0000000087b3f8f0}: build_54ritf79dvot50t3lvoumotil$_run_closure2$_closure6BeanInfo> (0x0000000087b3f8f0) thrown at [./src/hotspot/share/classfile/systemDictionary.cpp, line 230]
Event: 24.500 Thread 0x000001eb53565800 Exception <a 'java/lang/ClassNotFoundException'{0x0000000087b51520}: build_54ritf79dvot50t3lvoumotil$_run_closure2$_closure6Customizer> (0x0000000087b51520) thrown at [./src/hotspot/share/classfile/systemDictionary.cpp, line 230]
Event: 24.518 Thread 0x000001eb53565800 Exception <a 'java/lang/ClassNotFoundException'{0x0000000087a80938}: org/gradle/api/internal/artifacts/dependencies/DefaultExternalModuleDependency_DecoratedBeanInfo> (0x0000000087a80938) thrown at [./src/hotspot/share/classfile/systemDictionary.cpp, line 230]
Event: 24.519 Thread 0x000001eb53565800 Exception <a 'java/lang/ClassNotFoundException'{0x0000000087acfce0}: org/gradle/api/internal/artifacts/dependencies/DefaultExternalModuleDependencyBeanInfo> (0x0000000087acfce0) thrown at [./src/hotspot/share/classfile/systemDictionary.cpp, line 230]
Event: 24.521 Thread 0x000001eb53565800 Exception <a 'java/lang/ClassNotFoundException'{0x000000008791fa60}: org/gradle/api/internal/artifacts/dependencies/AbstractExternalModuleDependencyBeanInfo> (0x000000008791fa60) thrown at [./src/hotspot/share/classfile/systemDictionary.cpp, line 230]
Event: 24.522 Thread 0x000001eb53565800 Exception <a 'java/lang/ClassNotFoundException'{0x000000008795c4b8}: org/gradle/api/internal/artifacts/dependencies/AbstractModuleDependencyBeanInfo> (0x000000008795c4b8) thrown at [./src/hotspot/share/classfile/systemDictionary.cpp, line 230]
Event: 24.523 Thread 0x000001eb53565800 Exception <a 'java/lang/ClassNotFoundException'{0x00000000879966e0}: org/gradle/api/internal/artifacts/dependencies/AbstractDependencyBeanInfo> (0x00000000879966e0) thrown at [./src/hotspot/share/classfile/systemDictionary.cpp, line 230]
Event: 24.524 Thread 0x000001eb53565800 Exception <a 'java/lang/ClassNotFoundException'{0x00000000879d2920}: org/gradle/api/internal/artifacts/dependencies/AbstractDependencyCustomizer> (0x00000000879d2920) thrown at [./src/hotspot/share/classfile/systemDictionary.cpp, line 230]
Event: 24.527 Thread 0x000001eb53565800 Exception <a 'java/lang/ClassNotFoundException'{0x0000000087813050}: org/gradle/api/internal/artifacts/dependencies/AbstractModuleDependencyCustomizer> (0x0000000087813050) thrown at [./src/hotspot/share/classfile/systemDictionary.cpp, line 230]
Event: 24.530 Thread 0x000001eb53565800 Exception <a 'java/lang/ClassNotFoundException'{0x000000008787dfd8}: org/gradle/api/internal/artifacts/dependencies/AbstractExternalModuleDependencyCustomizer> (0x000000008787dfd8) thrown at [./src/hotspot/share/classfile/systemDictionary.cpp, line 230]
Event: 24.532 Thread 0x000001eb53565800 Exception <a 'java/lang/ClassNotFoundException'{0x00000000878dcda8}: org/gradle/api/internal/artifacts/dependencies/DefaultExternalModuleDependencyCustomizer> (0x00000000878dcda8) thrown at [./src/hotspot/share/classfile/systemDictionary.cpp, line 230]
Event: 24.535 Thread 0x000001eb53565800 Exception <a 'java/lang/ClassNotFoundException'{0x000000008773cb60}: org/gradle/api/internal/artifacts/dependencies/DefaultExternalModuleDependency_DecoratedCustomizer> (0x000000008773cb60) thrown at [./src/hotspot/share/classfile/systemDictionary.cpp, line 230]

Events (20 events):
Event: 24.531 loading class org/gradle/api/internal/artifacts/dependencies/DefaultExternalModuleDependencyCustomizer
Event: 24.531 loading class org/gradle/api/internal/artifacts/dependencies/DefaultExternalModuleDependencyCustomizer done
Event: 24.532 loading class org/gradle/api/internal/artifacts/dependencies/DefaultExternalModuleDependencyCustomizer
Event: 24.532 loading class org/gradle/api/internal/artifacts/dependencies/DefaultExternalModuleDependencyCustomizer done
Event: 24.533 loading class org/gradle/api/internal/artifacts/dependencies/DefaultExternalModuleDependency_DecoratedCustomizer
Event: 24.533 loading class org/gradle/api/internal/artifacts/dependencies/DefaultExternalModuleDependency_DecoratedCustomizer done
Event: 24.534 loading class org/gradle/api/internal/artifacts/dependencies/DefaultExternalModuleDependency_DecoratedCustomizer
Event: 24.534 loading class org/gradle/api/internal/artifacts/dependencies/DefaultExternalModuleDependency_DecoratedCustomizer done
Event: 24.534 loading class org/gradle/api/internal/artifacts/dependencies/DefaultExternalModuleDependency_DecoratedCustomizer
Event: 24.534 loading class org/gradle/api/internal/artifacts/dependencies/DefaultExternalModuleDependency_DecoratedCustomizer done
Event: 24.535 loading class org/gradle/api/internal/artifacts/dependencies/DefaultExternalModuleDependency_DecoratedCustomizer
Event: 24.535 loading class org/gradle/api/internal/artifacts/dependencies/DefaultExternalModuleDependency_DecoratedCustomizer done
Event: 24.538 loading class org/gradle/api/internal/artifacts/DefaultExcludeRule
Event: 24.538 loading class org/gradle/api/internal/artifacts/DefaultExcludeRule done
Event: 24.540 loading class org/codehaus/groovy/runtime/dgm$1301
Event: 24.540 loading class org/codehaus/groovy/runtime/dgm$1301 done
Event: 24.540 Executing VM operation: CGC_Operation
Event: 24.553 Executing VM operation: CGC_Operation done
Event: 24.601 Executing VM operation: CGC_Operation
Event: 24.601 Executing VM operation: CGC_Operation done


Dynamic libraries:
0x00007ff6793a0000 - 0x00007ff6793ad000 	C:\Program Files\Microsoft\jdk-11.0.18.10-hotspot\bin\java.exe
0x00007ffa006b0000 - 0x00007ffa008a8000 	C:\Windows\SYSTEM32\ntdll.dll
0x00007ff9fe7e0000 - 0x00007ff9fe89f000 	C:\Windows\System32\KERNEL32.DLL
0x00007ff9fe050000 - 0x00007ff9fe346000 	C:\Windows\System32\KERNELBASE.dll
0x00007ff9fe510000 - 0x00007ff9fe610000 	C:\Windows\System32\ucrtbase.dll
0x00007ff9d3bf0000 - 0x00007ff9d3c05000 	C:\Program Files\Microsoft\jdk-11.0.18.10-hotspot\bin\VCRUNTIME140.dll
0x00007ff9d47d0000 - 0x00007ff9d47e7000 	C:\Program Files\Microsoft\jdk-11.0.18.10-hotspot\bin\jli.dll
0x00007ff9fed70000 - 0x00007ff9fef0d000 	C:\Windows\System32\USER32.dll
0x00007ff9fe020000 - 0x00007ff9fe042000 	C:\Windows\System32\win32u.dll
0x00007ff9e13d0000 - 0x00007ff9e166a000 	C:\Windows\WinSxS\amd64_microsoft.windows.common-controls_6595b64144ccf1df_6.0.19041.1110_none_60b5254171f9507e\COMCTL32.dll
0x00007ff9fed40000 - 0x00007ff9fed6c000 	C:\Windows\System32\GDI32.dll
0x00007ff9ff9a0000 - 0x00007ff9ffa3e000 	C:\Windows\System32\msvcrt.dll
0x00007ff9fe350000 - 0x00007ff9fe465000 	C:\Windows\System32\gdi32full.dll
0x00007ff9fe470000 - 0x00007ff9fe50d000 	C:\Windows\System32\msvcp_win.dll
0x00007ffa00310000 - 0x00007ffa00340000 	C:\Windows\System32\IMM32.DLL
0x00007ff9b9aa0000 - 0x00007ff9b9b3b000 	C:\Program Files\Microsoft\jdk-11.0.18.10-hotspot\bin\msvcp140.dll
0x00007ff9b67a0000 - 0x00007ff9b7332000 	C:\Program Files\Microsoft\jdk-11.0.18.10-hotspot\bin\server\jvm.dll
0x00007ff9ff850000 - 0x00007ff9ff8ff000 	C:\Windows\System32\ADVAPI32.dll
0x00007ff9ff900000 - 0x00007ff9ff99c000 	C:\Windows\System32\sechost.dll
0x00007ff9ff550000 - 0x00007ff9ff676000 	C:\Windows\System32\RPCRT4.dll
0x00007ff9fe8a0000 - 0x00007ff9fe8a8000 	C:\Windows\System32\PSAPI.DLL
0x00007ff9e5510000 - 0x00007ff9e5519000 	C:\Windows\SYSTEM32\WSOCK32.dll
0x00007ff9f6d20000 - 0x00007ff9f6d2a000 	C:\Windows\SYSTEM32\VERSION.dll
0x00007ff9ef810000 - 0x00007ff9ef837000 	C:\Windows\SYSTEM32\WINMM.dll
0x00007ff9ffa40000 - 0x00007ff9ffaab000 	C:\Windows\System32\WS2_32.dll
0x00007ff9fc580000 - 0x00007ff9fc592000 	C:\Windows\SYSTEM32\kernel.appcore.dll
0x00007ff9e5480000 - 0x00007ff9e5490000 	C:\Program Files\Microsoft\jdk-11.0.18.10-hotspot\bin\verify.dll
0x00007ff9fb9a0000 - 0x00007ff9fbb84000 	C:\Windows\SYSTEM32\DBGHELP.DLL
0x00007ff9ee8a0000 - 0x00007ff9ee8d4000 	C:\Windows\SYSTEM32\dbgcore.DLL
0x00007ff9fdef0000 - 0x00007ff9fdf72000 	C:\Windows\System32\bcryptPrimitives.dll
0x00007ff9d2e70000 - 0x00007ff9d2e98000 	C:\Program Files\Microsoft\jdk-11.0.18.10-hotspot\bin\java.dll
0x00007ff9e1ed0000 - 0x00007ff9e1eda000 	C:\Program Files\Microsoft\jdk-11.0.18.10-hotspot\bin\jimage.dll
0x00007ff9d3bc0000 - 0x00007ff9d3bd8000 	C:\Program Files\Microsoft\jdk-11.0.18.10-hotspot\bin\zip.dll
0x00007ff9ffbc0000 - 0x00007ffa00304000 	C:\Windows\System32\SHELL32.dll
0x00007ff9fbdd0000 - 0x00007ff9fc564000 	C:\Windows\SYSTEM32\windows.storage.dll
0x00007ff9fe9e0000 - 0x00007ff9fed34000 	C:\Windows\System32\combase.dll
0x00007ff9fd610000 - 0x00007ff9fd63e000 	C:\Windows\SYSTEM32\Wldp.dll
0x00007ff9fef30000 - 0x00007ff9fefdd000 	C:\Windows\System32\SHCORE.dll
0x00007ff9fefe0000 - 0x00007ff9ff035000 	C:\Windows\System32\shlwapi.dll
0x00007ff9fdcc0000 - 0x00007ff9fdce5000 	C:\Windows\SYSTEM32\profapi.dll
0x00007ff9d2e50000 - 0x00007ff9d2e69000 	C:\Program Files\Microsoft\jdk-11.0.18.10-hotspot\bin\net.dll
0x00007ff9f5070000 - 0x00007ff9f517a000 	C:\Windows\SYSTEM32\WINHTTP.dll
0x00007ff9fd3f0000 - 0x00007ff9fd45a000 	C:\Windows\system32\mswsock.dll
0x00007ff9d1750000 - 0x00007ff9d1763000 	C:\Program Files\Microsoft\jdk-11.0.18.10-hotspot\bin\nio.dll
0x00007ff9e5bd0000 - 0x00007ff9e5bf7000 	C:\Users\boss3\.gradle\native\68d5fa5c4cc2d200863cafc0d521ce42e7d3e7ee720ec0a83991735586a16f82\windows-amd64\native-platform.dll
0x00007ff9e5a80000 - 0x00007ff9e5bc4000 	C:\Users\boss3\.gradle\native\e376f236ea51e6404a007f0833ffe2c6e607c4080706a723a18a27aeea778392\windows-amd64\native-platform-file-events.dll
0x00007ff9f3700000 - 0x00007ff9f3709000 	C:\Program Files\Microsoft\jdk-11.0.18.10-hotspot\bin\management.dll
0x00007ff9ef7c0000 - 0x00007ff9ef7cb000 	C:\Program Files\Microsoft\jdk-11.0.18.10-hotspot\bin\management_ext.dll
0x00007ff9fd7b0000 - 0x00007ff9fd7c8000 	C:\Windows\SYSTEM32\CRYPTSP.dll
0x00007ff9fcd30000 - 0x00007ff9fcd64000 	C:\Windows\system32\rsaenh.dll
0x00007ff9fdf80000 - 0x00007ff9fdfa7000 	C:\Windows\System32\bcrypt.dll
0x00007ff9fdc40000 - 0x00007ff9fdc6e000 	C:\Windows\SYSTEM32\USERENV.dll
0x00007ff9fd580000 - 0x00007ff9fd58c000 	C:\Windows\SYSTEM32\CRYPTBASE.dll
0x00007ff9fd100000 - 0x00007ff9fd13c000 	C:\Windows\SYSTEM32\IPHLPAPI.DLL
0x00007ff9ff040000 - 0x00007ff9ff048000 	C:\Windows\System32\NSI.dll
0x00007ff9f53e0000 - 0x00007ff9f53f7000 	C:\Windows\SYSTEM32\dhcpcsvc6.DLL
0x00007ff9f6220000 - 0x00007ff9f623d000 	C:\Windows\SYSTEM32\dhcpcsvc.DLL
0x00007ff9fd190000 - 0x00007ff9fd25a000 	C:\Windows\SYSTEM32\DNSAPI.dll

dbghelp: loaded successfully - version: 4.0.5 - missing functions: none
symbol engine: initialized successfully - sym options: 0x614 - pdb path: .;C:\Program Files\Microsoft\jdk-11.0.18.10-hotspot\bin;C:\Windows\SYSTEM32;C:\Windows\WinSxS\amd64_microsoft.windows.common-controls_6595b64144ccf1df_6.0.19041.1110_none_60b5254171f9507e;C:\Program Files\Microsoft\jdk-11.0.18.10-hotspot\bin\server;C:\Users\boss3\.gradle\native\68d5fa5c4cc2d200863cafc0d521ce42e7d3e7ee720ec0a83991735586a16f82\windows-amd64;C:\Users\boss3\.gradle\native\e376f236ea51e6404a007f0833ffe2c6e607c4080706a723a18a27aeea778392\windows-amd64

VM Arguments:
jvm_args: -XX:MaxMetaspaceSize=512m --add-opens=java.base/java.util=ALL-UNNAMED --add-opens=java.base/java.lang=ALL-UNNAMED --add-opens=java.base/java.lang.invoke=ALL-UNNAMED --add-opens=java.prefs/java.util.prefs=ALL-UNNAMED --add-opens=java.base/java.nio.charset=ALL-UNNAMED --add-opens=java.base/java.net=ALL-UNNAMED --add-opens=java.base/java.util.concurrent.atomic=ALL-UNNAMED -Xmx2048m -Dfile.encoding=windows-1252 -Duser.country=IN -Duser.language=en -Duser.variant 
java_command: org.gradle.launcher.daemon.bootstrap.GradleDaemon 8.0.1
java_class_path (initial): C:\Users\boss3\.gradle\wrapper\dists\gradle-8.0.1-all\aro4hu1c3oeioove7l0i4i14o\gradle-8.0.1\lib\gradle-launcher-8.0.1.jar
Launcher Type: SUN_STANDARD

[Global flags]
     intx CICompilerCount                          = 4                                         {product} {ergonomic}
   size_t CompressedClassSpaceSize                 = 528482304                                 {product} {ergonomic}
     uint ConcGCThreads                            = 2                                         {product} {ergonomic}
     uint G1ConcRefinementThreads                  = 8                                         {product} {ergonomic}
   size_t G1HeapRegionSize                         = 1048576                                   {product} {ergonomic}
    uintx GCDrainStackTargetSize                   = 64                                        {product} {ergonomic}
   size_t InitialHeapSize                          = 134217728                                 {product} {ergonomic}
   size_t MarkStackSize                            = 4194304                                   {product} {ergonomic}
   size_t MaxHeapSize                              = 2147483648                                {product} {command line}
   size_t MaxMetaspaceSize                         = 536870912                                 {product} {command line}
   size_t MaxNewSize                               = 1287651328                                {product} {ergonomic}
   size_t MinHeapDeltaBytes                        = 1048576                                   {product} {ergonomic}
    uintx NonNMethodCodeHeapSize                   = 5836300                                {pd product} {ergonomic}
    uintx NonProfiledCodeHeapSize                  = 122910970                              {pd product} {ergonomic}
    uintx ProfiledCodeHeapSize                     = 122910970                              {pd product} {ergonomic}
    uintx ReservedCodeCacheSize                    = 251658240                              {pd product} {ergonomic}
     bool SegmentedCodeCache                       = true                                      {product} {ergonomic}
     bool UseCompressedClassPointers               = true                                 {lp64_product} {ergonomic}
     bool UseCompressedOops                        = true                                 {lp64_product} {ergonomic}
     bool UseG1GC                                  = true                                      {product} {ergonomic}
     bool UseLargePagesIndividualAllocation        = false                                  {pd product} {ergonomic}

Logging:
Log output configuration:
 #0: stdout all=warning uptime,level,tags
 #1: stderr all=off uptime,level,tags

Environment Variables:
JAVA_HOME=C:\Program Files\Microsoft\jdk-11.0.18.10-hotspot\
CLASSPATH=C:\Users\boss3\todo\android\\gradle\wrapper\gradle-wrapper.jar
PATH=C:\Users\boss3\todo\node_modules\.bin;C:\Users\boss3\todo\node_modules\.bin;C:\Users\boss3\node_modules\.bin;C:\Users\node_modules\.bin;C:\node_modules\.bin;C:\Users\boss3\AppData\Roaming\nvm\v16.20.0\node_modules\npm\node_modules\@npmcli\run-script\lib\node-gyp-bin;C:\Program Files\Microsoft\jdk-11.0.18.10-hotspot\bin;C:\Program Files\Common Files\Oracle\Java\javapath;C:\Python311\Scripts\;C:\Python311\;C:\Windows\system32;C:\Windows;C:\Windows\System32\Wbem;C:\Windows\System32\WindowsPowerShell\v1.0\;C:\Windows\System32\OpenSSH\;C:\ProgramData\chocolatey\bin;C:\Program Files\Microsoft VS Code\bin;C:\Program Files\Git\cmd;C:\Program Files\Microsoft SQL Server\130\Tools\Binn\;C:\Program Files\Microsoft SQL Server\Client SDK\ODBC\170\Tools\Binn\;C:\Program Files (x86)\Microsoft SQL Server\160\DTS\Binn\;C:\Program Files\Azure Data Studio\bin;%NVM_HOME%;%NVM_SYMLINK%;C:\Program Files\dotnet\;C:\Program Files\PuTTY\;C:\Program Files (x86)\PuTTY\;C:\Users\boss3\AppData\Local\Microsoft\WindowsApps;C:\Users\boss3\AppData\Roaming\npm;C:\Users\boss3\AppData\Local\Android\Sdk\platform-tools;C:\Program Files\Azure Data Studio\bin;C:\Users\boss3\AppData\Local\Programs\mongosh\;C:\Users\boss3\AppData\Roaming\nvm;C:\Program Files\nodejs;C:\Users\boss3\.dotnet\tools
USERNAME=boss3
LANG=en_US.UTF-8
OS=Windows_NT
PROCESSOR_IDENTIFIER=Intel64 Family 6 Model 142 Stepping 10, GenuineIntel
TMP=C:\Users\boss3\AppData\Local\Temp
TEMP=C:\Users\boss3\AppData\Local\Temp



---------------  S Y S T E M  ---------------

OS: Windows 10 , 64 bit Build 19041 (10.0.19041.3155)
OS uptime: 2 days 16:15 hours
Hyper-V role detected

CPU:total 8 (initial active 8) (4 cores per cpu, 2 threads per core) family 6 model 142 stepping 10 microcode 0xf0, cmov, cx8, fxsr, mmx, sse, sse2, sse3, ssse3, sse4.1, sse4.2, popcnt, avx, avx2, aes, clmul, erms, 3dnowpref, lzcnt, ht, tsc, tscinvbit, bmi1, bmi2, adx, fma

Memory: 4k page, system-wide physical 8094M (628M free)
TotalPageFile size 10142M (AvailPageFile size 19M)
current process WorkingSet (physical memory assigned to process): 374M, peak: 376M
current process commit charge ("private bytes"): 424M, peak: 428M

vm_info: OpenJDK 64-Bit Server VM (11.0.18+10-LTS) for windows-amd64 JRE (11.0.18+10-LTS), built on Jan 18 2023 15:56:47 by "MicrosoftCorporation" with MS VC++ 15.9 (VS2017)

END.
