#
# There is insufficient memory for the Java Runtime Environment to continue.
# Native memory allocation (malloc) failed to allocate 1917296 bytes for Chunk::new
# Possible reasons:
#   The system is out of physical RAM or swap space
#   The process is running with CompressedOops enabled, and the Java Heap may be blocking the growth of the native heap
# Possible solutions:
#   Reduce memory load on the system
#   Increase physical memory or swap space
#   Check if swap backing store is full
#   Decrease Java heap size (-Xmx/-Xms)
#   Decrease number of Java threads
#   Decrease Java thread stack sizes (-Xss)
#   Set larger code cache with -XX:ReservedCodeCacheSize=
#   JVM is running with Unscaled Compressed Oops mode in which the Java heap is
#     placed in the first 4GB address space. The Java Heap base address is the
#     maximum limit for the native heap growth. Please use -XX:HeapBaseMinAddress
#     to set the Java Heap base and to place the Java Heap above 4GB virtual address.
# This output file may be truncated or incomplete.
#
#  Out of Memory Error (./src/hotspot/share/memory/arena.cpp:197), pid=12976, tid=18220
#
# JRE version: OpenJDK Runtime Environment Microsoft-7208460 (11.0.18+10) (build 11.0.18+10-LTS)
# Java VM: OpenJDK 64-Bit Server VM Microsoft-7208460 (11.0.18+10-LTS, mixed mode, tiered, compressed oops, g1 gc, windows-amd64)
# No core dump will be written. Minidumps are not enabled by default on client versions of Windows
#

---------------  S U M M A R Y ------------

Command Line: -XX:MaxMetaspaceSize=512m --add-opens=java.base/java.util=ALL-UNNAMED --add-opens=java.base/java.lang=ALL-UNNAMED --add-opens=java.base/java.lang.invoke=ALL-UNNAMED --add-opens=java.prefs/java.util.prefs=ALL-UNNAMED --add-opens=java.base/java.nio.charset=ALL-UNNAMED --add-opens=java.base/java.net=ALL-UNNAMED --add-opens=java.base/java.util.concurrent.atomic=ALL-UNNAMED -Xmx2048m -Dfile.encoding=windows-1252 -Duser.country=IN -Duser.language=en -Duser.variant org.gradle.launcher.daemon.bootstrap.GradleDaemon 8.0.1

Host: Intel(R) Core(TM) i5-8250U CPU @ 1.60GHz, 8 cores, 7G,  Windows 10 , 64 bit Build 19041 (10.0.19041.3155)
Time: Tue Jul  4 11:10:23 2023 India Standard Time elapsed time: 242.176869 seconds (0d 0h 4m 2s)

---------------  T H R E A D  ---------------

Current thread (0x0000025e63153000):  JavaThread "C2 CompilerThread2" daemon [_thread_in_native, id=18220, stack(0x0000006ea1500000,0x0000006ea1600000)]


Current CompileTask:
C2: 242177 12938   !   4       org.gradle.api.internal.provider.DefaultProvider::calculateOwnValue (19 bytes)

Stack: [0x0000006ea1500000,0x0000006ea1600000]
Native frames: (J=compiled Java code, j=interpreted, Vv=VM code, C=native code)
V  [jvm.dll+0x62bf8a]
V  [jvm.dll+0x7b8fb9]
V  [jvm.dll+0x7ba6a8]
V  [jvm.dll+0x7bad83]
V  [jvm.dll+0x250248]
V  [jvm.dll+0xc260c]
V  [jvm.dll+0xc2bcc]
V  [jvm.dll+0x35e182]
V  [jvm.dll+0x32a373]
V  [jvm.dll+0x3296aa]
V  [jvm.dll+0x2093b3]
V  [jvm.dll+0x20850d]
V  [jvm.dll+0x18a4b1]
V  [jvm.dll+0x217eec]
V  [jvm.dll+0x21612b]
V  [jvm.dll+0x77bac0]
V  [jvm.dll+0x7749f4]
V  [jvm.dll+0x62adf5]
C  [ucrtbase.dll+0x21bb2]
C  [KERNEL32.DLL+0x17614]
C  [ntdll.dll+0x526b1]


---------------  P R O C E S S  ---------------

Threads class SMR info:
_java_thread_list=0x0000025e6d56c8b0, length=136, elements={
0x0000025e4369e800, 0x0000025e627a5800, 0x0000025e627a7000, 0x0000025e627b1000,
0x0000025e627b3000, 0x0000025e627b4000, 0x0000025e627b8000, 0x0000025e627db000,
0x0000025e627e4800, 0x0000025e632a2000, 0x0000025e63644800, 0x0000025e65bff800,
0x0000025e65c76000, 0x0000025e6474a000, 0x0000025e63809000, 0x0000025e66432000,
0x0000025e6623f800, 0x0000025e66240800, 0x0000025e6644d800, 0x0000025e663ce800,
0x0000025e663ca800, 0x0000025e663cb800, 0x0000025e663c9000, 0x0000025e663ca000,
0x0000025e663cc000, 0x0000025e663cd000, 0x0000025e663ce000, 0x0000025e663cf800,
0x0000025e66ef7800, 0x0000025e66ef9800, 0x0000025e66ef8800, 0x0000025e66efa000,
0x0000025e66efb800, 0x0000025e66ef6000, 0x0000025e66f02800, 0x0000025e66efc800,
0x0000025e66f03000, 0x0000025e66efd800, 0x0000025e66f01800, 0x0000025e66f00800,
0x0000025e66eff000, 0x0000025e66f04000, 0x0000025e66efe000, 0x0000025e66f00000,
0x0000025e6a23c000, 0x0000025e6a23d000, 0x0000025e6a23e000, 0x0000025e6a238000,
0x0000025e6a23b800, 0x0000025e6a23e800, 0x0000025e6a239000, 0x0000025e6a23a800,
0x0000025e6a23f800, 0x0000025e6a23a000, 0x0000025e6a241000, 0x0000025e6a242000,
0x0000025e6a244800, 0x0000025e6a243000, 0x0000025e6a245000, 0x0000025e6a243800,
0x0000025e6a246000, 0x0000025e6a240800, 0x0000025e6a247000, 0x0000025e63c8a000,
0x0000025e63c8b000, 0x0000025e63c8c000, 0x0000025e63c8c800, 0x0000025e63c8e000,
0x0000025e63c8d800, 0x0000025e63c8f000, 0x0000025e63c89800, 0x0000025e63c92800,
0x0000025e63c95800, 0x0000025e63c91800, 0x0000025e63c94800, 0x0000025e63c94000,
0x0000025e63c90000, 0x0000025e63c93000, 0x0000025e63c96800, 0x0000025e63c90800,
0x0000025e63c98000, 0x0000025e63c97000, 0x0000025e63810800, 0x0000025e6380a800,
0x0000025e6380c000, 0x0000025e6380d000, 0x0000025e63811000, 0x0000025e6380e800,
0x0000025e6380f800, 0x0000025e6380b800, 0x0000025e63812000, 0x0000025e63812800,
0x0000025e63813800, 0x0000025e6380e000, 0x0000025e63817800, 0x0000025e63817000,
0x0000025e63818800, 0x0000025e63819800, 0x0000025e63816000, 0x0000025e63815000,
0x0000025e63814800, 0x0000025e68b48800, 0x0000025e68b4a000, 0x0000025e68b47000,
0x0000025e68b44800, 0x0000025e68b47800, 0x0000025e68b4b000, 0x0000025e68b49800,
0x0000025e68b45800, 0x0000025e68b46000, 0x0000025e68b50000, 0x0000025e68b4e800,
0x0000025e68b4c000, 0x0000025e68b4f000, 0x0000025e68b52800, 0x0000025e68b50800,
0x0000025e68b51800, 0x0000025e68b4c800, 0x0000025e68b53000, 0x0000025e68b4d800,
0x0000025e68b7f000, 0x0000025e68b7c000, 0x0000025e68b81000, 0x0000025e68b81800,
0x0000025e68b82800, 0x0000025e68b7c800, 0x0000025e68b83000, 0x0000025e68b7d800,
0x0000025e68b84000, 0x0000025e68b7e800, 0x0000025e68b85000, 0x0000025e68b85800,
0x0000025e68b80000, 0x0000025e68b86800, 0x0000025e6314e000, 0x0000025e63153000
}

Java Threads: ( => current thread )
  0x0000025e4369e800 JavaThread "main" [_thread_blocked, id=14456, stack(0x0000006e98300000,0x0000006e98400000)]
  0x0000025e627a5800 JavaThread "Reference Handler" daemon [_thread_blocked, id=18452, stack(0x0000006e98a00000,0x0000006e98b00000)]
  0x0000025e627a7000 JavaThread "Finalizer" daemon [_thread_blocked, id=8052, stack(0x0000006e98b00000,0x0000006e98c00000)]
  0x0000025e627b1000 JavaThread "Signal Dispatcher" daemon [_thread_blocked, id=12828, stack(0x0000006e98c00000,0x0000006e98d00000)]
  0x0000025e627b3000 JavaThread "Attach Listener" daemon [_thread_blocked, id=17568, stack(0x0000006e98d00000,0x0000006e98e00000)]
  0x0000025e627b4000 JavaThread "Service Thread" daemon [_thread_blocked, id=14016, stack(0x0000006e98e00000,0x0000006e98f00000)]
  0x0000025e627b8000 JavaThread "C2 CompilerThread0" daemon [_thread_in_native, id=15444, stack(0x0000006e98f00000,0x0000006e99000000)]
  0x0000025e627db000 JavaThread "C1 CompilerThread0" daemon [_thread_blocked, id=11628, stack(0x0000006e99000000,0x0000006e99100000)]
  0x0000025e627e4800 JavaThread "Sweeper thread" daemon [_thread_blocked, id=7664, stack(0x0000006e99100000,0x0000006e99200000)]
  0x0000025e632a2000 JavaThread "Common-Cleaner" daemon [_thread_blocked, id=9736, stack(0x0000006e99200000,0x0000006e99300000)]
  0x0000025e63644800 JavaThread "Daemon health stats" [_thread_blocked, id=11752, stack(0x0000006e99500000,0x0000006e99600000)]
  0x0000025e65bff800 JavaThread "Incoming local TCP Connector on port 58593" [_thread_in_native, id=2136, stack(0x0000006e99400000,0x0000006e99500000)]
  0x0000025e65c76000 JavaThread "Daemon periodic checks" [_thread_blocked, id=1984, stack(0x0000006e99800000,0x0000006e99900000)]
  0x0000025e6474a000 JavaThread "Daemon" [_thread_blocked, id=15644, stack(0x0000006e99900000,0x0000006e99a00000)]
  0x0000025e63809000 JavaThread "Handler for socket connection from /127.0.0.1:58593 to /127.0.0.1:58594" [_thread_in_native, id=16092, stack(0x0000006e99a00000,0x0000006e99b00000)]
  0x0000025e66432000 JavaThread "Cancel handler" [_thread_blocked, id=9400, stack(0x0000006e99b00000,0x0000006e99c00000)]
  0x0000025e6623f800 JavaThread "Daemon worker" [_thread_blocked, id=15080, stack(0x0000006e99c00000,0x0000006e99d00000)]
  0x0000025e66240800 JavaThread "Asynchronous log dispatcher for DefaultDaemonConnection: socket connection from /127.0.0.1:58593 to /127.0.0.1:58594" [_thread_blocked, id=15364, stack(0x0000006e99d00000,0x0000006e99e00000)]
  0x0000025e6644d800 JavaThread "Daemon client event forwarder" [_thread_blocked, id=13428, stack(0x0000006e99f00000,0x0000006e9a000000)]
  0x0000025e663ce800 JavaThread "Cache worker for journal cache (C:\Users\boss3\.gradle\caches\journal-1)" [_thread_blocked, id=8028, stack(0x0000006e9a500000,0x0000006e9a600000)]
  0x0000025e663ca800 JavaThread "File lock request listener" [_thread_in_native, id=12508, stack(0x0000006e9a600000,0x0000006e9a700000)]
  0x0000025e663cb800 JavaThread "Cache worker for file hash cache (C:\Users\boss3\.gradle\caches\8.0.1\fileHashes)" [_thread_blocked, id=18540, stack(0x0000006e9a900000,0x0000006e9aa00000)]
  0x0000025e663c9000 JavaThread "File watcher server" daemon [_thread_in_native, id=12548, stack(0x0000006e9aa00000,0x0000006e9ab00000)]
  0x0000025e663ca000 JavaThread "File watcher consumer" daemon [_thread_blocked, id=9628, stack(0x0000006e9ab00000,0x0000006e9ac00000)]
  0x0000025e663cc000 JavaThread "Cache worker for checksums cache (C:\Users\boss3\todo\android\.gradle\8.0.1\checksums)" [_thread_blocked, id=17176, stack(0x0000006e9ac00000,0x0000006e9ad00000)]
  0x0000025e663cd000 JavaThread "Cache worker for cache directory md-rule (C:\Users\boss3\.gradle\caches\8.0.1\md-rule)" [_thread_blocked, id=904, stack(0x0000006e9ad00000,0x0000006e9ae00000)]
  0x0000025e663ce000 JavaThread "Cache worker for file content cache (C:\Users\boss3\.gradle\caches\8.0.1\fileContent)" [_thread_blocked, id=18284, stack(0x0000006e9ae00000,0x0000006e9af00000)]
  0x0000025e663cf800 JavaThread "Cache worker for file hash cache (C:\Users\boss3\todo\android\.gradle\8.0.1\fileHashes)" [_thread_blocked, id=2760, stack(0x0000006e9af00000,0x0000006e9b000000)]
  0x0000025e66ef7800 JavaThread "Cache worker for cache directory md-supplier (C:\Users\boss3\.gradle\caches\8.0.1\md-supplier)" [_thread_blocked, id=16380, stack(0x0000006e9b000000,0x0000006e9b100000)]
  0x0000025e66ef9800 JavaThread "Cache worker for execution history cache (C:\Users\boss3\.gradle\caches\8.0.1\executionHistory)" [_thread_blocked, id=7848, stack(0x0000006e9b100000,0x0000006e9b200000)]
  0x0000025e66ef8800 JavaThread "jar transforms" [_thread_blocked, id=8916, stack(0x0000006e9a800000,0x0000006e9a900000)]
  0x0000025e66efa000 JavaThread "jar transforms Thread 2" [_thread_blocked, id=19516, stack(0x0000006e9b200000,0x0000006e9b300000)]
  0x0000025e66efb800 JavaThread "jar transforms Thread 3" [_thread_blocked, id=17816, stack(0x0000006e9b300000,0x0000006e9b400000)]
  0x0000025e66ef6000 JavaThread "jar transforms Thread 4" [_thread_blocked, id=6456, stack(0x0000006e9b400000,0x0000006e9b500000)]
  0x0000025e66f02800 JavaThread "Cache worker for kotlin-dsl (C:\Users\boss3\.gradle\caches\8.0.1\kotlin-dsl)" [_thread_blocked, id=16848, stack(0x0000006e98000000,0x0000006e98100000)]
  0x0000025e66efc800 JavaThread "jar transforms Thread 5" [_thread_blocked, id=13852, stack(0x0000006e98100000,0x0000006e98200000)]
  0x0000025e66f03000 JavaThread "jar transforms Thread 6" [_thread_blocked, id=4544, stack(0x0000006e98200000,0x0000006e98300000)]
  0x0000025e66efd800 JavaThread "Cache worker for dependencies-accessors (C:\Users\boss3\todo\android\.gradle\8.0.1\dependencies-accessors)" [_thread_blocked, id=6656, stack(0x0000006e99e00000,0x0000006e99f00000)]
  0x0000025e66f01800 JavaThread "Cache worker for Build Output Cleanup Cache (C:\Users\boss3\todo\node_modules\@react-native\gradle-plugin\.gradle\buildOutputCleanup)" [_thread_blocked, id=7652, stack(0x0000006e9b500000,0x0000006e9b600000)]
  0x0000025e66f00800 JavaThread "jar transforms Thread 7" [_thread_blocked, id=5972, stack(0x0000006e9b600000,0x0000006e9b700000)]
  0x0000025e66eff000 JavaThread "File lock release action executor Thread 2" [_thread_blocked, id=11580, stack(0x0000006e9b900000,0x0000006e9ba00000)]
  0x0000025e66f04000 JavaThread "Unconstrained build operations" [_thread_blocked, id=20280, stack(0x0000006e9b700000,0x0000006e9b800000)]
  0x0000025e66efe000 JavaThread "Unconstrained build operations Thread 2" [_thread_blocked, id=17696, stack(0x0000006e9b800000,0x0000006e9b900000)]
  0x0000025e66f00000 JavaThread "Unconstrained build operations Thread 3" [_thread_blocked, id=10516, stack(0x0000006e9ba00000,0x0000006e9bb00000)]
  0x0000025e6a23c000 JavaThread "Unconstrained build operations Thread 4" [_thread_blocked, id=16204, stack(0x0000006e9bb00000,0x0000006e9bc00000)]
  0x0000025e6a23d000 JavaThread "Unconstrained build operations Thread 5" [_thread_blocked, id=13988, stack(0x0000006e9bc00000,0x0000006e9bd00000)]
  0x0000025e6a23e000 JavaThread "Unconstrained build operations Thread 6" [_thread_blocked, id=16908, stack(0x0000006e9bd00000,0x0000006e9be00000)]
  0x0000025e6a238000 JavaThread "Unconstrained build operations Thread 7" [_thread_blocked, id=20232, stack(0x0000006e9be00000,0x0000006e9bf00000)]
  0x0000025e6a23b800 JavaThread "Unconstrained build operations Thread 8" [_thread_blocked, id=5080, stack(0x0000006e9bf00000,0x0000006e9c000000)]
  0x0000025e6a23e800 JavaThread "Unconstrained build operations Thread 9" [_thread_blocked, id=14956, stack(0x0000006e9c000000,0x0000006e9c100000)]
  0x0000025e6a239000 JavaThread "Unconstrained build operations Thread 10" [_thread_blocked, id=16796, stack(0x0000006e9c100000,0x0000006e9c200000)]
  0x0000025e6a23a800 JavaThread "Unconstrained build operations Thread 11" [_thread_blocked, id=19568, stack(0x0000006e9c200000,0x0000006e9c300000)]
  0x0000025e6a23f800 JavaThread "Unconstrained build operations Thread 12" [_thread_blocked, id=15724, stack(0x0000006e9c300000,0x0000006e9c400000)]
  0x0000025e6a23a000 JavaThread "Unconstrained build operations Thread 13" [_thread_blocked, id=13548, stack(0x0000006e9c400000,0x0000006e9c500000)]
  0x0000025e6a241000 JavaThread "Unconstrained build operations Thread 14" [_thread_blocked, id=9380, stack(0x0000006e9c500000,0x0000006e9c600000)]
  0x0000025e6a242000 JavaThread "Unconstrained build operations Thread 15" [_thread_blocked, id=6260, stack(0x0000006e9c600000,0x0000006e9c700000)]
  0x0000025e6a244800 JavaThread "Unconstrained build operations Thread 16" [_thread_blocked, id=19184, stack(0x0000006e9c700000,0x0000006e9c800000)]
  0x0000025e6a243000 JavaThread "Unconstrained build operations Thread 17" [_thread_blocked, id=9280, stack(0x0000006e9c800000,0x0000006e9c900000)]
  0x0000025e6a245000 JavaThread "Unconstrained build operations Thread 18" [_thread_blocked, id=5400, stack(0x0000006e9c900000,0x0000006e9ca00000)]
  0x0000025e6a243800 JavaThread "Unconstrained build operations Thread 19" [_thread_blocked, id=6924, stack(0x0000006e9ca00000,0x0000006e9cb00000)]
  0x0000025e6a246000 JavaThread "Unconstrained build operations Thread 20" [_thread_blocked, id=20112, stack(0x0000006e9cb00000,0x0000006e9cc00000)]
  0x0000025e6a240800 JavaThread "Unconstrained build operations Thread 21" [_thread_blocked, id=17872, stack(0x0000006e9cc00000,0x0000006e9cd00000)]
  0x0000025e6a247000 JavaThread "Unconstrained build operations Thread 22" [_thread_blocked, id=7228, stack(0x0000006e9cd00000,0x0000006e9ce00000)]
  0x0000025e63c8a000 JavaThread "Unconstrained build operations Thread 23" [_thread_blocked, id=17364, stack(0x0000006e9ce00000,0x0000006e9cf00000)]
  0x0000025e63c8b000 JavaThread "Unconstrained build operations Thread 24" [_thread_blocked, id=2448, stack(0x0000006e9cf00000,0x0000006e9d000000)]
  0x0000025e63c8c000 JavaThread "Unconstrained build operations Thread 25" [_thread_blocked, id=11520, stack(0x0000006e9d000000,0x0000006e9d100000)]
  0x0000025e63c8c800 JavaThread "Unconstrained build operations Thread 26" [_thread_blocked, id=7828, stack(0x0000006e9d100000,0x0000006e9d200000)]
  0x0000025e63c8e000 JavaThread "jar transforms Thread 8" [_thread_blocked, id=6552, stack(0x0000006e9d200000,0x0000006e9d300000)]
  0x0000025e63c8d800 JavaThread "Memory manager" [_thread_blocked, id=19004, stack(0x0000006e9d300000,0x0000006e9d400000)]
  0x0000025e63c8f000 JavaThread "Cache worker for Build Output Cleanup Cache (C:\Users\boss3\todo\android\.gradle\buildOutputCleanup)" [_thread_blocked, id=12512, stack(0x0000006e9d400000,0x0000006e9d500000)]
  0x0000025e63c89800 JavaThread "included builds" [_thread_blocked, id=16048, stack(0x0000006e9d600000,0x0000006e9d700000)]
  0x0000025e63c92800 JavaThread "Execution worker" [_thread_blocked, id=14060, stack(0x0000006e9d700000,0x0000006e9d800000)]
  0x0000025e63c95800 JavaThread "Execution worker Thread 2" [_thread_blocked, id=11932, stack(0x0000006e9d800000,0x0000006e9d900000)]
  0x0000025e63c91800 JavaThread "Execution worker Thread 3" [_thread_blocked, id=15692, stack(0x0000006e9d900000,0x0000006e9da00000)]
  0x0000025e63c94800 JavaThread "Execution worker Thread 4" [_thread_in_Java, id=15632, stack(0x0000006e9da00000,0x0000006e9db00000)]
  0x0000025e63c94000 JavaThread "Execution worker Thread 5" [_thread_blocked, id=7968, stack(0x0000006e9db00000,0x0000006e9dc00000)]
  0x0000025e63c90000 JavaThread "Execution worker Thread 6" [_thread_blocked, id=17512, stack(0x0000006e9dc00000,0x0000006e9dd00000)]
  0x0000025e63c93000 JavaThread "Execution worker Thread 7" [_thread_blocked, id=10596, stack(0x0000006e9dd00000,0x0000006e9de00000)]
  0x0000025e63c96800 JavaThread "Cache worker for execution history cache (C:\Users\boss3\todo\node_modules\@react-native\gradle-plugin\.gradle\8.0.1\executionHistory)" [_thread_blocked, id=14040, stack(0x0000006e9de00000,0x0000006e9df00000)]
  0x0000025e63c90800 JavaThread "Unconstrained build operations Thread 27" [_thread_blocked, id=15816, stack(0x0000006e9d500000,0x0000006e9d600000)]
  0x0000025e63c98000 JavaThread "Unconstrained build operations Thread 28" [_thread_blocked, id=16804, stack(0x0000006e9df00000,0x0000006e9e000000)]
  0x0000025e63c97000 JavaThread "Unconstrained build operations Thread 29" [_thread_blocked, id=19924, stack(0x0000006e9e000000,0x0000006e9e100000)]
  0x0000025e63810800 JavaThread "Unconstrained build operations Thread 30" [_thread_blocked, id=12628, stack(0x0000006e9e100000,0x0000006e9e200000)]
  0x0000025e6380a800 JavaThread "Unconstrained build operations Thread 31" [_thread_blocked, id=4100, stack(0x0000006e9e200000,0x0000006e9e300000)]
  0x0000025e6380c000 JavaThread "Unconstrained build operations Thread 32" [_thread_blocked, id=5388, stack(0x0000006e9e300000,0x0000006e9e400000)]
  0x0000025e6380d000 JavaThread "Unconstrained build operations Thread 33" [_thread_blocked, id=14360, stack(0x0000006e9e400000,0x0000006e9e500000)]
  0x0000025e63811000 JavaThread "Unconstrained build operations Thread 34" [_thread_blocked, id=15456, stack(0x0000006e9e500000,0x0000006e9e600000)]
  0x0000025e6380e800 JavaThread "Unconstrained build operations Thread 35" [_thread_blocked, id=19768, stack(0x0000006e9e600000,0x0000006e9e700000)]
  0x0000025e6380f800 JavaThread "Unconstrained build operations Thread 36" [_thread_blocked, id=14896, stack(0x0000006e9e700000,0x0000006e9e800000)]
  0x0000025e6380b800 JavaThread "Unconstrained build operations Thread 37" [_thread_blocked, id=2748, stack(0x0000006e9e800000,0x0000006e9e900000)]
  0x0000025e63812000 JavaThread "Unconstrained build operations Thread 38" [_thread_blocked, id=8080, stack(0x0000006e9e900000,0x0000006e9ea00000)]
  0x0000025e63812800 JavaThread "Unconstrained build operations Thread 39" [_thread_blocked, id=6912, stack(0x0000006e9ea00000,0x0000006e9eb00000)]
  0x0000025e63813800 JavaThread "Unconstrained build operations Thread 40" [_thread_blocked, id=4980, stack(0x0000006e9eb00000,0x0000006e9ec00000)]
  0x0000025e6380e000 JavaThread "Unconstrained build operations Thread 41" [_thread_blocked, id=13652, stack(0x0000006e9ec00000,0x0000006e9ed00000)]
  0x0000025e63817800 JavaThread "Unconstrained build operations Thread 42" [_thread_blocked, id=14300, stack(0x0000006e9ed00000,0x0000006e9ee00000)]
  0x0000025e63817000 JavaThread "Unconstrained build operations Thread 43" [_thread_blocked, id=3860, stack(0x0000006e9ee00000,0x0000006e9ef00000)]
  0x0000025e63818800 JavaThread "Unconstrained build operations Thread 44" [_thread_blocked, id=9112, stack(0x0000006e9ef00000,0x0000006e9f000000)]
  0x0000025e63819800 JavaThread "Unconstrained build operations Thread 45" [_thread_blocked, id=5252, stack(0x0000006e9f000000,0x0000006e9f100000)]
  0x0000025e63816000 JavaThread "Unconstrained build operations Thread 46" [_thread_blocked, id=19168, stack(0x0000006e9f100000,0x0000006e9f200000)]
  0x0000025e63815000 JavaThread "Unconstrained build operations Thread 47" [_thread_blocked, id=5128, stack(0x0000006e9f200000,0x0000006e9f300000)]
  0x0000025e63814800 JavaThread "Unconstrained build operations Thread 48" [_thread_blocked, id=12972, stack(0x0000006e9f300000,0x0000006e9f400000)]
  0x0000025e68b48800 JavaThread "Unconstrained build operations Thread 49" [_thread_blocked, id=13032, stack(0x0000006e9f400000,0x0000006e9f500000)]
  0x0000025e68b4a000 JavaThread "Unconstrained build operations Thread 50" [_thread_blocked, id=17740, stack(0x0000006e9f500000,0x0000006e9f600000)]
  0x0000025e68b47000 JavaThread "Unconstrained build operations Thread 51" [_thread_blocked, id=1356, stack(0x0000006e9f600000,0x0000006e9f700000)]
  0x0000025e68b44800 JavaThread "Unconstrained build operations Thread 52" [_thread_blocked, id=15572, stack(0x0000006e9f800000,0x0000006e9f900000)]
  0x0000025e68b47800 JavaThread "Unconstrained build operations Thread 53" [_thread_blocked, id=20424, stack(0x0000006e9f900000,0x0000006e9fa00000)]
  0x0000025e68b4b000 JavaThread "Unconstrained build operations Thread 54" [_thread_blocked, id=4728, stack(0x0000006e9fa00000,0x0000006e9fb00000)]
  0x0000025e68b49800 JavaThread "Unconstrained build operations Thread 55" [_thread_blocked, id=11276, stack(0x0000006e9fb00000,0x0000006e9fc00000)]
  0x0000025e68b45800 JavaThread "Unconstrained build operations Thread 56" [_thread_blocked, id=10744, stack(0x0000006e9fc00000,0x0000006e9fd00000)]
  0x0000025e68b46000 JavaThread "Unconstrained build operations Thread 57" [_thread_blocked, id=19528, stack(0x0000006e9fd00000,0x0000006e9fe00000)]
  0x0000025e68b50000 JavaThread "Unconstrained build operations Thread 58" [_thread_blocked, id=15732, stack(0x0000006e9fe00000,0x0000006e9ff00000)]
  0x0000025e68b4e800 JavaThread "Unconstrained build operations Thread 59" [_thread_blocked, id=19928, stack(0x0000006e9ff00000,0x0000006ea0000000)]
  0x0000025e68b4c000 JavaThread "Unconstrained build operations Thread 60" [_thread_blocked, id=15304, stack(0x0000006ea0000000,0x0000006ea0100000)]
  0x0000025e68b4f000 JavaThread "Unconstrained build operations Thread 61" [_thread_blocked, id=8792, stack(0x0000006ea0100000,0x0000006ea0200000)]
  0x0000025e68b52800 JavaThread "Unconstrained build operations Thread 62" [_thread_blocked, id=10756, stack(0x0000006ea0200000,0x0000006ea0300000)]
  0x0000025e68b50800 JavaThread "Unconstrained build operations Thread 63" [_thread_blocked, id=4588, stack(0x0000006ea0300000,0x0000006ea0400000)]
  0x0000025e68b51800 JavaThread "Unconstrained build operations Thread 64" [_thread_blocked, id=14908, stack(0x0000006ea0400000,0x0000006ea0500000)]
  0x0000025e68b4c800 JavaThread "Unconstrained build operations Thread 65" [_thread_blocked, id=14232, stack(0x0000006ea0500000,0x0000006ea0600000)]
  0x0000025e68b53000 JavaThread "Unconstrained build operations Thread 66" [_thread_blocked, id=10148, stack(0x0000006ea0600000,0x0000006ea0700000)]
  0x0000025e68b4d800 JavaThread "Unconstrained build operations Thread 67" [_thread_blocked, id=14844, stack(0x0000006ea0700000,0x0000006ea0800000)]
  0x0000025e68b7f000 JavaThread "Unconstrained build operations Thread 68" [_thread_blocked, id=8308, stack(0x0000006ea0800000,0x0000006ea0900000)]
  0x0000025e68b7c000 JavaThread "Unconstrained build operations Thread 69" [_thread_blocked, id=16576, stack(0x0000006ea0900000,0x0000006ea0a00000)]
  0x0000025e68b81000 JavaThread "Unconstrained build operations Thread 70" [_thread_blocked, id=7128, stack(0x0000006ea0a00000,0x0000006ea0b00000)]
  0x0000025e68b81800 JavaThread "Unconstrained build operations Thread 71" [_thread_blocked, id=18784, stack(0x0000006ea0b00000,0x0000006ea0c00000)]
  0x0000025e68b82800 JavaThread "Unconstrained build operations Thread 72" [_thread_blocked, id=4684, stack(0x0000006ea0c00000,0x0000006ea0d00000)]
  0x0000025e68b7c800 JavaThread "Unconstrained build operations Thread 73" [_thread_blocked, id=14500, stack(0x0000006ea0d00000,0x0000006ea0e00000)]
  0x0000025e68b83000 JavaThread "Unconstrained build operations Thread 74" [_thread_blocked, id=11660, stack(0x0000006ea0e00000,0x0000006ea0f00000)]
  0x0000025e68b7d800 JavaThread "Unconstrained build operations Thread 75" [_thread_blocked, id=16288, stack(0x0000006ea0f00000,0x0000006ea1000000)]
  0x0000025e68b84000 JavaThread "Unconstrained build operations Thread 76" [_thread_blocked, id=10420, stack(0x0000006ea1000000,0x0000006ea1100000)]
  0x0000025e68b7e800 JavaThread "Unconstrained build operations Thread 77" [_thread_blocked, id=13308, stack(0x0000006ea1100000,0x0000006ea1200000)]
  0x0000025e68b85000 JavaThread "Unconstrained build operations Thread 78" [_thread_blocked, id=10004, stack(0x0000006ea1200000,0x0000006ea1300000)]
  0x0000025e68b85800 JavaThread "Unconstrained build operations Thread 79" [_thread_blocked, id=14916, stack(0x0000006ea1300000,0x0000006ea1400000)]
  0x0000025e68b80000 JavaThread "Unconstrained build operations Thread 80" [_thread_blocked, id=16216, stack(0x0000006ea1400000,0x0000006ea1500000)]
  0x0000025e68b86800 JavaThread "Cache worker for execution history cache (C:\Users\boss3\todo\android\.gradle\8.0.1\executionHistory)" [_thread_blocked, id=3512, stack(0x0000006ea1600000,0x0000006ea1700000)]
  0x0000025e6314e000 JavaThread "C2 CompilerThread1" daemon [_thread_in_native, id=7244, stack(0x0000006e9f700000,0x0000006e9f800000)]
=>0x0000025e63153000 JavaThread "C2 CompilerThread2" daemon [_thread_in_native, id=18220, stack(0x0000006ea1500000,0x0000006ea1600000)]

Other Threads:
  0x0000025e62790800 VMThread "VM Thread" [stack: 0x0000006e98900000,0x0000006e98a00000] [id=19952]
  0x0000025e632da800 WatcherThread [stack: 0x0000006e99300000,0x0000006e99400000] [id=17180]
  0x0000025e436b9800 GCTaskThread "GC Thread#0" [stack: 0x0000006e98400000,0x0000006e98500000] [id=17272]
  0x0000025e6453a000 GCTaskThread "GC Thread#1" [stack: 0x0000006e99600000,0x0000006e99700000] [id=15608]
  0x0000025e6455f000 GCTaskThread "GC Thread#2" [stack: 0x0000006e99700000,0x0000006e99800000] [id=14860]
  0x0000025e64a3a800 GCTaskThread "GC Thread#3" [stack: 0x0000006e9a000000,0x0000006e9a100000] [id=14832]
  0x0000025e64368000 GCTaskThread "GC Thread#4" [stack: 0x0000006e9a100000,0x0000006e9a200000] [id=15524]
  0x0000025e649ab000 GCTaskThread "GC Thread#5" [stack: 0x0000006e9a200000,0x0000006e9a300000] [id=10296]
  0x0000025e65696800 GCTaskThread "GC Thread#6" [stack: 0x0000006e9a300000,0x0000006e9a400000] [id=11232]
  0x0000025e66416800 GCTaskThread "GC Thread#7" [stack: 0x0000006e9a400000,0x0000006e9a500000] [id=8004]
  0x0000025e436ec800 ConcurrentGCThread "G1 Main Marker" [stack: 0x0000006e98500000,0x0000006e98600000] [id=12772]
  0x0000025e436ee000 ConcurrentGCThread "G1 Conc#0" [stack: 0x0000006e98600000,0x0000006e98700000] [id=1864]
  0x0000025e63e76800 ConcurrentGCThread "G1 Conc#1" [stack: 0x0000006e9a700000,0x0000006e9a800000] [id=6512]
  0x0000025e62602800 ConcurrentGCThread "G1 Refine#0" [stack: 0x0000006e98700000,0x0000006e98800000] [id=15224]
  0x0000025e62603000 ConcurrentGCThread "G1 Young RemSet Sampling" [stack: 0x0000006e98800000,0x0000006e98900000] [id=14140]

Threads with active compile tasks:
C2 CompilerThread0   242505 12937   !   4       org.gradle.api.internal.provider.DefaultValueSourceProviderFactory$LazilyObtainedValue::obtain (145 bytes)
C1 CompilerThread0   242505 12959       3       org.gradle.api.internal.DefaultCollectionCallbackActionDecorator$1$$Lambda$836/0x00000001007d9040::get$Lambda (10 bytes)
C2 CompilerThread1   242505 12936       4       org.gradle.api.internal.provider.DefaultValueSourceProviderFactory$ValueSourceProvider::calculateOwnValue (14 bytes)
C2 CompilerThread2   242505 12938   !   4       org.gradle.api.internal.provider.DefaultProvider::calculateOwnValue (19 bytes)

VM state:not at safepoint (normal execution)

VM Mutex/Monitor currently owned by a thread: None

Heap address: 0x0000000080000000, size: 2048 MB, Compressed Oops mode: 32-bit
Narrow klass base: 0x0000000000000000, Narrow klass shift: 3
Compressed class space size: 528482304 Address: 0x0000000100000000

Heap:
 garbage-first heap   total 227328K, used 163258K [0x0000000080000000, 0x0000000100000000)
  region size 1024K, 13 young (13312K), 5 survivors (5120K)
 Metaspace       used 107983K, capacity 111574K, committed 111624K, reserved 612352K
  class space    used 14180K, capacity 15603K, committed 15616K, reserved 516096K
Heap Regions: E=young(eden), S=young(survivor), O=old, HS=humongous(starts), HC=humongous(continues), CS=collection set, F=free, A=archive, TAMS=top-at-mark-start (previous, next)
|   0|0x0000000080000000, 0x0000000080100000, 0x0000000080100000|100%|HS|  |TAMS 0x0000000080100000, 0x0000000080000000| Complete 
|   1|0x0000000080100000, 0x0000000080200000, 0x0000000080200000|100%|HC|  |TAMS 0x0000000080200000, 0x0000000080100000| Complete 
|   2|0x0000000080200000, 0x0000000080300000, 0x0000000080300000|100%|HC|  |TAMS 0x0000000080300000, 0x0000000080200000| Complete 
|   3|0x0000000080300000, 0x0000000080400000, 0x0000000080400000|100%|HC|  |TAMS 0x0000000080400000, 0x0000000080300000| Complete 
|   4|0x0000000080400000, 0x0000000080500000, 0x0000000080500000|100%| O|  |TAMS 0x0000000080500000, 0x0000000080400000| Untracked 
|   5|0x0000000080500000, 0x0000000080600000, 0x0000000080600000|100%| O|  |TAMS 0x0000000080600000, 0x0000000080500000| Untracked 
|   6|0x0000000080600000, 0x0000000080700000, 0x0000000080700000|100%| O|  |TAMS 0x0000000080700000, 0x0000000080600000| Untracked 
|   7|0x0000000080700000, 0x0000000080800000, 0x0000000080800000|100%| O|  |TAMS 0x0000000080800000, 0x0000000080700000| Untracked 
|   8|0x0000000080800000, 0x0000000080900000, 0x0000000080900000|100%| O|  |TAMS 0x0000000080900000, 0x0000000080800000| Untracked 
|   9|0x0000000080900000, 0x0000000080a00000, 0x0000000080a00000|100%| O|  |TAMS 0x0000000080a00000, 0x0000000080900000| Untracked 
|  10|0x0000000080a00000, 0x0000000080b00000, 0x0000000080b00000|100%| O|  |TAMS 0x0000000080b00000, 0x0000000080a00000| Untracked 
|  11|0x0000000080b00000, 0x0000000080c00000, 0x0000000080c00000|100%| O|  |TAMS 0x0000000080c00000, 0x0000000080b00000| Untracked 
|  12|0x0000000080c00000, 0x0000000080d00000, 0x0000000080d00000|100%| O|  |TAMS 0x0000000080d00000, 0x0000000080c00000| Untracked 
|  13|0x0000000080d00000, 0x0000000080e00000, 0x0000000080e00000|100%| O|  |TAMS 0x0000000080e00000, 0x0000000080d00000| Untracked 
|  14|0x0000000080e00000, 0x0000000080f00000, 0x0000000080f00000|100%| O|  |TAMS 0x0000000080f00000, 0x0000000080e00000| Untracked 
|  15|0x0000000080f00000, 0x0000000081000000, 0x0000000081000000|100%| O|  |TAMS 0x0000000081000000, 0x0000000080f00000| Untracked 
|  16|0x0000000081000000, 0x0000000081100000, 0x0000000081100000|100%| O|  |TAMS 0x0000000081100000, 0x0000000081000000| Untracked 
|  17|0x0000000081100000, 0x0000000081200000, 0x0000000081200000|100%| O|  |TAMS 0x0000000081200000, 0x0000000081100000| Untracked 
|  18|0x0000000081200000, 0x0000000081300000, 0x0000000081300000|100%| O|  |TAMS 0x0000000081300000, 0x0000000081200000| Untracked 
|  19|0x0000000081300000, 0x0000000081400000, 0x0000000081400000|100%| O|  |TAMS 0x0000000081400000, 0x0000000081300000| Untracked 
|  20|0x0000000081400000, 0x0000000081500000, 0x0000000081500000|100%| O|  |TAMS 0x0000000081500000, 0x0000000081400000| Untracked 
|  21|0x0000000081500000, 0x0000000081600000, 0x0000000081600000|100%| O|  |TAMS 0x0000000081600000, 0x0000000081500000| Untracked 
|  22|0x0000000081600000, 0x0000000081700000, 0x0000000081700000|100%| O|  |TAMS 0x0000000081700000, 0x0000000081600000| Untracked 
|  23|0x0000000081700000, 0x0000000081800000, 0x0000000081800000|100%| O|  |TAMS 0x0000000081800000, 0x0000000081700000| Untracked 
|  24|0x0000000081800000, 0x0000000081900000, 0x0000000081900000|100%| O|  |TAMS 0x0000000081900000, 0x0000000081800000| Untracked 
|  25|0x0000000081900000, 0x0000000081a00000, 0x0000000081a00000|100%| O|  |TAMS 0x0000000081a00000, 0x0000000081900000| Untracked 
|  26|0x0000000081a00000, 0x0000000081b00000, 0x0000000081b00000|100%| O|  |TAMS 0x0000000081b00000, 0x0000000081a00000| Untracked 
|  27|0x0000000081b00000, 0x0000000081c00000, 0x0000000081c00000|100%| O|  |TAMS 0x0000000081c00000, 0x0000000081b00000| Untracked 
|  28|0x0000000081c00000, 0x0000000081d00000, 0x0000000081d00000|100%|HS|  |TAMS 0x0000000081d00000, 0x0000000081c00000| Complete 
|  29|0x0000000081d00000, 0x0000000081e00000, 0x0000000081e00000|100%|HC|  |TAMS 0x0000000081e00000, 0x0000000081d00000| Complete 
|  30|0x0000000081e00000, 0x0000000081f00000, 0x0000000081f00000|100%|HS|  |TAMS 0x0000000081f00000, 0x0000000081e00000| Complete 
|  31|0x0000000081f00000, 0x0000000082000000, 0x0000000082000000|100%|HC|  |TAMS 0x0000000082000000, 0x0000000081f00000| Complete 
|  32|0x0000000082000000, 0x0000000082100000, 0x0000000082100000|100%|HC|  |TAMS 0x0000000082100000, 0x0000000082000000| Complete 
|  33|0x0000000082100000, 0x0000000082200000, 0x0000000082200000|100%|HC|  |TAMS 0x0000000082200000, 0x0000000082100000| Complete 
|  34|0x0000000082200000, 0x0000000082300000, 0x0000000082300000|100%| O|  |TAMS 0x0000000082300000, 0x0000000082200000| Untracked 
|  35|0x0000000082300000, 0x0000000082400000, 0x0000000082400000|100%| O|  |TAMS 0x0000000082400000, 0x0000000082300000| Untracked 
|  36|0x0000000082400000, 0x0000000082500000, 0x0000000082500000|100%| O|  |TAMS 0x0000000082500000, 0x0000000082400000| Untracked 
|  37|0x0000000082500000, 0x0000000082600000, 0x0000000082600000|100%| O|  |TAMS 0x0000000082600000, 0x0000000082500000| Untracked 
|  38|0x0000000082600000, 0x0000000082700000, 0x0000000082700000|100%| O|  |TAMS 0x0000000082700000, 0x0000000082600000| Untracked 
|  39|0x0000000082700000, 0x0000000082800000, 0x0000000082800000|100%| O|  |TAMS 0x0000000082800000, 0x0000000082700000| Untracked 
|  40|0x0000000082800000, 0x0000000082900000, 0x0000000082900000|100%| O|  |TAMS 0x0000000082900000, 0x0000000082800000| Untracked 
|  41|0x0000000082900000, 0x0000000082a00000, 0x0000000082a00000|100%| O|  |TAMS 0x0000000082a00000, 0x0000000082900000| Untracked 
|  42|0x0000000082a00000, 0x0000000082b00000, 0x0000000082b00000|100%| O|  |TAMS 0x0000000082b00000, 0x0000000082a00000| Untracked 
|  43|0x0000000082b00000, 0x0000000082c00000, 0x0000000082c00000|100%| O|  |TAMS 0x0000000082c00000, 0x0000000082b00000| Untracked 
|  44|0x0000000082c00000, 0x0000000082d00000, 0x0000000082d00000|100%| O|  |TAMS 0x0000000082d00000, 0x0000000082c00000| Untracked 
|  45|0x0000000082d00000, 0x0000000082e00000, 0x0000000082e00000|100%| O|  |TAMS 0x0000000082e00000, 0x0000000082d00000| Untracked 
|  46|0x0000000082e00000, 0x0000000082f00000, 0x0000000082f00000|100%| O|  |TAMS 0x0000000082f00000, 0x0000000082e00000| Untracked 
|  47|0x0000000082f00000, 0x0000000083000000, 0x0000000083000000|100%| O|  |TAMS 0x0000000083000000, 0x0000000082f00000| Untracked 
|  48|0x0000000083000000, 0x0000000083100000, 0x0000000083100000|100%| O|  |TAMS 0x0000000083100000, 0x0000000083000000| Untracked 
|  49|0x0000000083100000, 0x0000000083200000, 0x0000000083200000|100%| O|  |TAMS 0x0000000083200000, 0x0000000083100000| Untracked 
|  50|0x0000000083200000, 0x0000000083300000, 0x0000000083300000|100%| O|  |TAMS 0x0000000083300000, 0x0000000083200000| Untracked 
|  51|0x0000000083300000, 0x0000000083400000, 0x0000000083400000|100%| O|  |TAMS 0x0000000083400000, 0x0000000083300000| Untracked 
|  52|0x0000000083400000, 0x0000000083500000, 0x0000000083500000|100%| O|  |TAMS 0x0000000083500000, 0x0000000083400000| Untracked 
|  53|0x0000000083500000, 0x0000000083600000, 0x0000000083600000|100%|HS|  |TAMS 0x0000000083600000, 0x0000000083500000| Complete 
|  54|0x0000000083600000, 0x0000000083700000, 0x0000000083700000|100%|HS|  |TAMS 0x0000000083700000, 0x0000000083600000| Complete 
|  55|0x0000000083700000, 0x0000000083800000, 0x0000000083800000|100%| O|  |TAMS 0x0000000083800000, 0x0000000083700000| Untracked 
|  56|0x0000000083800000, 0x0000000083900000, 0x0000000083900000|100%| O|  |TAMS 0x0000000083900000, 0x0000000083800000| Untracked 
|  57|0x0000000083900000, 0x0000000083a00000, 0x0000000083a00000|100%| O|  |TAMS 0x0000000083a00000, 0x0000000083900000| Untracked 
|  58|0x0000000083a00000, 0x0000000083b00000, 0x0000000083b00000|100%| O|  |TAMS 0x0000000083b00000, 0x0000000083a00000| Untracked 
|  59|0x0000000083b00000, 0x0000000083c00000, 0x0000000083c00000|100%| O|  |TAMS 0x0000000083c00000, 0x0000000083b00000| Untracked 
|  60|0x0000000083c00000, 0x0000000083d00000, 0x0000000083d00000|100%| O|  |TAMS 0x0000000083d00000, 0x0000000083c00000| Untracked 
|  61|0x0000000083d00000, 0x0000000083e00000, 0x0000000083e00000|100%| O|  |TAMS 0x0000000083e00000, 0x0000000083d00000| Untracked 
|  62|0x0000000083e00000, 0x0000000083f00000, 0x0000000083f00000|100%| O|  |TAMS 0x0000000083f00000, 0x0000000083e00000| Untracked 
|  63|0x0000000083f00000, 0x0000000084000000, 0x0000000084000000|100%| O|  |TAMS 0x0000000084000000, 0x0000000083f00000| Untracked 
|  64|0x0000000084000000, 0x0000000084100000, 0x0000000084100000|100%| O|  |TAMS 0x0000000084100000, 0x0000000084000000| Untracked 
|  65|0x0000000084100000, 0x0000000084200000, 0x0000000084200000|100%| O|  |TAMS 0x0000000084200000, 0x0000000084100000| Untracked 
|  66|0x0000000084200000, 0x0000000084300000, 0x0000000084300000|100%| O|  |TAMS 0x0000000084300000, 0x0000000084200000| Untracked 
|  67|0x0000000084300000, 0x0000000084400000, 0x0000000084400000|100%| O|  |TAMS 0x0000000084400000, 0x0000000084300000| Untracked 
|  68|0x0000000084400000, 0x0000000084500000, 0x0000000084500000|100%| O|  |TAMS 0x0000000084500000, 0x0000000084400000| Untracked 
|  69|0x0000000084500000, 0x0000000084600000, 0x0000000084600000|100%| O|  |TAMS 0x0000000084600000, 0x0000000084500000| Untracked 
|  70|0x0000000084600000, 0x0000000084700000, 0x0000000084700000|100%| O|  |TAMS 0x0000000084700000, 0x0000000084600000| Untracked 
|  71|0x0000000084700000, 0x0000000084800000, 0x0000000084800000|100%| O|  |TAMS 0x0000000084800000, 0x0000000084700000| Untracked 
|  72|0x0000000084800000, 0x0000000084900000, 0x0000000084900000|100%| O|  |TAMS 0x0000000084900000, 0x0000000084800000| Untracked 
|  73|0x0000000084900000, 0x0000000084a00000, 0x0000000084a00000|100%| O|  |TAMS 0x0000000084a00000, 0x0000000084900000| Untracked 
|  74|0x0000000084a00000, 0x0000000084b00000, 0x0000000084b00000|100%| O|  |TAMS 0x0000000084b00000, 0x0000000084a00000| Untracked 
|  75|0x0000000084b00000, 0x0000000084c00000, 0x0000000084c00000|100%| O|  |TAMS 0x0000000084c00000, 0x0000000084b00000| Untracked 
|  76|0x0000000084c00000, 0x0000000084d00000, 0x0000000084d00000|100%| O|  |TAMS 0x0000000084d00000, 0x0000000084c00000| Untracked 
|  77|0x0000000084d00000, 0x0000000084e00000, 0x0000000084e00000|100%| O|  |TAMS 0x0000000084e00000, 0x0000000084d00000| Untracked 
|  78|0x0000000084e00000, 0x0000000084f00000, 0x0000000084f00000|100%|HS|  |TAMS 0x0000000084f00000, 0x0000000084e00000| Complete 
|  79|0x0000000084f00000, 0x0000000085000000, 0x0000000085000000|100%|HC|  |TAMS 0x0000000085000000, 0x0000000084f00000| Complete 
|  80|0x0000000085000000, 0x0000000085100000, 0x0000000085100000|100%|HS|  |TAMS 0x0000000085100000, 0x0000000085000000| Complete 
|  81|0x0000000085100000, 0x0000000085200000, 0x0000000085200000|100%|HC|  |TAMS 0x0000000085200000, 0x0000000085100000| Complete 
|  82|0x0000000085200000, 0x0000000085300000, 0x0000000085300000|100%|HC|  |TAMS 0x0000000085300000, 0x0000000085200000| Complete 
|  83|0x0000000085300000, 0x0000000085400000, 0x0000000085400000|100%|HC|  |TAMS 0x0000000085400000, 0x0000000085300000| Complete 
|  84|0x0000000085400000, 0x0000000085500000, 0x0000000085500000|100%| O|  |TAMS 0x0000000085500000, 0x0000000085400000| Untracked 
|  85|0x0000000085500000, 0x0000000085600000, 0x0000000085600000|100%| O|  |TAMS 0x0000000085600000, 0x0000000085500000| Untracked 
|  86|0x0000000085600000, 0x0000000085700000, 0x0000000085700000|100%| O|  |TAMS 0x0000000085700000, 0x0000000085600000| Untracked 
|  87|0x0000000085700000, 0x0000000085800000, 0x0000000085800000|100%| O|  |TAMS 0x0000000085800000, 0x0000000085700000| Untracked 
|  88|0x0000000085800000, 0x0000000085900000, 0x0000000085900000|100%| O|  |TAMS 0x0000000085900000, 0x0000000085800000| Untracked 
|  89|0x0000000085900000, 0x0000000085a00000, 0x0000000085a00000|100%| O|  |TAMS 0x0000000085a00000, 0x0000000085900000| Untracked 
|  90|0x0000000085a00000, 0x0000000085b00000, 0x0000000085b00000|100%| O|  |TAMS 0x0000000085b00000, 0x0000000085a00000| Untracked 
|  91|0x0000000085b00000, 0x0000000085c00000, 0x0000000085c00000|100%| O|  |TAMS 0x0000000085c00000, 0x0000000085b00000| Untracked 
|  92|0x0000000085c00000, 0x0000000085d00000, 0x0000000085d00000|100%| O|  |TAMS 0x0000000085d00000, 0x0000000085c00000| Untracked 
|  93|0x0000000085d00000, 0x0000000085e00000, 0x0000000085e00000|100%|HS|  |TAMS 0x0000000085e00000, 0x0000000085d00000| Complete 
|  94|0x0000000085e00000, 0x0000000085f00000, 0x0000000085f00000|100%|HS|  |TAMS 0x0000000085f00000, 0x0000000085e00000| Complete 
|  95|0x0000000085f00000, 0x0000000086000000, 0x0000000086000000|100%| O|  |TAMS 0x0000000086000000, 0x0000000085f00000| Untracked 
|  96|0x0000000086000000, 0x0000000086100000, 0x0000000086100000|100%|HS|  |TAMS 0x0000000086100000, 0x0000000086000000| Complete 
|  97|0x0000000086100000, 0x0000000086200000, 0x0000000086200000|100%| O|  |TAMS 0x0000000086200000, 0x0000000086100000| Untracked 
|  98|0x0000000086200000, 0x0000000086300000, 0x0000000086300000|100%| O|  |TAMS 0x0000000086300000, 0x0000000086200000| Untracked 
|  99|0x0000000086300000, 0x0000000086400000, 0x0000000086400000|100%|HS|  |TAMS 0x0000000086400000, 0x0000000086300000| Complete 
| 100|0x0000000086400000, 0x0000000086500000, 0x0000000086500000|100%|HC|  |TAMS 0x0000000086500000, 0x0000000086400000| Complete 
| 101|0x0000000086500000, 0x0000000086600000, 0x0000000086600000|100%|HC|  |TAMS 0x0000000086600000, 0x0000000086500000| Complete 
| 102|0x0000000086600000, 0x0000000086700000, 0x0000000086700000|100%| O|  |TAMS 0x0000000086700000, 0x0000000086600000| Untracked 
| 103|0x0000000086700000, 0x0000000086800000, 0x0000000086800000|100%| O|  |TAMS 0x0000000086800000, 0x0000000086700000| Untracked 
| 104|0x0000000086800000, 0x0000000086900000, 0x0000000086900000|100%| O|  |TAMS 0x0000000086900000, 0x0000000086800000| Untracked 
| 105|0x0000000086900000, 0x0000000086a00000, 0x0000000086a00000|100%|HS|  |TAMS 0x0000000086a00000, 0x0000000086900000| Complete 
| 106|0x0000000086a00000, 0x0000000086b00000, 0x0000000086b00000|100%|HC|  |TAMS 0x0000000086b00000, 0x0000000086a00000| Complete 
| 107|0x0000000086b00000, 0x0000000086c00000, 0x0000000086c00000|100%| O|  |TAMS 0x0000000086c00000, 0x0000000086b00000| Untracked 
| 108|0x0000000086c00000, 0x0000000086d00000, 0x0000000086d00000|100%| O|  |TAMS 0x0000000086d00000, 0x0000000086c00000| Untracked 
| 109|0x0000000086d00000, 0x0000000086e00000, 0x0000000086e00000|100%| O|  |TAMS 0x0000000086e00000, 0x0000000086d00000| Untracked 
| 110|0x0000000086e00000, 0x0000000086f00000, 0x0000000086f00000|100%| O|  |TAMS 0x0000000086f00000, 0x0000000086e00000| Untracked 
| 111|0x0000000086f00000, 0x0000000087000000, 0x0000000087000000|100%| O|  |TAMS 0x0000000087000000, 0x0000000086f00000| Untracked 
| 112|0x0000000087000000, 0x0000000087100000, 0x0000000087100000|100%| O|  |TAMS 0x0000000087100000, 0x0000000087000000| Untracked 
| 113|0x0000000087100000, 0x0000000087200000, 0x0000000087200000|100%| O|  |TAMS 0x0000000087200000, 0x0000000087100000| Untracked 
| 114|0x0000000087200000, 0x0000000087300000, 0x0000000087300000|100%| O|  |TAMS 0x0000000087300000, 0x0000000087200000| Untracked 
| 115|0x0000000087300000, 0x0000000087400000, 0x0000000087400000|100%| O|  |TAMS 0x0000000087400000, 0x0000000087300000| Untracked 
| 116|0x0000000087400000, 0x0000000087500000, 0x0000000087500000|100%|HS|  |TAMS 0x0000000087500000, 0x0000000087400000| Complete 
| 117|0x0000000087500000, 0x0000000087600000, 0x0000000087600000|100%|HS|  |TAMS 0x0000000087600000, 0x0000000087500000| Complete 
| 118|0x0000000087600000, 0x0000000087700000, 0x0000000087700000|100%|HS|  |TAMS 0x0000000087700000, 0x0000000087600000| Complete 
| 119|0x0000000087700000, 0x0000000087800000, 0x0000000087800000|100%| O|  |TAMS 0x0000000087800000, 0x0000000087700000| Untracked 
| 120|0x0000000087800000, 0x0000000087900000, 0x0000000087900000|100%| O|  |TAMS 0x0000000087900000, 0x0000000087800000| Untracked 
| 121|0x0000000087900000, 0x0000000087a00000, 0x0000000087a00000|100%|HS|  |TAMS 0x0000000087a00000, 0x0000000087900000| Complete 
| 122|0x0000000087a00000, 0x0000000087b00000, 0x0000000087b00000|100%|HC|  |TAMS 0x0000000087b00000, 0x0000000087a00000| Complete 
| 123|0x0000000087b00000, 0x0000000087c00000, 0x0000000087c00000|100%|HC|  |TAMS 0x0000000087c00000, 0x0000000087b00000| Complete 
| 124|0x0000000087c00000, 0x0000000087d00000, 0x0000000087d00000|100%| O|  |TAMS 0x0000000087d00000, 0x0000000087c00000| Untracked 
| 125|0x0000000087d00000, 0x0000000087e00000, 0x0000000087e00000|100%| O|  |TAMS 0x0000000087e00000, 0x0000000087d00000| Untracked 
| 126|0x0000000087e00000, 0x0000000087f00000, 0x0000000087f00000|100%| O|  |TAMS 0x0000000087f00000, 0x0000000087e00000| Untracked 
| 127|0x0000000087f00000, 0x0000000088000000, 0x0000000088000000|100%| O|  |TAMS 0x0000000088000000, 0x0000000087f00000| Untracked 
| 128|0x0000000088000000, 0x0000000088100000, 0x0000000088100000|100%| O|  |TAMS 0x0000000088100000, 0x0000000088000000| Untracked 
| 129|0x0000000088100000, 0x0000000088200000, 0x0000000088200000|100%| O|  |TAMS 0x0000000088200000, 0x0000000088100000| Untracked 
| 130|0x0000000088200000, 0x0000000088300000, 0x0000000088300000|100%| O|  |TAMS 0x0000000088300000, 0x0000000088200000| Untracked 
| 131|0x0000000088300000, 0x0000000088400000, 0x0000000088400000|100%|HS|  |TAMS 0x0000000088400000, 0x0000000088300000| Complete 
| 132|0x0000000088400000, 0x0000000088500000, 0x0000000088500000|100%| O|  |TAMS 0x0000000088500000, 0x0000000088400000| Untracked 
| 133|0x0000000088500000, 0x0000000088600000, 0x0000000088600000|100%| O|  |TAMS 0x0000000088600000, 0x0000000088500000| Untracked 
| 134|0x0000000088600000, 0x0000000088700000, 0x0000000088700000|100%| O|  |TAMS 0x0000000088700000, 0x0000000088600000| Untracked 
| 135|0x0000000088700000, 0x0000000088800000, 0x0000000088800000|100%| O|  |TAMS 0x0000000088800000, 0x0000000088700000| Untracked 
| 136|0x0000000088800000, 0x0000000088900000, 0x0000000088900000|100%| O|  |TAMS 0x0000000088900000, 0x0000000088800000| Untracked 
| 137|0x0000000088900000, 0x0000000088a00000, 0x0000000088a00000|100%| O|  |TAMS 0x0000000088a00000, 0x0000000088900000| Untracked 
| 138|0x0000000088a00000, 0x0000000088b00000, 0x0000000088b00000|100%| O|  |TAMS 0x0000000088b00000, 0x0000000088a00000| Untracked 
| 139|0x0000000088b00000, 0x0000000088c00000, 0x0000000088c00000|100%| O|  |TAMS 0x0000000088c00000, 0x0000000088b00000| Untracked 
| 140|0x0000000088c00000, 0x0000000088d00000, 0x0000000088d00000|100%| O|  |TAMS 0x0000000088d00000, 0x0000000088c00000| Untracked 
| 141|0x0000000088d00000, 0x0000000088e00000, 0x0000000088e00000|100%| O|  |TAMS 0x0000000088e00000, 0x0000000088d00000| Untracked 
| 142|0x0000000088e00000, 0x0000000088f00000, 0x0000000088f00000|100%| O|  |TAMS 0x0000000088f00000, 0x0000000088e00000| Untracked 
| 143|0x0000000088f00000, 0x0000000089000000, 0x0000000089000000|100%| O|  |TAMS 0x0000000089000000, 0x0000000088f00000| Untracked 
| 144|0x0000000089000000, 0x0000000089100000, 0x0000000089100000|100%| O|  |TAMS 0x0000000089100000, 0x0000000089000000| Untracked 
| 145|0x0000000089100000, 0x0000000089200000, 0x0000000089200000|100%| O|  |TAMS 0x0000000089200000, 0x0000000089100000| Untracked 
| 146|0x0000000089200000, 0x0000000089300000, 0x0000000089300000|100%| O|  |TAMS 0x0000000089300000, 0x0000000089200000| Untracked 
| 147|0x0000000089300000, 0x000000008936ea00, 0x0000000089400000| 43%| O|  |TAMS 0x000000008936ea00, 0x0000000089300000| Untracked 
| 148|0x0000000089400000, 0x0000000089400000, 0x0000000089500000|  0%| F|  |TAMS 0x0000000089400000, 0x0000000089400000| Untracked 
| 149|0x0000000089500000, 0x0000000089500000, 0x0000000089600000|  0%| F|  |TAMS 0x0000000089500000, 0x0000000089500000| Untracked 
| 150|0x0000000089600000, 0x0000000089600000, 0x0000000089700000|  0%| F|  |TAMS 0x0000000089600000, 0x0000000089600000| Untracked 
| 151|0x0000000089700000, 0x0000000089700000, 0x0000000089800000|  0%| F|  |TAMS 0x0000000089700000, 0x0000000089700000| Untracked 
| 152|0x0000000089800000, 0x0000000089800000, 0x0000000089900000|  0%| F|  |TAMS 0x0000000089800000, 0x0000000089800000| Untracked 
| 153|0x0000000089900000, 0x0000000089900000, 0x0000000089a00000|  0%| F|  |TAMS 0x0000000089900000, 0x0000000089900000| Untracked 
| 154|0x0000000089a00000, 0x0000000089a00000, 0x0000000089b00000|  0%| F|  |TAMS 0x0000000089a00000, 0x0000000089a00000| Untracked 
| 155|0x0000000089b00000, 0x0000000089b00000, 0x0000000089c00000|  0%| F|  |TAMS 0x0000000089b00000, 0x0000000089b00000| Untracked 
| 156|0x0000000089c00000, 0x0000000089c00000, 0x0000000089d00000|  0%| F|  |TAMS 0x0000000089c00000, 0x0000000089c00000| Untracked 
| 157|0x0000000089d00000, 0x0000000089d00000, 0x0000000089e00000|  0%| F|  |TAMS 0x0000000089d00000, 0x0000000089d00000| Untracked 
| 158|0x0000000089e00000, 0x0000000089e00000, 0x0000000089f00000|  0%| F|  |TAMS 0x0000000089e00000, 0x0000000089e00000| Untracked 
| 159|0x0000000089f00000, 0x0000000089f00000, 0x000000008a000000|  0%| F|  |TAMS 0x0000000089f00000, 0x0000000089f00000| Untracked 
| 160|0x000000008a000000, 0x000000008a000000, 0x000000008a100000|  0%| F|  |TAMS 0x000000008a000000, 0x000000008a000000| Untracked 
| 161|0x000000008a100000, 0x000000008a100000, 0x000000008a200000|  0%| F|  |TAMS 0x000000008a100000, 0x000000008a100000| Untracked 
| 162|0x000000008a200000, 0x000000008a200000, 0x000000008a300000|  0%| F|  |TAMS 0x000000008a200000, 0x000000008a200000| Untracked 
| 163|0x000000008a300000, 0x000000008a300000, 0x000000008a400000|  0%| F|  |TAMS 0x000000008a300000, 0x000000008a300000| Untracked 
| 164|0x000000008a400000, 0x000000008a400000, 0x000000008a500000|  0%| F|  |TAMS 0x000000008a400000, 0x000000008a400000| Untracked 
| 165|0x000000008a500000, 0x000000008a500000, 0x000000008a600000|  0%| F|  |TAMS 0x000000008a500000, 0x000000008a500000| Untracked 
| 166|0x000000008a600000, 0x000000008a600000, 0x000000008a700000|  0%| F|  |TAMS 0x000000008a600000, 0x000000008a600000| Untracked 
| 167|0x000000008a700000, 0x000000008a700000, 0x000000008a800000|  0%| F|  |TAMS 0x000000008a700000, 0x000000008a700000| Untracked 
| 168|0x000000008a800000, 0x000000008a800000, 0x000000008a900000|  0%| F|  |TAMS 0x000000008a800000, 0x000000008a800000| Untracked 
| 169|0x000000008a900000, 0x000000008a900000, 0x000000008aa00000|  0%| F|  |TAMS 0x000000008a900000, 0x000000008a900000| Untracked 
| 170|0x000000008aa00000, 0x000000008aa00000, 0x000000008ab00000|  0%| F|  |TAMS 0x000000008aa00000, 0x000000008aa00000| Untracked 
| 171|0x000000008ab00000, 0x000000008ab00000, 0x000000008ac00000|  0%| F|  |TAMS 0x000000008ab00000, 0x000000008ab00000| Untracked 
| 172|0x000000008ac00000, 0x000000008ac00000, 0x000000008ad00000|  0%| F|  |TAMS 0x000000008ac00000, 0x000000008ac00000| Untracked 
| 173|0x000000008ad00000, 0x000000008ad00000, 0x000000008ae00000|  0%| F|  |TAMS 0x000000008ad00000, 0x000000008ad00000| Untracked 
| 174|0x000000008ae00000, 0x000000008ae00000, 0x000000008af00000|  0%| F|  |TAMS 0x000000008ae00000, 0x000000008ae00000| Untracked 
| 175|0x000000008af00000, 0x000000008af00000, 0x000000008b000000|  0%| F|  |TAMS 0x000000008af00000, 0x000000008af00000| Untracked 
| 176|0x000000008b000000, 0x000000008b000000, 0x000000008b100000|  0%| F|  |TAMS 0x000000008b000000, 0x000000008b000000| Untracked 
| 177|0x000000008b100000, 0x000000008b100000, 0x000000008b200000|  0%| F|  |TAMS 0x000000008b100000, 0x000000008b100000| Untracked 
| 178|0x000000008b200000, 0x000000008b200000, 0x000000008b300000|  0%| F|  |TAMS 0x000000008b200000, 0x000000008b200000| Untracked 
| 179|0x000000008b300000, 0x000000008b300000, 0x000000008b400000|  0%| F|  |TAMS 0x000000008b300000, 0x000000008b300000| Untracked 
| 180|0x000000008b400000, 0x000000008b400000, 0x000000008b500000|  0%| F|  |TAMS 0x000000008b400000, 0x000000008b400000| Untracked 
| 181|0x000000008b500000, 0x000000008b500000, 0x000000008b600000|  0%| F|  |TAMS 0x000000008b500000, 0x000000008b500000| Untracked 
| 182|0x000000008b600000, 0x000000008b600000, 0x000000008b700000|  0%| F|  |TAMS 0x000000008b600000, 0x000000008b600000| Untracked 
| 183|0x000000008b700000, 0x000000008b700000, 0x000000008b800000|  0%| F|  |TAMS 0x000000008b700000, 0x000000008b700000| Untracked 
| 184|0x000000008b800000, 0x000000008b900000, 0x000000008b900000|100%| S|CS|TAMS 0x000000008b800000, 0x000000008b800000| Complete 
| 185|0x000000008b900000, 0x000000008ba00000, 0x000000008ba00000|100%| S|CS|TAMS 0x000000008b900000, 0x000000008b900000| Complete 
| 186|0x000000008ba00000, 0x000000008bb00000, 0x000000008bb00000|100%| S|CS|TAMS 0x000000008ba00000, 0x000000008ba00000| Complete 
| 187|0x000000008bb00000, 0x000000008bb00000, 0x000000008bc00000|  0%| F|  |TAMS 0x000000008bb00000, 0x000000008bb00000| Untracked 
| 188|0x000000008bc00000, 0x000000008bc00000, 0x000000008bd00000|  0%| F|  |TAMS 0x000000008bc00000, 0x000000008bc00000| Untracked 
| 189|0x000000008bd00000, 0x000000008bd00000, 0x000000008be00000|  0%| F|  |TAMS 0x000000008bd00000, 0x000000008bd00000| Untracked 
| 190|0x000000008be00000, 0x000000008be00000, 0x000000008bf00000|  0%| F|  |TAMS 0x000000008be00000, 0x000000008be00000| Untracked 
| 191|0x000000008bf00000, 0x000000008c000000, 0x000000008c000000|100%| S|CS|TAMS 0x000000008bf00000, 0x000000008bf00000| Complete 
| 192|0x000000008c000000, 0x000000008c100000, 0x000000008c100000|100%| S|CS|TAMS 0x000000008c000000, 0x000000008c000000| Complete 
| 193|0x000000008c100000, 0x000000008c100000, 0x000000008c200000|  0%| F|  |TAMS 0x000000008c100000, 0x000000008c100000| Untracked 
| 194|0x000000008c200000, 0x000000008c200000, 0x000000008c300000|  0%| F|  |TAMS 0x000000008c200000, 0x000000008c200000| Untracked 
| 195|0x000000008c300000, 0x000000008c300000, 0x000000008c400000|  0%| F|  |TAMS 0x000000008c300000, 0x000000008c300000| Untracked 
| 196|0x000000008c400000, 0x000000008c400000, 0x000000008c500000|  0%| F|  |TAMS 0x000000008c400000, 0x000000008c400000| Untracked 
| 197|0x000000008c500000, 0x000000008c500000, 0x000000008c600000|  0%| F|  |TAMS 0x000000008c500000, 0x000000008c500000| Untracked 
| 198|0x000000008c600000, 0x000000008c600000, 0x000000008c700000|  0%| F|  |TAMS 0x000000008c600000, 0x000000008c600000| Untracked 
| 199|0x000000008c700000, 0x000000008c700000, 0x000000008c800000|  0%| F|  |TAMS 0x000000008c700000, 0x000000008c700000| Untracked 
| 200|0x000000008c800000, 0x000000008c800000, 0x000000008c900000|  0%| F|  |TAMS 0x000000008c800000, 0x000000008c800000| Untracked 
| 201|0x000000008c900000, 0x000000008c900000, 0x000000008ca00000|  0%| F|  |TAMS 0x000000008c900000, 0x000000008c900000| Untracked 
| 202|0x000000008ca00000, 0x000000008ca00000, 0x000000008cb00000|  0%| F|  |TAMS 0x000000008ca00000, 0x000000008ca00000| Untracked 
| 203|0x000000008cb00000, 0x000000008cb00000, 0x000000008cc00000|  0%| F|  |TAMS 0x000000008cb00000, 0x000000008cb00000| Untracked 
| 204|0x000000008cc00000, 0x000000008cc00000, 0x000000008cd00000|  0%| F|  |TAMS 0x000000008cc00000, 0x000000008cc00000| Untracked 
| 205|0x000000008cd00000, 0x000000008cd00000, 0x000000008ce00000|  0%| F|  |TAMS 0x000000008cd00000, 0x000000008cd00000| Untracked 
| 206|0x000000008ce00000, 0x000000008ce00000, 0x000000008cf00000|  0%| F|  |TAMS 0x000000008ce00000, 0x000000008ce00000| Untracked 
| 207|0x000000008cf00000, 0x000000008cf00000, 0x000000008d000000|  0%| F|  |TAMS 0x000000008cf00000, 0x000000008cf00000| Untracked 
| 208|0x000000008d000000, 0x000000008d000000, 0x000000008d100000|  0%| F|  |TAMS 0x000000008d000000, 0x000000008d000000| Untracked 
| 209|0x000000008d100000, 0x000000008d100000, 0x000000008d200000|  0%| F|  |TAMS 0x000000008d100000, 0x000000008d100000| Untracked 
| 210|0x000000008d200000, 0x000000008d200000, 0x000000008d300000|  0%| F|  |TAMS 0x000000008d200000, 0x000000008d200000| Untracked 
| 211|0x000000008d300000, 0x000000008d300000, 0x000000008d400000|  0%| F|  |TAMS 0x000000008d300000, 0x000000008d300000| Untracked 
| 212|0x000000008d400000, 0x000000008d400000, 0x000000008d500000|  0%| F|  |TAMS 0x000000008d400000, 0x000000008d400000| Untracked 
| 213|0x000000008d500000, 0x000000008d500000, 0x000000008d600000|  0%| F|  |TAMS 0x000000008d500000, 0x000000008d500000| Untracked 
| 214|0x000000008d600000, 0x000000008d6fabb0, 0x000000008d700000| 97%| E|  |TAMS 0x000000008d600000, 0x000000008d600000| Complete 
| 215|0x000000008d700000, 0x000000008d800000, 0x000000008d800000|100%| E|CS|TAMS 0x000000008d700000, 0x000000008d700000| Complete 
| 216|0x000000008d800000, 0x000000008d900000, 0x000000008d900000|100%| E|CS|TAMS 0x000000008d800000, 0x000000008d800000| Complete 
| 217|0x000000008d900000, 0x000000008da00000, 0x000000008da00000|100%| E|CS|TAMS 0x000000008d900000, 0x000000008d900000| Complete 
| 218|0x000000008da00000, 0x000000008db00000, 0x000000008db00000|100%| E|CS|TAMS 0x000000008da00000, 0x000000008da00000| Complete 
| 219|0x000000008db00000, 0x000000008dc00000, 0x000000008dc00000|100%| E|CS|TAMS 0x000000008db00000, 0x000000008db00000| Complete 
| 220|0x000000008dc00000, 0x000000008dd00000, 0x000000008dd00000|100%| E|CS|TAMS 0x000000008dc00000, 0x000000008dc00000| Complete 
| 221|0x000000008dd00000, 0x000000008de00000, 0x000000008de00000|100%| E|CS|TAMS 0x000000008dd00000, 0x000000008dd00000| Complete 

Card table byte_map: [0x0000025e5b550000,0x0000025e5b950000] _byte_map_base: 0x0000025e5b150000

Marking Bits (Prev, Next): (CMBitMap*) 0x0000025e436e3a10, (CMBitMap*) 0x0000025e436e39d8
 Prev Bits: [0x0000025e5dd50000, 0x0000025e5fd50000)
 Next Bits: [0x0000025e5bd50000, 0x0000025e5dd50000)

Polling page: 0x0000025e414c0000

Metaspace:

Usage:
  Non-class:     93.72 MB capacity,    91.61 MB ( 98%) used,     1.76 MB (  2%) free+waste,   351.06 KB ( <1%) overhead. 
      Class:     15.24 MB capacity,    13.85 MB ( 91%) used,     1.23 MB (  8%) free+waste,   162.00 KB (  1%) overhead. 
       Both:    108.96 MB capacity,   105.46 MB ( 97%) used,     2.99 MB (  3%) free+waste,   513.06 KB ( <1%) overhead. 

Virtual space:
  Non-class space:       94.00 MB reserved,      93.76 MB (>99%) committed 
      Class space:      504.00 MB reserved,      15.25 MB (  3%) committed 
             Both:      598.00 MB reserved,     109.01 MB ( 18%) committed 

Chunk freelists:
   Non-Class:  37.00 KB
       Class:  13.00 KB
        Both:  50.00 KB

MaxMetaspaceSize: 512.00 MB
CompressedClassSpaceSize: 504.00 MB
Initial GC threshold: 20.80 MB
Current GC threshold: 181.68 MB
CDS: off

CodeHeap 'non-profiled nmethods': size=120000Kb used=8673Kb max_used=8673Kb free=111326Kb
 bounds [0x0000025e538f0000, 0x0000025e54170000, 0x0000025e5ae20000]
CodeHeap 'profiled nmethods': size=120000Kb used=29101Kb max_used=29101Kb free=90899Kb
 bounds [0x0000025e4c3c0000, 0x0000025e4e030000, 0x0000025e538f0000]
CodeHeap 'non-nmethods': size=5760Kb used=2407Kb max_used=2455Kb free=3352Kb
 bounds [0x0000025e4be20000, 0x0000025e4c0a0000, 0x0000025e4c3c0000]
 total_blobs=13860 nmethods=12926 adapters=843
 compilation: enabled
              stopped_count=0, restarted_count=0
 full_count=0

Compilation events (20 events):
Event: 241.960 Thread 0x0000025e627db000 12941       3       org.gradle.api.internal.WithEstimatedSize$Estimates::isKnownToHaveConstantTimeSizeMethod (33 bytes)
Event: 241.960 Thread 0x0000025e627db000 nmethod 12941 0x0000025e4e01d810 code [0x0000025e4e01d9c0, 0x0000025e4e01dbf8]
Event: 241.960 Thread 0x0000025e627db000 12942       3       org.gradle.api.internal.artifacts.dependencies.DefaultExternalModuleDependency_Decorated::getName (39 bytes)
Event: 241.961 Thread 0x0000025e627db000 nmethod 12942 0x0000025e4e01dc90 code [0x0000025e4e01dee0, 0x0000025e4e01e6e8]
Event: 241.961 Thread 0x0000025e627db000 12943       3       org.gradle.internal.ImmutableActionSet$SingletonSet::addOne (42 bytes)
Event: 241.961 Thread 0x0000025e627db000 nmethod 12943 0x0000025e4e01ea10 code [0x0000025e4e01ec20, 0x0000025e4e01f408]
Event: 241.961 Thread 0x0000025e627db000 12945       3       org.gradle.api.internal.collections.DefaultCollectionEventRegister::filtered (11 bytes)
Event: 241.962 Thread 0x0000025e627db000 nmethod 12945 0x0000025e4e01f610 code [0x0000025e4e01f7e0, 0x0000025e4e01fb58]
Event: 241.962 Thread 0x0000025e627db000 12944       3       org.gradle.api.internal.artifacts.dependencies.AbstractExternalModuleDependency::hashCode (58 bytes)
Event: 241.962 Thread 0x0000025e627db000 nmethod 12944 0x0000025e4e01fc90 code [0x0000025e4e01fec0, 0x0000025e4e0204d8]
Event: 241.964 Thread 0x0000025e627db000 12946       3       org.gradle.api.internal.CompositeDomainObjectSet$DomainObjectCompositeCollection::iterator (58 bytes)
Event: 241.964 Thread 0x0000025e627db000 nmethod 12946 0x0000025e4e020690 code [0x0000025e4e0208c0, 0x0000025e4e020fb8]
Event: 241.965 Thread 0x0000025e627db000 12947       3       org.gradle.api.internal.collections.FilteredCollection::iterator (32 bytes)
Event: 241.965 Thread 0x0000025e627db000 nmethod 12947 0x0000025e4e021190 code [0x0000025e4e021360, 0x0000025e4e0215f8]
Event: 241.966 Thread 0x0000025e627db000 12948       3       org.gradle.api.internal.DelegatingDomainObjectSet::iterator (10 bytes)
Event: 241.966 Thread 0x0000025e627db000 nmethod 12948 0x0000025e4e021710 code [0x0000025e4e0218c0, 0x0000025e4e021a88]
Event: 241.966 Thread 0x0000025e627db000 12949       3       org.gradle.api.internal.DelegatingDomainObjectSet::matching (11 bytes)
Event: 241.966 Thread 0x0000025e627db000 nmethod 12949 0x0000025e4e021b90 code [0x0000025e4e021d40, 0x0000025e4e021f08]
Event: 241.967 Thread 0x0000025e627db000 12950       3       org.gradle.api.internal.DefaultDomainObjectCollection::size (10 bytes)
Event: 241.967 Thread 0x0000025e627db000 nmethod 12950 0x0000025e4e022010 code [0x0000025e4e0221c0, 0x0000025e4e022388]

GC Heap History (20 events):
Event: 234.769 GC heap before
{Heap before GC invocations=77 (full 0):
 garbage-first heap   total 189440K, used 142557K [0x0000000080000000, 0x0000000100000000)
  region size 1024K, 13 young (13312K), 3 survivors (3072K)
 Metaspace       used 98361K, capacity 101691K, committed 101896K, reserved 604160K
  class space    used 12905K, capacity 14209K, committed 14336K, reserved 516096K
}
Event: 234.774 GC heap after
{Heap after GC invocations=78 (full 0):
 garbage-first heap   total 189440K, used 135724K [0x0000000080000000, 0x0000000100000000)
  region size 1024K, 3 young (3072K), 3 survivors (3072K)
 Metaspace       used 98361K, capacity 101691K, committed 101896K, reserved 604160K
  class space    used 12905K, capacity 14209K, committed 14336K, reserved 516096K
}
Event: 236.564 GC heap before
{Heap before GC invocations=79 (full 0):
 garbage-first heap   total 189440K, used 153132K [0x0000000080000000, 0x0000000100000000)
  region size 1024K, 20 young (20480K), 3 survivors (3072K)
 Metaspace       used 99270K, capacity 102681K, committed 103048K, reserved 606208K
  class space    used 13023K, capacity 14346K, committed 14464K, reserved 516096K
}
Event: 236.568 GC heap after
{Heap after GC invocations=80 (full 0):
 garbage-first heap   total 189440K, used 139868K [0x0000000080000000, 0x0000000100000000)
  region size 1024K, 3 young (3072K), 3 survivors (3072K)
 Metaspace       used 99270K, capacity 102681K, committed 103048K, reserved 606208K
  class space    used 13023K, capacity 14346K, committed 14464K, reserved 516096K
}
Event: 236.854 GC heap before
{Heap before GC invocations=80 (full 0):
 garbage-first heap   total 189440K, used 155228K [0x0000000080000000, 0x0000000100000000)
  region size 1024K, 19 young (19456K), 3 survivors (3072K)
 Metaspace       used 99957K, capacity 103380K, committed 103560K, reserved 606208K
  class space    used 13110K, capacity 14451K, committed 14464K, reserved 516096K
}
Event: 236.860 GC heap after
{Heap after GC invocations=81 (full 0):
 garbage-first heap   total 189440K, used 141556K [0x0000000080000000, 0x0000000100000000)
  region size 1024K, 2 young (2048K), 2 survivors (2048K)
 Metaspace       used 99957K, capacity 103380K, committed 103560K, reserved 606208K
  class space    used 13110K, capacity 14451K, committed 14464K, reserved 516096K
}
Event: 237.297 GC heap before
{Heap before GC invocations=82 (full 0):
 garbage-first heap   total 189440K, used 157940K [0x0000000080000000, 0x0000000100000000)
  region size 1024K, 18 young (18432K), 2 survivors (2048K)
 Metaspace       used 100598K, capacity 103928K, committed 104200K, reserved 606208K
  class space    used 13185K, capacity 14523K, committed 14592K, reserved 516096K
}
Event: 237.304 GC heap after
{Heap after GC invocations=83 (full 0):
 garbage-first heap   total 189440K, used 144124K [0x0000000080000000, 0x0000000100000000)
  region size 1024K, 3 young (3072K), 3 survivors (3072K)
 Metaspace       used 100598K, capacity 103928K, committed 104200K, reserved 606208K
  class space    used 13185K, capacity 14523K, committed 14592K, reserved 516096K
}
Event: 237.461 GC heap before
{Heap before GC invocations=83 (full 0):
 garbage-first heap   total 189440K, used 150268K [0x0000000080000000, 0x0000000100000000)
  region size 1024K, 9 young (9216K), 3 survivors (3072K)
 Metaspace       used 100651K, capacity 104058K, committed 104200K, reserved 606208K
  class space    used 13185K, capacity 14523K, committed 14592K, reserved 516096K
}
Event: 237.469 GC heap after
{Heap after GC invocations=84 (full 0):
 garbage-first heap   total 189440K, used 145480K [0x0000000080000000, 0x0000000100000000)
  region size 1024K, 2 young (2048K), 2 survivors (2048K)
 Metaspace       used 100651K, capacity 104058K, committed 104200K, reserved 606208K
  class space    used 13185K, capacity 14523K, committed 14592K, reserved 516096K
}
Event: 237.710 GC heap before
{Heap before GC invocations=84 (full 0):
 garbage-first heap   total 189440K, used 159816K [0x0000000080000000, 0x0000000100000000)
  region size 1024K, 16 young (16384K), 2 survivors (2048K)
 Metaspace       used 101202K, capacity 104640K, committed 104840K, reserved 608256K
  class space    used 13287K, capacity 14650K, committed 14720K, reserved 516096K
}
Event: 237.720 GC heap after
{Heap after GC invocations=85 (full 0):
 garbage-first heap   total 189440K, used 146293K [0x0000000080000000, 0x0000000100000000)
  region size 1024K, 1 young (1024K), 1 survivors (1024K)
 Metaspace       used 101202K, capacity 104640K, committed 104840K, reserved 608256K
  class space    used 13287K, capacity 14650K, committed 14720K, reserved 516096K
}
Event: 238.272 GC heap before
{Heap before GC invocations=86 (full 0):
 garbage-first heap   total 189440K, used 160629K [0x0000000080000000, 0x0000000100000000)
  region size 1024K, 15 young (15360K), 1 survivors (1024K)
 Metaspace       used 102011K, capacity 105425K, committed 105736K, reserved 608256K
  class space    used 13408K, capacity 14734K, committed 14848K, reserved 516096K
}
Event: 238.282 GC heap after
{Heap after GC invocations=87 (full 0):
 garbage-first heap   total 227328K, used 146731K [0x0000000080000000, 0x0000000100000000)
  region size 1024K, 2 young (2048K), 2 survivors (2048K)
 Metaspace       used 102011K, capacity 105425K, committed 105736K, reserved 608256K
  class space    used 13408K, capacity 14734K, committed 14848K, reserved 516096K
}
Event: 238.637 GC heap before
{Heap before GC invocations=87 (full 0):
 garbage-first heap   total 227328K, used 155947K [0x0000000080000000, 0x0000000100000000)
  region size 1024K, 11 young (11264K), 2 survivors (2048K)
 Metaspace       used 102544K, capacity 106004K, committed 106248K, reserved 608256K
  class space    used 13483K, capacity 14836K, committed 14848K, reserved 516096K
}
Event: 238.654 GC heap after
{Heap after GC invocations=88 (full 0):
 garbage-first heap   total 227328K, used 147263K [0x0000000080000000, 0x0000000100000000)
  region size 1024K, 2 young (2048K), 2 survivors (2048K)
 Metaspace       used 102544K, capacity 106004K, committed 106248K, reserved 608256K
  class space    used 13483K, capacity 14836K, committed 14848K, reserved 516096K
}
Event: 239.976 GC heap before
{Heap before GC invocations=88 (full 0):
 garbage-first heap   total 227328K, used 173887K [0x0000000080000000, 0x0000000100000000)
  region size 1024K, 28 young (28672K), 2 survivors (2048K)
 Metaspace       used 104222K, capacity 107749K, committed 107912K, reserved 610304K
  class space    used 13715K, capacity 15114K, committed 15232K, reserved 516096K
}
Event: 239.985 GC heap after
{Heap after GC invocations=89 (full 0):
 garbage-first heap   total 227328K, used 148686K [0x0000000080000000, 0x0000000100000000)
  region size 1024K, 3 young (3072K), 3 survivors (3072K)
 Metaspace       used 104222K, capacity 107749K, committed 107912K, reserved 610304K
  class space    used 13715K, capacity 15114K, committed 15232K, reserved 516096K
}
Event: 241.285 GC heap before
{Heap before GC invocations=90 (full 0):
 garbage-first heap   total 227328K, used 177358K [0x0000000080000000, 0x0000000100000000)
  region size 1024K, 31 young (31744K), 3 survivors (3072K)
 Metaspace       used 106261K, capacity 109821K, committed 109960K, reserved 612352K
  class space    used 13970K, capacity 15387K, committed 15488K, reserved 516096K
}
Event: 241.293 GC heap after
{Heap after GC invocations=91 (full 0):
 garbage-first heap   total 227328K, used 151254K [0x0000000080000000, 0x0000000100000000)
  region size 1024K, 4 young (4096K), 4 survivors (4096K)
 Metaspace       used 106261K, capacity 109821K, committed 109960K, reserved 612352K
  class space    used 13970K, capacity 15387K, committed 15488K, reserved 516096K
}

Deoptimization events (20 events):
Event: 241.814 Thread 0x0000025e63c94800 DEOPT PACKING pc=0x0000025e54157508 sp=0x0000006e9daf9070
Event: 241.814 Thread 0x0000025e63c94800 DEOPT UNPACKING pc=0x0000025e4be6a1af sp=0x0000006e9daf9020 mode 2
Event: 241.839 Thread 0x0000025e63c94800 DEOPT PACKING pc=0x0000025e4dff0f3a sp=0x0000006e9daf9ee0
Event: 241.839 Thread 0x0000025e63c94800 DEOPT UNPACKING pc=0x0000025e4be6a95e sp=0x0000006e9daf9388 mode 0
Event: 241.861 Thread 0x0000025e63c94800 Uncommon trap: trap_request=0xffffffd6 fr.pc=0x0000025e5415bf7c relative=0x0000000000000a3c
Event: 241.861 Thread 0x0000025e63c94800 Uncommon trap: reason=array_check action=maybe_recompile pc=0x0000025e5415bf7c method=com.google.common.collect.RegularImmutableMap.fromEntryArrayCheckingBucketOverflow(I[Ljava/util/Map$Entry;Z)Lcom/google/common/collect/ImmutableMap; @ 216 c2
Event: 241.861 Thread 0x0000025e63c94800 DEOPT PACKING pc=0x0000025e5415bf7c sp=0x0000006e9daf8f00
Event: 241.861 Thread 0x0000025e63c94800 DEOPT UNPACKING pc=0x0000025e4be6a1af sp=0x0000006e9daf8eb0 mode 2
Event: 241.861 Thread 0x0000025e63c94800 Uncommon trap: trap_request=0xffffffd6 fr.pc=0x0000025e5415bf7c relative=0x0000000000000a3c
Event: 241.861 Thread 0x0000025e63c94800 Uncommon trap: reason=array_check action=maybe_recompile pc=0x0000025e5415bf7c method=com.google.common.collect.RegularImmutableMap.fromEntryArrayCheckingBucketOverflow(I[Ljava/util/Map$Entry;Z)Lcom/google/common/collect/ImmutableMap; @ 216 c2
Event: 241.861 Thread 0x0000025e63c94800 DEOPT PACKING pc=0x0000025e5415bf7c sp=0x0000006e9daf8f70
Event: 241.861 Thread 0x0000025e63c94800 DEOPT UNPACKING pc=0x0000025e4be6a1af sp=0x0000006e9daf8f20 mode 2
Event: 241.862 Thread 0x0000025e63c94800 Uncommon trap: trap_request=0xffffffd6 fr.pc=0x0000025e5415bf7c relative=0x0000000000000a3c
Event: 241.862 Thread 0x0000025e63c94800 Uncommon trap: reason=array_check action=maybe_recompile pc=0x0000025e5415bf7c method=com.google.common.collect.RegularImmutableMap.fromEntryArrayCheckingBucketOverflow(I[Ljava/util/Map$Entry;Z)Lcom/google/common/collect/ImmutableMap; @ 216 c2
Event: 241.862 Thread 0x0000025e63c94800 DEOPT PACKING pc=0x0000025e5415bf7c sp=0x0000006e9daf8f00
Event: 241.862 Thread 0x0000025e63c94800 DEOPT UNPACKING pc=0x0000025e4be6a1af sp=0x0000006e9daf8eb0 mode 2
Event: 241.862 Thread 0x0000025e63c94800 Uncommon trap: trap_request=0xffffffd6 fr.pc=0x0000025e5415bf7c relative=0x0000000000000a3c
Event: 241.862 Thread 0x0000025e63c94800 Uncommon trap: reason=array_check action=maybe_recompile pc=0x0000025e5415bf7c method=com.google.common.collect.RegularImmutableMap.fromEntryArrayCheckingBucketOverflow(I[Ljava/util/Map$Entry;Z)Lcom/google/common/collect/ImmutableMap; @ 216 c2
Event: 241.862 Thread 0x0000025e63c94800 DEOPT PACKING pc=0x0000025e5415bf7c sp=0x0000006e9daf8f70
Event: 241.862 Thread 0x0000025e63c94800 DEOPT UNPACKING pc=0x0000025e4be6a1af sp=0x0000006e9daf8f20 mode 2

Classes redefined (0 events):
No events

Internal exceptions (20 events):
Event: 236.718 Thread 0x0000025e6623f800 Exception <a 'java/lang/ClassNotFoundException'{0x000000008aefa8a0}: org/jetbrains/kotlin/gradle/targets/js/npm/DefaultPeerNpmDependencyExtension$delegate$1BeanInfo> (0x000000008aefa8a0) thrown at [./src/hotspot/share/classfile/systemDictionary.cpp, line 230]
Event: 236.719 Thread 0x0000025e6623f800 Exception <a 'java/lang/ClassNotFoundException'{0x000000008ad2d310}: org/jetbrains/kotlin/gradle/targets/js/npm/DefaultPeerNpmDependencyExtension$delegate$1Customizer> (0x000000008ad2d310) thrown at [./src/hotspot/share/classfile/systemDictionary.cpp, line 230]
Event: 236.799 Thread 0x0000025e6623f800 Exception <a 'java/lang/ClassNotFoundException'{0x000000008adfd540}: build_etl91hv8v572lcpxetyjk0n0h$_run_closure1BeanInfo> (0x000000008adfd540) thrown at [./src/hotspot/share/classfile/systemDictionary.cpp, line 230]
Event: 236.800 Thread 0x0000025e6623f800 Exception <a 'java/lang/ClassNotFoundException'{0x000000008ac13a48}: build_etl91hv8v572lcpxetyjk0n0h$_run_closure1Customizer> (0x000000008ac13a48) thrown at [./src/hotspot/share/classfile/systemDictionary.cpp, line 230]
Event: 236.813 Thread 0x0000025e6623f800 Exception <a 'java/lang/ClassNotFoundException'{0x000000008ab218b8}: org/jetbrains/kotlin/gradle/plugin/sources/DefaultKotlinSourceSetBeanInfo> (0x000000008ab218b8) thrown at [./src/hotspot/share/classfile/systemDictionary.cpp, line 230]
Event: 236.814 Thread 0x0000025e6623f800 Exception <a 'java/lang/ClassNotFoundException'{0x000000008ab51b78}: org/jetbrains/kotlin/gradle/plugin/sources/DefaultKotlinSourceSetCustomizer> (0x000000008ab51b78) thrown at [./src/hotspot/share/classfile/systemDictionary.cpp, line 230]
Event: 236.824 Thread 0x0000025e6623f800 Exception <a 'java/lang/ClassNotFoundException'{0x000000008aa11538}: build_etl91hv8v572lcpxetyjk0n0h$_run_closure1$_closure8BeanInfo> (0x000000008aa11538) thrown at [./src/hotspot/share/classfile/systemDictionary.cpp, line 230]
Event: 236.824 Thread 0x0000025e6623f800 Exception <a 'java/lang/ClassNotFoundException'{0x000000008aa2bb00}: build_etl91hv8v572lcpxetyjk0n0h$_run_closure1$_closure8Customizer> (0x000000008aa2bb00) thrown at [./src/hotspot/share/classfile/systemDictionary.cpp, line 230]
Event: 237.005 Thread 0x0000025e6623f800 Exception <a 'java/lang/NoClassDefFoundError'{0x000000008b3da930}: org/jetbrains/kotlin/gradle/plugin/KotlinBasePluginWrapper> (0x000000008b3da930) thrown at [./src/hotspot/share/oops/constantPool.cpp, line 775]
Event: 237.529 Thread 0x0000025e6623f800 Implicit null exception at 0x0000025e54011aa1 to 0x0000025e540197ec
Event: 237.588 Thread 0x0000025e63c94800 Exception <a 'java/lang/NoSuchMethodError'{0x000000008b46a628}: 'void java.lang.invoke.DirectMethodHandle$Holder.invokeVirtual(java.lang.Object, java.lang.Object)'> (0x000000008b46a628) thrown at [./src/hotspot/share/interpreter/linkResolver.cpp, line 773]
Event: 238.290 Thread 0x0000025e63c94800 Implicit null exception at 0x0000025e540b51ce to 0x0000025e540b58d8
Event: 238.425 Thread 0x0000025e63c94800 Implicit null exception at 0x0000025e540c0130 to 0x0000025e540c01f0
Event: 238.521 Thread 0x0000025e63c94800 Implicit null exception at 0x0000025e540c1e87 to 0x0000025e540c1f67
Event: 238.678 Thread 0x0000025e63c94800 Implicit null exception at 0x0000025e540c5fc0 to 0x0000025e540c6074
Event: 239.184 Thread 0x0000025e63c94800 Exception <a 'java/lang/NoSuchMethodError'{0x000000008d11a580}: 'java.lang.Object java.lang.invoke.DirectMethodHandle$Holder.invokeStatic(java.lang.Object, java.lang.Object, java.lang.Object, java.lang.Object, java.lang.Object, java.lang.Object, int)'> (0x000000008d11a580) thrown at [./src/hotspot/share/interpreter/linkResolver.cpp, line 773]
Event: 239.189 Thread 0x0000025e63c94800 Exception <a 'java/lang/NoSuchMethodError'{0x000000008d131d80}: 'java.lang.Object java.lang.invoke.DirectMethodHandle$Holder.invokeStatic(java.lang.Object, java.lang.Object, java.lang.Object, java.lang.Object, java.lang.Object, java.lang.Object, int, int)'> (0x000000008d131d80) thrown at [./src/hotspot/share/interpreter/linkResolver.cpp, line 773]
Event: 239.192 Thread 0x0000025e63c94800 Exception <a 'java/lang/NoSuchMethodError'{0x000000008d14a338}: 'java.lang.Object java.lang.invoke.DirectMethodHandle$Holder.invokeStatic(java.lang.Object, java.lang.Object, java.lang.Object, java.lang.Object, java.lang.Object, java.lang.Object, int, int, java.lang.Object)'> (0x000000008d14a338) thrown at [./src/hotspot/share/interpreter/linkResolver.cpp, line 773]
Event: 239.563 Thread 0x0000025e63c94800 Implicit null exception at 0x0000025e541064b4 to 0x0000025e54106d78
Event: 240.668 Thread 0x0000025e63c94800 Exception <a 'java/lang/NoSuchMethodError'{0x000000008cfd8330}: 'int java.lang.invoke.DirectMethodHandle$Holder.invokeStatic(java.lang.Object, int, int, java.lang.Object)'> (0x000000008cfd8330) thrown at [./src/hotspot/share/interpreter/linkResolver.cpp, line 773]

Events (20 events):
Event: 241.724 Executing VM operation: RevokeBias
Event: 241.725 Executing VM operation: RevokeBias done
Event: 241.727 Executing VM operation: RevokeBias
Event: 241.728 Executing VM operation: RevokeBias done
Event: 241.734 loading class org/jetbrains/kotlin/tooling/KotlinToolingMetadata
Event: 241.734 loading class org/jetbrains/kotlin/tooling/KotlinToolingMetadata done
Event: 241.735 loading class org/jetbrains/kotlin/gradle/tooling/BuildKotlinToolingMetadataTask$Companion
Event: 241.735 loading class org/jetbrains/kotlin/gradle/tooling/BuildKotlinToolingMetadataTask$Companion done
Event: 241.740 loading class org/jetbrains/kotlin/gradle/tooling/BuildKotlinToolingMetadataTask$kotlinToolingMetadata$2
Event: 241.740 loading class org/jetbrains/kotlin/gradle/tooling/BuildKotlinToolingMetadataTask$kotlinToolingMetadata$2 done
Event: 241.918 loading class org/jetbrains/kotlin/gradle/targets/android/FindAndroidTargetKt
Event: 241.918 loading class org/jetbrains/kotlin/gradle/targets/android/FindAndroidTargetKt done
Event: 241.970 loading class org/gradle/api/tasks/SourceTask
Event: 241.970 loading class org/gradle/api/tasks/SourceTask done
Event: 242.009 loading class org/jetbrains/kotlin/gradle/tasks/SourceRoots
Event: 242.009 loading class org/jetbrains/kotlin/gradle/tasks/SourceRoots done
Event: 242.028 loading class org/jetbrains/kotlin/gradle/tasks/SourceRoots$ForJvm
Event: 242.028 loading class org/jetbrains/kotlin/gradle/tasks/SourceRoots$ForJvm done
Event: 242.093 loading class org/jetbrains/kotlin/gradle/tasks/FilteringSourceRootsContainer
Event: 242.093 loading class org/jetbrains/kotlin/gradle/tasks/FilteringSourceRootsContainer done


Dynamic libraries:
0x00007ff6793a0000 - 0x00007ff6793ad000 	C:\Program Files\Microsoft\jdk-11.0.18.10-hotspot\bin\java.exe
0x00007ffa006b0000 - 0x00007ffa008a8000 	C:\Windows\SYSTEM32\ntdll.dll
0x00007ff9fe7e0000 - 0x00007ff9fe89f000 	C:\Windows\System32\KERNEL32.DLL
0x00007ff9fe050000 - 0x00007ff9fe346000 	C:\Windows\System32\KERNELBASE.dll
0x00007ff9fe510000 - 0x00007ff9fe610000 	C:\Windows\System32\ucrtbase.dll
0x00007ff9d47d0000 - 0x00007ff9d47e7000 	C:\Program Files\Microsoft\jdk-11.0.18.10-hotspot\bin\jli.dll
0x00007ff9d3bf0000 - 0x00007ff9d3c05000 	C:\Program Files\Microsoft\jdk-11.0.18.10-hotspot\bin\VCRUNTIME140.dll
0x00007ff9fed70000 - 0x00007ff9fef0d000 	C:\Windows\System32\USER32.dll
0x00007ff9fe020000 - 0x00007ff9fe042000 	C:\Windows\System32\win32u.dll
0x00007ff9e13d0000 - 0x00007ff9e166a000 	C:\Windows\WinSxS\amd64_microsoft.windows.common-controls_6595b64144ccf1df_6.0.19041.1110_none_60b5254171f9507e\COMCTL32.dll
0x00007ff9fed40000 - 0x00007ff9fed6c000 	C:\Windows\System32\GDI32.dll
0x00007ff9ff9a0000 - 0x00007ff9ffa3e000 	C:\Windows\System32\msvcrt.dll
0x00007ff9fe350000 - 0x00007ff9fe465000 	C:\Windows\System32\gdi32full.dll
0x00007ff9fe470000 - 0x00007ff9fe50d000 	C:\Windows\System32\msvcp_win.dll
0x00007ffa00310000 - 0x00007ffa00340000 	C:\Windows\System32\IMM32.DLL
0x00007ff9b9aa0000 - 0x00007ff9b9b3b000 	C:\Program Files\Microsoft\jdk-11.0.18.10-hotspot\bin\msvcp140.dll
0x00007ff9b67a0000 - 0x00007ff9b7332000 	C:\Program Files\Microsoft\jdk-11.0.18.10-hotspot\bin\server\jvm.dll
0x00007ff9ff850000 - 0x00007ff9ff8ff000 	C:\Windows\System32\ADVAPI32.dll
0x00007ff9ff900000 - 0x00007ff9ff99c000 	C:\Windows\System32\sechost.dll
0x00007ff9ff550000 - 0x00007ff9ff676000 	C:\Windows\System32\RPCRT4.dll
0x00007ff9fe8a0000 - 0x00007ff9fe8a8000 	C:\Windows\System32\PSAPI.DLL
0x00007ff9e5510000 - 0x00007ff9e5519000 	C:\Windows\SYSTEM32\WSOCK32.dll
0x00007ff9ef810000 - 0x00007ff9ef837000 	C:\Windows\SYSTEM32\WINMM.dll
0x00007ff9f6d20000 - 0x00007ff9f6d2a000 	C:\Windows\SYSTEM32\VERSION.dll
0x00007ff9ffa40000 - 0x00007ff9ffaab000 	C:\Windows\System32\WS2_32.dll
0x00007ff9fc580000 - 0x00007ff9fc592000 	C:\Windows\SYSTEM32\kernel.appcore.dll
0x00007ff9e5480000 - 0x00007ff9e5490000 	C:\Program Files\Microsoft\jdk-11.0.18.10-hotspot\bin\verify.dll
0x00007ff9fb9a0000 - 0x00007ff9fbb84000 	C:\Windows\SYSTEM32\DBGHELP.DLL
0x00007ff9ee8a0000 - 0x00007ff9ee8d4000 	C:\Windows\SYSTEM32\dbgcore.DLL
0x00007ff9fdef0000 - 0x00007ff9fdf72000 	C:\Windows\System32\bcryptPrimitives.dll
0x00007ff9d2e70000 - 0x00007ff9d2e98000 	C:\Program Files\Microsoft\jdk-11.0.18.10-hotspot\bin\java.dll
0x00007ff9e1ed0000 - 0x00007ff9e1eda000 	C:\Program Files\Microsoft\jdk-11.0.18.10-hotspot\bin\jimage.dll
0x00007ff9d3bc0000 - 0x00007ff9d3bd8000 	C:\Program Files\Microsoft\jdk-11.0.18.10-hotspot\bin\zip.dll
0x00007ff9ffbc0000 - 0x00007ffa00304000 	C:\Windows\System32\SHELL32.dll
0x00007ff9fbdd0000 - 0x00007ff9fc564000 	C:\Windows\SYSTEM32\windows.storage.dll
0x00007ff9fe9e0000 - 0x00007ff9fed34000 	C:\Windows\System32\combase.dll
0x00007ff9fd610000 - 0x00007ff9fd63e000 	C:\Windows\SYSTEM32\Wldp.dll
0x00007ff9fef30000 - 0x00007ff9fefdd000 	C:\Windows\System32\SHCORE.dll
0x00007ff9fefe0000 - 0x00007ff9ff035000 	C:\Windows\System32\shlwapi.dll
0x00007ff9fdcc0000 - 0x00007ff9fdce5000 	C:\Windows\SYSTEM32\profapi.dll
0x00007ff9d2e50000 - 0x00007ff9d2e69000 	C:\Program Files\Microsoft\jdk-11.0.18.10-hotspot\bin\net.dll
0x00007ff9f5070000 - 0x00007ff9f517a000 	C:\Windows\SYSTEM32\WINHTTP.dll
0x00007ff9fd3f0000 - 0x00007ff9fd45a000 	C:\Windows\system32\mswsock.dll
0x00007ff9d1750000 - 0x00007ff9d1763000 	C:\Program Files\Microsoft\jdk-11.0.18.10-hotspot\bin\nio.dll
0x00007ff9e5bd0000 - 0x00007ff9e5bf7000 	C:\Users\boss3\.gradle\native\68d5fa5c4cc2d200863cafc0d521ce42e7d3e7ee720ec0a83991735586a16f82\windows-amd64\native-platform.dll
0x00007ff9e5a80000 - 0x00007ff9e5bc4000 	C:\Users\boss3\.gradle\native\e376f236ea51e6404a007f0833ffe2c6e607c4080706a723a18a27aeea778392\windows-amd64\native-platform-file-events.dll
0x00007ff9f3700000 - 0x00007ff9f3709000 	C:\Program Files\Microsoft\jdk-11.0.18.10-hotspot\bin\management.dll
0x00007ff9ef7c0000 - 0x00007ff9ef7cb000 	C:\Program Files\Microsoft\jdk-11.0.18.10-hotspot\bin\management_ext.dll
0x00007ff9fd7b0000 - 0x00007ff9fd7c8000 	C:\Windows\SYSTEM32\CRYPTSP.dll
0x00007ff9fcd30000 - 0x00007ff9fcd64000 	C:\Windows\system32\rsaenh.dll
0x00007ff9fdf80000 - 0x00007ff9fdfa7000 	C:\Windows\System32\bcrypt.dll
0x00007ff9fdc40000 - 0x00007ff9fdc6e000 	C:\Windows\SYSTEM32\USERENV.dll
0x00007ff9fd580000 - 0x00007ff9fd58c000 	C:\Windows\SYSTEM32\CRYPTBASE.dll
0x00007ff9fd100000 - 0x00007ff9fd13c000 	C:\Windows\SYSTEM32\IPHLPAPI.DLL
0x00007ff9ff040000 - 0x00007ff9ff048000 	C:\Windows\System32\NSI.dll
0x00007ff9f53e0000 - 0x00007ff9f53f7000 	C:\Windows\SYSTEM32\dhcpcsvc6.DLL
0x00007ff9f6220000 - 0x00007ff9f623d000 	C:\Windows\SYSTEM32\dhcpcsvc.DLL
0x00007ff9fd190000 - 0x00007ff9fd25a000 	C:\Windows\SYSTEM32\DNSAPI.dll

dbghelp: loaded successfully - version: 4.0.5 - missing functions: none
symbol engine: initialized successfully - sym options: 0x614 - pdb path: .;C:\Program Files\Microsoft\jdk-11.0.18.10-hotspot\bin;C:\Windows\SYSTEM32;C:\Windows\WinSxS\amd64_microsoft.windows.common-controls_6595b64144ccf1df_6.0.19041.1110_none_60b5254171f9507e;C:\Program Files\Microsoft\jdk-11.0.18.10-hotspot\bin\server;C:\Users\boss3\.gradle\native\68d5fa5c4cc2d200863cafc0d521ce42e7d3e7ee720ec0a83991735586a16f82\windows-amd64;C:\Users\boss3\.gradle\native\e376f236ea51e6404a007f0833ffe2c6e607c4080706a723a18a27aeea778392\windows-amd64

VM Arguments:
jvm_args: -XX:MaxMetaspaceSize=512m --add-opens=java.base/java.util=ALL-UNNAMED --add-opens=java.base/java.lang=ALL-UNNAMED --add-opens=java.base/java.lang.invoke=ALL-UNNAMED --add-opens=java.prefs/java.util.prefs=ALL-UNNAMED --add-opens=java.base/java.nio.charset=ALL-UNNAMED --add-opens=java.base/java.net=ALL-UNNAMED --add-opens=java.base/java.util.concurrent.atomic=ALL-UNNAMED -Xmx2048m -Dfile.encoding=windows-1252 -Duser.country=IN -Duser.language=en -Duser.variant 
java_command: org.gradle.launcher.daemon.bootstrap.GradleDaemon 8.0.1
java_class_path (initial): C:\Users\boss3\.gradle\wrapper\dists\gradle-8.0.1-all\aro4hu1c3oeioove7l0i4i14o\gradle-8.0.1\lib\gradle-launcher-8.0.1.jar
Launcher Type: SUN_STANDARD

[Global flags]
     intx CICompilerCount                          = 4                                         {product} {ergonomic}
   size_t CompressedClassSpaceSize                 = 528482304                                 {product} {ergonomic}
     uint ConcGCThreads                            = 2                                         {product} {ergonomic}
     uint G1ConcRefinementThreads                  = 8                                         {product} {ergonomic}
   size_t G1HeapRegionSize                         = 1048576                                   {product} {ergonomic}
    uintx GCDrainStackTargetSize                   = 64                                        {product} {ergonomic}
   size_t InitialHeapSize                          = 134217728                                 {product} {ergonomic}
   size_t MarkStackSize                            = 4194304                                   {product} {ergonomic}
   size_t MaxHeapSize                              = 2147483648                                {product} {command line}
   size_t MaxMetaspaceSize                         = 536870912                                 {product} {command line}
   size_t MaxNewSize                               = 1287651328                                {product} {ergonomic}
   size_t MinHeapDeltaBytes                        = 1048576                                   {product} {ergonomic}
    uintx NonNMethodCodeHeapSize                   = 5836300                                {pd product} {ergonomic}
    uintx NonProfiledCodeHeapSize                  = 122910970                              {pd product} {ergonomic}
    uintx ProfiledCodeHeapSize                     = 122910970                              {pd product} {ergonomic}
    uintx ReservedCodeCacheSize                    = 251658240                              {pd product} {ergonomic}
     bool SegmentedCodeCache                       = true                                      {product} {ergonomic}
     bool UseCompressedClassPointers               = true                                 {lp64_product} {ergonomic}
     bool UseCompressedOops                        = true                                 {lp64_product} {ergonomic}
     bool UseG1GC                                  = true                                      {product} {ergonomic}
     bool UseLargePagesIndividualAllocation        = false                                  {pd product} {ergonomic}

Logging:
Log output configuration:
 #0: stdout all=warning uptime,level,tags
 #1: stderr all=off uptime,level,tags

Environment Variables:
JAVA_HOME=C:\Program Files\Microsoft\jdk-11.0.18.10-hotspot\
CLASSPATH=C:\Users\boss3\todo\android\\gradle\wrapper\gradle-wrapper.jar
PATH=C:\Users\boss3\todo\node_modules\.bin;C:\Users\boss3\todo\node_modules\.bin;C:\Users\boss3\node_modules\.bin;C:\Users\node_modules\.bin;C:\node_modules\.bin;C:\Users\boss3\AppData\Roaming\nvm\v16.20.0\node_modules\npm\node_modules\@npmcli\run-script\lib\node-gyp-bin;C:\Program Files\Microsoft\jdk-11.0.18.10-hotspot\bin;C:\Program Files\Common Files\Oracle\Java\javapath;C:\Python311\Scripts\;C:\Python311\;C:\Windows\system32;C:\Windows;C:\Windows\System32\Wbem;C:\Windows\System32\WindowsPowerShell\v1.0\;C:\Windows\System32\OpenSSH\;C:\ProgramData\chocolatey\bin;C:\Program Files\Microsoft VS Code\bin;C:\Program Files\Git\cmd;C:\Program Files\Microsoft SQL Server\130\Tools\Binn\;C:\Program Files\Microsoft SQL Server\Client SDK\ODBC\170\Tools\Binn\;C:\Program Files (x86)\Microsoft SQL Server\160\DTS\Binn\;C:\Program Files\Azure Data Studio\bin;%NVM_HOME%;%NVM_SYMLINK%;C:\Program Files\dotnet\;C:\Program Files\PuTTY\;C:\Program Files (x86)\PuTTY\;C:\Users\boss3\AppData\Local\Microsoft\WindowsApps;C:\Users\boss3\AppData\Roaming\npm;C:\Users\boss3\AppData\Local\Android\Sdk\platform-tools;C:\Program Files\Azure Data Studio\bin;C:\Users\boss3\AppData\Local\Programs\mongosh\;C:\Users\boss3\AppData\Roaming\nvm;C:\Program Files\nodejs;C:\Users\boss3\.dotnet\tools
USERNAME=boss3
LANG=en_US.UTF-8
OS=Windows_NT
PROCESSOR_IDENTIFIER=Intel64 Family 6 Model 142 Stepping 10, GenuineIntel
TMP=C:\Users\boss3\AppData\Local\Temp
TEMP=C:\Users\boss3\AppData\Local\Temp



---------------  S Y S T E M  ---------------

OS: Windows 10 , 64 bit Build 19041 (10.0.19041.3155)
OS uptime: 2 days 16:22 hours
Hyper-V role detected

CPU:total 8 (initial active 8) (4 cores per cpu, 2 threads per core) family 6 model 142 stepping 10 microcode 0xf0, cmov, cx8, fxsr, mmx, sse, sse2, sse3, ssse3, sse4.1, sse4.2, popcnt, avx, avx2, aes, clmul, erms, 3dnowpref, lzcnt, ht, tsc, tscinvbit, bmi1, bmi2, adx, fma

Memory: 4k page, system-wide physical 8094M (969M free)
TotalPageFile size 10142M (AvailPageFile size 3M)
current process WorkingSet (physical memory assigned to process): 520M, peak: 520M
current process commit charge ("private bytes"): 580M, peak: 581M

vm_info: OpenJDK 64-Bit Server VM (11.0.18+10-LTS) for windows-amd64 JRE (11.0.18+10-LTS), built on Jan 18 2023 15:56:47 by "MicrosoftCorporation" with MS VC++ 15.9 (VS2017)

END.
