#
# There is insufficient memory for the Java Runtime Environment to continue.
# Native memory allocation (mmap) failed to map 67108864 bytes for Failed to commit area from 0x00000000fc000000 to 0x0000000100000000 of length 67108864.
# Possible reasons:
#   The system is out of physical RAM or swap space
#   The process is running with CompressedOops enabled, and the Java Heap may be blocking the growth of the native heap
# Possible solutions:
#   Reduce memory load on the system
#   Increase physical memory or swap space
#   Check if swap backing store is full
#   Decrease Java heap size (-Xmx/-Xms)
#   Decrease number of Java threads
#   Decrease Java thread stack sizes (-Xss)
#   Set larger code cache with -XX:ReservedCodeCacheSize=
# This output file may be truncated or incomplete.
#
#  Out of Memory Error (./src/hotspot/os/windows/os_windows.cpp:3386), pid=16292, tid=18408
#
# JRE version:  (11.0.18+10) (build )
# Java VM: OpenJDK 64-Bit Server VM (11.0.18+10-LTS, mixed mode, sharing, tiered, compressed oops, g1 gc, windows-amd64)
# No core dump will be written. Minidumps are not enabled by default on client versions of Windows
#

---------------  S U M M A R Y ------------

Command Line: -Xmx64m -Xms64m -Dorg.gradle.appname=gradlew org.gradle.wrapper.GradleWrapperMain tasks

Host: Intel(R) Core(TM) i5-8250U CPU @ 1.60GHz, 8 cores, 7G,  Windows 10 , 64 bit Build 19041 (10.0.19041.3155)
Time: Tue Jul  4 00:46:14 2023 India Standard Time elapsed time: 0.109478 seconds (0d 0h 0m 0s)

---------------  T H R E A D  ---------------

Current thread (0x000001f274ace000):  JavaThread "Unknown thread" [_thread_in_vm, id=18408, stack(0x0000004a04700000,0x0000004a04800000)]

Stack: [0x0000004a04700000,0x0000004a04800000]
Native frames: (J=compiled Java code, j=interpreted, Vv=VM code, C=native code)
V  [jvm.dll+0x62bf8a]
V  [jvm.dll+0x7b8fb9]
V  [jvm.dll+0x7ba6a8]
V  [jvm.dll+0x7bad83]
V  [jvm.dll+0x250248]
V  [jvm.dll+0x62929a]
V  [jvm.dll+0x61d855]
V  [jvm.dll+0x30c32c]
V  [jvm.dll+0x30c1b2]
V  [jvm.dll+0x310ec6]
V  [jvm.dll+0x356f0f]
V  [jvm.dll+0x356940]
V  [jvm.dll+0x2e9348]
V  [jvm.dll+0x2ea4a6]
V  [jvm.dll+0x792e07]
V  [jvm.dll+0x79458f]
V  [jvm.dll+0x363c69]
V  [jvm.dll+0x775d70]
V  [jvm.dll+0x3d297f]
V  [jvm.dll+0x3d4d11]
C  [jli.dll+0x5207]
C  [ucrtbase.dll+0x21bb2]
C  [KERNEL32.DLL+0x17614]
C  [ntdll.dll+0x526b1]


---------------  P R O C E S S  ---------------

Threads class SMR info:
_java_thread_list=0x000001f2749cf0d0, length=0, elements={
}

Java Threads: ( => current thread )

Other Threads:
  0x000001f274ae7800 GCTaskThread "GC Thread#0" [stack: 0x0000004a04800000,0x0000004a04900000] [id=12204]
  0x000001f274aef000 ConcurrentGCThread "G1 Main Marker" [stack: 0x0000004a04900000,0x0000004a04a00000] [id=15936]
  0x000001f274af1800 ConcurrentGCThread "G1 Conc#0" [stack: 0x0000004a04a00000,0x0000004a04b00000] [id=18052]

[error occurred during error reporting (printing all threads), id 0xc0000005, EXCEPTION_ACCESS_VIOLATION (0xc0000005) at pc=0x00007ff9949d8b17]

VM state:not at safepoint (not fully initialized)

VM Mutex/Monitor currently owned by a thread:  ([mutex/lock_event])
[0x000001f274ac9da0] Heap_lock - owner thread: 0x000001f274ace000

Heap address: 0x00000000fc000000, size: 64 MB, Compressed Oops mode: Non-zero based: 0x00000000fc000000
Narrow klass base: 0x0000000000000000, Narrow klass shift: 0

GC Heap History (0 events):
No events

Deoptimization events (0 events):
No events

Classes redefined (0 events):
No events

Internal exceptions (0 events):
No events

Events (1 events):
Event: 0.008 Loaded shared library C:\Program Files\Microsoft\jdk-11.0.18.10-hotspot\bin\zip.dll


Dynamic libraries:
0x00007ff6f3730000 - 0x00007ff6f373d000 	C:\Program Files\Microsoft\jdk-11.0.18.10-hotspot\bin\java.exe
0x00007ffa006b0000 - 0x00007ffa008a8000 	C:\Windows\SYSTEM32\ntdll.dll
0x00007ff9fe7e0000 - 0x00007ff9fe89f000 	C:\Windows\System32\KERNEL32.DLL
0x00007ff9fe050000 - 0x00007ff9fe346000 	C:\Windows\System32\KERNELBASE.dll
0x00007ff9fe510000 - 0x00007ff9fe610000 	C:\Windows\System32\ucrtbase.dll
0x00007ff9df1b0000 - 0x00007ff9df1c7000 	C:\Program Files\Microsoft\jdk-11.0.18.10-hotspot\bin\jli.dll
0x00007ff9f8f90000 - 0x00007ff9f8fa5000 	C:\Program Files\Microsoft\jdk-11.0.18.10-hotspot\bin\VCRUNTIME140.dll
0x00007ff9fed70000 - 0x00007ff9fef0d000 	C:\Windows\System32\USER32.dll
0x00007ff9fe020000 - 0x00007ff9fe042000 	C:\Windows\System32\win32u.dll
0x00007ff9e13d0000 - 0x00007ff9e166a000 	C:\Windows\WinSxS\amd64_microsoft.windows.common-controls_6595b64144ccf1df_6.0.19041.1110_none_60b5254171f9507e\COMCTL32.dll
0x00007ff9fed40000 - 0x00007ff9fed6c000 	C:\Windows\System32\GDI32.dll
0x00007ff9ff9a0000 - 0x00007ff9ffa3e000 	C:\Windows\System32\msvcrt.dll
0x00007ff9fe350000 - 0x00007ff9fe465000 	C:\Windows\System32\gdi32full.dll
0x00007ff9fe470000 - 0x00007ff9fe50d000 	C:\Windows\System32\msvcp_win.dll
0x00007ffa00310000 - 0x00007ffa00340000 	C:\Windows\System32\IMM32.DLL
0x00007ff9d94c0000 - 0x00007ff9d955b000 	C:\Program Files\Microsoft\jdk-11.0.18.10-hotspot\bin\msvcp140.dll
0x00007ff9946e0000 - 0x00007ff995272000 	C:\Program Files\Microsoft\jdk-11.0.18.10-hotspot\bin\server\jvm.dll
0x00007ff9ff850000 - 0x00007ff9ff8ff000 	C:\Windows\System32\ADVAPI32.dll
0x00007ff9ff900000 - 0x00007ff9ff99c000 	C:\Windows\System32\sechost.dll
0x00007ff9ff550000 - 0x00007ff9ff676000 	C:\Windows\System32\RPCRT4.dll
0x00007ff9fe8a0000 - 0x00007ff9fe8a8000 	C:\Windows\System32\PSAPI.DLL
0x00007ff9ef810000 - 0x00007ff9ef837000 	C:\Windows\SYSTEM32\WINMM.dll
0x00007ff9e1ed0000 - 0x00007ff9e1ed9000 	C:\Windows\SYSTEM32\WSOCK32.dll
0x00007ff9f6d20000 - 0x00007ff9f6d2a000 	C:\Windows\SYSTEM32\VERSION.dll
0x00007ff9ffa40000 - 0x00007ff9ffaab000 	C:\Windows\System32\WS2_32.dll
0x00007ff9fc580000 - 0x00007ff9fc592000 	C:\Windows\SYSTEM32\kernel.appcore.dll
0x00007ff9f7600000 - 0x00007ff9f7610000 	C:\Program Files\Microsoft\jdk-11.0.18.10-hotspot\bin\verify.dll
0x00007ff9fb9a0000 - 0x00007ff9fbb84000 	C:\Windows\SYSTEM32\DBGHELP.DLL
0x00007ff9ee8a0000 - 0x00007ff9ee8d4000 	C:\Windows\SYSTEM32\dbgcore.DLL
0x00007ff9fdef0000 - 0x00007ff9fdf72000 	C:\Windows\System32\bcryptPrimitives.dll
0x00007ff9df200000 - 0x00007ff9df228000 	C:\Program Files\Microsoft\jdk-11.0.18.10-hotspot\bin\java.dll
0x00007ff9ee7b0000 - 0x00007ff9ee7ba000 	C:\Program Files\Microsoft\jdk-11.0.18.10-hotspot\bin\jimage.dll
0x00007ff9df1e0000 - 0x00007ff9df1f8000 	C:\Program Files\Microsoft\jdk-11.0.18.10-hotspot\bin\zip.dll

dbghelp: loaded successfully - version: 4.0.5 - missing functions: none
symbol engine: initialized successfully - sym options: 0x614 - pdb path: .;C:\Program Files\Microsoft\jdk-11.0.18.10-hotspot\bin;C:\Windows\SYSTEM32;C:\Windows\WinSxS\amd64_microsoft.windows.common-controls_6595b64144ccf1df_6.0.19041.1110_none_60b5254171f9507e;C:\Program Files\Microsoft\jdk-11.0.18.10-hotspot\bin\server

VM Arguments:
jvm_args: -Xmx64m -Xms64m -Dorg.gradle.appname=gradlew 
java_command: org.gradle.wrapper.GradleWrapperMain tasks
java_class_path (initial): C:\Users\boss3\todo\android\\gradle\wrapper\gradle-wrapper.jar
Launcher Type: SUN_STANDARD

[Global flags]
     intx CICompilerCount                          = 4                                         {product} {ergonomic}
     uint ConcGCThreads                            = 2                                         {product} {ergonomic}
     uint G1ConcRefinementThreads                  = 8                                         {product} {ergonomic}
   size_t G1HeapRegionSize                         = 1048576                                   {product} {ergonomic}
    uintx GCDrainStackTargetSize                   = 64                                        {product} {ergonomic}
   size_t InitialHeapSize                          = 67108864                                  {product} {command line}
   size_t MarkStackSize                            = 4194304                                   {product} {ergonomic}
   size_t MaxHeapSize                              = 67108864                                  {product} {command line}
   size_t MinHeapDeltaBytes                        = 1048576                                   {product} {ergonomic}
    uintx NonNMethodCodeHeapSize                   = 5836300                                {pd product} {ergonomic}
    uintx NonProfiledCodeHeapSize                  = 122910970                              {pd product} {ergonomic}
    uintx ProfiledCodeHeapSize                     = 122910970                              {pd product} {ergonomic}
    uintx ReservedCodeCacheSize                    = 251658240                              {pd product} {ergonomic}
     bool SegmentedCodeCache                       = true                                      {product} {ergonomic}
     bool UseCompressedClassPointers               = true                                 {lp64_product} {ergonomic}
     bool UseCompressedOops                        = true                                 {lp64_product} {ergonomic}
     bool UseG1GC                                  = true                                      {product} {ergonomic}
     bool UseLargePagesIndividualAllocation        = false                                  {pd product} {ergonomic}

Logging:
Log output configuration:
 #0: stdout all=warning uptime,level,tags
 #1: stderr all=off uptime,level,tags

Environment Variables:
JAVA_HOME=C:\Program Files\Microsoft\jdk-11.0.18.10-hotspot\
CLASSPATH=C:\Users\boss3\todo\android\\gradle\wrapper\gradle-wrapper.jar
PATH=C:\Users\boss3\todo\node_modules\.bin;C:\Users\boss3\todo\node_modules\.bin;C:\Users\boss3\node_modules\.bin;C:\Users\node_modules\.bin;C:\node_modules\.bin;C:\Users\boss3\AppData\Roaming\nvm\v16.20.0\node_modules\npm\node_modules\@npmcli\run-script\lib\node-gyp-bin;C:\Program Files\Microsoft\jdk-11.0.18.10-hotspot\bin;C:\Program Files\Common Files\Oracle\Java\javapath;C:\Python311\Scripts\;C:\Python311\;C:\Windows\system32;C:\Windows;C:\Windows\System32\Wbem;C:\Windows\System32\WindowsPowerShell\v1.0\;C:\Windows\System32\OpenSSH\;C:\ProgramData\chocolatey\bin;C:\Program Files\Microsoft VS Code\bin;C:\Program Files\Git\cmd;C:\Program Files\Microsoft SQL Server\130\Tools\Binn\;C:\Program Files\Microsoft SQL Server\Client SDK\ODBC\170\Tools\Binn\;C:\Program Files (x86)\Microsoft SQL Server\160\DTS\Binn\;C:\Program Files\Azure Data Studio\bin;%NVM_HOME%;%NVM_SYMLINK%;C:\Program Files\dotnet\;C:\Program Files\PuTTY\;C:\Program Files (x86)\PuTTY\;C:\Users\boss3\AppData\Local\Microsoft\WindowsApps;C:\Users\boss3\AppData\Roaming\npm;C:\Users\boss3\AppData\Local\Android\Sdk\platform-tools;C:\Program Files\Azure Data Studio\bin;C:\Users\boss3\AppData\Local\Programs\mongosh\;C:\Users\boss3\AppData\Roaming\nvm;C:\Program Files\nodejs;C:\Users\boss3\.dotnet\tools
USERNAME=boss3
LANG=en_US.UTF-8
OS=Windows_NT
PROCESSOR_IDENTIFIER=Intel64 Family 6 Model 142 Stepping 10, GenuineIntel
TMP=C:\Users\boss3\AppData\Local\Temp
TEMP=C:\Users\boss3\AppData\Local\Temp



---------------  S Y S T E M  ---------------

OS: Windows 10 , 64 bit Build 19041 (10.0.19041.3155)
OS uptime: 2 days 5:58 hours
Hyper-V role detected

CPU:total 8 (initial active 8) (4 cores per cpu, 2 threads per core) family 6 model 142 stepping 10 microcode 0xf0, cmov, cx8, fxsr, mmx, sse, sse2, sse3, ssse3, sse4.1, sse4.2, popcnt, avx, avx2, aes, clmul, erms, 3dnowpref, lzcnt, ht, tsc, tscinvbit, bmi1, bmi2, adx, fma

Memory: 4k page, system-wide physical 8094M (1297M free)
TotalPageFile size 10142M (AvailPageFile size 48M)
current process WorkingSet (physical memory assigned to process): 10M, peak: 10M
current process commit charge ("private bytes"): 59M, peak: 123M

vm_info: OpenJDK 64-Bit Server VM (11.0.18+10-LTS) for windows-amd64 JRE (11.0.18+10-LTS), built on Jan 18 2023 15:56:47 by "MicrosoftCorporation" with MS VC++ 15.9 (VS2017)

END.
