#
# There is insufficient memory for the Java Runtime Environment to continue.
# Native memory allocation (malloc) failed to allocate 1317136 bytes for Chunk::new
# Possible reasons:
#   The system is out of physical RAM or swap space
#   The process is running with CompressedOops enabled, and the Java Heap may be blocking the growth of the native heap
# Possible solutions:
#   Reduce memory load on the system
#   Increase physical memory or swap space
#   Check if swap backing store is full
#   Decrease Java heap size (-Xmx/-Xms)
#   Decrease number of Java threads
#   Decrease Java thread stack sizes (-Xss)
#   Set larger code cache with -XX:ReservedCodeCacheSize=
#   JVM is running with Unscaled Compressed Oops mode in which the Java heap is
#     placed in the first 4GB address space. The Java Heap base address is the
#     maximum limit for the native heap growth. Please use -XX:HeapBaseMinAddress
#     to set the Java Heap base and to place the Java Heap above 4GB virtual address.
# This output file may be truncated or incomplete.
#
#  Out of Memory Error (./src/hotspot/share/memory/arena.cpp:197), pid=6992, tid=17612
#
# JRE version: OpenJDK Runtime Environment Microsoft-7208460 (11.0.18+10) (build 11.0.18+10-LTS)
# Java VM: OpenJDK 64-Bit Server VM Microsoft-7208460 (11.0.18+10-LTS, mixed mode, tiered, compressed oops, g1 gc, windows-amd64)
# No core dump will be written. Minidumps are not enabled by default on client versions of Windows
#

---------------  S U M M A R Y ------------

Command Line: -XX:MaxMetaspaceSize=512m --add-opens=java.base/java.util=ALL-UNNAMED --add-opens=java.base/java.lang=ALL-UNNAMED --add-opens=java.base/java.lang.invoke=ALL-UNNAMED --add-opens=java.prefs/java.util.prefs=ALL-UNNAMED --add-opens=java.base/java.nio.charset=ALL-UNNAMED --add-opens=java.base/java.net=ALL-UNNAMED --add-opens=java.base/java.util.concurrent.atomic=ALL-UNNAMED -Xmx2048m -Dfile.encoding=windows-1252 -Duser.country=IN -Duser.language=en -Duser.variant org.gradle.launcher.daemon.bootstrap.GradleDaemon 8.0.1

Host: Intel(R) Core(TM) i5-8250U CPU @ 1.60GHz, 8 cores, 7G,  Windows 10 , 64 bit Build 19041 (10.0.19041.3155)
Time: Tue Jul  4 11:03:48 2023 India Standard Time elapsed time: 15.366842 seconds (0d 0h 0m 15s)

---------------  T H R E A D  ---------------

Current thread (0x0000015a18af6800):  JavaThread "C2 CompilerThread2" daemon [_thread_in_native, id=17612, stack(0x000000050d600000,0x000000050d700000)]


Current CompileTask:
C2:  15367 7515       4       sun.reflect.generics.parser.SignatureParser::parseFieldTypeSignature (73 bytes)

Stack: [0x000000050d600000,0x000000050d700000]
Native frames: (J=compiled Java code, j=interpreted, Vv=VM code, C=native code)
V  [jvm.dll+0x62bf8a]
V  [jvm.dll+0x7b8fb9]
V  [jvm.dll+0x7ba6a8]
V  [jvm.dll+0x7bad83]
V  [jvm.dll+0x250248]
V  [jvm.dll+0xc260c]
V  [jvm.dll+0xc2bcc]
V  [jvm.dll+0x35e1c7]
V  [jvm.dll+0x19ede1]
V  [jvm.dll+0x209495]
V  [jvm.dll+0x20850d]
V  [jvm.dll+0x18a4b1]
V  [jvm.dll+0x217eec]
V  [jvm.dll+0x21612b]
V  [jvm.dll+0x77bac0]
V  [jvm.dll+0x7749f4]
V  [jvm.dll+0x62adf5]
C  [ucrtbase.dll+0x21bb2]
C  [KERNEL32.DLL+0x17614]
C  [ntdll.dll+0x526b1]


---------------  P R O C E S S  ---------------

Threads class SMR info:
_java_thread_list=0x0000015a14f8ec50, length=135, elements={
0x0000015a73c21800, 0x0000015a7fd28000, 0x0000015a7fd16000, 0x0000015a7fd35800,
0x0000015a7fd37000, 0x0000015a7fd3a800, 0x0000015a7fd3b800, 0x0000015a7fd3c800,
0x0000015a7fd3d800, 0x0000015a13985000, 0x0000015a15db5000, 0x0000015a13c33800,
0x0000015a15a97000, 0x0000015a1708e800, 0x0000015a145a2000, 0x0000015a13f4c000,
0x0000015a157b5000, 0x0000015a15fba800, 0x0000015a15fbb800, 0x0000015a15ebc000,
0x0000015a15ebd000, 0x0000015a15ebe000, 0x0000015a15ebb800, 0x0000015a17011800,
0x0000015a1700d000, 0x0000015a1700c800, 0x0000015a17014000, 0x0000015a1700e000,
0x0000015a1700f800, 0x0000015a17013000, 0x0000015a1700f000, 0x0000015a17012000,
0x0000015a17015800, 0x0000015a17019800, 0x0000015a17016000, 0x0000015a17018000,
0x0000015a1701a800, 0x0000015a17017000, 0x0000015a17018800, 0x0000015a1724c800,
0x0000015a1724e000, 0x0000015a1724d000, 0x0000015a17248800, 0x0000015a1724b800,
0x0000015a1724f000, 0x0000015a1724a000, 0x0000015a17249000, 0x0000015a1724a800,
0x0000015a13f53000, 0x0000015a13f51000, 0x0000015a13f55000, 0x0000015a13f55800,
0x0000015a13f54000, 0x0000015a13f50000, 0x0000015a13f56800, 0x0000015a13f57800,
0x0000015a13f51800, 0x0000015a13f58000, 0x0000015a13f52800, 0x0000015a13f5a800,
0x0000015a13f5c000, 0x0000015a13f5d000, 0x0000015a13f5e800, 0x0000015a13f5b800,
0x0000015a13f5e000, 0x0000015a13f59800, 0x0000015a13f59000, 0x0000015a14da4800,
0x0000015a14da7000, 0x0000015a13d33800, 0x0000015a14da7800, 0x0000015a18af6800,
0x0000015a14da3800, 0x0000015a14da5000, 0x0000015a14da6000, 0x0000015a14da8800,
0x0000015a14da3000, 0x0000015a14dad800, 0x0000015a14dae000, 0x0000015a14dac800,
0x0000015a14dac000, 0x0000015a14daf000, 0x0000015a14da9800, 0x0000015a14db0000,
0x0000015a14daa000, 0x0000015a14dab000, 0x0000015a14db0800, 0x0000015a14db1800,
0x0000015a18b7c000, 0x0000015a18b7c800, 0x0000015a18b7d800, 0x0000015a18b7e800,
0x0000015a18b7f000, 0x0000015a18b80000, 0x0000015a18b81000, 0x0000015a18b7b000,
0x0000015a18b84000, 0x0000015a18b82800, 0x0000015a18b85000, 0x0000015a18b86800,
0x0000015a18b83000, 0x0000015a18b85800, 0x0000015a18b87800, 0x0000015a18b81800,
0x0000015a18b88000, 0x0000015a18b89000, 0x0000015a18b89800, 0x0000015a1a4c5000,
0x0000015a1a4c5800, 0x0000015a1a4c3800, 0x0000015a1a4c7800, 0x0000015a1a4c4000,
0x0000015a1a4cb800, 0x0000015a1a4ca800, 0x0000015a1a4cc000, 0x0000015a1a4c8000,
0x0000015a1a4c9000, 0x0000015a1a4ca000, 0x0000015a1a4c6800, 0x0000015a1a4d0800,
0x0000015a1a4ce800, 0x0000015a1a4cd000, 0x0000015a1a4cf800, 0x0000015a1a4d2000,
0x0000015a1a4ce000, 0x0000015a1a4d1000, 0x0000015a1773a000, 0x0000015a1773c800,
0x0000015a1773f000, 0x0000015a1773c000, 0x0000015a1773d800, 0x0000015a1773b000,
0x0000015a1773e800, 0x0000015a17739800, 0x0000015a17745000
}

Java Threads: ( => current thread )
  0x0000015a73c21800 JavaThread "main" [_thread_blocked, id=10232, stack(0x0000000508000000,0x0000000508100000)]
  0x0000015a7fd28000 JavaThread "Reference Handler" daemon [_thread_blocked, id=408, stack(0x0000000508700000,0x0000000508800000)]
  0x0000015a7fd16000 JavaThread "Finalizer" daemon [_thread_blocked, id=18908, stack(0x0000000508800000,0x0000000508900000)]
  0x0000015a7fd35800 JavaThread "Signal Dispatcher" daemon [_thread_blocked, id=14884, stack(0x0000000508900000,0x0000000508a00000)]
  0x0000015a7fd37000 JavaThread "Attach Listener" daemon [_thread_blocked, id=14740, stack(0x0000000508a00000,0x0000000508b00000)]
  0x0000015a7fd3a800 JavaThread "Service Thread" daemon [_thread_blocked, id=10156, stack(0x0000000508b00000,0x0000000508c00000)]
  0x0000015a7fd3b800 JavaThread "C2 CompilerThread0" daemon [_thread_blocked, id=17360, stack(0x0000000508c00000,0x0000000508d00000)]
  0x0000015a7fd3c800 JavaThread "C1 CompilerThread0" daemon [_thread_blocked, id=10508, stack(0x0000000508d00000,0x0000000508e00000)]
  0x0000015a7fd3d800 JavaThread "Sweeper thread" daemon [_thread_blocked, id=9768, stack(0x0000000508e00000,0x0000000508f00000)]
  0x0000015a13985000 JavaThread "Common-Cleaner" daemon [_thread_blocked, id=8184, stack(0x0000000508f00000,0x0000000509000000)]
  0x0000015a15db5000 JavaThread "Daemon health stats" [_thread_blocked, id=19344, stack(0x0000000509500000,0x0000000509600000)]
  0x0000015a13c33800 JavaThread "Incoming local TCP Connector on port 58427" [_thread_in_native, id=13056, stack(0x0000000509100000,0x0000000509200000)]
  0x0000015a15a97000 JavaThread "Daemon periodic checks" [_thread_blocked, id=4696, stack(0x0000000509200000,0x0000000509300000)]
  0x0000015a1708e800 JavaThread "Daemon" [_thread_blocked, id=5116, stack(0x0000000509600000,0x0000000509700000)]
  0x0000015a145a2000 JavaThread "Handler for socket connection from /127.0.0.1:58427 to /127.0.0.1:58428" [_thread_in_native, id=1932, stack(0x0000000509700000,0x0000000509800000)]
  0x0000015a13f4c000 JavaThread "Cancel handler" [_thread_blocked, id=1584, stack(0x0000000509800000,0x0000000509900000)]
  0x0000015a157b5000 JavaThread "Daemon worker" [_thread_in_Java, id=19768, stack(0x0000000509900000,0x0000000509a00000)]
  0x0000015a15fba800 JavaThread "Asynchronous log dispatcher for DefaultDaemonConnection: socket connection from /127.0.0.1:58427 to /127.0.0.1:58428" [_thread_blocked, id=8104, stack(0x0000000509a00000,0x0000000509b00000)]
  0x0000015a15fbb800 JavaThread "Stdin handler" [_thread_blocked, id=14628, stack(0x0000000509b00000,0x0000000509c00000)]
  0x0000015a15ebc000 JavaThread "Daemon client event forwarder" [_thread_blocked, id=6048, stack(0x0000000509c00000,0x0000000509d00000)]
  0x0000015a15ebd000 JavaThread "Cache worker for journal cache (C:\Users\boss3\.gradle\caches\journal-1)" [_thread_blocked, id=16804, stack(0x000000050a200000,0x000000050a300000)]
  0x0000015a15ebe000 JavaThread "File lock request listener" [_thread_in_native, id=12628, stack(0x000000050a300000,0x000000050a400000)]
  0x0000015a15ebb800 JavaThread "Cache worker for file hash cache (C:\Users\boss3\.gradle\caches\8.0.1\fileHashes)" [_thread_blocked, id=13044, stack(0x000000050a500000,0x000000050a600000)]
  0x0000015a17011800 JavaThread "File watcher server" daemon [_thread_in_native, id=11036, stack(0x000000050a700000,0x000000050a800000)]
  0x0000015a1700d000 JavaThread "File watcher consumer" daemon [_thread_blocked, id=2340, stack(0x000000050a800000,0x000000050a900000)]
  0x0000015a1700c800 JavaThread "Cache worker for checksums cache (C:\Users\boss3\todo\android\.gradle\8.0.1\checksums)" [_thread_blocked, id=14040, stack(0x000000050a900000,0x000000050aa00000)]
  0x0000015a17014000 JavaThread "Cache worker for cache directory md-rule (C:\Users\boss3\.gradle\caches\8.0.1\md-rule)" [_thread_blocked, id=10596, stack(0x000000050aa00000,0x000000050ab00000)]
  0x0000015a1700e000 JavaThread "Cache worker for file content cache (C:\Users\boss3\.gradle\caches\8.0.1\fileContent)" [_thread_blocked, id=16104, stack(0x000000050ab00000,0x000000050ac00000)]
  0x0000015a1700f800 JavaThread "Cache worker for file hash cache (C:\Users\boss3\todo\android\.gradle\8.0.1\fileHashes)" [_thread_blocked, id=7320, stack(0x000000050ac00000,0x000000050ad00000)]
  0x0000015a17013000 JavaThread "Cache worker for cache directory md-supplier (C:\Users\boss3\.gradle\caches\8.0.1\md-supplier)" [_thread_blocked, id=16048, stack(0x000000050ad00000,0x000000050ae00000)]
  0x0000015a1700f000 JavaThread "Cache worker for execution history cache (C:\Users\boss3\.gradle\caches\8.0.1\executionHistory)" [_thread_blocked, id=14060, stack(0x000000050ae00000,0x000000050af00000)]
  0x0000015a17012000 JavaThread "jar transforms" [_thread_blocked, id=15692, stack(0x000000050b000000,0x000000050b100000)]
  0x0000015a17015800 JavaThread "jar transforms Thread 2" [_thread_blocked, id=15632, stack(0x000000050b100000,0x000000050b200000)]
  0x0000015a17019800 JavaThread "jar transforms Thread 3" [_thread_blocked, id=7968, stack(0x000000050b200000,0x000000050b300000)]
  0x0000015a17016000 JavaThread "jar transforms Thread 4" [_thread_blocked, id=17512, stack(0x000000050b300000,0x000000050b400000)]
  0x0000015a17018000 JavaThread "Cache worker for kotlin-dsl (C:\Users\boss3\.gradle\caches\8.0.1\kotlin-dsl)" [_thread_blocked, id=11424, stack(0x000000050b400000,0x000000050b500000)]
  0x0000015a1701a800 JavaThread "jar transforms Thread 5" [_thread_blocked, id=15868, stack(0x000000050b500000,0x000000050b600000)]
  0x0000015a17017000 JavaThread "jar transforms Thread 6" [_thread_blocked, id=7944, stack(0x000000050b600000,0x000000050b700000)]
  0x0000015a17018800 JavaThread "Cache worker for dependencies-accessors (C:\Users\boss3\todo\android\.gradle\8.0.1\dependencies-accessors)" [_thread_blocked, id=10432, stack(0x000000050b700000,0x000000050b800000)]
  0x0000015a1724c800 JavaThread "Cache worker for Build Output Cleanup Cache (C:\Users\boss3\todo\node_modules\@react-native\gradle-plugin\.gradle\buildOutputCleanup)" [_thread_blocked, id=13972, stack(0x000000050b800000,0x000000050b900000)]
  0x0000015a1724e000 JavaThread "jar transforms Thread 7" [_thread_blocked, id=2496, stack(0x000000050b900000,0x000000050ba00000)]
  0x0000015a1724d000 JavaThread "Unconstrained build operations" [_thread_blocked, id=9892, stack(0x000000050ba00000,0x000000050bb00000)]
  0x0000015a17248800 JavaThread "Unconstrained build operations Thread 2" [_thread_blocked, id=11884, stack(0x000000050bb00000,0x000000050bc00000)]
  0x0000015a1724b800 JavaThread "Unconstrained build operations Thread 3" [_thread_blocked, id=10164, stack(0x000000050bc00000,0x000000050bd00000)]
  0x0000015a1724f000 JavaThread "Unconstrained build operations Thread 4" [_thread_blocked, id=1260, stack(0x000000050bd00000,0x000000050be00000)]
  0x0000015a1724a000 JavaThread "Unconstrained build operations Thread 5" [_thread_blocked, id=7276, stack(0x000000050be00000,0x000000050bf00000)]
  0x0000015a17249000 JavaThread "Unconstrained build operations Thread 6" [_thread_blocked, id=14652, stack(0x000000050bf00000,0x000000050c000000)]
  0x0000015a1724a800 JavaThread "Unconstrained build operations Thread 7" [_thread_blocked, id=1540, stack(0x000000050c000000,0x000000050c100000)]
  0x0000015a13f53000 JavaThread "Unconstrained build operations Thread 8" [_thread_blocked, id=12472, stack(0x000000050c100000,0x000000050c200000)]
  0x0000015a13f51000 JavaThread "Unconstrained build operations Thread 9" [_thread_blocked, id=7524, stack(0x000000050c200000,0x000000050c300000)]
  0x0000015a13f55000 JavaThread "Unconstrained build operations Thread 10" [_thread_blocked, id=17580, stack(0x000000050c300000,0x000000050c400000)]
  0x0000015a13f55800 JavaThread "Unconstrained build operations Thread 11" [_thread_blocked, id=8412, stack(0x000000050c400000,0x000000050c500000)]
  0x0000015a13f54000 JavaThread "Unconstrained build operations Thread 12" [_thread_blocked, id=6624, stack(0x000000050c500000,0x000000050c600000)]
  0x0000015a13f50000 JavaThread "Unconstrained build operations Thread 13" [_thread_blocked, id=11932, stack(0x000000050c600000,0x000000050c700000)]
  0x0000015a13f56800 JavaThread "Unconstrained build operations Thread 14" [_thread_blocked, id=7620, stack(0x000000050c700000,0x000000050c800000)]
  0x0000015a13f57800 JavaThread "Unconstrained build operations Thread 15" [_thread_blocked, id=2684, stack(0x000000050c800000,0x000000050c900000)]
  0x0000015a13f51800 JavaThread "Unconstrained build operations Thread 16" [_thread_blocked, id=12612, stack(0x000000050c900000,0x000000050ca00000)]
  0x0000015a13f58000 JavaThread "Unconstrained build operations Thread 17" [_thread_blocked, id=12360, stack(0x000000050ca00000,0x000000050cb00000)]
  0x0000015a13f52800 JavaThread "Unconstrained build operations Thread 18" [_thread_blocked, id=11260, stack(0x000000050cb00000,0x000000050cc00000)]
  0x0000015a13f5a800 JavaThread "Unconstrained build operations Thread 19" [_thread_blocked, id=14008, stack(0x000000050cc00000,0x000000050cd00000)]
  0x0000015a13f5c000 JavaThread "Unconstrained build operations Thread 20" [_thread_blocked, id=11300, stack(0x000000050cd00000,0x000000050ce00000)]
  0x0000015a13f5d000 JavaThread "Unconstrained build operations Thread 21" [_thread_blocked, id=8660, stack(0x000000050ce00000,0x000000050cf00000)]
  0x0000015a13f5e800 JavaThread "Unconstrained build operations Thread 22" [_thread_blocked, id=9460, stack(0x000000050cf00000,0x000000050d000000)]
  0x0000015a13f5b800 JavaThread "Unconstrained build operations Thread 23" [_thread_blocked, id=6836, stack(0x000000050d000000,0x000000050d100000)]
  0x0000015a13f5e000 JavaThread "Unconstrained build operations Thread 24" [_thread_blocked, id=6212, stack(0x000000050d100000,0x000000050d200000)]
  0x0000015a13f59800 JavaThread "Unconstrained build operations Thread 25" [_thread_blocked, id=14608, stack(0x000000050d200000,0x000000050d300000)]
  0x0000015a13f59000 JavaThread "Unconstrained build operations Thread 26" [_thread_blocked, id=12012, stack(0x000000050d300000,0x000000050d400000)]
  0x0000015a14da4800 JavaThread "jar transforms Thread 8" [_thread_blocked, id=11512, stack(0x000000050d400000,0x000000050d500000)]
  0x0000015a14da7000 JavaThread "Memory manager" [_thread_blocked, id=10952, stack(0x000000050d500000,0x000000050d600000)]
  0x0000015a13d33800 JavaThread "C2 CompilerThread1" daemon [_thread_in_vm, id=17400, stack(0x000000050a600000,0x000000050a700000)]
  0x0000015a14da7800 JavaThread "Cache worker for Build Output Cleanup Cache (C:\Users\boss3\todo\android\.gradle\buildOutputCleanup)" [_thread_blocked, id=11500, stack(0x000000050af00000,0x000000050b000000)]
=>0x0000015a18af6800 JavaThread "C2 CompilerThread2" daemon [_thread_in_native, id=17612, stack(0x000000050d600000,0x000000050d700000)]
  0x0000015a14da3800 JavaThread "included builds" [_thread_blocked, id=10076, stack(0x000000050d700000,0x000000050d800000)]
  0x0000015a14da5000 JavaThread "Execution worker" [_thread_blocked, id=10144, stack(0x000000050d800000,0x000000050d900000)]
  0x0000015a14da6000 JavaThread "Execution worker Thread 2" [_thread_blocked, id=9516, stack(0x000000050d900000,0x000000050da00000)]
  0x0000015a14da8800 JavaThread "Execution worker Thread 3" [_thread_blocked, id=3284, stack(0x000000050da00000,0x000000050db00000)]
  0x0000015a14da3000 JavaThread "Execution worker Thread 4" [_thread_blocked, id=9192, stack(0x000000050db00000,0x000000050dc00000)]
  0x0000015a14dad800 JavaThread "Execution worker Thread 5" [_thread_blocked, id=17960, stack(0x000000050dc00000,0x000000050dd00000)]
  0x0000015a14dae000 JavaThread "Execution worker Thread 6" [_thread_blocked, id=13952, stack(0x000000050dd00000,0x000000050de00000)]
  0x0000015a14dac800 JavaThread "Execution worker Thread 7" [_thread_blocked, id=17268, stack(0x000000050de00000,0x000000050df00000)]
  0x0000015a14dac000 JavaThread "Cache worker for execution history cache (C:\Users\boss3\todo\node_modules\@react-native\gradle-plugin\.gradle\8.0.1\executionHistory)" [_thread_blocked, id=7116, stack(0x000000050df00000,0x000000050e000000)]
  0x0000015a14daf000 JavaThread "Unconstrained build operations Thread 27" [_thread_blocked, id=16876, stack(0x000000050e000000,0x000000050e100000)]
  0x0000015a14da9800 JavaThread "Unconstrained build operations Thread 28" [_thread_blocked, id=14420, stack(0x000000050e100000,0x000000050e200000)]
  0x0000015a14db0000 JavaThread "Unconstrained build operations Thread 29" [_thread_blocked, id=17476, stack(0x000000050e200000,0x000000050e300000)]
  0x0000015a14daa000 JavaThread "Unconstrained build operations Thread 30" [_thread_blocked, id=14084, stack(0x000000050e300000,0x000000050e400000)]
  0x0000015a14dab000 JavaThread "Unconstrained build operations Thread 31" [_thread_blocked, id=2364, stack(0x000000050e400000,0x000000050e500000)]
  0x0000015a14db0800 JavaThread "Unconstrained build operations Thread 32" [_thread_blocked, id=10848, stack(0x000000050e500000,0x000000050e600000)]
  0x0000015a14db1800 JavaThread "Unconstrained build operations Thread 33" [_thread_blocked, id=17528, stack(0x000000050e600000,0x000000050e700000)]
  0x0000015a18b7c000 JavaThread "Unconstrained build operations Thread 34" [_thread_blocked, id=10528, stack(0x000000050e700000,0x000000050e800000)]
  0x0000015a18b7c800 JavaThread "Unconstrained build operations Thread 35" [_thread_blocked, id=6596, stack(0x000000050e800000,0x000000050e900000)]
  0x0000015a18b7d800 JavaThread "Unconstrained build operations Thread 36" [_thread_blocked, id=6640, stack(0x000000050e900000,0x000000050ea00000)]
  0x0000015a18b7e800 JavaThread "Unconstrained build operations Thread 37" [_thread_blocked, id=7860, stack(0x000000050ea00000,0x000000050eb00000)]
  0x0000015a18b7f000 JavaThread "Unconstrained build operations Thread 38" [_thread_blocked, id=9948, stack(0x000000050eb00000,0x000000050ec00000)]
  0x0000015a18b80000 JavaThread "Unconstrained build operations Thread 39" [_thread_blocked, id=19280, stack(0x000000050ec00000,0x000000050ed00000)]
  0x0000015a18b81000 JavaThread "Unconstrained build operations Thread 40" [_thread_blocked, id=19168, stack(0x000000050ed00000,0x000000050ee00000)]
  0x0000015a18b7b000 JavaThread "Unconstrained build operations Thread 41" [_thread_blocked, id=9112, stack(0x000000050ee00000,0x000000050ef00000)]
  0x0000015a18b84000 JavaThread "Unconstrained build operations Thread 42" [_thread_blocked, id=18684, stack(0x000000050ef00000,0x000000050f000000)]
  0x0000015a18b82800 JavaThread "Unconstrained build operations Thread 43" [_thread_blocked, id=3860, stack(0x000000050f000000,0x000000050f100000)]
  0x0000015a18b85000 JavaThread "Unconstrained build operations Thread 44" [_thread_blocked, id=14300, stack(0x000000050f100000,0x000000050f200000)]
  0x0000015a18b86800 JavaThread "Unconstrained build operations Thread 45" [_thread_blocked, id=5252, stack(0x000000050f200000,0x000000050f300000)]
  0x0000015a18b83000 JavaThread "Unconstrained build operations Thread 46" [_thread_blocked, id=13652, stack(0x000000050f300000,0x000000050f400000)]
  0x0000015a18b85800 JavaThread "Unconstrained build operations Thread 47" [_thread_blocked, id=9896, stack(0x000000050f400000,0x000000050f500000)]
  0x0000015a18b87800 JavaThread "Unconstrained build operations Thread 48" [_thread_blocked, id=4980, stack(0x000000050f500000,0x000000050f600000)]
  0x0000015a18b81800 JavaThread "Unconstrained build operations Thread 49" [_thread_blocked, id=6912, stack(0x000000050f600000,0x000000050f700000)]
  0x0000015a18b88000 JavaThread "Unconstrained build operations Thread 50" [_thread_blocked, id=8080, stack(0x000000050f700000,0x000000050f800000)]
  0x0000015a18b89000 JavaThread "Unconstrained build operations Thread 51" [_thread_blocked, id=4728, stack(0x000000050f800000,0x000000050f900000)]
  0x0000015a18b89800 JavaThread "Unconstrained build operations Thread 52" [_thread_blocked, id=9524, stack(0x000000050f900000,0x000000050fa00000)]
  0x0000015a1a4c5000 JavaThread "Unconstrained build operations Thread 53" [_thread_blocked, id=10744, stack(0x000000050fa00000,0x000000050fb00000)]
  0x0000015a1a4c5800 JavaThread "Unconstrained build operations Thread 54" [_thread_blocked, id=1356, stack(0x000000050fb00000,0x000000050fc00000)]
  0x0000015a1a4c3800 JavaThread "Unconstrained build operations Thread 55" [_thread_blocked, id=13032, stack(0x000000050fc00000,0x000000050fd00000)]
  0x0000015a1a4c7800 JavaThread "Unconstrained build operations Thread 56" [_thread_blocked, id=17740, stack(0x000000050fd00000,0x000000050fe00000)]
  0x0000015a1a4c4000 JavaThread "Unconstrained build operations Thread 57" [_thread_blocked, id=12972, stack(0x000000050fe00000,0x000000050ff00000)]
  0x0000015a1a4cb800 JavaThread "Unconstrained build operations Thread 58" [_thread_blocked, id=5392, stack(0x000000050ff00000,0x0000000510000000)]
  0x0000015a1a4ca800 JavaThread "Unconstrained build operations Thread 59" [_thread_blocked, id=20424, stack(0x0000000510000000,0x0000000510100000)]
  0x0000015a1a4cc000 JavaThread "Unconstrained build operations Thread 60" [_thread_blocked, id=15572, stack(0x0000000510100000,0x0000000510200000)]
  0x0000015a1a4c8000 JavaThread "Unconstrained build operations Thread 61" [_thread_blocked, id=11276, stack(0x0000000510200000,0x0000000510300000)]
  0x0000015a1a4c9000 JavaThread "Unconstrained build operations Thread 62" [_thread_blocked, id=19564, stack(0x0000000510300000,0x0000000510400000)]
  0x0000015a1a4ca000 JavaThread "Unconstrained build operations Thread 63" [_thread_blocked, id=12188, stack(0x0000000510400000,0x0000000510500000)]
  0x0000015a1a4c6800 JavaThread "Unconstrained build operations Thread 64" [_thread_blocked, id=18924, stack(0x0000000510500000,0x0000000510600000)]
  0x0000015a1a4d0800 JavaThread "Unconstrained build operations Thread 65" [_thread_blocked, id=5108, stack(0x0000000510600000,0x0000000510700000)]
  0x0000015a1a4ce800 JavaThread "Unconstrained build operations Thread 66" [_thread_blocked, id=15412, stack(0x0000000510700000,0x0000000510800000)]
  0x0000015a1a4cd000 JavaThread "Unconstrained build operations Thread 67" [_thread_blocked, id=9796, stack(0x0000000510800000,0x0000000510900000)]
  0x0000015a1a4cf800 JavaThread "Unconstrained build operations Thread 68" [_thread_blocked, id=8644, stack(0x0000000510900000,0x0000000510a00000)]
  0x0000015a1a4d2000 JavaThread "Unconstrained build operations Thread 69" [_thread_blocked, id=17672, stack(0x0000000510a00000,0x0000000510b00000)]
  0x0000015a1a4ce000 JavaThread "Unconstrained build operations Thread 70" [_thread_blocked, id=5424, stack(0x0000000510b00000,0x0000000510c00000)]
  0x0000015a1a4d1000 JavaThread "Unconstrained build operations Thread 71" [_thread_blocked, id=19212, stack(0x0000000510c00000,0x0000000510d00000)]
  0x0000015a1773a000 JavaThread "Unconstrained build operations Thread 72" [_thread_blocked, id=2276, stack(0x0000000510d00000,0x0000000510e00000)]
  0x0000015a1773c800 JavaThread "Unconstrained build operations Thread 73" [_thread_blocked, id=8244, stack(0x0000000510e00000,0x0000000510f00000)]
  0x0000015a1773f000 JavaThread "Unconstrained build operations Thread 74" [_thread_blocked, id=8792, stack(0x0000000510f00000,0x0000000511000000)]
  0x0000015a1773c000 JavaThread "Unconstrained build operations Thread 75" [_thread_blocked, id=15732, stack(0x0000000511000000,0x0000000511100000)]
  0x0000015a1773d800 JavaThread "Unconstrained build operations Thread 76" [_thread_blocked, id=19928, stack(0x0000000511100000,0x0000000511200000)]
  0x0000015a1773b000 JavaThread "Unconstrained build operations Thread 77" [_thread_blocked, id=15304, stack(0x0000000511200000,0x0000000511300000)]
  0x0000015a1773e800 JavaThread "Unconstrained build operations Thread 78" [_thread_blocked, id=15592, stack(0x0000000511300000,0x0000000511400000)]
  0x0000015a17739800 JavaThread "Unconstrained build operations Thread 79" [_thread_blocked, id=480, stack(0x0000000511400000,0x0000000511500000)]
  0x0000015a17745000 JavaThread "Unconstrained build operations Thread 80" [_thread_blocked, id=3584, stack(0x0000000511500000,0x0000000511600000)]

Other Threads:
  0x0000015a7fd14800 VMThread "VM Thread" [stack: 0x0000000508600000,0x0000000508700000] [id=5360]
  0x0000015a1399a800 WatcherThread [stack: 0x0000000509000000,0x0000000509100000] [id=10644]
  0x0000015a73c3c000 GCTaskThread "GC Thread#0" [stack: 0x0000000508100000,0x0000000508200000] [id=13072]
  0x0000015a150ab800 GCTaskThread "GC Thread#1" [stack: 0x0000000509300000,0x0000000509400000] [id=4384]
  0x0000015a15118000 GCTaskThread "GC Thread#2" [stack: 0x0000000509400000,0x0000000509500000] [id=7788]
  0x0000015a15a06800 GCTaskThread "GC Thread#3" [stack: 0x0000000509d00000,0x0000000509e00000] [id=20372]
  0x0000015a15fda800 GCTaskThread "GC Thread#4" [stack: 0x0000000509e00000,0x0000000509f00000] [id=7948]
  0x0000015a15fdb800 GCTaskThread "GC Thread#5" [stack: 0x0000000509f00000,0x000000050a000000] [id=5388]
  0x0000015a16210000 GCTaskThread "GC Thread#6" [stack: 0x000000050a000000,0x000000050a100000] [id=4100]
  0x0000015a16211000 GCTaskThread "GC Thread#7" [stack: 0x000000050a100000,0x000000050a200000] [id=19924]
  0x0000015a73c6e800 ConcurrentGCThread "G1 Main Marker" [stack: 0x0000000508200000,0x0000000508300000] [id=18748]
  0x0000015a73c6f800 ConcurrentGCThread "G1 Conc#0" [stack: 0x0000000508300000,0x0000000508400000] [id=10040]
  0x0000015a15305800 ConcurrentGCThread "G1 Conc#1" [stack: 0x000000050a400000,0x000000050a500000] [id=15816]
  0x0000015a7fb84800 ConcurrentGCThread "G1 Refine#0" [stack: 0x0000000508400000,0x0000000508500000] [id=14248]
  0x0000015a73cfe800 ConcurrentGCThread "G1 Young RemSet Sampling" [stack: 0x0000000508500000,0x0000000508600000] [id=16368]

Threads with active compile tasks:
C1 CompilerThread0    15418 7920   !   3       org.gradle.internal.instantiation.generator.AbstractClassGenerator::generateUnderLock (702 bytes)
C2 CompilerThread1    15418 7919       4       org.gradle.internal.instantiation.generator.AbstractClassGenerator::inspectType (560 bytes)
C2 CompilerThread2    15418 7515       4       sun.reflect.generics.parser.SignatureParser::parseFieldTypeSignature (73 bytes)

VM state:not at safepoint (normal execution)

VM Mutex/Monitor currently owned by a thread: None

Heap address: 0x0000000080000000, size: 2048 MB, Compressed Oops mode: 32-bit
Narrow klass base: 0x0000000000000000, Narrow klass shift: 3
Compressed class space size: 528482304 Address: 0x0000000100000000

Heap:
 garbage-first heap   total 157696K, used 99976K [0x0000000080000000, 0x0000000100000000)
  region size 1024K, 48 young (49152K), 8 survivors (8192K)
 Metaspace       used 73722K, capacity 76036K, committed 76240K, reserved 583680K
  class space    used 9625K, capacity 10601K, committed 10624K, reserved 516096K
Heap Regions: E=young(eden), S=young(survivor), O=old, HS=humongous(starts), HC=humongous(continues), CS=collection set, F=free, A=archive, TAMS=top-at-mark-start (previous, next)
|   0|0x0000000080000000, 0x0000000080100000, 0x0000000080100000|100%|HS|  |TAMS 0x0000000080100000, 0x0000000080000000| Complete 
|   1|0x0000000080100000, 0x0000000080200000, 0x0000000080200000|100%|HC|  |TAMS 0x0000000080200000, 0x0000000080100000| Complete 
|   2|0x0000000080200000, 0x0000000080300000, 0x0000000080300000|100%|HC|  |TAMS 0x0000000080300000, 0x0000000080200000| Complete 
|   3|0x0000000080300000, 0x0000000080400000, 0x0000000080400000|100%|HC|  |TAMS 0x0000000080400000, 0x0000000080300000| Complete 
|   4|0x0000000080400000, 0x0000000080500000, 0x0000000080500000|100%| O|  |TAMS 0x0000000080500000, 0x0000000080400000| Untracked 
|   5|0x0000000080500000, 0x0000000080600000, 0x0000000080600000|100%| O|  |TAMS 0x0000000080600000, 0x0000000080500000| Untracked 
|   6|0x0000000080600000, 0x0000000080700000, 0x0000000080700000|100%| O|  |TAMS 0x0000000080700000, 0x0000000080600000| Untracked 
|   7|0x0000000080700000, 0x0000000080800000, 0x0000000080800000|100%| O|  |TAMS 0x0000000080800000, 0x0000000080700000| Untracked 
|   8|0x0000000080800000, 0x0000000080900000, 0x0000000080900000|100%| O|  |TAMS 0x0000000080900000, 0x0000000080800000| Untracked 
|   9|0x0000000080900000, 0x0000000080a00000, 0x0000000080a00000|100%| O|  |TAMS 0x0000000080a00000, 0x0000000080900000| Untracked 
|  10|0x0000000080a00000, 0x0000000080b00000, 0x0000000080b00000|100%| O|  |TAMS 0x0000000080b00000, 0x0000000080a00000| Untracked 
|  11|0x0000000080b00000, 0x0000000080c00000, 0x0000000080c00000|100%| O|  |TAMS 0x0000000080c00000, 0x0000000080b00000| Untracked 
|  12|0x0000000080c00000, 0x0000000080d00000, 0x0000000080d00000|100%| O|  |TAMS 0x0000000080d00000, 0x0000000080c00000| Untracked 
|  13|0x0000000080d00000, 0x0000000080e00000, 0x0000000080e00000|100%| O|  |TAMS 0x0000000080e00000, 0x0000000080d00000| Untracked 
|  14|0x0000000080e00000, 0x0000000080f00000, 0x0000000080f00000|100%| O|  |TAMS 0x0000000080f00000, 0x0000000080e00000| Untracked 
|  15|0x0000000080f00000, 0x0000000081000000, 0x0000000081000000|100%| O|  |TAMS 0x0000000081000000, 0x0000000080f00000| Untracked 
|  16|0x0000000081000000, 0x0000000081100000, 0x0000000081100000|100%| O|  |TAMS 0x0000000081100000, 0x0000000081000000| Untracked 
|  17|0x0000000081100000, 0x0000000081200000, 0x0000000081200000|100%| O|  |TAMS 0x0000000081200000, 0x0000000081100000| Untracked 
|  18|0x0000000081200000, 0x0000000081300000, 0x0000000081300000|100%| O|  |TAMS 0x0000000081300000, 0x0000000081200000| Untracked 
|  19|0x0000000081300000, 0x0000000081400000, 0x0000000081400000|100%| O|  |TAMS 0x0000000081400000, 0x0000000081300000| Untracked 
|  20|0x0000000081400000, 0x0000000081500000, 0x0000000081500000|100%| O|  |TAMS 0x0000000081500000, 0x0000000081400000| Untracked 
|  21|0x0000000081500000, 0x0000000081600000, 0x0000000081600000|100%| O|  |TAMS 0x0000000081600000, 0x0000000081500000| Untracked 
|  22|0x0000000081600000, 0x0000000081700000, 0x0000000081700000|100%| O|  |TAMS 0x0000000081700000, 0x0000000081600000| Untracked 
|  23|0x0000000081700000, 0x0000000081800000, 0x0000000081800000|100%| O|  |TAMS 0x0000000081800000, 0x0000000081700000| Untracked 
|  24|0x0000000081800000, 0x0000000081900000, 0x0000000081900000|100%| O|  |TAMS 0x0000000081900000, 0x0000000081800000| Untracked 
|  25|0x0000000081900000, 0x0000000081a00000, 0x0000000081a00000|100%| O|  |TAMS 0x0000000081a00000, 0x0000000081900000| Untracked 
|  26|0x0000000081a00000, 0x0000000081b00000, 0x0000000081b00000|100%| O|  |TAMS 0x0000000081b00000, 0x0000000081a00000| Untracked 
|  27|0x0000000081b00000, 0x0000000081c00000, 0x0000000081c00000|100%| O|  |TAMS 0x0000000081c00000, 0x0000000081b00000| Untracked 
|  28|0x0000000081c00000, 0x0000000081d00000, 0x0000000081d00000|100%| O|  |TAMS 0x0000000081d00000, 0x0000000081c00000| Untracked 
|  29|0x0000000081d00000, 0x0000000081e00000, 0x0000000081e00000|100%|HS|  |TAMS 0x0000000081e00000, 0x0000000081d00000| Complete 
|  30|0x0000000081e00000, 0x0000000081f00000, 0x0000000081f00000|100%|HC|  |TAMS 0x0000000081f00000, 0x0000000081e00000| Complete 
|  31|0x0000000081f00000, 0x0000000082000000, 0x0000000082000000|100%|HS|  |TAMS 0x0000000082000000, 0x0000000081f00000| Complete 
|  32|0x0000000082000000, 0x0000000082100000, 0x0000000082100000|100%|HC|  |TAMS 0x0000000082100000, 0x0000000082000000| Complete 
|  33|0x0000000082100000, 0x0000000082200000, 0x0000000082200000|100%|HC|  |TAMS 0x0000000082200000, 0x0000000082100000| Complete 
|  34|0x0000000082200000, 0x0000000082300000, 0x0000000082300000|100%|HC|  |TAMS 0x0000000082300000, 0x0000000082200000| Complete 
|  35|0x0000000082300000, 0x0000000082400000, 0x0000000082400000|100%| O|  |TAMS 0x0000000082400000, 0x0000000082300000| Untracked 
|  36|0x0000000082400000, 0x0000000082500000, 0x0000000082500000|100%| O|  |TAMS 0x0000000082500000, 0x0000000082400000| Untracked 
|  37|0x0000000082500000, 0x0000000082600000, 0x0000000082600000|100%| O|  |TAMS 0x0000000082600000, 0x0000000082500000| Untracked 
|  38|0x0000000082600000, 0x0000000082700000, 0x0000000082700000|100%| O|  |TAMS 0x0000000082700000, 0x0000000082600000| Untracked 
|  39|0x0000000082700000, 0x0000000082800000, 0x0000000082800000|100%| O|  |TAMS 0x0000000082800000, 0x0000000082700000| Untracked 
|  40|0x0000000082800000, 0x0000000082900000, 0x0000000082900000|100%| O|  |TAMS 0x0000000082900000, 0x0000000082800000| Untracked 
|  41|0x0000000082900000, 0x0000000082a00000, 0x0000000082a00000|100%| O|  |TAMS 0x0000000082a00000, 0x0000000082900000| Untracked 
|  42|0x0000000082a00000, 0x0000000082b00000, 0x0000000082b00000|100%| O|  |TAMS 0x0000000082b00000, 0x0000000082a00000| Untracked 
|  43|0x0000000082b00000, 0x0000000082c00000, 0x0000000082c00000|100%| O|  |TAMS 0x0000000082c00000, 0x0000000082b00000| Untracked 
|  44|0x0000000082c00000, 0x0000000082d00000, 0x0000000082d00000|100%| O|  |TAMS 0x0000000082d00000, 0x0000000082c00000| Untracked 
|  45|0x0000000082d00000, 0x0000000082e00000, 0x0000000082e00000|100%| O|  |TAMS 0x0000000082e00000, 0x0000000082d00000| Untracked 
|  46|0x0000000082e00000, 0x0000000082f00000, 0x0000000082f00000|100%| O|  |TAMS 0x0000000082e47e00, 0x0000000082e00000| Untracked 
|  47|0x0000000082f00000, 0x0000000083000000, 0x0000000083000000|100%| O|  |TAMS 0x0000000082f00000, 0x0000000082f00000| Untracked 
|  48|0x0000000083000000, 0x00000000830ce200, 0x0000000083100000| 80%| O|  |TAMS 0x0000000083000000, 0x0000000083000000| Untracked 
|  49|0x0000000083100000, 0x0000000083200000, 0x0000000083200000|100%|HS|  |TAMS 0x0000000083100000, 0x0000000083100000| Complete 
|  50|0x0000000083200000, 0x0000000083300000, 0x0000000083300000|100%|HS|  |TAMS 0x0000000083200000, 0x0000000083200000| Complete 
|  51|0x0000000083300000, 0x0000000083300000, 0x0000000083400000|  0%| F|  |TAMS 0x0000000083300000, 0x0000000083300000| Untracked 
|  52|0x0000000083400000, 0x0000000083400000, 0x0000000083500000|  0%| F|  |TAMS 0x0000000083400000, 0x0000000083400000| Untracked 
|  53|0x0000000083500000, 0x0000000083500000, 0x0000000083600000|  0%| F|  |TAMS 0x0000000083500000, 0x0000000083500000| Untracked 
|  54|0x0000000083600000, 0x0000000083600000, 0x0000000083700000|  0%| F|  |TAMS 0x0000000083600000, 0x0000000083600000| Untracked 
|  55|0x0000000083700000, 0x0000000083700000, 0x0000000083800000|  0%| F|  |TAMS 0x0000000083700000, 0x0000000083700000| Untracked 
|  56|0x0000000083800000, 0x0000000083800000, 0x0000000083900000|  0%| F|  |TAMS 0x0000000083800000, 0x0000000083800000| Untracked 
|  57|0x0000000083900000, 0x0000000083900000, 0x0000000083a00000|  0%| F|  |TAMS 0x0000000083900000, 0x0000000083900000| Untracked 
|  58|0x0000000083a00000, 0x0000000083a00000, 0x0000000083b00000|  0%| F|  |TAMS 0x0000000083a00000, 0x0000000083a00000| Untracked 
|  59|0x0000000083b00000, 0x0000000083b00000, 0x0000000083c00000|  0%| F|  |TAMS 0x0000000083b00000, 0x0000000083b00000| Untracked 
|  60|0x0000000083c00000, 0x0000000083c00000, 0x0000000083d00000|  0%| F|  |TAMS 0x0000000083c00000, 0x0000000083c00000| Untracked 
|  61|0x0000000083d00000, 0x0000000083d00000, 0x0000000083e00000|  0%| F|  |TAMS 0x0000000083d00000, 0x0000000083d00000| Untracked 
|  62|0x0000000083e00000, 0x0000000083e00000, 0x0000000083f00000|  0%| F|  |TAMS 0x0000000083e00000, 0x0000000083e00000| Untracked 
|  63|0x0000000083f00000, 0x0000000083f00000, 0x0000000084000000|  0%| F|  |TAMS 0x0000000083f00000, 0x0000000083f00000| Untracked 
|  64|0x0000000084000000, 0x0000000084000000, 0x0000000084100000|  0%| F|  |TAMS 0x0000000084000000, 0x0000000084000000| Untracked 
|  65|0x0000000084100000, 0x0000000084100000, 0x0000000084200000|  0%| F|  |TAMS 0x0000000084100000, 0x0000000084100000| Untracked 
|  66|0x0000000084200000, 0x0000000084200000, 0x0000000084300000|  0%| F|  |TAMS 0x0000000084200000, 0x0000000084200000| Untracked 
|  67|0x0000000084300000, 0x0000000084300000, 0x0000000084400000|  0%| F|  |TAMS 0x0000000084300000, 0x0000000084300000| Untracked 
|  68|0x0000000084400000, 0x0000000084400000, 0x0000000084500000|  0%| F|  |TAMS 0x0000000084400000, 0x0000000084400000| Untracked 
|  69|0x0000000084500000, 0x0000000084500000, 0x0000000084600000|  0%| F|  |TAMS 0x0000000084500000, 0x0000000084500000| Untracked 
|  70|0x0000000084600000, 0x0000000084600000, 0x0000000084700000|  0%| F|  |TAMS 0x0000000084600000, 0x0000000084600000| Untracked 
|  71|0x0000000084700000, 0x0000000084700000, 0x0000000084800000|  0%| F|  |TAMS 0x0000000084700000, 0x0000000084700000| Untracked 
|  72|0x0000000084800000, 0x0000000084800000, 0x0000000084900000|  0%| F|  |TAMS 0x0000000084800000, 0x0000000084800000| Untracked 
|  73|0x0000000084900000, 0x0000000084900000, 0x0000000084a00000|  0%| F|  |TAMS 0x0000000084900000, 0x0000000084900000| Untracked 
|  74|0x0000000084a00000, 0x0000000084a00000, 0x0000000084b00000|  0%| F|  |TAMS 0x0000000084a00000, 0x0000000084a00000| Untracked 
|  75|0x0000000084b00000, 0x0000000084b00000, 0x0000000084c00000|  0%| F|  |TAMS 0x0000000084b00000, 0x0000000084b00000| Untracked 
|  76|0x0000000084c00000, 0x0000000084cd3ed8, 0x0000000084d00000| 82%| S|CS|TAMS 0x0000000084c00000, 0x0000000084c00000| Complete 
|  77|0x0000000084d00000, 0x0000000084e00000, 0x0000000084e00000|100%| S|CS|TAMS 0x0000000084d00000, 0x0000000084d00000| Complete 
|  78|0x0000000084e00000, 0x0000000084f00000, 0x0000000084f00000|100%| S|CS|TAMS 0x0000000084e00000, 0x0000000084e00000| Complete 
|  79|0x0000000084f00000, 0x0000000085000000, 0x0000000085000000|100%| S|CS|TAMS 0x0000000084f00000, 0x0000000084f00000| Complete 
|  80|0x0000000085000000, 0x0000000085100000, 0x0000000085100000|100%| S|CS|TAMS 0x0000000085000000, 0x0000000085000000| Complete 
|  81|0x0000000085100000, 0x0000000085200000, 0x0000000085200000|100%| S|CS|TAMS 0x0000000085100000, 0x0000000085100000| Complete 
|  82|0x0000000085200000, 0x0000000085300000, 0x0000000085300000|100%| S|CS|TAMS 0x0000000085200000, 0x0000000085200000| Complete 
|  83|0x0000000085300000, 0x0000000085400000, 0x0000000085400000|100%| S|CS|TAMS 0x0000000085300000, 0x0000000085300000| Complete 
|  84|0x0000000085400000, 0x0000000085400000, 0x0000000085500000|  0%| F|  |TAMS 0x0000000085400000, 0x0000000085400000| Untracked 
|  85|0x0000000085500000, 0x0000000085500000, 0x0000000085600000|  0%| F|  |TAMS 0x0000000085500000, 0x0000000085500000| Untracked 
|  86|0x0000000085600000, 0x0000000085600000, 0x0000000085700000|  0%| F|  |TAMS 0x0000000085600000, 0x0000000085600000| Untracked 
|  87|0x0000000085700000, 0x0000000085700000, 0x0000000085800000|  0%| F|  |TAMS 0x0000000085700000, 0x0000000085700000| Untracked 
|  88|0x0000000085800000, 0x0000000085800000, 0x0000000085900000|  0%| F|  |TAMS 0x0000000085800000, 0x0000000085800000| Untracked 
|  89|0x0000000085900000, 0x0000000085900000, 0x0000000085a00000|  0%| F|  |TAMS 0x0000000085900000, 0x0000000085900000| Untracked 
|  90|0x0000000085a00000, 0x0000000085a00000, 0x0000000085b00000|  0%| F|  |TAMS 0x0000000085a00000, 0x0000000085a00000| Untracked 
|  91|0x0000000085b00000, 0x0000000085b00000, 0x0000000085c00000|  0%| F|  |TAMS 0x0000000085b00000, 0x0000000085b00000| Untracked 
|  92|0x0000000085c00000, 0x0000000085c00000, 0x0000000085d00000|  0%| F|  |TAMS 0x0000000085c00000, 0x0000000085c00000| Untracked 
|  93|0x0000000085d00000, 0x0000000085d00000, 0x0000000085e00000|  0%| F|  |TAMS 0x0000000085d00000, 0x0000000085d00000| Untracked 
|  94|0x0000000085e00000, 0x0000000085e00000, 0x0000000085f00000|  0%| F|  |TAMS 0x0000000085e00000, 0x0000000085e00000| Untracked 
|  95|0x0000000085f00000, 0x0000000085f00000, 0x0000000086000000|  0%| F|  |TAMS 0x0000000085f00000, 0x0000000085f00000| Untracked 
|  96|0x0000000086000000, 0x0000000086000000, 0x0000000086100000|  0%| F|  |TAMS 0x0000000086000000, 0x0000000086000000| Untracked 
|  97|0x0000000086100000, 0x0000000086100000, 0x0000000086200000|  0%| F|  |TAMS 0x0000000086100000, 0x0000000086100000| Untracked 
|  98|0x0000000086200000, 0x0000000086200000, 0x0000000086300000|  0%| F|  |TAMS 0x0000000086200000, 0x0000000086200000| Untracked 
|  99|0x0000000086300000, 0x0000000086300000, 0x0000000086400000|  0%| F|  |TAMS 0x0000000086300000, 0x0000000086300000| Untracked 
| 100|0x0000000086400000, 0x0000000086400000, 0x0000000086500000|  0%| F|  |TAMS 0x0000000086400000, 0x0000000086400000| Untracked 
| 101|0x0000000086500000, 0x0000000086500000, 0x0000000086600000|  0%| F|  |TAMS 0x0000000086500000, 0x0000000086500000| Untracked 
| 102|0x0000000086600000, 0x0000000086600000, 0x0000000086700000|  0%| F|  |TAMS 0x0000000086600000, 0x0000000086600000| Untracked 
| 103|0x0000000086700000, 0x0000000086700000, 0x0000000086800000|  0%| F|  |TAMS 0x0000000086700000, 0x0000000086700000| Untracked 
| 104|0x0000000086800000, 0x0000000086800000, 0x0000000086900000|  0%| F|  |TAMS 0x0000000086800000, 0x0000000086800000| Untracked 
| 105|0x0000000086900000, 0x0000000086900000, 0x0000000086a00000|  0%| F|  |TAMS 0x0000000086900000, 0x0000000086900000| Untracked 
| 106|0x0000000086a00000, 0x0000000086a00000, 0x0000000086b00000|  0%| F|  |TAMS 0x0000000086a00000, 0x0000000086a00000| Untracked 
| 107|0x0000000086b00000, 0x0000000086b00000, 0x0000000086c00000|  0%| F|  |TAMS 0x0000000086b00000, 0x0000000086b00000| Untracked 
| 108|0x0000000086c00000, 0x0000000086c00000, 0x0000000086d00000|  0%| F|  |TAMS 0x0000000086c00000, 0x0000000086c00000| Untracked 
| 109|0x0000000086d00000, 0x0000000086d00000, 0x0000000086e00000|  0%| F|  |TAMS 0x0000000086d00000, 0x0000000086d00000| Untracked 
| 110|0x0000000086e00000, 0x0000000086e00000, 0x0000000086f00000|  0%| F|  |TAMS 0x0000000086e00000, 0x0000000086e00000| Untracked 
| 111|0x0000000086f00000, 0x0000000086f00000, 0x0000000087000000|  0%| F|  |TAMS 0x0000000086f00000, 0x0000000086f00000| Untracked 
| 112|0x0000000087000000, 0x0000000087000000, 0x0000000087100000|  0%| F|  |TAMS 0x0000000087000000, 0x0000000087000000| Untracked 
| 113|0x0000000087100000, 0x0000000087100000, 0x0000000087200000|  0%| F|  |TAMS 0x0000000087100000, 0x0000000087100000| Untracked 
| 114|0x0000000087200000, 0x0000000087280800, 0x0000000087300000| 50%| E|  |TAMS 0x0000000087200000, 0x0000000087200000| Complete 
| 115|0x0000000087300000, 0x0000000087400000, 0x0000000087400000|100%| E|CS|TAMS 0x0000000087300000, 0x0000000087300000| Complete 
| 116|0x0000000087400000, 0x0000000087500000, 0x0000000087500000|100%| E|CS|TAMS 0x0000000087400000, 0x0000000087400000| Complete 
| 117|0x0000000087500000, 0x0000000087600000, 0x0000000087600000|100%| E|CS|TAMS 0x0000000087500000, 0x0000000087500000| Complete 
| 118|0x0000000087600000, 0x0000000087700000, 0x0000000087700000|100%| E|CS|TAMS 0x0000000087600000, 0x0000000087600000| Complete 
| 119|0x0000000087700000, 0x0000000087800000, 0x0000000087800000|100%| E|CS|TAMS 0x0000000087700000, 0x0000000087700000| Complete 
| 120|0x0000000087800000, 0x0000000087900000, 0x0000000087900000|100%| E|CS|TAMS 0x0000000087800000, 0x0000000087800000| Complete 
| 121|0x0000000087900000, 0x0000000087a00000, 0x0000000087a00000|100%| E|CS|TAMS 0x0000000087900000, 0x0000000087900000| Complete 
| 122|0x0000000087a00000, 0x0000000087b00000, 0x0000000087b00000|100%| E|CS|TAMS 0x0000000087a00000, 0x0000000087a00000| Complete 
| 123|0x0000000087b00000, 0x0000000087c00000, 0x0000000087c00000|100%| E|CS|TAMS 0x0000000087b00000, 0x0000000087b00000| Complete 
| 124|0x0000000087c00000, 0x0000000087d00000, 0x0000000087d00000|100%| E|CS|TAMS 0x0000000087c00000, 0x0000000087c00000| Complete 
| 125|0x0000000087d00000, 0x0000000087e00000, 0x0000000087e00000|100%| E|CS|TAMS 0x0000000087d00000, 0x0000000087d00000| Complete 
| 126|0x0000000087e00000, 0x0000000087f00000, 0x0000000087f00000|100%| E|CS|TAMS 0x0000000087e00000, 0x0000000087e00000| Complete 
| 127|0x0000000087f00000, 0x0000000088000000, 0x0000000088000000|100%| E|CS|TAMS 0x0000000087f00000, 0x0000000087f00000| Complete 
| 128|0x0000000088000000, 0x0000000088100000, 0x0000000088100000|100%| E|CS|TAMS 0x0000000088000000, 0x0000000088000000| Complete 
| 129|0x0000000088100000, 0x0000000088200000, 0x0000000088200000|100%| E|CS|TAMS 0x0000000088100000, 0x0000000088100000| Complete 
| 130|0x0000000088200000, 0x0000000088300000, 0x0000000088300000|100%| E|CS|TAMS 0x0000000088200000, 0x0000000088200000| Complete 
| 131|0x0000000088300000, 0x0000000088400000, 0x0000000088400000|100%| E|CS|TAMS 0x0000000088300000, 0x0000000088300000| Complete 
| 132|0x0000000088400000, 0x0000000088500000, 0x0000000088500000|100%| E|CS|TAMS 0x0000000088400000, 0x0000000088400000| Complete 
| 133|0x0000000088500000, 0x0000000088600000, 0x0000000088600000|100%| E|CS|TAMS 0x0000000088500000, 0x0000000088500000| Complete 
| 134|0x0000000088600000, 0x0000000088700000, 0x0000000088700000|100%| E|CS|TAMS 0x0000000088600000, 0x0000000088600000| Complete 
| 135|0x0000000088700000, 0x0000000088800000, 0x0000000088800000|100%| E|CS|TAMS 0x0000000088700000, 0x0000000088700000| Complete 
| 136|0x0000000088800000, 0x0000000088900000, 0x0000000088900000|100%| E|CS|TAMS 0x0000000088800000, 0x0000000088800000| Complete 
| 137|0x0000000088900000, 0x0000000088a00000, 0x0000000088a00000|100%| E|CS|TAMS 0x0000000088900000, 0x0000000088900000| Complete 
| 138|0x0000000088a00000, 0x0000000088b00000, 0x0000000088b00000|100%| E|CS|TAMS 0x0000000088a00000, 0x0000000088a00000| Complete 
| 139|0x0000000088b00000, 0x0000000088c00000, 0x0000000088c00000|100%| E|CS|TAMS 0x0000000088b00000, 0x0000000088b00000| Complete 
| 140|0x0000000088c00000, 0x0000000088d00000, 0x0000000088d00000|100%| E|CS|TAMS 0x0000000088c00000, 0x0000000088c00000| Complete 
| 141|0x0000000088d00000, 0x0000000088e00000, 0x0000000088e00000|100%| E|CS|TAMS 0x0000000088d00000, 0x0000000088d00000| Complete 
| 142|0x0000000088e00000, 0x0000000088f00000, 0x0000000088f00000|100%| E|CS|TAMS 0x0000000088e00000, 0x0000000088e00000| Complete 
| 143|0x0000000088f00000, 0x0000000089000000, 0x0000000089000000|100%| E|CS|TAMS 0x0000000088f00000, 0x0000000088f00000| Complete 
| 144|0x0000000089000000, 0x0000000089100000, 0x0000000089100000|100%| E|CS|TAMS 0x0000000089000000, 0x0000000089000000| Complete 
| 145|0x0000000089100000, 0x0000000089200000, 0x0000000089200000|100%| E|CS|TAMS 0x0000000089100000, 0x0000000089100000| Complete 
| 146|0x0000000089200000, 0x0000000089300000, 0x0000000089300000|100%| E|CS|TAMS 0x0000000089200000, 0x0000000089200000| Complete 
| 147|0x0000000089300000, 0x0000000089400000, 0x0000000089400000|100%| E|CS|TAMS 0x0000000089300000, 0x0000000089300000| Complete 
| 148|0x0000000089400000, 0x0000000089500000, 0x0000000089500000|100%| E|CS|TAMS 0x0000000089400000, 0x0000000089400000| Complete 
| 149|0x0000000089500000, 0x0000000089600000, 0x0000000089600000|100%| E|CS|TAMS 0x0000000089500000, 0x0000000089500000| Complete 
| 150|0x0000000089600000, 0x0000000089700000, 0x0000000089700000|100%| E|CS|TAMS 0x0000000089600000, 0x0000000089600000| Complete 
| 151|0x0000000089700000, 0x0000000089800000, 0x0000000089800000|100%| E|CS|TAMS 0x0000000089700000, 0x0000000089700000| Complete 
| 152|0x0000000089800000, 0x0000000089900000, 0x0000000089900000|100%| E|CS|TAMS 0x0000000089800000, 0x0000000089800000| Complete 
| 153|0x0000000089900000, 0x0000000089a00000, 0x0000000089a00000|100%| E|CS|TAMS 0x0000000089900000, 0x0000000089900000| Complete 

Card table byte_map: [0x0000015a7cad0000,0x0000015a7ced0000] _byte_map_base: 0x0000015a7c6d0000

Marking Bits (Prev, Next): (CMBitMap*) 0x0000015a73c658b8, (CMBitMap*) 0x0000015a73c658f0
 Prev Bits: [0x0000015a7d2d0000, 0x0000015a7f2d0000)
 Next Bits: [0x0000015a0f000000, 0x0000015a11000000)

Polling page: 0x0000015a73400000

Metaspace:

Usage:
  Non-class:     63.96 MB capacity,    62.63 MB ( 98%) used,     1.10 MB (  2%) free+waste,   243.00 KB ( <1%) overhead. 
      Class:     10.35 MB capacity,     9.40 MB ( 91%) used,   854.29 KB (  8%) free+waste,   117.13 KB (  1%) overhead. 
       Both:     74.32 MB capacity,    72.03 MB ( 97%) used,     1.93 MB (  3%) free+waste,   360.13 KB ( <1%) overhead. 

Virtual space:
  Non-class space:       66.00 MB reserved,      64.08 MB ( 97%) committed 
      Class space:      504.00 MB reserved,      10.38 MB (  2%) committed 
             Both:      570.00 MB reserved,      74.45 MB ( 13%) committed 

Chunk freelists:
   Non-Class:  53.00 KB
       Class:  23.00 KB
        Both:  76.00 KB

MaxMetaspaceSize: 512.00 MB
CompressedClassSpaceSize: 504.00 MB
Initial GC threshold: 20.80 MB
Current GC threshold: 113.61 MB
CDS: off

CodeHeap 'non-profiled nmethods': size=120000Kb used=4515Kb max_used=4515Kb free=115485Kb
 bounds [0x0000015a07ad0000, 0x0000015a07f40000, 0x0000015a0f000000]
CodeHeap 'profiled nmethods': size=120000Kb used=16614Kb max_used=16614Kb free=103385Kb
 bounds [0x0000015a005a0000, 0x0000015a015e0000, 0x0000015a07ad0000]
CodeHeap 'non-nmethods': size=5760Kb used=2358Kb max_used=2412Kb free=3401Kb
 bounds [0x0000015a00000000, 0x0000015a00270000, 0x0000015a005a0000]
 total_blobs=8776 nmethods=7899 adapters=789
 compilation: enabled
              stopped_count=0, restarted_count=0
 full_count=0

Compilation events (20 events):
Event: 15.293 Thread 0x0000015a7fd3b800 nmethod 7905 0x0000015a07f29290 code [0x0000015a07f29440, 0x0000015a07f29508]
Event: 15.293 Thread 0x0000015a7fd3c800 nmethod 7906 0x0000015a015bfb10 code [0x0000015a015bfdc0, 0x0000015a015c09e8]
Event: 15.296 Thread 0x0000015a7fd3b800 7907       4       java.net.URLStreamHandler::setURL (73 bytes)
Event: 15.302 Thread 0x0000015a7fd3c800 7910   !   3       jdk.internal.loader.URLClassPath$JarLoader$1::run (175 bytes)
Event: 15.304 Thread 0x0000015a7fd3c800 nmethod 7910 0x0000015a015c0e90 code [0x0000015a015c1180, 0x0000015a015c2278]
Event: 15.304 Thread 0x0000015a7fd3c800 7914       3       jdk.internal.loader.URLClassPath$JarLoader::<init> (67 bytes)
Event: 15.305 Thread 0x0000015a7fd3c800 nmethod 7914 0x0000015a015c2990 code [0x0000015a015c2c60, 0x0000015a015c3a38]
Event: 15.305 Thread 0x0000015a7fd3c800 7909       3       jdk.internal.loader.URLClassPath$JarLoader$1::run (5 bytes)
Event: 15.305 Thread 0x0000015a7fd3c800 nmethod 7909 0x0000015a015c3f10 code [0x0000015a015c40c0, 0x0000015a015c4208]
Event: 15.305 Thread 0x0000015a7fd3c800 7911       3       jdk.internal.loader.URLClassPath$JarLoader::getJarFile (102 bytes)
Event: 15.306 Thread 0x0000015a7fd3c800 nmethod 7911 0x0000015a015c4290 code [0x0000015a015c45a0, 0x0000015a015c53a8]
Event: 15.306 Thread 0x0000015a7fd3c800 7912       3       jdk.internal.loader.URLClassPath$JarLoader::isOptimizable (10 bytes)
Event: 15.306 Thread 0x0000015a7fd3c800 nmethod 7912 0x0000015a015c5890 code [0x0000015a015c5a40, 0x0000015a015c5b88]
Event: 15.306 Thread 0x0000015a7fd3c800 7913       3       jdk.internal.loader.FileURLMapper::<init> (10 bytes)
Event: 15.307 Thread 0x0000015a7fd3c800 nmethod 7913 0x0000015a015c5c90 code [0x0000015a015c5e40, 0x0000015a015c5ff8]
Event: 15.319 Thread 0x0000015a7fd3b800 nmethod 7907 0x0000015a07f29610 code [0x0000015a07f297c0, 0x0000015a07f2a308]
Event: 15.319 Thread 0x0000015a7fd3b800 7908   !   4       java.net.URL::set (114 bytes)
Event: 15.328 Thread 0x0000015a7fd3b800 nmethod 7908 0x0000015a07f2a790 code [0x0000015a07f2a920, 0x0000015a07f2b1b8]
Event: 15.332 Thread 0x0000015a7fd3c800 7915   !   3       java.util.zip.ZipFile::getInputStream (323 bytes)
Event: 15.335 Thread 0x0000015a7fd3c800 nmethod 7915 0x0000015a015c6090 code [0x0000015a015c6400, 0x0000015a015c7cf8]

GC Heap History (20 events):
Event: 4.115 GC heap before
{Heap before GC invocations=5 (full 0):
 garbage-first heap   total 131072K, used 82595K [0x0000000080000000, 0x0000000100000000)
  region size 1024K, 64 young (65536K), 3 survivors (3072K)
 Metaspace       used 32695K, capacity 33471K, committed 33584K, reserved 546816K
  class space    used 4312K, capacity 4623K, committed 4736K, reserved 516096K
}
Event: 4.121 GC heap after
{Heap after GC invocations=6 (full 0):
 garbage-first heap   total 131072K, used 22274K [0x0000000080000000, 0x0000000100000000)
  region size 1024K, 5 young (5120K), 5 survivors (5120K)
 Metaspace       used 32695K, capacity 33471K, committed 33584K, reserved 546816K
  class space    used 4312K, capacity 4623K, committed 4736K, reserved 516096K
}
Event: 4.324 GC heap before
{Heap before GC invocations=6 (full 0):
 garbage-first heap   total 131072K, used 28418K [0x0000000080000000, 0x0000000100000000)
  region size 1024K, 12 young (12288K), 5 survivors (5120K)
 Metaspace       used 34978K, capacity 35835K, committed 35920K, reserved 548864K
  class space    used 4483K, capacity 4814K, committed 4864K, reserved 516096K
}
Event: 4.333 GC heap after
{Heap after GC invocations=7 (full 0):
 garbage-first heap   total 131072K, used 23541K [0x0000000080000000, 0x0000000100000000)
  region size 1024K, 6 young (6144K), 6 survivors (6144K)
 Metaspace       used 34978K, capacity 35835K, committed 35920K, reserved 548864K
  class space    used 4483K, capacity 4814K, committed 4864K, reserved 516096K
}
Event: 5.120 GC heap before
{Heap before GC invocations=8 (full 0):
 garbage-first heap   total 131072K, used 75765K [0x0000000080000000, 0x0000000100000000)
  region size 1024K, 54 young (55296K), 6 survivors (6144K)
 Metaspace       used 40532K, capacity 41537K, committed 41680K, reserved 552960K
  class space    used 5094K, capacity 5496K, committed 5504K, reserved 516096K
}
Event: 5.138 GC heap after
{Heap after GC invocations=9 (full 0):
 garbage-first heap   total 131072K, used 28120K [0x0000000080000000, 0x0000000100000000)
  region size 1024K, 7 young (7168K), 7 survivors (7168K)
 Metaspace       used 40532K, capacity 41537K, committed 41680K, reserved 552960K
  class space    used 5094K, capacity 5496K, committed 5504K, reserved 516096K
}
Event: 9.358 GC heap before
{Heap before GC invocations=10 (full 0):
 garbage-first heap   total 131072K, used 79320K [0x0000000080000000, 0x0000000100000000)
  region size 1024K, 57 young (58368K), 7 survivors (7168K)
 Metaspace       used 42984K, capacity 44194K, committed 44496K, reserved 555008K
  class space    used 5439K, capacity 5924K, committed 6016K, reserved 516096K
}
Event: 9.370 GC heap after
{Heap after GC invocations=11 (full 0):
 garbage-first heap   total 157696K, used 31470K [0x0000000080000000, 0x0000000100000000)
  region size 1024K, 8 young (8192K), 8 survivors (8192K)
 Metaspace       used 42984K, capacity 44194K, committed 44496K, reserved 555008K
  class space    used 5439K, capacity 5924K, committed 6016K, reserved 516096K
}
Event: 10.302 GC heap before
{Heap before GC invocations=11 (full 0):
 garbage-first heap   total 157696K, used 94958K [0x0000000080000000, 0x0000000100000000)
  region size 1024K, 70 young (71680K), 8 survivors (8192K)
 Metaspace       used 48592K, capacity 49871K, committed 50128K, reserved 561152K
  class space    used 6244K, capacity 6748K, committed 6784K, reserved 516096K
}
Event: 10.311 GC heap after
{Heap after GC invocations=12 (full 0):
 garbage-first heap   total 157696K, used 34281K [0x0000000080000000, 0x0000000100000000)
  region size 1024K, 7 young (7168K), 7 survivors (7168K)
 Metaspace       used 48592K, capacity 49871K, committed 50128K, reserved 561152K
  class space    used 6244K, capacity 6748K, committed 6784K, reserved 516096K
}
Event: 11.255 GC heap before
{Heap before GC invocations=12 (full 0):
 garbage-first heap   total 157696K, used 105961K [0x0000000080000000, 0x0000000100000000)
  region size 1024K, 71 young (72704K), 7 survivors (7168K)
 Metaspace       used 54395K, capacity 55942K, committed 56144K, reserved 565248K
  class space    used 6991K, capacity 7645K, committed 7680K, reserved 516096K
}
Event: 11.268 GC heap after
{Heap after GC invocations=13 (full 0):
 garbage-first heap   total 157696K, used 44626K [0x0000000080000000, 0x0000000100000000)
  region size 1024K, 7 young (7168K), 7 survivors (7168K)
 Metaspace       used 54395K, capacity 55942K, committed 56144K, reserved 565248K
  class space    used 6991K, capacity 7645K, committed 7680K, reserved 516096K
}
Event: 12.771 GC heap before
{Heap before GC invocations=13 (full 0):
 garbage-first heap   total 157696K, used 109138K [0x0000000080000000, 0x0000000100000000)
  region size 1024K, 70 young (71680K), 7 survivors (7168K)
 Metaspace       used 59927K, capacity 61691K, committed 61904K, reserved 571392K
  class space    used 7802K, capacity 8539K, committed 8576K, reserved 516096K
}
Event: 12.784 GC heap after
{Heap after GC invocations=14 (full 0):
 garbage-first heap   total 157696K, used 47724K [0x0000000080000000, 0x0000000100000000)
  region size 1024K, 8 young (8192K), 8 survivors (8192K)
 Metaspace       used 59927K, capacity 61691K, committed 61904K, reserved 571392K
  class space    used 7802K, capacity 8539K, committed 8576K, reserved 516096K
}
Event: 13.262 GC heap before
{Heap before GC invocations=14 (full 0):
 garbage-first heap   total 157696K, used 112236K [0x0000000080000000, 0x0000000100000000)
  region size 1024K, 71 young (72704K), 8 survivors (8192K)
 Metaspace       used 64399K, capacity 66256K, committed 66384K, reserved 573440K
  class space    used 8346K, capacity 9092K, committed 9216K, reserved 516096K
}
Event: 13.271 GC heap after
{Heap after GC invocations=15 (full 0):
 garbage-first heap   total 157696K, used 50036K [0x0000000080000000, 0x0000000100000000)
  region size 1024K, 6 young (6144K), 6 survivors (6144K)
 Metaspace       used 64399K, capacity 66256K, committed 66384K, reserved 573440K
  class space    used 8346K, capacity 9092K, committed 9216K, reserved 516096K
}
Event: 13.803 GC heap before
{Heap before GC invocations=15 (full 0):
 garbage-first heap   total 157696K, used 95092K [0x0000000080000000, 0x0000000100000000)
  region size 1024K, 51 young (52224K), 6 survivors (6144K)
 Metaspace       used 67389K, capacity 69395K, committed 69468K, reserved 577536K
  class space    used 8789K, capacity 9600K, committed 9600K, reserved 516096K
}
Event: 13.814 GC heap after
{Heap after GC invocations=16 (full 0):
 garbage-first heap   total 157696K, used 52508K [0x0000000080000000, 0x0000000100000000)
  region size 1024K, 5 young (5120K), 5 survivors (5120K)
 Metaspace       used 67389K, capacity 69395K, committed 69468K, reserved 577536K
  class space    used 8789K, capacity 9600K, committed 9600K, reserved 516096K
}
Event: 14.851 GC heap before
{Heap before GC invocations=17 (full 0):
 garbage-first heap   total 157696K, used 119068K [0x0000000080000000, 0x0000000100000000)
  region size 1024K, 70 young (71680K), 5 survivors (5120K)
 Metaspace       used 71576K, capacity 73738K, committed 73936K, reserved 581632K
  class space    used 9355K, capacity 10263K, committed 10368K, reserved 516096K
}
Event: 14.861 GC heap after
{Heap after GC invocations=18 (full 0):
 garbage-first heap   total 157696K, used 57992K [0x0000000080000000, 0x0000000100000000)
  region size 1024K, 8 young (8192K), 8 survivors (8192K)
 Metaspace       used 71576K, capacity 73738K, committed 73936K, reserved 581632K
  class space    used 9355K, capacity 10263K, committed 10368K, reserved 516096K
}

Deoptimization events (20 events):
Event: 15.128 Thread 0x0000015a13f51000 DEOPT PACKING pc=0x0000015a00bdb8f4 sp=0x000000050c2fd7f0
Event: 15.128 Thread 0x0000015a13f51000 DEOPT UNPACKING pc=0x0000015a0004a95e sp=0x000000050c2fcd90 mode 0
Event: 15.135 Thread 0x0000015a18b89800 DEOPT PACKING pc=0x0000015a00bdb8f4 sp=0x000000050f9fd190
Event: 15.135 Thread 0x0000015a18b89800 DEOPT UNPACKING pc=0x0000015a0004a95e sp=0x000000050f9fc730 mode 0
Event: 15.142 Thread 0x0000015a13f56800 DEOPT PACKING pc=0x0000015a00bdb8f4 sp=0x000000050c7fdc30
Event: 15.142 Thread 0x0000015a13f56800 DEOPT UNPACKING pc=0x0000015a0004a95e sp=0x000000050c7fd1d0 mode 0
Event: 15.149 Thread 0x0000015a14daa000 DEOPT PACKING pc=0x0000015a00bdb8f4 sp=0x000000050e3fd070
Event: 15.149 Thread 0x0000015a14daa000 DEOPT UNPACKING pc=0x0000015a0004a95e sp=0x000000050e3fc610 mode 0
Event: 15.184 Thread 0x0000015a14da4800 DEOPT PACKING pc=0x0000015a00bdb8f4 sp=0x000000050d4fe620
Event: 15.184 Thread 0x0000015a14da4800 DEOPT UNPACKING pc=0x0000015a0004a95e sp=0x000000050d4fdbc0 mode 0
Event: 15.231 Thread 0x0000015a157b5000 DEOPT PACKING pc=0x0000015a0072ef2c sp=0x00000005099f9370
Event: 15.231 Thread 0x0000015a157b5000 DEOPT UNPACKING pc=0x0000015a0004a95e sp=0x00000005099f88c0 mode 0
Event: 15.233 Thread 0x0000015a157b5000 DEOPT PACKING pc=0x0000015a00e62cf1 sp=0x00000005099f9330
Event: 15.233 Thread 0x0000015a157b5000 DEOPT UNPACKING pc=0x0000015a0004a95e sp=0x00000005099f8828 mode 0
Event: 15.235 Thread 0x0000015a157b5000 DEOPT PACKING pc=0x0000015a0072ef2c sp=0x00000005099f9370
Event: 15.235 Thread 0x0000015a157b5000 DEOPT UNPACKING pc=0x0000015a0004a95e sp=0x00000005099f88c0 mode 0
Event: 15.278 Thread 0x0000015a157b5000 Uncommon trap: trap_request=0xffffff4d fr.pc=0x0000015a07d106f8 relative=0x00000000000017b8
Event: 15.278 Thread 0x0000015a157b5000 Uncommon trap: reason=unstable_if action=reinterpret pc=0x0000015a07d106f8 method=java.util.zip.ZipFile.getInputStream(Ljava/util/zip/ZipEntry;)Ljava/io/InputStream; @ 150 c2
Event: 15.278 Thread 0x0000015a157b5000 DEOPT PACKING pc=0x0000015a07d106f8 sp=0x00000005099f1b60
Event: 15.278 Thread 0x0000015a157b5000 DEOPT UNPACKING pc=0x0000015a0004a1af sp=0x00000005099f1b18 mode 2

Classes redefined (0 events):
No events

Internal exceptions (20 events):
Event: 15.298 Thread 0x0000015a157b5000 Exception <a 'java/security/PrivilegedActionException'{0x0000000087c7f600}> (0x0000000087c7f600) thrown at [./src/hotspot/share/prims/jvm.cpp, line 1306]
Event: 15.298 Thread 0x0000015a157b5000 Exception <a 'java/security/PrivilegedActionException'{0x0000000087c80b68}> (0x0000000087c80b68) thrown at [./src/hotspot/share/prims/jvm.cpp, line 1306]
Event: 15.298 Thread 0x0000015a157b5000 Exception <a 'java/security/PrivilegedActionException'{0x0000000087c83cc8}> (0x0000000087c83cc8) thrown at [./src/hotspot/share/prims/jvm.cpp, line 1306]
Event: 15.299 Thread 0x0000015a157b5000 Exception <a 'java/security/PrivilegedActionException'{0x0000000087c85230}> (0x0000000087c85230) thrown at [./src/hotspot/share/prims/jvm.cpp, line 1306]
Event: 15.299 Thread 0x0000015a157b5000 Exception <a 'java/security/PrivilegedActionException'{0x0000000087c88380}> (0x0000000087c88380) thrown at [./src/hotspot/share/prims/jvm.cpp, line 1306]
Event: 15.299 Thread 0x0000015a157b5000 Exception <a 'java/security/PrivilegedActionException'{0x0000000087c898e8}> (0x0000000087c898e8) thrown at [./src/hotspot/share/prims/jvm.cpp, line 1306]
Event: 15.299 Thread 0x0000015a157b5000 Exception <a 'java/security/PrivilegedActionException'{0x0000000087c8ca70}> (0x0000000087c8ca70) thrown at [./src/hotspot/share/prims/jvm.cpp, line 1306]
Event: 15.299 Thread 0x0000015a157b5000 Exception <a 'java/security/PrivilegedActionException'{0x0000000087c8dfd8}> (0x0000000087c8dfd8) thrown at [./src/hotspot/share/prims/jvm.cpp, line 1306]
Event: 15.299 Thread 0x0000015a157b5000 Exception <a 'java/security/PrivilegedActionException'{0x0000000087c91418}> (0x0000000087c91418) thrown at [./src/hotspot/share/prims/jvm.cpp, line 1306]
Event: 15.299 Thread 0x0000015a157b5000 Exception <a 'java/security/PrivilegedActionException'{0x0000000087c92980}> (0x0000000087c92980) thrown at [./src/hotspot/share/prims/jvm.cpp, line 1306]
Event: 15.299 Thread 0x0000015a157b5000 Exception <a 'java/security/PrivilegedActionException'{0x0000000087c95cd8}> (0x0000000087c95cd8) thrown at [./src/hotspot/share/prims/jvm.cpp, line 1306]
Event: 15.299 Thread 0x0000015a157b5000 Exception <a 'java/security/PrivilegedActionException'{0x0000000087c97240}> (0x0000000087c97240) thrown at [./src/hotspot/share/prims/jvm.cpp, line 1306]
Event: 15.300 Thread 0x0000015a157b5000 Exception <a 'java/security/PrivilegedActionException'{0x0000000087c9a390}> (0x0000000087c9a390) thrown at [./src/hotspot/share/prims/jvm.cpp, line 1306]
Event: 15.300 Thread 0x0000015a157b5000 Exception <a 'java/security/PrivilegedActionException'{0x0000000087c9b8f8}> (0x0000000087c9b8f8) thrown at [./src/hotspot/share/prims/jvm.cpp, line 1306]
Event: 15.300 Thread 0x0000015a157b5000 Exception <a 'java/security/PrivilegedActionException'{0x0000000087c9ea98}> (0x0000000087c9ea98) thrown at [./src/hotspot/share/prims/jvm.cpp, line 1306]
Event: 15.300 Thread 0x0000015a157b5000 Exception <a 'java/security/PrivilegedActionException'{0x0000000087ca0000}> (0x0000000087ca0000) thrown at [./src/hotspot/share/prims/jvm.cpp, line 1306]
Event: 15.300 Thread 0x0000015a157b5000 Exception <a 'java/security/PrivilegedActionException'{0x0000000087ca31b8}> (0x0000000087ca31b8) thrown at [./src/hotspot/share/prims/jvm.cpp, line 1306]
Event: 15.300 Thread 0x0000015a157b5000 Exception <a 'java/security/PrivilegedActionException'{0x0000000087ca4720}> (0x0000000087ca4720) thrown at [./src/hotspot/share/prims/jvm.cpp, line 1306]
Event: 15.300 Thread 0x0000015a157b5000 Exception <a 'java/security/PrivilegedActionException'{0x0000000087ca7868}> (0x0000000087ca7868) thrown at [./src/hotspot/share/prims/jvm.cpp, line 1306]
Event: 15.300 Thread 0x0000015a157b5000 Exception <a 'java/security/PrivilegedActionException'{0x0000000087ca8dd0}> (0x0000000087ca8dd0) thrown at [./src/hotspot/share/prims/jvm.cpp, line 1306]

Events (20 events):
Event: 15.360 loading class com/android/build/gradle/internal/plugins/DslContainerProvider
Event: 15.360 loading class com/android/build/gradle/internal/plugins/DslContainerProvider done
Event: 15.361 loading class com/android/build/gradle/internal/ExtraModelInfo
Event: 15.361 loading class com/android/build/gradle/internal/ExtraModelInfo done
Event: 15.361 loading class com/android/build/gradle/internal/services/VersionedSdkLoaderService
Event: 15.361 loading class com/android/build/gradle/internal/services/VersionedSdkLoaderService done
Event: 15.361 loading class com/android/build/gradle/internal/plugins/BasePlugin$ExtensionData
Event: 15.362 loading class com/android/build/gradle/internal/plugins/BasePlugin$ExtensionData done
Event: 15.362 loading class com/android/builder/model/v2/ide/ProjectType
Event: 15.362 loading class com/android/builder/model/v2/ide/ProjectType done
Event: 15.362 loading class com/android/build/gradle/internal/tasks/factory/GlobalTaskCreationConfig
Event: 15.362 loading class com/android/build/gradle/internal/tasks/factory/GlobalTaskCreationConfig done
Event: 15.363 loading class com/android/build/gradle/internal/tasks/factory/BootClasspathConfig
Event: 15.363 loading class com/android/build/gradle/internal/tasks/factory/BootClasspathConfig done
Event: 15.363 loading class com/android/build/gradle/internal/tasks/factory/TaskManagerConfig
Event: 15.363 loading class com/android/build/gradle/internal/tasks/factory/TaskManagerConfig done
Event: 15.363 loading class com/android/build/gradle/internal/variant/ApplicationVariantFactory
Event: 15.363 loading class com/android/build/gradle/internal/variant/ApplicationVariantFactory done
Event: 15.364 loading class com/android/build/gradle/internal/variant/AbstractAppVariantFactory
Event: 15.364 loading class com/android/build/gradle/internal/variant/AbstractAppVariantFactory done


Dynamic libraries:
0x00007ff6793a0000 - 0x00007ff6793ad000 	C:\Program Files\Microsoft\jdk-11.0.18.10-hotspot\bin\java.exe
0x00007ffa006b0000 - 0x00007ffa008a8000 	C:\Windows\SYSTEM32\ntdll.dll
0x00007ff9fe7e0000 - 0x00007ff9fe89f000 	C:\Windows\System32\KERNEL32.DLL
0x00007ff9fe050000 - 0x00007ff9fe346000 	C:\Windows\System32\KERNELBASE.dll
0x00007ff9fe510000 - 0x00007ff9fe610000 	C:\Windows\System32\ucrtbase.dll
0x00007ff9d3bf0000 - 0x00007ff9d3c05000 	C:\Program Files\Microsoft\jdk-11.0.18.10-hotspot\bin\VCRUNTIME140.dll
0x00007ff9d47d0000 - 0x00007ff9d47e7000 	C:\Program Files\Microsoft\jdk-11.0.18.10-hotspot\bin\jli.dll
0x00007ff9fed70000 - 0x00007ff9fef0d000 	C:\Windows\System32\USER32.dll
0x00007ff9fe020000 - 0x00007ff9fe042000 	C:\Windows\System32\win32u.dll
0x00007ff9e13d0000 - 0x00007ff9e166a000 	C:\Windows\WinSxS\amd64_microsoft.windows.common-controls_6595b64144ccf1df_6.0.19041.1110_none_60b5254171f9507e\COMCTL32.dll
0x00007ff9fed40000 - 0x00007ff9fed6c000 	C:\Windows\System32\GDI32.dll
0x00007ff9ff9a0000 - 0x00007ff9ffa3e000 	C:\Windows\System32\msvcrt.dll
0x00007ff9fe350000 - 0x00007ff9fe465000 	C:\Windows\System32\gdi32full.dll
0x00007ff9fe470000 - 0x00007ff9fe50d000 	C:\Windows\System32\msvcp_win.dll
0x00007ffa00310000 - 0x00007ffa00340000 	C:\Windows\System32\IMM32.DLL
0x00007ff9b9aa0000 - 0x00007ff9b9b3b000 	C:\Program Files\Microsoft\jdk-11.0.18.10-hotspot\bin\msvcp140.dll
0x00007ff9b67a0000 - 0x00007ff9b7332000 	C:\Program Files\Microsoft\jdk-11.0.18.10-hotspot\bin\server\jvm.dll
0x00007ff9ff850000 - 0x00007ff9ff8ff000 	C:\Windows\System32\ADVAPI32.dll
0x00007ff9ff900000 - 0x00007ff9ff99c000 	C:\Windows\System32\sechost.dll
0x00007ff9ff550000 - 0x00007ff9ff676000 	C:\Windows\System32\RPCRT4.dll
0x00007ff9fe8a0000 - 0x00007ff9fe8a8000 	C:\Windows\System32\PSAPI.DLL
0x00007ff9f6d20000 - 0x00007ff9f6d2a000 	C:\Windows\SYSTEM32\VERSION.dll
0x00007ff9ef810000 - 0x00007ff9ef837000 	C:\Windows\SYSTEM32\WINMM.dll
0x00007ff9e5510000 - 0x00007ff9e5519000 	C:\Windows\SYSTEM32\WSOCK32.dll
0x00007ff9ffa40000 - 0x00007ff9ffaab000 	C:\Windows\System32\WS2_32.dll
0x00007ff9fc580000 - 0x00007ff9fc592000 	C:\Windows\SYSTEM32\kernel.appcore.dll
0x00007ff9e5480000 - 0x00007ff9e5490000 	C:\Program Files\Microsoft\jdk-11.0.18.10-hotspot\bin\verify.dll
0x00007ff9fb9a0000 - 0x00007ff9fbb84000 	C:\Windows\SYSTEM32\DBGHELP.DLL
0x00007ff9ee8a0000 - 0x00007ff9ee8d4000 	C:\Windows\SYSTEM32\dbgcore.DLL
0x00007ff9fdef0000 - 0x00007ff9fdf72000 	C:\Windows\System32\bcryptPrimitives.dll
0x00007ff9d2e70000 - 0x00007ff9d2e98000 	C:\Program Files\Microsoft\jdk-11.0.18.10-hotspot\bin\java.dll
0x00007ff9e1ed0000 - 0x00007ff9e1eda000 	C:\Program Files\Microsoft\jdk-11.0.18.10-hotspot\bin\jimage.dll
0x00007ff9d3bc0000 - 0x00007ff9d3bd8000 	C:\Program Files\Microsoft\jdk-11.0.18.10-hotspot\bin\zip.dll
0x00007ff9ffbc0000 - 0x00007ffa00304000 	C:\Windows\System32\SHELL32.dll
0x00007ff9fbdd0000 - 0x00007ff9fc564000 	C:\Windows\SYSTEM32\windows.storage.dll
0x00007ff9fe9e0000 - 0x00007ff9fed34000 	C:\Windows\System32\combase.dll
0x00007ff9fd610000 - 0x00007ff9fd63e000 	C:\Windows\SYSTEM32\Wldp.dll
0x00007ff9fef30000 - 0x00007ff9fefdd000 	C:\Windows\System32\SHCORE.dll
0x00007ff9fefe0000 - 0x00007ff9ff035000 	C:\Windows\System32\shlwapi.dll
0x00007ff9fdcc0000 - 0x00007ff9fdce5000 	C:\Windows\SYSTEM32\profapi.dll
0x00007ff9d2e50000 - 0x00007ff9d2e69000 	C:\Program Files\Microsoft\jdk-11.0.18.10-hotspot\bin\net.dll
0x00007ff9f5070000 - 0x00007ff9f517a000 	C:\Windows\SYSTEM32\WINHTTP.dll
0x00007ff9fd3f0000 - 0x00007ff9fd45a000 	C:\Windows\system32\mswsock.dll
0x00007ff9d1750000 - 0x00007ff9d1763000 	C:\Program Files\Microsoft\jdk-11.0.18.10-hotspot\bin\nio.dll
0x00007ff9e5bd0000 - 0x00007ff9e5bf7000 	C:\Users\boss3\.gradle\native\68d5fa5c4cc2d200863cafc0d521ce42e7d3e7ee720ec0a83991735586a16f82\windows-amd64\native-platform.dll
0x00007ff9e5a80000 - 0x00007ff9e5bc4000 	C:\Users\boss3\.gradle\native\e376f236ea51e6404a007f0833ffe2c6e607c4080706a723a18a27aeea778392\windows-amd64\native-platform-file-events.dll
0x00007ff9f3700000 - 0x00007ff9f3709000 	C:\Program Files\Microsoft\jdk-11.0.18.10-hotspot\bin\management.dll
0x00007ff9ef7c0000 - 0x00007ff9ef7cb000 	C:\Program Files\Microsoft\jdk-11.0.18.10-hotspot\bin\management_ext.dll
0x00007ff9fd7b0000 - 0x00007ff9fd7c8000 	C:\Windows\SYSTEM32\CRYPTSP.dll
0x00007ff9fcd30000 - 0x00007ff9fcd64000 	C:\Windows\system32\rsaenh.dll
0x00007ff9fdf80000 - 0x00007ff9fdfa7000 	C:\Windows\System32\bcrypt.dll
0x00007ff9fdc40000 - 0x00007ff9fdc6e000 	C:\Windows\SYSTEM32\USERENV.dll
0x00007ff9fd580000 - 0x00007ff9fd58c000 	C:\Windows\SYSTEM32\CRYPTBASE.dll
0x00007ff9fd100000 - 0x00007ff9fd13c000 	C:\Windows\SYSTEM32\IPHLPAPI.DLL
0x00007ff9ff040000 - 0x00007ff9ff048000 	C:\Windows\System32\NSI.dll
0x00007ff9f53e0000 - 0x00007ff9f53f7000 	C:\Windows\SYSTEM32\dhcpcsvc6.DLL
0x00007ff9f6220000 - 0x00007ff9f623d000 	C:\Windows\SYSTEM32\dhcpcsvc.DLL
0x00007ff9fd190000 - 0x00007ff9fd25a000 	C:\Windows\SYSTEM32\DNSAPI.dll

dbghelp: loaded successfully - version: 4.0.5 - missing functions: none
symbol engine: initialized successfully - sym options: 0x614 - pdb path: .;C:\Program Files\Microsoft\jdk-11.0.18.10-hotspot\bin;C:\Windows\SYSTEM32;C:\Windows\WinSxS\amd64_microsoft.windows.common-controls_6595b64144ccf1df_6.0.19041.1110_none_60b5254171f9507e;C:\Program Files\Microsoft\jdk-11.0.18.10-hotspot\bin\server;C:\Users\boss3\.gradle\native\68d5fa5c4cc2d200863cafc0d521ce42e7d3e7ee720ec0a83991735586a16f82\windows-amd64;C:\Users\boss3\.gradle\native\e376f236ea51e6404a007f0833ffe2c6e607c4080706a723a18a27aeea778392\windows-amd64

VM Arguments:
jvm_args: -XX:MaxMetaspaceSize=512m --add-opens=java.base/java.util=ALL-UNNAMED --add-opens=java.base/java.lang=ALL-UNNAMED --add-opens=java.base/java.lang.invoke=ALL-UNNAMED --add-opens=java.prefs/java.util.prefs=ALL-UNNAMED --add-opens=java.base/java.nio.charset=ALL-UNNAMED --add-opens=java.base/java.net=ALL-UNNAMED --add-opens=java.base/java.util.concurrent.atomic=ALL-UNNAMED -Xmx2048m -Dfile.encoding=windows-1252 -Duser.country=IN -Duser.language=en -Duser.variant 
java_command: org.gradle.launcher.daemon.bootstrap.GradleDaemon 8.0.1
java_class_path (initial): C:\Users\boss3\.gradle\wrapper\dists\gradle-8.0.1-all\aro4hu1c3oeioove7l0i4i14o\gradle-8.0.1\lib\gradle-launcher-8.0.1.jar
Launcher Type: SUN_STANDARD

[Global flags]
     intx CICompilerCount                          = 4                                         {product} {ergonomic}
   size_t CompressedClassSpaceSize                 = 528482304                                 {product} {ergonomic}
     uint ConcGCThreads                            = 2                                         {product} {ergonomic}
     uint G1ConcRefinementThreads                  = 8                                         {product} {ergonomic}
   size_t G1HeapRegionSize                         = 1048576                                   {product} {ergonomic}
    uintx GCDrainStackTargetSize                   = 64                                        {product} {ergonomic}
   size_t InitialHeapSize                          = 134217728                                 {product} {ergonomic}
   size_t MarkStackSize                            = 4194304                                   {product} {ergonomic}
   size_t MaxHeapSize                              = 2147483648                                {product} {command line}
   size_t MaxMetaspaceSize                         = 536870912                                 {product} {command line}
   size_t MaxNewSize                               = 1287651328                                {product} {ergonomic}
   size_t MinHeapDeltaBytes                        = 1048576                                   {product} {ergonomic}
    uintx NonNMethodCodeHeapSize                   = 5836300                                {pd product} {ergonomic}
    uintx NonProfiledCodeHeapSize                  = 122910970                              {pd product} {ergonomic}
    uintx ProfiledCodeHeapSize                     = 122910970                              {pd product} {ergonomic}
    uintx ReservedCodeCacheSize                    = 251658240                              {pd product} {ergonomic}
     bool SegmentedCodeCache                       = true                                      {product} {ergonomic}
     bool UseCompressedClassPointers               = true                                 {lp64_product} {ergonomic}
     bool UseCompressedOops                        = true                                 {lp64_product} {ergonomic}
     bool UseG1GC                                  = true                                      {product} {ergonomic}
     bool UseLargePagesIndividualAllocation        = false                                  {pd product} {ergonomic}

Logging:
Log output configuration:
 #0: stdout all=warning uptime,level,tags
 #1: stderr all=off uptime,level,tags

Environment Variables:
JAVA_HOME=C:\Program Files\Microsoft\jdk-11.0.18.10-hotspot\
CLASSPATH=C:\Users\boss3\todo\android\\gradle\wrapper\gradle-wrapper.jar
PATH=C:\Users\boss3\todo\node_modules\.bin;C:\Users\boss3\todo\node_modules\.bin;C:\Users\boss3\node_modules\.bin;C:\Users\node_modules\.bin;C:\node_modules\.bin;C:\Users\boss3\AppData\Roaming\nvm\v16.20.0\node_modules\npm\node_modules\@npmcli\run-script\lib\node-gyp-bin;C:\Program Files\Microsoft\jdk-11.0.18.10-hotspot\bin;C:\Program Files\Common Files\Oracle\Java\javapath;C:\Python311\Scripts\;C:\Python311\;C:\Windows\system32;C:\Windows;C:\Windows\System32\Wbem;C:\Windows\System32\WindowsPowerShell\v1.0\;C:\Windows\System32\OpenSSH\;C:\ProgramData\chocolatey\bin;C:\Program Files\Microsoft VS Code\bin;C:\Program Files\Git\cmd;C:\Program Files\Microsoft SQL Server\130\Tools\Binn\;C:\Program Files\Microsoft SQL Server\Client SDK\ODBC\170\Tools\Binn\;C:\Program Files (x86)\Microsoft SQL Server\160\DTS\Binn\;C:\Program Files\Azure Data Studio\bin;%NVM_HOME%;%NVM_SYMLINK%;C:\Program Files\dotnet\;C:\Program Files\PuTTY\;C:\Program Files (x86)\PuTTY\;C:\Users\boss3\AppData\Local\Microsoft\WindowsApps;C:\Users\boss3\AppData\Roaming\npm;C:\Users\boss3\AppData\Local\Android\Sdk\platform-tools;C:\Program Files\Azure Data Studio\bin;C:\Users\boss3\AppData\Local\Programs\mongosh\;C:\Users\boss3\AppData\Roaming\nvm;C:\Program Files\nodejs;C:\Users\boss3\.dotnet\tools
USERNAME=boss3
LANG=en_US.UTF-8
OS=Windows_NT
PROCESSOR_IDENTIFIER=Intel64 Family 6 Model 142 Stepping 10, GenuineIntel
TMP=C:\Users\boss3\AppData\Local\Temp
TEMP=C:\Users\boss3\AppData\Local\Temp



---------------  S Y S T E M  ---------------

OS: Windows 10 , 64 bit Build 19041 (10.0.19041.3155)
OS uptime: 2 days 16:15 hours
Hyper-V role detected

CPU:total 8 (initial active 8) (4 cores per cpu, 2 threads per core) family 6 model 142 stepping 10 microcode 0xf0, cmov, cx8, fxsr, mmx, sse, sse2, sse3, ssse3, sse4.1, sse4.2, popcnt, avx, avx2, aes, clmul, erms, 3dnowpref, lzcnt, ht, tsc, tscinvbit, bmi1, bmi2, adx, fma

Memory: 4k page, system-wide physical 8094M (651M free)
TotalPageFile size 10142M (AvailPageFile size 5M)
current process WorkingSet (physical memory assigned to process): 370M, peak: 376M
current process commit charge ("private bytes"): 419M, peak: 423M

vm_info: OpenJDK 64-Bit Server VM (11.0.18+10-LTS) for windows-amd64 JRE (11.0.18+10-LTS), built on Jan 18 2023 15:56:47 by "MicrosoftCorporation" with MS VC++ 15.9 (VS2017)

END.
